
AVRASM ver. 2.1.30  C:\users\farkoo\My Documents\az micro\3\3\Debug\List\Lab3_Qst_3.asm Wed Mar 17 00:16:37 2021

C:\users\farkoo\My Documents\az micro\3\3\Debug\List\Lab3_Qst_3.asm(1088): warning: Register r5 already defined by the .DEF directive
C:\users\farkoo\My Documents\az micro\3\3\Debug\List\Lab3_Qst_3.asm(1089): warning: Register r4 already defined by the .DEF directive
C:\users\farkoo\My Documents\az micro\3\3\Debug\List\Lab3_Qst_3.asm(1090): warning: Register r7 already defined by the .DEF directive
                 
                 
                 ;CodeVisionAVR C Compiler V3.12 Advanced
                 ;(C) Copyright 1998-2014 Pavel Haiduc, HP InfoTech s.r.l.
                 ;http://www.hpinfotech.com
                 
                 ;Build configuration    : Debug
                 ;Chip type              : ATmega16
                 ;Program type           : Application
                 ;Clock frequency        : 8.000000 MHz
                 ;Memory model           : Small
                 ;Optimize for           : Size
                 ;(s)printf features     : int, width
                 ;(s)scanf features      : int, width
                 ;External RAM size      : 0
                 ;Data Stack size        : 256 byte(s)
                 ;Heap size              : 0 byte(s)
                 ;Promote 'char' to 'int': Yes
                 ;'char' is unsigned     : Yes
                 ;8 bit enums            : Yes
                 ;Global 'const' stored in FLASH: Yes
                 ;Enhanced function parameter passing: Yes
                 ;Enhanced core instructions: On
                 ;Automatic register allocation for global variables: On
                 ;Smart register allocation: On
                 
                 	#define _MODEL_SMALL_
                 
                 	#pragma AVRPART ADMIN PART_NAME ATmega16
                 	#pragma AVRPART MEMORY PROG_FLASH 16384
                 	#pragma AVRPART MEMORY EEPROM 512
                 	#pragma AVRPART MEMORY INT_SRAM SIZE 1024
                 	#pragma AVRPART MEMORY INT_SRAM START_ADDR 0x60
                 
                 	#define CALL_SUPPORTED 1
                 
                 	.LISTMAC
                 	.EQU UDRE=0x5
                 	.EQU RXC=0x7
                 	.EQU USR=0xB
                 	.EQU UDR=0xC
                 	.EQU SPSR=0xE
                 	.EQU SPDR=0xF
                 	.EQU EERE=0x0
                 	.EQU EEWE=0x1
                 	.EQU EEMWE=0x2
                 	.EQU EECR=0x1C
                 	.EQU EEDR=0x1D
                 	.EQU EEARL=0x1E
                 	.EQU EEARH=0x1F
                 	.EQU WDTCR=0x21
                 	.EQU MCUCR=0x35
                 	.EQU GICR=0x3B
                 	.EQU SPL=0x3D
                 	.EQU SPH=0x3E
                 	.EQU SREG=0x3F
                 
                 	.DEF R0X0=R0
                 	.DEF R0X1=R1
                 	.DEF R0X2=R2
                 	.DEF R0X3=R3
                 	.DEF R0X4=R4
                 	.DEF R0X5=R5
                 	.DEF R0X6=R6
                 	.DEF R0X7=R7
                 	.DEF R0X8=R8
                 	.DEF R0X9=R9
                 	.DEF R0XA=R10
                 	.DEF R0XB=R11
                 	.DEF R0XC=R12
                 	.DEF R0XD=R13
                 	.DEF R0XE=R14
                 	.DEF R0XF=R15
                 	.DEF R0X10=R16
                 	.DEF R0X11=R17
                 	.DEF R0X12=R18
                 	.DEF R0X13=R19
                 	.DEF R0X14=R20
                 	.DEF R0X15=R21
                 	.DEF R0X16=R22
                 	.DEF R0X17=R23
                 	.DEF R0X18=R24
                 	.DEF R0X19=R25
                 	.DEF R0X1A=R26
                 	.DEF R0X1B=R27
                 	.DEF R0X1C=R28
                 	.DEF R0X1D=R29
                 	.DEF R0X1E=R30
                 	.DEF R0X1F=R31
                 
                 	.EQU __SRAM_START=0x0060
                 	.EQU __SRAM_END=0x045F
                 	.EQU __DSTACK_SIZE=0x0100
                 	.EQU __HEAP_SIZE=0x0000
                 	.EQU __CLEAR_SRAM_SIZE=__SRAM_END-__SRAM_START+1
                 
                 	.MACRO __CPD1N
                 	CPI  R30,LOW(@0)
                 	LDI  R26,HIGH(@0)
                 	CPC  R31,R26
                 	LDI  R26,BYTE3(@0)
                 	CPC  R22,R26
                 	LDI  R26,BYTE4(@0)
                 	CPC  R23,R26
                 	.ENDM
                 
                 	.MACRO __CPD2N
                 	CPI  R26,LOW(@0)
                 	LDI  R30,HIGH(@0)
                 	CPC  R27,R30
                 	LDI  R30,BYTE3(@0)
                 	CPC  R24,R30
                 	LDI  R30,BYTE4(@0)
                 	CPC  R25,R30
                 	.ENDM
                 
                 	.MACRO __CPWRR
                 	CP   R@0,R@2
                 	CPC  R@1,R@3
                 	.ENDM
                 
                 	.MACRO __CPWRN
                 	CPI  R@0,LOW(@2)
                 	LDI  R30,HIGH(@2)
                 	CPC  R@1,R30
                 	.ENDM
                 
                 	.MACRO __ADDB1MN
                 	SUBI R30,LOW(-@0-(@1))
                 	.ENDM
                 
                 	.MACRO __ADDB2MN
                 	SUBI R26,LOW(-@0-(@1))
                 	.ENDM
                 
                 	.MACRO __ADDW1MN
                 	SUBI R30,LOW(-@0-(@1))
                 	SBCI R31,HIGH(-@0-(@1))
                 	.ENDM
                 
                 	.MACRO __ADDW2MN
                 	SUBI R26,LOW(-@0-(@1))
                 	SBCI R27,HIGH(-@0-(@1))
                 	.ENDM
                 
                 	.MACRO __ADDW1FN
                 	SUBI R30,LOW(-2*@0-(@1))
                 	SBCI R31,HIGH(-2*@0-(@1))
                 	.ENDM
                 
                 	.MACRO __ADDD1FN
                 	SUBI R30,LOW(-2*@0-(@1))
                 	SBCI R31,HIGH(-2*@0-(@1))
                 	SBCI R22,BYTE3(-2*@0-(@1))
                 	.ENDM
                 
                 	.MACRO __ADDD1N
                 	SUBI R30,LOW(-@0)
                 	SBCI R31,HIGH(-@0)
                 	SBCI R22,BYTE3(-@0)
                 	SBCI R23,BYTE4(-@0)
                 	.ENDM
                 
                 	.MACRO __ADDD2N
                 	SUBI R26,LOW(-@0)
                 	SBCI R27,HIGH(-@0)
                 	SBCI R24,BYTE3(-@0)
                 	SBCI R25,BYTE4(-@0)
                 	.ENDM
                 
                 	.MACRO __SUBD1N
                 	SUBI R30,LOW(@0)
                 	SBCI R31,HIGH(@0)
                 	SBCI R22,BYTE3(@0)
                 	SBCI R23,BYTE4(@0)
                 	.ENDM
                 
                 	.MACRO __SUBD2N
                 	SUBI R26,LOW(@0)
                 	SBCI R27,HIGH(@0)
                 	SBCI R24,BYTE3(@0)
                 	SBCI R25,BYTE4(@0)
                 	.ENDM
                 
                 	.MACRO __ANDBMNN
                 	LDS  R30,@0+(@1)
                 	ANDI R30,LOW(@2)
                 	STS  @0+(@1),R30
                 	.ENDM
                 
                 	.MACRO __ANDWMNN
                 	LDS  R30,@0+(@1)
                 	ANDI R30,LOW(@2)
                 	STS  @0+(@1),R30
                 	LDS  R30,@0+(@1)+1
                 	ANDI R30,HIGH(@2)
                 	STS  @0+(@1)+1,R30
                 	.ENDM
                 
                 	.MACRO __ANDD1N
                 	ANDI R30,LOW(@0)
                 	ANDI R31,HIGH(@0)
                 	ANDI R22,BYTE3(@0)
                 	ANDI R23,BYTE4(@0)
                 	.ENDM
                 
                 	.MACRO __ANDD2N
                 	ANDI R26,LOW(@0)
                 	ANDI R27,HIGH(@0)
                 	ANDI R24,BYTE3(@0)
                 	ANDI R25,BYTE4(@0)
                 	.ENDM
                 
                 	.MACRO __ORBMNN
                 	LDS  R30,@0+(@1)
                 	ORI  R30,LOW(@2)
                 	STS  @0+(@1),R30
                 	.ENDM
                 
                 	.MACRO __ORWMNN
                 	LDS  R30,@0+(@1)
                 	ORI  R30,LOW(@2)
                 	STS  @0+(@1),R30
                 	LDS  R30,@0+(@1)+1
                 	ORI  R30,HIGH(@2)
                 	STS  @0+(@1)+1,R30
                 	.ENDM
                 
                 	.MACRO __ORD1N
                 	ORI  R30,LOW(@0)
                 	ORI  R31,HIGH(@0)
                 	ORI  R22,BYTE3(@0)
                 	ORI  R23,BYTE4(@0)
                 	.ENDM
                 
                 	.MACRO __ORD2N
                 	ORI  R26,LOW(@0)
                 	ORI  R27,HIGH(@0)
                 	ORI  R24,BYTE3(@0)
                 	ORI  R25,BYTE4(@0)
                 	.ENDM
                 
                 	.MACRO __DELAY_USB
                 	LDI  R24,LOW(@0)
                 __DELAY_USB_LOOP:
                 	DEC  R24
                 	BRNE __DELAY_USB_LOOP
                 	.ENDM
                 
                 	.MACRO __DELAY_USW
                 	LDI  R24,LOW(@0)
                 	LDI  R25,HIGH(@0)
                 __DELAY_USW_LOOP:
                 	SBIW R24,1
                 	BRNE __DELAY_USW_LOOP
                 	.ENDM
                 
                 	.MACRO __GETD1S
                 	LDD  R30,Y+@0
                 	LDD  R31,Y+@0+1
                 	LDD  R22,Y+@0+2
                 	LDD  R23,Y+@0+3
                 	.ENDM
                 
                 	.MACRO __GETD2S
                 	LDD  R26,Y+@0
                 	LDD  R27,Y+@0+1
                 	LDD  R24,Y+@0+2
                 	LDD  R25,Y+@0+3
                 	.ENDM
                 
                 	.MACRO __PUTD1S
                 	STD  Y+@0,R30
                 	STD  Y+@0+1,R31
                 	STD  Y+@0+2,R22
                 	STD  Y+@0+3,R23
                 	.ENDM
                 
                 	.MACRO __PUTD2S
                 	STD  Y+@0,R26
                 	STD  Y+@0+1,R27
                 	STD  Y+@0+2,R24
                 	STD  Y+@0+3,R25
                 	.ENDM
                 
                 	.MACRO __PUTDZ2
                 	STD  Z+@0,R26
                 	STD  Z+@0+1,R27
                 	STD  Z+@0+2,R24
                 	STD  Z+@0+3,R25
                 	.ENDM
                 
                 	.MACRO __CLRD1S
                 	STD  Y+@0,R30
                 	STD  Y+@0+1,R30
                 	STD  Y+@0+2,R30
                 	STD  Y+@0+3,R30
                 	.ENDM
                 
                 	.MACRO __POINTB1MN
                 	LDI  R30,LOW(@0+(@1))
                 	.ENDM
                 
                 	.MACRO __POINTW1MN
                 	LDI  R30,LOW(@0+(@1))
                 	LDI  R31,HIGH(@0+(@1))
                 	.ENDM
                 
                 	.MACRO __POINTD1M
                 	LDI  R30,LOW(@0)
                 	LDI  R31,HIGH(@0)
                 	LDI  R22,BYTE3(@0)
                 	LDI  R23,BYTE4(@0)
                 	.ENDM
                 
                 	.MACRO __POINTW1FN
                 	LDI  R30,LOW(2*@0+(@1))
                 	LDI  R31,HIGH(2*@0+(@1))
                 	.ENDM
                 
                 	.MACRO __POINTD1FN
                 	LDI  R30,LOW(2*@0+(@1))
                 	LDI  R31,HIGH(2*@0+(@1))
                 	LDI  R22,BYTE3(2*@0+(@1))
                 	LDI  R23,BYTE4(2*@0+(@1))
                 	.ENDM
                 
                 	.MACRO __POINTB2MN
                 	LDI  R26,LOW(@0+(@1))
                 	.ENDM
                 
                 	.MACRO __POINTW2MN
                 	LDI  R26,LOW(@0+(@1))
                 	LDI  R27,HIGH(@0+(@1))
                 	.ENDM
                 
                 	.MACRO __POINTW2FN
                 	LDI  R26,LOW(2*@0+(@1))
                 	LDI  R27,HIGH(2*@0+(@1))
                 	.ENDM
                 
                 	.MACRO __POINTD2FN
                 	LDI  R26,LOW(2*@0+(@1))
                 	LDI  R27,HIGH(2*@0+(@1))
                 	LDI  R24,BYTE3(2*@0+(@1))
                 	LDI  R25,BYTE4(2*@0+(@1))
                 	.ENDM
                 
                 	.MACRO __POINTBRM
                 	LDI  R@0,LOW(@1)
                 	.ENDM
                 
                 	.MACRO __POINTWRM
                 	LDI  R@0,LOW(@2)
                 	LDI  R@1,HIGH(@2)
                 	.ENDM
                 
                 	.MACRO __POINTBRMN
                 	LDI  R@0,LOW(@1+(@2))
                 	.ENDM
                 
                 	.MACRO __POINTWRMN
                 	LDI  R@0,LOW(@2+(@3))
                 	LDI  R@1,HIGH(@2+(@3))
                 	.ENDM
                 
                 	.MACRO __POINTWRFN
                 	LDI  R@0,LOW(@2*2+(@3))
                 	LDI  R@1,HIGH(@2*2+(@3))
                 	.ENDM
                 
                 	.MACRO __GETD1N
                 	LDI  R30,LOW(@0)
                 	LDI  R31,HIGH(@0)
                 	LDI  R22,BYTE3(@0)
                 	LDI  R23,BYTE4(@0)
                 	.ENDM
                 
                 	.MACRO __GETD2N
                 	LDI  R26,LOW(@0)
                 	LDI  R27,HIGH(@0)
                 	LDI  R24,BYTE3(@0)
                 	LDI  R25,BYTE4(@0)
                 	.ENDM
                 
                 	.MACRO __GETB1MN
                 	LDS  R30,@0+(@1)
                 	.ENDM
                 
                 	.MACRO __GETB1HMN
                 	LDS  R31,@0+(@1)
                 	.ENDM
                 
                 	.MACRO __GETW1MN
                 	LDS  R30,@0+(@1)
                 	LDS  R31,@0+(@1)+1
                 	.ENDM
                 
                 	.MACRO __GETD1MN
                 	LDS  R30,@0+(@1)
                 	LDS  R31,@0+(@1)+1
                 	LDS  R22,@0+(@1)+2
                 	LDS  R23,@0+(@1)+3
                 	.ENDM
                 
                 	.MACRO __GETBRMN
                 	LDS  R@0,@1+(@2)
                 	.ENDM
                 
                 	.MACRO __GETWRMN
                 	LDS  R@0,@2+(@3)
                 	LDS  R@1,@2+(@3)+1
                 	.ENDM
                 
                 	.MACRO __GETWRZ
                 	LDD  R@0,Z+@2
                 	LDD  R@1,Z+@2+1
                 	.ENDM
                 
                 	.MACRO __GETD2Z
                 	LDD  R26,Z+@0
                 	LDD  R27,Z+@0+1
                 	LDD  R24,Z+@0+2
                 	LDD  R25,Z+@0+3
                 	.ENDM
                 
                 	.MACRO __GETB2MN
                 	LDS  R26,@0+(@1)
                 	.ENDM
                 
                 	.MACRO __GETW2MN
                 	LDS  R26,@0+(@1)
                 	LDS  R27,@0+(@1)+1
                 	.ENDM
                 
                 	.MACRO __GETD2MN
                 	LDS  R26,@0+(@1)
                 	LDS  R27,@0+(@1)+1
                 	LDS  R24,@0+(@1)+2
                 	LDS  R25,@0+(@1)+3
                 	.ENDM
                 
                 	.MACRO __PUTB1MN
                 	STS  @0+(@1),R30
                 	.ENDM
                 
                 	.MACRO __PUTW1MN
                 	STS  @0+(@1),R30
                 	STS  @0+(@1)+1,R31
                 	.ENDM
                 
                 	.MACRO __PUTD1MN
                 	STS  @0+(@1),R30
                 	STS  @0+(@1)+1,R31
                 	STS  @0+(@1)+2,R22
                 	STS  @0+(@1)+3,R23
                 	.ENDM
                 
                 	.MACRO __PUTB1EN
                 	LDI  R26,LOW(@0+(@1))
                 	LDI  R27,HIGH(@0+(@1))
                 	CALL __EEPROMWRB
                 	.ENDM
                 
                 	.MACRO __PUTW1EN
                 	LDI  R26,LOW(@0+(@1))
                 	LDI  R27,HIGH(@0+(@1))
                 	CALL __EEPROMWRW
                 	.ENDM
                 
                 	.MACRO __PUTD1EN
                 	LDI  R26,LOW(@0+(@1))
                 	LDI  R27,HIGH(@0+(@1))
                 	CALL __EEPROMWRD
                 	.ENDM
                 
                 	.MACRO __PUTBR0MN
                 	STS  @0+(@1),R0
                 	.ENDM
                 
                 	.MACRO __PUTBMRN
                 	STS  @0+(@1),R@2
                 	.ENDM
                 
                 	.MACRO __PUTWMRN
                 	STS  @0+(@1),R@2
                 	STS  @0+(@1)+1,R@3
                 	.ENDM
                 
                 	.MACRO __PUTBZR
                 	STD  Z+@1,R@0
                 	.ENDM
                 
                 	.MACRO __PUTWZR
                 	STD  Z+@2,R@0
                 	STD  Z+@2+1,R@1
                 	.ENDM
                 
                 	.MACRO __GETW1R
                 	MOV  R30,R@0
                 	MOV  R31,R@1
                 	.ENDM
                 
                 	.MACRO __GETW2R
                 	MOV  R26,R@0
                 	MOV  R27,R@1
                 	.ENDM
                 
                 	.MACRO __GETWRN
                 	LDI  R@0,LOW(@2)
                 	LDI  R@1,HIGH(@2)
                 	.ENDM
                 
                 	.MACRO __PUTW1R
                 	MOV  R@0,R30
                 	MOV  R@1,R31
                 	.ENDM
                 
                 	.MACRO __PUTW2R
                 	MOV  R@0,R26
                 	MOV  R@1,R27
                 	.ENDM
                 
                 	.MACRO __ADDWRN
                 	SUBI R@0,LOW(-@2)
                 	SBCI R@1,HIGH(-@2)
                 	.ENDM
                 
                 	.MACRO __ADDWRR
                 	ADD  R@0,R@2
                 	ADC  R@1,R@3
                 	.ENDM
                 
                 	.MACRO __SUBWRN
                 	SUBI R@0,LOW(@2)
                 	SBCI R@1,HIGH(@2)
                 	.ENDM
                 
                 	.MACRO __SUBWRR
                 	SUB  R@0,R@2
                 	SBC  R@1,R@3
                 	.ENDM
                 
                 	.MACRO __ANDWRN
                 	ANDI R@0,LOW(@2)
                 	ANDI R@1,HIGH(@2)
                 	.ENDM
                 
                 	.MACRO __ANDWRR
                 	AND  R@0,R@2
                 	AND  R@1,R@3
                 	.ENDM
                 
                 	.MACRO __ORWRN
                 	ORI  R@0,LOW(@2)
                 	ORI  R@1,HIGH(@2)
                 	.ENDM
                 
                 	.MACRO __ORWRR
                 	OR   R@0,R@2
                 	OR   R@1,R@3
                 	.ENDM
                 
                 	.MACRO __EORWRR
                 	EOR  R@0,R@2
                 	EOR  R@1,R@3
                 	.ENDM
                 
                 	.MACRO __GETWRS
                 	LDD  R@0,Y+@2
                 	LDD  R@1,Y+@2+1
                 	.ENDM
                 
                 	.MACRO __PUTBSR
                 	STD  Y+@1,R@0
                 	.ENDM
                 
                 	.MACRO __PUTWSR
                 	STD  Y+@2,R@0
                 	STD  Y+@2+1,R@1
                 	.ENDM
                 
                 	.MACRO __MOVEWRR
                 	MOV  R@0,R@2
                 	MOV  R@1,R@3
                 	.ENDM
                 
                 	.MACRO __INWR
                 	IN   R@0,@2
                 	IN   R@1,@2+1
                 	.ENDM
                 
                 	.MACRO __OUTWR
                 	OUT  @2+1,R@1
                 	OUT  @2,R@0
                 	.ENDM
                 
                 	.MACRO __CALL1MN
                 	LDS  R30,@0+(@1)
                 	LDS  R31,@0+(@1)+1
                 	ICALL
                 	.ENDM
                 
                 	.MACRO __CALL1FN
                 	LDI  R30,LOW(2*@0+(@1))
                 	LDI  R31,HIGH(2*@0+(@1))
                 	CALL __GETW1PF
                 	ICALL
                 	.ENDM
                 
                 	.MACRO __CALL2EN
                 	PUSH R26
                 	PUSH R27
                 	LDI  R26,LOW(@0+(@1))
                 	LDI  R27,HIGH(@0+(@1))
                 	CALL __EEPROMRDW
                 	POP  R27
                 	POP  R26
                 	ICALL
                 	.ENDM
                 
                 	.MACRO __CALL2EX
                 	SUBI R26,LOW(-@0)
                 	SBCI R27,HIGH(-@0)
                 	CALL __EEPROMRDD
                 	ICALL
                 	.ENDM
                 
                 	.MACRO __GETW1STACK
                 	IN   R30,SPL
                 	IN   R31,SPH
                 	ADIW R30,@0+1
                 	LD   R0,Z+
                 	LD   R31,Z
                 	MOV  R30,R0
                 	.ENDM
                 
                 	.MACRO __GETD1STACK
                 	IN   R30,SPL
                 	IN   R31,SPH
                 	ADIW R30,@0+1
                 	LD   R0,Z+
                 	LD   R1,Z+
                 	LD   R22,Z
                 	MOVW R30,R0
                 	.ENDM
                 
                 	.MACRO __NBST
                 	BST  R@0,@1
                 	IN   R30,SREG
                 	LDI  R31,0x40
                 	EOR  R30,R31
                 	OUT  SREG,R30
                 	.ENDM
                 
                 
                 	.MACRO __PUTB1SN
                 	LDD  R26,Y+@0
                 	LDD  R27,Y+@0+1
                 	SUBI R26,LOW(-@1)
                 	SBCI R27,HIGH(-@1)
                 	ST   X,R30
                 	.ENDM
                 
                 	.MACRO __PUTW1SN
                 	LDD  R26,Y+@0
                 	LDD  R27,Y+@0+1
                 	SUBI R26,LOW(-@1)
                 	SBCI R27,HIGH(-@1)
                 	ST   X+,R30
                 	ST   X,R31
                 	.ENDM
                 
                 	.MACRO __PUTD1SN
                 	LDD  R26,Y+@0
                 	LDD  R27,Y+@0+1
                 	SUBI R26,LOW(-@1)
                 	SBCI R27,HIGH(-@1)
                 	CALL __PUTDP1
                 	.ENDM
                 
                 	.MACRO __PUTB1SNS
                 	LDD  R26,Y+@0
                 	LDD  R27,Y+@0+1
                 	ADIW R26,@1
                 	ST   X,R30
                 	.ENDM
                 
                 	.MACRO __PUTW1SNS
                 	LDD  R26,Y+@0
                 	LDD  R27,Y+@0+1
                 	ADIW R26,@1
                 	ST   X+,R30
                 	ST   X,R31
                 	.ENDM
                 
                 	.MACRO __PUTD1SNS
                 	LDD  R26,Y+@0
                 	LDD  R27,Y+@0+1
                 	ADIW R26,@1
                 	CALL __PUTDP1
                 	.ENDM
                 
                 	.MACRO __PUTB1PMN
                 	LDS  R26,@0
                 	LDS  R27,@0+1
                 	SUBI R26,LOW(-@1)
                 	SBCI R27,HIGH(-@1)
                 	ST   X,R30
                 	.ENDM
                 
                 	.MACRO __PUTW1PMN
                 	LDS  R26,@0
                 	LDS  R27,@0+1
                 	SUBI R26,LOW(-@1)
                 	SBCI R27,HIGH(-@1)
                 	ST   X+,R30
                 	ST   X,R31
                 	.ENDM
                 
                 	.MACRO __PUTD1PMN
                 	LDS  R26,@0
                 	LDS  R27,@0+1
                 	SUBI R26,LOW(-@1)
                 	SBCI R27,HIGH(-@1)
                 	CALL __PUTDP1
                 	.ENDM
                 
                 	.MACRO __PUTB1PMNS
                 	LDS  R26,@0
                 	LDS  R27,@0+1
                 	ADIW R26,@1
                 	ST   X,R30
                 	.ENDM
                 
                 	.MACRO __PUTW1PMNS
                 	LDS  R26,@0
                 	LDS  R27,@0+1
                 	ADIW R26,@1
                 	ST   X+,R30
                 	ST   X,R31
                 	.ENDM
                 
                 	.MACRO __PUTD1PMNS
                 	LDS  R26,@0
                 	LDS  R27,@0+1
                 	ADIW R26,@1
                 	CALL __PUTDP1
                 	.ENDM
                 
                 	.MACRO __PUTB1RN
                 	MOVW R26,R@0
                 	SUBI R26,LOW(-@1)
                 	SBCI R27,HIGH(-@1)
                 	ST   X,R30
                 	.ENDM
                 
                 	.MACRO __PUTW1RN
                 	MOVW R26,R@0
                 	SUBI R26,LOW(-@1)
                 	SBCI R27,HIGH(-@1)
                 	ST   X+,R30
                 	ST   X,R31
                 	.ENDM
                 
                 	.MACRO __PUTD1RN
                 	MOVW R26,R@0
                 	SUBI R26,LOW(-@1)
                 	SBCI R27,HIGH(-@1)
                 	CALL __PUTDP1
                 	.ENDM
                 
                 	.MACRO __PUTB1RNS
                 	MOVW R26,R@0
                 	ADIW R26,@1
                 	ST   X,R30
                 	.ENDM
                 
                 	.MACRO __PUTW1RNS
                 	MOVW R26,R@0
                 	ADIW R26,@1
                 	ST   X+,R30
                 	ST   X,R31
                 	.ENDM
                 
                 	.MACRO __PUTD1RNS
                 	MOVW R26,R@0
                 	ADIW R26,@1
                 	CALL __PUTDP1
                 	.ENDM
                 
                 	.MACRO __PUTB1RON
                 	MOV  R26,R@0
                 	MOV  R27,R@1
                 	SUBI R26,LOW(-@2)
                 	SBCI R27,HIGH(-@2)
                 	ST   X,R30
                 	.ENDM
                 
                 	.MACRO __PUTW1RON
                 	MOV  R26,R@0
                 	MOV  R27,R@1
                 	SUBI R26,LOW(-@2)
                 	SBCI R27,HIGH(-@2)
                 	ST   X+,R30
                 	ST   X,R31
                 	.ENDM
                 
                 	.MACRO __PUTD1RON
                 	MOV  R26,R@0
                 	MOV  R27,R@1
                 	SUBI R26,LOW(-@2)
                 	SBCI R27,HIGH(-@2)
                 	CALL __PUTDP1
                 	.ENDM
                 
                 	.MACRO __PUTB1RONS
                 	MOV  R26,R@0
                 	MOV  R27,R@1
                 	ADIW R26,@2
                 	ST   X,R30
                 	.ENDM
                 
                 	.MACRO __PUTW1RONS
                 	MOV  R26,R@0
                 	MOV  R27,R@1
                 	ADIW R26,@2
                 	ST   X+,R30
                 	ST   X,R31
                 	.ENDM
                 
                 	.MACRO __PUTD1RONS
                 	MOV  R26,R@0
                 	MOV  R27,R@1
                 	ADIW R26,@2
                 	CALL __PUTDP1
                 	.ENDM
                 
                 
                 	.MACRO __GETB1SX
                 	MOVW R30,R28
                 	SUBI R30,LOW(-@0)
                 	SBCI R31,HIGH(-@0)
                 	LD   R30,Z
                 	.ENDM
                 
                 	.MACRO __GETB1HSX
                 	MOVW R30,R28
                 	SUBI R30,LOW(-@0)
                 	SBCI R31,HIGH(-@0)
                 	LD   R31,Z
                 	.ENDM
                 
                 	.MACRO __GETW1SX
                 	MOVW R30,R28
                 	SUBI R30,LOW(-@0)
                 	SBCI R31,HIGH(-@0)
                 	LD   R0,Z+
                 	LD   R31,Z
                 	MOV  R30,R0
                 	.ENDM
                 
                 	.MACRO __GETD1SX
                 	MOVW R30,R28
                 	SUBI R30,LOW(-@0)
                 	SBCI R31,HIGH(-@0)
                 	LD   R0,Z+
                 	LD   R1,Z+
                 	LD   R22,Z+
                 	LD   R23,Z
                 	MOVW R30,R0
                 	.ENDM
                 
                 	.MACRO __GETB2SX
                 	MOVW R26,R28
                 	SUBI R26,LOW(-@0)
                 	SBCI R27,HIGH(-@0)
                 	LD   R26,X
                 	.ENDM
                 
                 	.MACRO __GETW2SX
                 	MOVW R26,R28
                 	SUBI R26,LOW(-@0)
                 	SBCI R27,HIGH(-@0)
                 	LD   R0,X+
                 	LD   R27,X
                 	MOV  R26,R0
                 	.ENDM
                 
                 	.MACRO __GETD2SX
                 	MOVW R26,R28
                 	SUBI R26,LOW(-@0)
                 	SBCI R27,HIGH(-@0)
                 	LD   R0,X+
                 	LD   R1,X+
                 	LD   R24,X+
                 	LD   R25,X
                 	MOVW R26,R0
                 	.ENDM
                 
                 	.MACRO __GETBRSX
                 	MOVW R30,R28
                 	SUBI R30,LOW(-@1)
                 	SBCI R31,HIGH(-@1)
                 	LD   R@0,Z
                 	.ENDM
                 
                 	.MACRO __GETWRSX
                 	MOVW R30,R28
                 	SUBI R30,LOW(-@2)
                 	SBCI R31,HIGH(-@2)
                 	LD   R@0,Z+
                 	LD   R@1,Z
                 	.ENDM
                 
                 	.MACRO __GETBRSX2
                 	MOVW R26,R28
                 	SUBI R26,LOW(-@1)
                 	SBCI R27,HIGH(-@1)
                 	LD   R@0,X
                 	.ENDM
                 
                 	.MACRO __GETWRSX2
                 	MOVW R26,R28
                 	SUBI R26,LOW(-@2)
                 	SBCI R27,HIGH(-@2)
                 	LD   R@0,X+
                 	LD   R@1,X
                 	.ENDM
                 
                 	.MACRO __LSLW8SX
                 	MOVW R30,R28
                 	SUBI R30,LOW(-@0)
                 	SBCI R31,HIGH(-@0)
                 	LD   R31,Z
                 	CLR  R30
                 	.ENDM
                 
                 	.MACRO __PUTB1SX
                 	MOVW R26,R28
                 	SUBI R26,LOW(-@0)
                 	SBCI R27,HIGH(-@0)
                 	ST   X,R30
                 	.ENDM
                 
                 	.MACRO __PUTW1SX
                 	MOVW R26,R28
                 	SUBI R26,LOW(-@0)
                 	SBCI R27,HIGH(-@0)
                 	ST   X+,R30
                 	ST   X,R31
                 	.ENDM
                 
                 	.MACRO __PUTD1SX
                 	MOVW R26,R28
                 	SUBI R26,LOW(-@0)
                 	SBCI R27,HIGH(-@0)
                 	ST   X+,R30
                 	ST   X+,R31
                 	ST   X+,R22
                 	ST   X,R23
                 	.ENDM
                 
                 	.MACRO __CLRW1SX
                 	MOVW R26,R28
                 	SUBI R26,LOW(-@0)
                 	SBCI R27,HIGH(-@0)
                 	ST   X+,R30
                 	ST   X,R30
                 	.ENDM
                 
                 	.MACRO __CLRD1SX
                 	MOVW R26,R28
                 	SUBI R26,LOW(-@0)
                 	SBCI R27,HIGH(-@0)
                 	ST   X+,R30
                 	ST   X+,R30
                 	ST   X+,R30
                 	ST   X,R30
                 	.ENDM
                 
                 	.MACRO __PUTB2SX
                 	MOVW R30,R28
                 	SUBI R30,LOW(-@0)
                 	SBCI R31,HIGH(-@0)
                 	ST   Z,R26
                 	.ENDM
                 
                 	.MACRO __PUTW2SX
                 	MOVW R30,R28
                 	SUBI R30,LOW(-@0)
                 	SBCI R31,HIGH(-@0)
                 	ST   Z+,R26
                 	ST   Z,R27
                 	.ENDM
                 
                 	.MACRO __PUTD2SX
                 	MOVW R30,R28
                 	SUBI R30,LOW(-@0)
                 	SBCI R31,HIGH(-@0)
                 	ST   Z+,R26
                 	ST   Z+,R27
                 	ST   Z+,R24
                 	ST   Z,R25
                 	.ENDM
                 
                 	.MACRO __PUTBSRX
                 	MOVW R30,R28
                 	SUBI R30,LOW(-@1)
                 	SBCI R31,HIGH(-@1)
                 	ST   Z,R@0
                 	.ENDM
                 
                 	.MACRO __PUTWSRX
                 	MOVW R30,R28
                 	SUBI R30,LOW(-@2)
                 	SBCI R31,HIGH(-@2)
                 	ST   Z+,R@0
                 	ST   Z,R@1
                 	.ENDM
                 
                 	.MACRO __PUTB1SNX
                 	MOVW R26,R28
                 	SUBI R26,LOW(-@0)
                 	SBCI R27,HIGH(-@0)
                 	LD   R0,X+
                 	LD   R27,X
                 	MOV  R26,R0
                 	SUBI R26,LOW(-@1)
                 	SBCI R27,HIGH(-@1)
                 	ST   X,R30
                 	.ENDM
                 
                 	.MACRO __PUTW1SNX
                 	MOVW R26,R28
                 	SUBI R26,LOW(-@0)
                 	SBCI R27,HIGH(-@0)
                 	LD   R0,X+
                 	LD   R27,X
                 	MOV  R26,R0
                 	SUBI R26,LOW(-@1)
                 	SBCI R27,HIGH(-@1)
                 	ST   X+,R30
                 	ST   X,R31
                 	.ENDM
                 
                 	.MACRO __PUTD1SNX
                 	MOVW R26,R28
                 	SUBI R26,LOW(-@0)
                 	SBCI R27,HIGH(-@0)
                 	LD   R0,X+
                 	LD   R27,X
                 	MOV  R26,R0
                 	SUBI R26,LOW(-@1)
                 	SBCI R27,HIGH(-@1)
                 	ST   X+,R30
                 	ST   X+,R31
                 	ST   X+,R22
                 	ST   X,R23
                 	.ENDM
                 
                 	.MACRO __MULBRR
                 	MULS R@0,R@1
                 	MOVW R30,R0
                 	.ENDM
                 
                 	.MACRO __MULBRRU
                 	MUL  R@0,R@1
                 	MOVW R30,R0
                 	.ENDM
                 
                 	.MACRO __MULBRR0
                 	MULS R@0,R@1
                 	.ENDM
                 
                 	.MACRO __MULBRRU0
                 	MUL  R@0,R@1
                 	.ENDM
                 
                 	.MACRO __MULBNWRU
                 	LDI  R26,@2
                 	MUL  R26,R@0
                 	MOVW R30,R0
                 	MUL  R26,R@1
                 	ADD  R31,R0
                 	.ENDM
                 
                 ;NAME DEFINITIONS FOR GLOBAL VARIABLES ALLOCATED TO REGISTERS
                 	.DEF __lcd_x=R5
                 	.DEF __lcd_y=R4
                 	.DEF __lcd_maxx=R7
                 
                 	.CSEG
                 	.ORG 0x00
                 
                 ;START OF CODE MARKER
                 __START_OF_CODE:
                 
                 ;INTERRUPT VECTORS
000000 940c 004f 	JMP  __RESET
000002 940c 0000 	JMP  0x00
000004 940c 0000 	JMP  0x00
000006 940c 0000 	JMP  0x00
000008 940c 0000 	JMP  0x00
00000a 940c 0000 	JMP  0x00
00000c 940c 0000 	JMP  0x00
00000e 940c 0000 	JMP  0x00
000010 940c 0000 	JMP  0x00
000012 940c 0000 	JMP  0x00
000014 940c 0000 	JMP  0x00
000016 940c 0000 	JMP  0x00
000018 940c 0000 	JMP  0x00
00001a 940c 0000 	JMP  0x00
00001c 940c 0000 	JMP  0x00
00001e 940c 0000 	JMP  0x00
000020 940c 0000 	JMP  0x00
000022 940c 0000 	JMP  0x00
000024 940c 0000 	JMP  0x00
000026 940c 0000 	JMP  0x00
000028 940c 0000 	JMP  0x00
                 
                 _0x3:
00002a 3044
00002b 3231
00002c 3534
00002d 3836      	.DB  0x44,0x30,0x31,0x32,0x34,0x35,0x36,0x38
00002e 4139
00002f 3733
000030 4642
000031 4344      	.DB  0x39,0x41,0x33,0x37,0x42,0x46,0x44,0x43
                 _0x40000:
000032 7351
000033 3374
000034 202c
000035 7453      	.DB  0x51,0x73,0x74,0x33,0x2C,0x20,0x53,0x74
000036 7261
000037 2074
000038 2e2e
000039 002e      	.DB  0x61,0x72,0x74,0x20,0x2E,0x2E,0x2E,0x0
00003a 7351
00003b 3374
00003c 202c
00003d 6e45      	.DB  0x51,0x73,0x74,0x33,0x2C,0x20,0x45,0x6E
00003e 2e64
00003f 2e2e
C:\users\farkoo\My Documents\az micro\3\3\Debug\List\Lab3_Qst_3.asm(1128): warning: .cseg .db misalignment - padding zero byte
000040 0000      	.DB  0x64,0x2E,0x2E,0x2E,0x0
                 _0x2000003:
000041 c080      	.DB  0x80,0xC0
                 
                 __GLOBAL_INI_TBL:
000042 0010      	.DW  0x10
000043 017d      	.DW  _keypad
000044 0054      	.DW  _0x3*2
                 
000045 0010      	.DW  0x10
000046 0160      	.DW  _0x40003
000047 0064      	.DW  _0x40000*2
                 
000048 000d      	.DW  0x0D
000049 0170      	.DW  _0x40003+16
00004a 0074      	.DW  _0x40000*2+16
                 
00004b 0002      	.DW  0x02
00004c 018d      	.DW  __base_y_G100
00004d 0082      	.DW  _0x2000003*2
                 
                 _0xFFFFFFFF:
00004e 0000      	.DW  0
                 
                 #define __GLOBAL_INI_TBL_PRESENT 1
                 
                 __RESET:
00004f 94f8      	CLI
000050 27ee      	CLR  R30
000051 bbec      	OUT  EECR,R30
                 
                 ;INTERRUPT VECTORS ARE PLACED
                 ;AT THE START OF FLASH
000052 e0f1      	LDI  R31,1
000053 bffb      	OUT  GICR,R31
000054 bfeb      	OUT  GICR,R30
000055 bfe5      	OUT  MCUCR,R30
                 
                 ;CLEAR R2-R14
000056 e08d      	LDI  R24,(14-2)+1
000057 e0a2      	LDI  R26,2
000058 27bb      	CLR  R27
                 __CLEAR_REG:
000059 93ed      	ST   X+,R30
00005a 958a      	DEC  R24
00005b f7e9      	BRNE __CLEAR_REG
                 
                 ;CLEAR SRAM
00005c e080      	LDI  R24,LOW(__CLEAR_SRAM_SIZE)
00005d e094      	LDI  R25,HIGH(__CLEAR_SRAM_SIZE)
00005e e6a0      	LDI  R26,__SRAM_START
                 __CLEAR_SRAM:
00005f 93ed      	ST   X+,R30
000060 9701      	SBIW R24,1
000061 f7e9      	BRNE __CLEAR_SRAM
                 
                 ;GLOBAL VARIABLES INITIALIZATION
000062 e8e4      	LDI  R30,LOW(__GLOBAL_INI_TBL*2)
000063 e0f0      	LDI  R31,HIGH(__GLOBAL_INI_TBL*2)
                 __GLOBAL_INI_NEXT:
000064 9185      	LPM  R24,Z+
000065 9195      	LPM  R25,Z+
000066 9700      	SBIW R24,0
000067 f061      	BREQ __GLOBAL_INI_END
000068 91a5      	LPM  R26,Z+
000069 91b5      	LPM  R27,Z+
00006a 9005      	LPM  R0,Z+
00006b 9015      	LPM  R1,Z+
00006c 01bf      	MOVW R22,R30
00006d 01f0      	MOVW R30,R0
                 __GLOBAL_INI_LOOP:
00006e 9005      	LPM  R0,Z+
00006f 920d      	ST   X+,R0
000070 9701      	SBIW R24,1
000071 f7e1      	BRNE __GLOBAL_INI_LOOP
000072 01fb      	MOVW R30,R22
000073 cff0      	RJMP __GLOBAL_INI_NEXT
                 __GLOBAL_INI_END:
                 
                 ;HARDWARE STACK POINTER INITIALIZATION
000074 e5ef      	LDI  R30,LOW(__SRAM_END-__HEAP_SIZE)
000075 bfed      	OUT  SPL,R30
000076 e0e4      	LDI  R30,HIGH(__SRAM_END-__HEAP_SIZE)
000077 bfee      	OUT  SPH,R30
                 
                 ;DATA STACK POINTER INITIALIZATION
000078 e6c0      	LDI  R28,LOW(__SRAM_START+__DSTACK_SIZE)
000079 e0d1      	LDI  R29,HIGH(__SRAM_START+__DSTACK_SIZE)
                 
00007a 940c 007c 	JMP  _main
                 
                 	.ESEG
                 	.ORG 0
                 
                 	.DSEG
                 	.ORG 0x160
                 
                 	.CSEG
                 ;/*******************************************************
                 ;This program was created by the
                 ;CodeWizardAVR V3.12 Advanced
                 ;Automatic Program Generator
                 ;© Copyright 1998-2014 Pavel Haiduc, HP InfoTech s.r.l.
                 ;http://www.hpinfotech.com
                 ;
                 ;Project : KeyPad
                 ;Version :
                 ;Date    : 3/16/2021
                 ;Author  : Farzaneh Koohestani
                 ;Company : IUT
                 ;Comments:
                 ;Session: 3
                 ;Question: 3
                 ;
                 ;
                 ;Chip type               : ATmega16
                 ;Program type            : Application
                 ;AVR Core Clock frequency: 8.000000 MHz
                 ;Memory model            : Small
                 ;External RAM size       : 0
                 ;Data Stack size         : 256
                 ;*******************************************************/
                 ;
                 ;#include <header.h>
                 	#ifndef __SLEEP_DEFINED__
                 	#define __SLEEP_DEFINED__
                 	.EQU __se_bit=0x40
                 	.EQU __sm_mask=0xB0
                 	.EQU __sm_powerdown=0x20
                 	.EQU __sm_powersave=0x30
                 	.EQU __sm_standby=0xA0
                 	.EQU __sm_ext_standby=0xB0
                 	.EQU __sm_adc_noise_red=0x10
                 	.SET power_ctrl_reg=mcucr
                 	#endif
                 ;
                 ;unsigned char keypad[16] = {'D', '0','1','2','4','5','6','8','9','A','3','7','B','F','D','C' };
                 
                 	.DSEG
                 ;
                 ;void main(void)
                 ; 0000 001F {
                 
                 	.CSEG
                 _main:
                 ; .FSTART _main
                 ; 0000 0020 // Declare your local variables here
                 ; 0000 0021 
                 ; 0000 0022 
                 ; 0000 0023     init();
00007c d004      	RCALL _init
                 ; 0000 0024     func3();
00007d 940e 00aa 	CALL _func3
                 ; 0000 0025 
                 ; 0000 0026 while (1)
                 _0x4:
                 ; 0000 0027       {
                 ; 0000 0028       // Place your code here
                 ; 0000 0029 
                 ; 0000 002A       }
00007f cfff      	RJMP _0x4
                 ; 0000 002B }
                 _0x7:
000080 cfff      	RJMP _0x7
                 ; .FEND
                 ;#include <header.h>
                 	#ifndef __SLEEP_DEFINED__
                 	#endif
                 ;
                 ;void init(void){
                 ; 0001 0003 void init(void){
                 
                 	.CSEG
                 _init:
                 ; .FSTART _init
                 ; 0001 0004 
                 ; 0001 0005 // Input/Output Ports initialization
                 ; 0001 0006 // Port A initialization
                 ; 0001 0007 // Function: Bit7=In Bit6=In Bit5=In Bit4=In Bit3=In Bit2=In Bit1=In Bit0=In
                 ; 0001 0008 DDRA=(0<<DDA7) | (0<<DDA6) | (0<<DDA5) | (0<<DDA4) | (0<<DDA3) | (0<<DDA2) | (0<<DDA1) | (0<<DDA0);
000081 e0e0      	LDI  R30,LOW(0)
000082 bbea      	OUT  0x1A,R30
                 ; 0001 0009 // State: Bit7=T Bit6=T Bit5=T Bit4=T Bit3=T Bit2=T Bit1=T Bit0=T
                 ; 0001 000A PORTA=(0<<PORTA7) | (0<<PORTA6) | (0<<PORTA5) | (0<<PORTA4) | (0<<PORTA3) | (0<<PORTA2) | (0<<PORTA1) | (0<<PORTA0);
000083 bbeb      	OUT  0x1B,R30
                 ; 0001 000B 
                 ; 0001 000C // Port B initialization
                 ; 0001 000D // Function: Bit7=In Bit6=In Bit5=In Bit4=In Bit3=In Bit2=In Bit1=In Bit0=In
                 ; 0001 000E DDRB=(0<<DDB7) | (0<<DDB6) | (0<<DDB5) | (0<<DDB4) | (0<<DDB3) | (0<<DDB2) | (0<<DDB1) | (0<<DDB0);
000084 bbe7      	OUT  0x17,R30
                 ; 0001 000F // State: Bit7=T Bit6=T Bit5=T Bit4=T Bit3=T Bit2=T Bit1=T Bit0=T
                 ; 0001 0010 PORTB=(0<<PORTB7) | (0<<PORTB6) | (0<<PORTB5) | (0<<PORTB4) | (0<<PORTB3) | (0<<PORTB2) | (0<<PORTB1) | (0<<PORTB0);
000085 bbe8      	OUT  0x18,R30
                 ; 0001 0011 
                 ; 0001 0012 // Port C initialization
                 ; 0001 0013 // Function: Bit7=In Bit6=In Bit5=In Bit4=In Bit3=In Bit2=In Bit1=In Bit0=In
                 ; 0001 0014 DDRC=(0<<DDC7) | (0<<DDC6) | (0<<DDC5) | (0<<DDC4) | (0<<DDC3) | (0<<DDC2) | (0<<DDC1) | (0<<DDC0);
000086 bbe4      	OUT  0x14,R30
                 ; 0001 0015 // State: Bit7=T Bit6=T Bit5=T Bit4=T Bit3=T Bit2=T Bit1=T Bit0=T
                 ; 0001 0016 PORTC=(0<<PORTC7) | (0<<PORTC6) | (0<<PORTC5) | (0<<PORTC4) | (0<<PORTC3) | (0<<PORTC2) | (0<<PORTC1) | (0<<PORTC0);
000087 bbe5      	OUT  0x15,R30
                 ; 0001 0017 
                 ; 0001 0018 // Port D initialization
                 ; 0001 0019 // Function: Bit7=In Bit6=In Bit5=In Bit4=In Bit3=In Bit2=In Bit1=In Bit0=In
                 ; 0001 001A DDRD=(0<<DDD7) | (0<<DDD6) | (0<<DDD5) | (0<<DDD4) | (0<<DDD3) | (0<<DDD2) | (0<<DDD1) | (0<<DDD0);
000088 bbe1      	OUT  0x11,R30
                 ; 0001 001B // State: Bit7=T Bit6=T Bit5=T Bit4=T Bit3=T Bit2=T Bit1=T Bit0=T
                 ; 0001 001C PORTD=(0<<PORTD7) | (0<<PORTD6) | (0<<PORTD5) | (0<<PORTD4) | (0<<PORTD3) | (0<<PORTD2) | (0<<PORTD1) | (0<<PORTD0);
000089 bbe2      	OUT  0x12,R30
                 ; 0001 001D 
                 ; 0001 001E // Timer/Counter 0 initialization
                 ; 0001 001F // Clock source: System Clock
                 ; 0001 0020 // Clock value: Timer 0 Stopped
                 ; 0001 0021 // Mode: Normal top=0xFF
                 ; 0001 0022 // OC0 output: Disconnected
                 ; 0001 0023 TCCR0=(0<<WGM00) | (0<<COM01) | (0<<COM00) | (0<<WGM01) | (0<<CS02) | (0<<CS01) | (0<<CS00);
00008a bfe3      	OUT  0x33,R30
                 ; 0001 0024 TCNT0=0x00;
00008b bfe2      	OUT  0x32,R30
                 ; 0001 0025 OCR0=0x00;
00008c bfec      	OUT  0x3C,R30
                 ; 0001 0026 
                 ; 0001 0027 // Timer/Counter 1 initialization
                 ; 0001 0028 // Clock source: System Clock
                 ; 0001 0029 // Clock value: Timer1 Stopped
                 ; 0001 002A // Mode: Normal top=0xFFFF
                 ; 0001 002B // OC1A output: Disconnected
                 ; 0001 002C // OC1B output: Disconnected
                 ; 0001 002D // Noise Canceler: Off
                 ; 0001 002E // Input Capture on Falling Edge
                 ; 0001 002F // Timer1 Overflow Interrupt: Off
                 ; 0001 0030 // Input Capture Interrupt: Off
                 ; 0001 0031 // Compare A Match Interrupt: Off
                 ; 0001 0032 // Compare B Match Interrupt: Off
                 ; 0001 0033 TCCR1A=(0<<COM1A1) | (0<<COM1A0) | (0<<COM1B1) | (0<<COM1B0) | (0<<WGM11) | (0<<WGM10);
00008d bdef      	OUT  0x2F,R30
                 ; 0001 0034 TCCR1B=(0<<ICNC1) | (0<<ICES1) | (0<<WGM13) | (0<<WGM12) | (0<<CS12) | (0<<CS11) | (0<<CS10);
00008e bdee      	OUT  0x2E,R30
                 ; 0001 0035 TCNT1H=0x00;
00008f bded      	OUT  0x2D,R30
                 ; 0001 0036 TCNT1L=0x00;
000090 bdec      	OUT  0x2C,R30
                 ; 0001 0037 ICR1H=0x00;
000091 bde7      	OUT  0x27,R30
                 ; 0001 0038 ICR1L=0x00;
000092 bde6      	OUT  0x26,R30
                 ; 0001 0039 OCR1AH=0x00;
000093 bdeb      	OUT  0x2B,R30
                 ; 0001 003A OCR1AL=0x00;
000094 bdea      	OUT  0x2A,R30
                 ; 0001 003B OCR1BH=0x00;
000095 bde9      	OUT  0x29,R30
                 ; 0001 003C OCR1BL=0x00;
000096 bde8      	OUT  0x28,R30
                 ; 0001 003D 
                 ; 0001 003E // Timer/Counter 2 initialization
                 ; 0001 003F // Clock source: System Clock
                 ; 0001 0040 // Clock value: Timer2 Stopped
                 ; 0001 0041 // Mode: Normal top=0xFF
                 ; 0001 0042 // OC2 output: Disconnected
                 ; 0001 0043 ASSR=0<<AS2;
000097 bde2      	OUT  0x22,R30
                 ; 0001 0044 TCCR2=(0<<PWM2) | (0<<COM21) | (0<<COM20) | (0<<CTC2) | (0<<CS22) | (0<<CS21) | (0<<CS20);
000098 bde5      	OUT  0x25,R30
                 ; 0001 0045 TCNT2=0x00;
000099 bde4      	OUT  0x24,R30
                 ; 0001 0046 OCR2=0x00;
00009a bde3      	OUT  0x23,R30
                 ; 0001 0047 
                 ; 0001 0048 // Timer(s)/Counter(s) Interrupt(s) initialization
                 ; 0001 0049 TIMSK=(0<<OCIE2) | (0<<TOIE2) | (0<<TICIE1) | (0<<OCIE1A) | (0<<OCIE1B) | (0<<TOIE1) | (0<<OCIE0) | (0<<TOIE0);
00009b bfe9      	OUT  0x39,R30
                 ; 0001 004A 
                 ; 0001 004B // External Interrupt(s) initialization
                 ; 0001 004C // INT0: Off
                 ; 0001 004D // INT1: Off
                 ; 0001 004E // INT2: Off
                 ; 0001 004F MCUCR=(0<<ISC11) | (0<<ISC10) | (0<<ISC01) | (0<<ISC00);
00009c bfe5      	OUT  0x35,R30
                 ; 0001 0050 MCUCSR=(0<<ISC2);
00009d bfe4      	OUT  0x34,R30
                 ; 0001 0051 
                 ; 0001 0052 // USART initialization
                 ; 0001 0053 // USART disabled
                 ; 0001 0054 UCSRB=(0<<RXCIE) | (0<<TXCIE) | (0<<UDRIE) | (0<<RXEN) | (0<<TXEN) | (0<<UCSZ2) | (0<<RXB8) | (0<<TXB8);
00009e b9ea      	OUT  0xA,R30
                 ; 0001 0055 
                 ; 0001 0056 // Analog Comparator initialization
                 ; 0001 0057 // Analog Comparator: Off
                 ; 0001 0058 // The Analog Comparator's positive input is
                 ; 0001 0059 // connected to the AIN0 pin
                 ; 0001 005A // The Analog Comparator's negative input is
                 ; 0001 005B // connected to the AIN1 pin
                 ; 0001 005C ACSR=(1<<ACD) | (0<<ACBG) | (0<<ACO) | (0<<ACI) | (0<<ACIE) | (0<<ACIC) | (0<<ACIS1) | (0<<ACIS0);
00009f e8e0      	LDI  R30,LOW(128)
0000a0 b9e8      	OUT  0x8,R30
                 ; 0001 005D SFIOR=(0<<ACME);
0000a1 e0e0      	LDI  R30,LOW(0)
0000a2 bfe0      	OUT  0x30,R30
                 ; 0001 005E 
                 ; 0001 005F // ADC initialization
                 ; 0001 0060 // ADC disabled
                 ; 0001 0061 ADCSRA=(0<<ADEN) | (0<<ADSC) | (0<<ADATE) | (0<<ADIF) | (0<<ADIE) | (0<<ADPS2) | (0<<ADPS1) | (0<<ADPS0);
0000a3 b9e6      	OUT  0x6,R30
                 ; 0001 0062 
                 ; 0001 0063 // SPI initialization
                 ; 0001 0064 // SPI disabled
                 ; 0001 0065 SPCR=(0<<SPIE) | (0<<SPE) | (0<<DORD) | (0<<MSTR) | (0<<CPOL) | (0<<CPHA) | (0<<SPR1) | (0<<SPR0);
0000a4 b9ed      	OUT  0xD,R30
                 ; 0001 0066 
                 ; 0001 0067 // TWI initialization
                 ; 0001 0068 // TWI disabled
                 ; 0001 0069 TWCR=(0<<TWEA) | (0<<TWSTA) | (0<<TWSTO) | (0<<TWEN) | (0<<TWIE);
0000a5 bfe6      	OUT  0x36,R30
                 ; 0001 006A 
                 ; 0001 006B // Alphanumeric LCD initialization
                 ; 0001 006C // Connections are specified in the
                 ; 0001 006D // Project|Configure|C Compiler|Libraries|Alphanumeric LCD menu:
                 ; 0001 006E // RS - PORTA Bit 0
                 ; 0001 006F // RD - PORTA Bit 1
                 ; 0001 0070 // EN - PORTA Bit 2
                 ; 0001 0071 // D4 - PORTA Bit 4
                 ; 0001 0072 // D5 - PORTA Bit 5
                 ; 0001 0073 // D6 - PORTA Bit 6
                 ; 0001 0074 // D7 - PORTA Bit 7
                 ; 0001 0075 // Characters/line: 16
                 ; 0001 0076 lcd_init(16);
0000a6 e1a0      	LDI  R26,LOW(16)
0000a7 940e 018f 	CALL _lcd_init
                 ; 0001 0077 }
0000a9 9508      	RET
                 ; .FEND
                 ;#include <header.h>
                 	#ifndef __SLEEP_DEFINED__
                 	#endif
                 ;
                 ;void func3(void){
                 ; 0002 0003 void func3(void){
                 
                 	.CSEG
                 _func3:
                 ; .FSTART _func3
                 ; 0002 0004     int key = 16;
                 ; 0002 0005     DDRB = 0xF0;
0000aa 931a      	ST   -Y,R17
0000ab 930a      	ST   -Y,R16
                 ;	key -> R16,R17
                +
0000ac e100     +LDI R16 , LOW ( 16 )
0000ad e010     +LDI R17 , HIGH ( 16 )
                 	__GETWRN 16,17,16
0000ae efe0      	LDI  R30,LOW(240)
0000af bbe7      	OUT  0x17,R30
                 ; 0002 0006     PORTB = 0xFF;
0000b0 efef      	LDI  R30,LOW(255)
0000b1 bbe8      	OUT  0x18,R30
                 ; 0002 0007 
                 ; 0002 0008     lcd_puts("Qst3, Start ...")  ;
                +
0000b2 e6a0     +LDI R26 , LOW ( _0x40003 + ( 0 ) )
0000b3 e0b1     +LDI R27 , HIGH ( _0x40003 + ( 0 ) )
                 	__POINTW2MN _0x40003,0
0000b4 d105      	RCALL SUBOPT_0x0
                 ; 0002 0009     delay_ms(1000);
                 ; 0002 000A     lcd_clear();
                 ; 0002 000B 
                 ; 0002 000C     do{
                 _0x40005:
                 ; 0002 000D         PORTB.4=1; PORTB.5=0; PORTB.6=0; PORTB.7=0;
0000b5 9ac4      	SBI  0x18,4
0000b6 98c5      	CBI  0x18,5
0000b7 98c6      	CBI  0x18,6
0000b8 98c7      	CBI  0x18,7
                 ; 0002 000E         if(PINB.0) { key = 1;  continue;}
0000b9 9bb0      	SBIS 0x16,0
0000ba c003      	RJMP _0x4000F
                +
0000bb e001     +LDI R16 , LOW ( 1 )
0000bc e010     +LDI R17 , HIGH ( 1 )
                 	__GETWRN 16,17,1
0000bd c05d      	RJMP _0x40004
                 ; 0002 000F         if(PINB.1) {key = 2;  continue;}
                 _0x4000F:
0000be 9bb1      	SBIS 0x16,1
0000bf c003      	RJMP _0x40010
                +
0000c0 e002     +LDI R16 , LOW ( 2 )
0000c1 e010     +LDI R17 , HIGH ( 2 )
                 	__GETWRN 16,17,2
0000c2 c058      	RJMP _0x40004
                 ; 0002 0010         if(PINB.2) {key = 3;  continue;}
                 _0x40010:
0000c3 9bb2      	SBIS 0x16,2
0000c4 c003      	RJMP _0x40011
                +
0000c5 e003     +LDI R16 , LOW ( 3 )
0000c6 e010     +LDI R17 , HIGH ( 3 )
                 	__GETWRN 16,17,3
0000c7 c053      	RJMP _0x40004
                 ; 0002 0011         if(PINB.3) {key =10;   continue;}
                 _0x40011:
0000c8 9bb3      	SBIS 0x16,3
0000c9 c003      	RJMP _0x40012
                +
0000ca e00a     +LDI R16 , LOW ( 10 )
0000cb e010     +LDI R17 , HIGH ( 10 )
                 	__GETWRN 16,17,10
0000cc c04e      	RJMP _0x40004
                 ; 0002 0012         delay_ms(10);
                 _0x40012:
0000cd d0f2      	RCALL SUBOPT_0x1
                 ; 0002 0013         PORTB.4=0; PORTB.5=1; PORTB.6=0; PORTB.7=0;
0000ce 9ac5      	SBI  0x18,5
0000cf 98c6      	CBI  0x18,6
0000d0 98c7      	CBI  0x18,7
                 ; 0002 0014         if(PINB.0) {key = 4;  continue;}
0000d1 9bb0      	SBIS 0x16,0
0000d2 c003      	RJMP _0x4001B
                +
0000d3 e004     +LDI R16 , LOW ( 4 )
0000d4 e010     +LDI R17 , HIGH ( 4 )
                 	__GETWRN 16,17,4
0000d5 c045      	RJMP _0x40004
                 ; 0002 0015         if(PINB.1) {key =  5; continue;}
                 _0x4001B:
0000d6 9bb1      	SBIS 0x16,1
0000d7 c003      	RJMP _0x4001C
                +
0000d8 e005     +LDI R16 , LOW ( 5 )
0000d9 e010     +LDI R17 , HIGH ( 5 )
                 	__GETWRN 16,17,5
0000da c040      	RJMP _0x40004
                 ; 0002 0016         if(PINB.2) {key =  6;  continue;}
                 _0x4001C:
0000db 9bb2      	SBIS 0x16,2
0000dc c003      	RJMP _0x4001D
                +
0000dd e006     +LDI R16 , LOW ( 6 )
0000de e010     +LDI R17 , HIGH ( 6 )
                 	__GETWRN 16,17,6
0000df c03b      	RJMP _0x40004
                 ; 0002 0017         if(PINB.3) {key =  11; continue;}
                 _0x4001D:
0000e0 9bb3      	SBIS 0x16,3
0000e1 c003      	RJMP _0x4001E
                +
0000e2 e00b     +LDI R16 , LOW ( 11 )
0000e3 e010     +LDI R17 , HIGH ( 11 )
                 	__GETWRN 16,17,11
0000e4 c036      	RJMP _0x40004
                 ; 0002 0018         delay_ms(10);
                 _0x4001E:
0000e5 d0da      	RCALL SUBOPT_0x1
                 ; 0002 0019         PORTB.4=0; PORTB.5=0; PORTB.6=1; PORTB.7=0;
0000e6 98c5      	CBI  0x18,5
0000e7 9ac6      	SBI  0x18,6
0000e8 98c7      	CBI  0x18,7
                 ; 0002 001A         if(PINB.0) {key =  7;   continue;}
0000e9 9bb0      	SBIS 0x16,0
0000ea c003      	RJMP _0x40027
                +
0000eb e007     +LDI R16 , LOW ( 7 )
0000ec e010     +LDI R17 , HIGH ( 7 )
                 	__GETWRN 16,17,7
0000ed c02d      	RJMP _0x40004
                 ; 0002 001B         if(PINB.1) {key =  8;   continue;}
                 _0x40027:
0000ee 9bb1      	SBIS 0x16,1
0000ef c003      	RJMP _0x40028
                +
0000f0 e008     +LDI R16 , LOW ( 8 )
0000f1 e010     +LDI R17 , HIGH ( 8 )
                 	__GETWRN 16,17,8
0000f2 c028      	RJMP _0x40004
                 ; 0002 001C         if(PINB.2) {key =  9;   continue;}
                 _0x40028:
0000f3 9bb2      	SBIS 0x16,2
0000f4 c003      	RJMP _0x40029
                +
0000f5 e009     +LDI R16 , LOW ( 9 )
0000f6 e010     +LDI R17 , HIGH ( 9 )
                 	__GETWRN 16,17,9
0000f7 c023      	RJMP _0x40004
                 ; 0002 001D         if(PINB.3) {key =  12; continue;}
                 _0x40029:
0000f8 9bb3      	SBIS 0x16,3
0000f9 c003      	RJMP _0x4002A
                +
0000fa e00c     +LDI R16 , LOW ( 12 )
0000fb e010     +LDI R17 , HIGH ( 12 )
                 	__GETWRN 16,17,12
0000fc c01e      	RJMP _0x40004
                 ; 0002 001E         delay_ms(10);
                 _0x4002A:
0000fd d0c2      	RCALL SUBOPT_0x1
                 ; 0002 001F         PORTB.4=0; PORTB.5=0; PORTB.6=0; PORTB.7=1;
0000fe 98c5      	CBI  0x18,5
0000ff 98c6      	CBI  0x18,6
000100 9ac7      	SBI  0x18,7
                 ; 0002 0020         if(PINB.0) {key =  15;   continue;}
000101 9bb0      	SBIS 0x16,0
000102 c003      	RJMP _0x40033
                +
000103 e00f     +LDI R16 , LOW ( 15 )
000104 e010     +LDI R17 , HIGH ( 15 )
                 	__GETWRN 16,17,15
000105 c015      	RJMP _0x40004
                 ; 0002 0021         if(PINB.1) {key =  0;     continue;}
                 _0x40033:
000106 9bb1      	SBIS 0x16,1
000107 c003      	RJMP _0x40034
                +
000108 e000     +LDI R16 , LOW ( 0 )
000109 e010     +LDI R17 , HIGH ( 0 )
                 	__GETWRN 16,17,0
00010a c010      	RJMP _0x40004
                 ; 0002 0022         if(PINB.2) {key =  14;   continue;}
                 _0x40034:
00010b 9bb2      	SBIS 0x16,2
00010c c003      	RJMP _0x40035
                +
00010d e00e     +LDI R16 , LOW ( 14 )
00010e e010     +LDI R17 , HIGH ( 14 )
                 	__GETWRN 16,17,14
00010f c00b      	RJMP _0x40004
                 ; 0002 0023         if(PINB.3) {key =  13;   continue;}
                 _0x40035:
000110 9bb3      	SBIS 0x16,3
000111 c003      	RJMP _0x40036
                +
000112 e00d     +LDI R16 , LOW ( 13 )
000113 e010     +LDI R17 , HIGH ( 13 )
                 	__GETWRN 16,17,13
000114 c006      	RJMP _0x40004
                 ; 0002 0024         delay_ms(10);
                 _0x40036:
000115 e0aa      	LDI  R26,LOW(10)
000116 e0b0      	LDI  R27,0
000117 940e 01d2 	CALL _delay_ms
                 ; 0002 0025         key = 16;
                +
000119 e100     +LDI R16 , LOW ( 16 )
00011a e010     +LDI R17 , HIGH ( 16 )
                 	__GETWRN 16,17,16
                 ; 0002 0026     } while(key == 16);
                 _0x40004:
00011b e1e0      	LDI  R30,LOW(16)
00011c e0f0      	LDI  R31,HIGH(16)
00011d 17e0      	CP   R30,R16
00011e 07f1      	CPC  R31,R17
00011f f409      	BRNE _0x40006
000120 cf94      	RJMP _0x40005
                 _0x40006:
                 ; 0002 0027 
                 ; 0002 0028      lcd_putchar(keypad[key]);
000121 e7ad      	LDI  R26,LOW(_keypad)
000122 e0b1      	LDI  R27,HIGH(_keypad)
000123 0fa0      	ADD  R26,R16
000124 1fb1      	ADC  R27,R17
000125 91ac      	LD   R26,X
000126 d042      	RCALL _lcd_putchar
                 ; 0002 0029      delay_ms(3000);
000127 eba8      	LDI  R26,LOW(3000)
000128 e0bb      	LDI  R27,HIGH(3000)
000129 940e 01d2 	CALL _delay_ms
                 ; 0002 002A      lcd_clear();
00012b d033      	RCALL _lcd_clear
                 ; 0002 002B      lcd_puts("Qst3, End...");
                +
00012c e7a0     +LDI R26 , LOW ( _0x40003 + ( 16 ) )
00012d e0b1     +LDI R27 , HIGH ( _0x40003 + ( 16 ) )
                 	__POINTW2MN _0x40003,16
00012e d08b      	RCALL SUBOPT_0x0
                 ; 0002 002C      delay_ms(1000);
                 ; 0002 002D      lcd_clear();
                 ; 0002 002E      return;
00012f 9109      	LD   R16,Y+
000130 9119      	LD   R17,Y+
000131 9508      	RET
                 ; 0002 002F 
                 ; 0002 0030 
                 ; 0002 0031 }
                 ; .FEND
                 
                 	.DSEG
                 _0x40003:
000160           	.BYTE 0x1D
                 	#ifndef __SLEEP_DEFINED__
                 	#endif
                 
                 	.DSEG
                 
                 	.CSEG
                 __lcd_write_nibble_G100:
                 ; .FSTART __lcd_write_nibble_G100
000132 93aa      	ST   -Y,R26
000133 b3eb      	IN   R30,0x1B
000134 70ef      	ANDI R30,LOW(0xF)
000135 2fae      	MOV  R26,R30
000136 81e8      	LD   R30,Y
000137 7fe0      	ANDI R30,LOW(0xF0)
000138 2bea      	OR   R30,R26
000139 bbeb      	OUT  0x1B,R30
                +
00013a e08d     +LDI R24 , LOW ( 13 )
                +__DELAY_USB_LOOP :
00013b 958a     +DEC R24
00013c f7f1     +BRNE __DELAY_USB_LOOP
                 	__DELAY_USB 13
00013d 9ada      	SBI  0x1B,2
                +
00013e e08d     +LDI R24 , LOW ( 13 )
                +__DELAY_USB_LOOP :
00013f 958a     +DEC R24
000140 f7f1     +BRNE __DELAY_USB_LOOP
                 	__DELAY_USB 13
000141 98da      	CBI  0x1B,2
                +
000142 e08d     +LDI R24 , LOW ( 13 )
                +__DELAY_USB_LOOP :
000143 958a     +DEC R24
000144 f7f1     +BRNE __DELAY_USB_LOOP
                 	__DELAY_USB 13
000145 c072      	RJMP _0x2020001
                 ; .FEND
                 __lcd_write_data:
                 ; .FSTART __lcd_write_data
000146 93aa      	ST   -Y,R26
000147 81a8      	LD   R26,Y
000148 dfe9      	RCALL __lcd_write_nibble_G100
000149 81e8          ld    r30,y
00014a 95e2          swap  r30
00014b 83e8          st    y,r30
00014c 81a8      	LD   R26,Y
00014d dfe4      	RCALL __lcd_write_nibble_G100
                +
00014e e885     +LDI R24 , LOW ( 133 )
                +__DELAY_USB_LOOP :
00014f 958a     +DEC R24
000150 f7f1     +BRNE __DELAY_USB_LOOP
                 	__DELAY_USB 133
000151 c066      	RJMP _0x2020001
                 ; .FEND
                 _lcd_gotoxy:
                 ; .FSTART _lcd_gotoxy
000152 93aa      	ST   -Y,R26
000153 81e8      	LD   R30,Y
000154 e0f0      	LDI  R31,0
000155 57e3      	SUBI R30,LOW(-__base_y_G100)
000156 4ffe      	SBCI R31,HIGH(-__base_y_G100)
000157 81e0      	LD   R30,Z
000158 81a9      	LDD  R26,Y+1
000159 0fae      	ADD  R26,R30
00015a dfeb      	RCALL __lcd_write_data
00015b 8059      	LDD  R5,Y+1
00015c 8048      	LDD  R4,Y+0
00015d 9622      	ADIW R28,2
00015e 9508      	RET
                 ; .FEND
                 _lcd_clear:
                 ; .FSTART _lcd_clear
00015f e0a2      	LDI  R26,LOW(2)
000160 d065      	RCALL SUBOPT_0x2
000161 e0ac      	LDI  R26,LOW(12)
000162 dfe3      	RCALL __lcd_write_data
000163 e0a1      	LDI  R26,LOW(1)
000164 d061      	RCALL SUBOPT_0x2
000165 e0e0      	LDI  R30,LOW(0)
000166 2e4e      	MOV  R4,R30
000167 2e5e      	MOV  R5,R30
000168 9508      	RET
                 ; .FEND
                 _lcd_putchar:
                 ; .FSTART _lcd_putchar
000169 93aa      	ST   -Y,R26
00016a 81a8      	LD   R26,Y
00016b 30aa      	CPI  R26,LOW(0xA)
00016c f011      	BREQ _0x2000005
00016d 1457      	CP   R5,R7
00016e f048      	BRLO _0x2000004
                 _0x2000005:
00016f e0e0      	LDI  R30,LOW(0)
000170 93ea      	ST   -Y,R30
000171 9443      	INC  R4
000172 2da4      	MOV  R26,R4
000173 dfde      	RCALL _lcd_gotoxy
000174 81a8      	LD   R26,Y
000175 30aa      	CPI  R26,LOW(0xA)
000176 f409      	BRNE _0x2000007
000177 c040      	RJMP _0x2020001
                 _0x2000007:
                 _0x2000004:
000178 9453      	INC  R5
000179 9ad8      	SBI  0x1B,0
00017a 81a8      	LD   R26,Y
00017b dfca      	RCALL __lcd_write_data
00017c 98d8      	CBI  0x1B,0
00017d c03a      	RJMP _0x2020001
                 ; .FEND
                 _lcd_puts:
                 ; .FSTART _lcd_puts
00017e 93ba      	ST   -Y,R27
00017f 93aa      	ST   -Y,R26
000180 931a      	ST   -Y,R17
                 _0x2000008:
000181 81a9      	LDD  R26,Y+1
000182 81ba      	LDD  R27,Y+1+1
000183 91ed      	LD   R30,X+
000184 83a9      	STD  Y+1,R26
000185 83ba      	STD  Y+1+1,R27
000186 2f1e      	MOV  R17,R30
000187 30e0      	CPI  R30,0
000188 f019      	BREQ _0x200000A
000189 2fa1      	MOV  R26,R17
00018a dfde      	RCALL _lcd_putchar
00018b cff5      	RJMP _0x2000008
                 _0x200000A:
00018c 8118      	LDD  R17,Y+0
00018d 9623      	ADIW R28,3
00018e 9508      	RET
                 ; .FEND
                 _lcd_init:
                 ; .FSTART _lcd_init
00018f 93aa      	ST   -Y,R26
000190 b3ea      	IN   R30,0x1A
000191 6fe0      	ORI  R30,LOW(0xF0)
000192 bbea      	OUT  0x1A,R30
000193 9ad2      	SBI  0x1A,2
000194 9ad0      	SBI  0x1A,0
000195 9ad1      	SBI  0x1A,1
000196 98da      	CBI  0x1B,2
000197 98d8      	CBI  0x1B,0
000198 98d9      	CBI  0x1B,1
000199 8078      	LDD  R7,Y+0
00019a 81e8      	LD   R30,Y
00019b 58e0      	SUBI R30,-LOW(128)
                +
00019c 93e0 018f+STS __base_y_G100 + ( 2 ) , R30
                 	__PUTB1MN __base_y_G100,2
00019e 81e8      	LD   R30,Y
00019f 54e0      	SUBI R30,-LOW(192)
                +
0001a0 93e0 0190+STS __base_y_G100 + ( 3 ) , R30
                 	__PUTB1MN __base_y_G100,3
0001a2 e1a4      	LDI  R26,LOW(20)
0001a3 e0b0      	LDI  R27,0
0001a4 940e 01d2 	CALL _delay_ms
0001a6 d024      	RCALL SUBOPT_0x3
0001a7 d023      	RCALL SUBOPT_0x3
0001a8 d022      	RCALL SUBOPT_0x3
0001a9 e2a0      	LDI  R26,LOW(32)
0001aa df87      	RCALL __lcd_write_nibble_G100
                +
0001ab ec88     +LDI R24 , LOW ( 200 )
0001ac e090     +LDI R25 , HIGH ( 200 )
                +__DELAY_USW_LOOP :
0001ad 9701     +SBIW R24 , 1
0001ae f7f1     +BRNE __DELAY_USW_LOOP
                 	__DELAY_USW 200
0001af e2a8      	LDI  R26,LOW(40)
0001b0 df95      	RCALL __lcd_write_data
0001b1 e0a4      	LDI  R26,LOW(4)
0001b2 df93      	RCALL __lcd_write_data
0001b3 e8a5      	LDI  R26,LOW(133)
0001b4 df91      	RCALL __lcd_write_data
0001b5 e0a6      	LDI  R26,LOW(6)
0001b6 df8f      	RCALL __lcd_write_data
0001b7 dfa7      	RCALL _lcd_clear
                 _0x2020001:
0001b8 9621      	ADIW R28,1
0001b9 9508      	RET
                 ; .FEND
                 
                 	.DSEG
                 _keypad:
00017d           	.BYTE 0x10
                 __base_y_G100:
00018d           	.BYTE 0x4
                 
                 	.CSEG
                 ;OPTIMIZER ADDED SUBROUTINE, CALLED 2 TIMES, CODE SIZE REDUCTION:3 WORDS
                 SUBOPT_0x0:
0001ba dfc3      	RCALL _lcd_puts
0001bb eea8      	LDI  R26,LOW(1000)
0001bc e0b3      	LDI  R27,HIGH(1000)
0001bd 940e 01d2 	CALL _delay_ms
0001bf cf9f      	RJMP _lcd_clear
                 
                 ;OPTIMIZER ADDED SUBROUTINE, CALLED 3 TIMES, CODE SIZE REDUCTION:3 WORDS
                 SUBOPT_0x1:
0001c0 e0aa      	LDI  R26,LOW(10)
0001c1 e0b0      	LDI  R27,0
0001c2 940e 01d2 	CALL _delay_ms
0001c4 98c4      	CBI  0x18,4
0001c5 9508      	RET
                 
                 ;OPTIMIZER ADDED SUBROUTINE, CALLED 2 TIMES, CODE SIZE REDUCTION:1 WORDS
                 SUBOPT_0x2:
0001c6 df7f      	RCALL __lcd_write_data
0001c7 e0a3      	LDI  R26,LOW(3)
0001c8 e0b0      	LDI  R27,0
0001c9 940c 01d2 	JMP  _delay_ms
                 
                 ;OPTIMIZER ADDED SUBROUTINE, CALLED 3 TIMES, CODE SIZE REDUCTION:7 WORDS
                 SUBOPT_0x3:
0001cb e3a0      	LDI  R26,LOW(48)
0001cc df65      	RCALL __lcd_write_nibble_G100
                +
0001cd ec88     +LDI R24 , LOW ( 200 )
0001ce e090     +LDI R25 , HIGH ( 200 )
                +__DELAY_USW_LOOP :
0001cf 9701     +SBIW R24 , 1
0001d0 f7f1     +BRNE __DELAY_USW_LOOP
                 	__DELAY_USW 200
0001d1 9508      	RET
                 
                 
                 	.CSEG
                 _delay_ms:
0001d2 9610      	adiw r26,0
0001d3 f039      	breq __delay_ms1
                 __delay_ms0:
                +
0001d4 ed80     +LDI R24 , LOW ( 0x7D0 )
0001d5 e097     +LDI R25 , HIGH ( 0x7D0 )
                +__DELAY_USW_LOOP :
0001d6 9701     +SBIW R24 , 1
0001d7 f7f1     +BRNE __DELAY_USW_LOOP
                 	__DELAY_USW 0x7D0
0001d8 95a8      	wdr
0001d9 9711      	sbiw r26,1
0001da f7c9      	brne __delay_ms0
                 __delay_ms1:
0001db 9508      	ret
                 
                 ;END OF CODE MARKER
                 __END_OF_CODE:


RESOURCE USE INFORMATION
------------------------

Notice:
The register and instruction counts are symbol table hit counts,
and hence implicitly used resources are not counted, eg, the
'lpm' instruction without operands implicitly uses r0 and z,
none of which are counted.

x,y,z are separate entities in the symbol table and are
counted separately from r26..r31 here.

.dseg memory usage only counts static data declared with .byte

ATmega16 register use summary:
r0 :   4 r1 :   1 r2 :   0 r3 :   0 r4 :   4 r5 :   4 r6 :   0 r7 :   2 
r8 :   0 r9 :   0 r10:   0 r11:   0 r12:   0 r13:   0 r14:   0 r15:   0 
r16:  22 r17:  26 r18:   0 r19:   0 r20:   0 r21:   0 r22:   2 r23:   0 
r24:  21 r25:   5 r26:  47 r27:  15 r28:   4 r29:   1 r30:  88 r31:   7 
x  :   5 y  :  33 z  :   8 
Registers used: 19 out of 35 (54.3%)

ATmega16 instruction use summary:
.lds  :   0 .lds.l:   0 .sts  :   0 .sts.l:   0 adc   :   1 add   :   2 
adiw  :   4 and   :   0 andi  :   2 asr   :   0 bclr  :   0 bld   :   0 
brbc  :   0 brbs  :   0 brcc  :   0 brcs  :   0 break :   0 breq  :   4 
brge  :   0 brhc  :   0 brhs  :   0 brid  :   0 brie  :   0 brlo  :   1 
brlt  :   0 brmi  :   0 brne  :  13 brpl  :   0 brsh  :   0 brtc  :   0 
brts  :   0 brvc  :   0 brvs  :   0 bset  :   0 bst   :   0 call  :   7 
cbi   :  15 cbr   :   0 clc   :   0 clh   :   0 cli   :   1 cln   :   0 
clr   :   2 cls   :   0 clt   :   0 clv   :   0 clz   :   0 com   :   0 
cp    :   2 cpc   :   1 cpi   :   3 cpse  :   0 dec   :   5 des   :   0 
eor   :   0 fmul  :   0 fmuls :   0 fmulsu:   0 icall :   0 ijmp  :   0 
in    :   2 inc   :   2 jmp   :  23 ld    :  15 ldd   :   7 ldi   :  96 
lds   :   0 lpm   :   7 lsl   :   0 lsr   :   0 mov   :   6 movw  :   3 
mul   :   0 muls  :   0 mulsu :   0 neg   :   0 nop   :   0 or    :   1 
ori   :   1 out   :  44 pop   :   0 push  :   0 rcall :  29 ret   :   9 
reti  :   0 rjmp  :  42 rol   :   0 ror   :   0 sbc   :   0 sbci  :   1 
sbi   :   9 sbic  :   0 sbis  :  16 sbiw  :   7 sbr   :   0 sbrc  :   0 
sbrs  :   0 sec   :   0 seh   :   0 sei   :   0 sen   :   0 ser   :   0 
ses   :   0 set   :   0 sev   :   0 sez   :   0 sleep :   0 spm   :   0 
st    :  15 std   :   2 sts   :   2 sub   :   0 subi  :   3 swap  :   1 
tst   :   0 wdr   :   1 
Instructions used: 40 out of 116 (34.5%)

ATmega16 memory use summary [bytes]:
Segment   Begin    End      Code   Data   Used    Size   Use%
---------------------------------------------------------------
[.cseg] 0x000000 0x0003b8    878     74    952   16384   5.8%
[.dseg] 0x000060 0x000191      0     49     49    1024   4.8%
[.eseg] 0x000000 0x000000      0      0      0     512   0.0%

Assembly complete, 0 errors, 4 warnings
