
AVRASM ver. 2.1.30  C:\users\farkoo\My Documents\az micro\3\2\Debug\List\Lab3_Qst_2.asm Mon Mar 15 20:49:08 2021

C:\users\farkoo\My Documents\az micro\3\2\Debug\List\Lab3_Qst_2.asm(1088): warning: Register r5 already defined by the .DEF directive
C:\users\farkoo\My Documents\az micro\3\2\Debug\List\Lab3_Qst_2.asm(1089): warning: Register r4 already defined by the .DEF directive
C:\users\farkoo\My Documents\az micro\3\2\Debug\List\Lab3_Qst_2.asm(1090): warning: Register r7 already defined by the .DEF directive
                 
                 
                 ;CodeVisionAVR C Compiler V3.12 Advanced
                 ;(C) Copyright 1998-2014 Pavel Haiduc, HP InfoTech s.r.l.
                 ;http://www.hpinfotech.com
                 
                 ;Build configuration    : Debug
                 ;Chip type              : ATmega16A
                 ;Program type           : Application
                 ;Clock frequency        : 8.000000 MHz
                 ;Memory model           : Small
                 ;Optimize for           : Size
                 ;(s)printf features     : int, width
                 ;(s)scanf features      : int, width
                 ;External RAM size      : 0
                 ;Data Stack size        : 256 byte(s)
                 ;Heap size              : 0 byte(s)
                 ;Promote 'char' to 'int': Yes
                 ;'char' is unsigned     : Yes
                 ;8 bit enums            : Yes
                 ;Global 'const' stored in FLASH: Yes
                 ;Enhanced function parameter passing: Yes
                 ;Enhanced core instructions: On
                 ;Automatic register allocation for global variables: On
                 ;Smart register allocation: On
                 
                 	#define _MODEL_SMALL_
                 
                 	#pragma AVRPART ADMIN PART_NAME ATmega16A
                 	#pragma AVRPART MEMORY PROG_FLASH 16384
                 	#pragma AVRPART MEMORY EEPROM 512
                 	#pragma AVRPART MEMORY INT_SRAM SIZE 1024
                 	#pragma AVRPART MEMORY INT_SRAM START_ADDR 0x60
                 
                 	#define CALL_SUPPORTED 1
                 
                 	.LISTMAC
                 	.EQU UDRE=0x5
                 	.EQU RXC=0x7
                 	.EQU USR=0xB
                 	.EQU UDR=0xC
                 	.EQU SPSR=0xE
                 	.EQU SPDR=0xF
                 	.EQU EERE=0x0
                 	.EQU EEWE=0x1
                 	.EQU EEMWE=0x2
                 	.EQU EECR=0x1C
                 	.EQU EEDR=0x1D
                 	.EQU EEARL=0x1E
                 	.EQU EEARH=0x1F
                 	.EQU WDTCR=0x21
                 	.EQU MCUCR=0x35
                 	.EQU GICR=0x3B
                 	.EQU SPL=0x3D
                 	.EQU SPH=0x3E
                 	.EQU SREG=0x3F
                 
                 	.DEF R0X0=R0
                 	.DEF R0X1=R1
                 	.DEF R0X2=R2
                 	.DEF R0X3=R3
                 	.DEF R0X4=R4
                 	.DEF R0X5=R5
                 	.DEF R0X6=R6
                 	.DEF R0X7=R7
                 	.DEF R0X8=R8
                 	.DEF R0X9=R9
                 	.DEF R0XA=R10
                 	.DEF R0XB=R11
                 	.DEF R0XC=R12
                 	.DEF R0XD=R13
                 	.DEF R0XE=R14
                 	.DEF R0XF=R15
                 	.DEF R0X10=R16
                 	.DEF R0X11=R17
                 	.DEF R0X12=R18
                 	.DEF R0X13=R19
                 	.DEF R0X14=R20
                 	.DEF R0X15=R21
                 	.DEF R0X16=R22
                 	.DEF R0X17=R23
                 	.DEF R0X18=R24
                 	.DEF R0X19=R25
                 	.DEF R0X1A=R26
                 	.DEF R0X1B=R27
                 	.DEF R0X1C=R28
                 	.DEF R0X1D=R29
                 	.DEF R0X1E=R30
                 	.DEF R0X1F=R31
                 
                 	.EQU __SRAM_START=0x0060
                 	.EQU __SRAM_END=0x045F
                 	.EQU __DSTACK_SIZE=0x0100
                 	.EQU __HEAP_SIZE=0x0000
                 	.EQU __CLEAR_SRAM_SIZE=__SRAM_END-__SRAM_START+1
                 
                 	.MACRO __CPD1N
                 	CPI  R30,LOW(@0)
                 	LDI  R26,HIGH(@0)
                 	CPC  R31,R26
                 	LDI  R26,BYTE3(@0)
                 	CPC  R22,R26
                 	LDI  R26,BYTE4(@0)
                 	CPC  R23,R26
                 	.ENDM
                 
                 	.MACRO __CPD2N
                 	CPI  R26,LOW(@0)
                 	LDI  R30,HIGH(@0)
                 	CPC  R27,R30
                 	LDI  R30,BYTE3(@0)
                 	CPC  R24,R30
                 	LDI  R30,BYTE4(@0)
                 	CPC  R25,R30
                 	.ENDM
                 
                 	.MACRO __CPWRR
                 	CP   R@0,R@2
                 	CPC  R@1,R@3
                 	.ENDM
                 
                 	.MACRO __CPWRN
                 	CPI  R@0,LOW(@2)
                 	LDI  R30,HIGH(@2)
                 	CPC  R@1,R30
                 	.ENDM
                 
                 	.MACRO __ADDB1MN
                 	SUBI R30,LOW(-@0-(@1))
                 	.ENDM
                 
                 	.MACRO __ADDB2MN
                 	SUBI R26,LOW(-@0-(@1))
                 	.ENDM
                 
                 	.MACRO __ADDW1MN
                 	SUBI R30,LOW(-@0-(@1))
                 	SBCI R31,HIGH(-@0-(@1))
                 	.ENDM
                 
                 	.MACRO __ADDW2MN
                 	SUBI R26,LOW(-@0-(@1))
                 	SBCI R27,HIGH(-@0-(@1))
                 	.ENDM
                 
                 	.MACRO __ADDW1FN
                 	SUBI R30,LOW(-2*@0-(@1))
                 	SBCI R31,HIGH(-2*@0-(@1))
                 	.ENDM
                 
                 	.MACRO __ADDD1FN
                 	SUBI R30,LOW(-2*@0-(@1))
                 	SBCI R31,HIGH(-2*@0-(@1))
                 	SBCI R22,BYTE3(-2*@0-(@1))
                 	.ENDM
                 
                 	.MACRO __ADDD1N
                 	SUBI R30,LOW(-@0)
                 	SBCI R31,HIGH(-@0)
                 	SBCI R22,BYTE3(-@0)
                 	SBCI R23,BYTE4(-@0)
                 	.ENDM
                 
                 	.MACRO __ADDD2N
                 	SUBI R26,LOW(-@0)
                 	SBCI R27,HIGH(-@0)
                 	SBCI R24,BYTE3(-@0)
                 	SBCI R25,BYTE4(-@0)
                 	.ENDM
                 
                 	.MACRO __SUBD1N
                 	SUBI R30,LOW(@0)
                 	SBCI R31,HIGH(@0)
                 	SBCI R22,BYTE3(@0)
                 	SBCI R23,BYTE4(@0)
                 	.ENDM
                 
                 	.MACRO __SUBD2N
                 	SUBI R26,LOW(@0)
                 	SBCI R27,HIGH(@0)
                 	SBCI R24,BYTE3(@0)
                 	SBCI R25,BYTE4(@0)
                 	.ENDM
                 
                 	.MACRO __ANDBMNN
                 	LDS  R30,@0+(@1)
                 	ANDI R30,LOW(@2)
                 	STS  @0+(@1),R30
                 	.ENDM
                 
                 	.MACRO __ANDWMNN
                 	LDS  R30,@0+(@1)
                 	ANDI R30,LOW(@2)
                 	STS  @0+(@1),R30
                 	LDS  R30,@0+(@1)+1
                 	ANDI R30,HIGH(@2)
                 	STS  @0+(@1)+1,R30
                 	.ENDM
                 
                 	.MACRO __ANDD1N
                 	ANDI R30,LOW(@0)
                 	ANDI R31,HIGH(@0)
                 	ANDI R22,BYTE3(@0)
                 	ANDI R23,BYTE4(@0)
                 	.ENDM
                 
                 	.MACRO __ANDD2N
                 	ANDI R26,LOW(@0)
                 	ANDI R27,HIGH(@0)
                 	ANDI R24,BYTE3(@0)
                 	ANDI R25,BYTE4(@0)
                 	.ENDM
                 
                 	.MACRO __ORBMNN
                 	LDS  R30,@0+(@1)
                 	ORI  R30,LOW(@2)
                 	STS  @0+(@1),R30
                 	.ENDM
                 
                 	.MACRO __ORWMNN
                 	LDS  R30,@0+(@1)
                 	ORI  R30,LOW(@2)
                 	STS  @0+(@1),R30
                 	LDS  R30,@0+(@1)+1
                 	ORI  R30,HIGH(@2)
                 	STS  @0+(@1)+1,R30
                 	.ENDM
                 
                 	.MACRO __ORD1N
                 	ORI  R30,LOW(@0)
                 	ORI  R31,HIGH(@0)
                 	ORI  R22,BYTE3(@0)
                 	ORI  R23,BYTE4(@0)
                 	.ENDM
                 
                 	.MACRO __ORD2N
                 	ORI  R26,LOW(@0)
                 	ORI  R27,HIGH(@0)
                 	ORI  R24,BYTE3(@0)
                 	ORI  R25,BYTE4(@0)
                 	.ENDM
                 
                 	.MACRO __DELAY_USB
                 	LDI  R24,LOW(@0)
                 __DELAY_USB_LOOP:
                 	DEC  R24
                 	BRNE __DELAY_USB_LOOP
                 	.ENDM
                 
                 	.MACRO __DELAY_USW
                 	LDI  R24,LOW(@0)
                 	LDI  R25,HIGH(@0)
                 __DELAY_USW_LOOP:
                 	SBIW R24,1
                 	BRNE __DELAY_USW_LOOP
                 	.ENDM
                 
                 	.MACRO __GETD1S
                 	LDD  R30,Y+@0
                 	LDD  R31,Y+@0+1
                 	LDD  R22,Y+@0+2
                 	LDD  R23,Y+@0+3
                 	.ENDM
                 
                 	.MACRO __GETD2S
                 	LDD  R26,Y+@0
                 	LDD  R27,Y+@0+1
                 	LDD  R24,Y+@0+2
                 	LDD  R25,Y+@0+3
                 	.ENDM
                 
                 	.MACRO __PUTD1S
                 	STD  Y+@0,R30
                 	STD  Y+@0+1,R31
                 	STD  Y+@0+2,R22
                 	STD  Y+@0+3,R23
                 	.ENDM
                 
                 	.MACRO __PUTD2S
                 	STD  Y+@0,R26
                 	STD  Y+@0+1,R27
                 	STD  Y+@0+2,R24
                 	STD  Y+@0+3,R25
                 	.ENDM
                 
                 	.MACRO __PUTDZ2
                 	STD  Z+@0,R26
                 	STD  Z+@0+1,R27
                 	STD  Z+@0+2,R24
                 	STD  Z+@0+3,R25
                 	.ENDM
                 
                 	.MACRO __CLRD1S
                 	STD  Y+@0,R30
                 	STD  Y+@0+1,R30
                 	STD  Y+@0+2,R30
                 	STD  Y+@0+3,R30
                 	.ENDM
                 
                 	.MACRO __POINTB1MN
                 	LDI  R30,LOW(@0+(@1))
                 	.ENDM
                 
                 	.MACRO __POINTW1MN
                 	LDI  R30,LOW(@0+(@1))
                 	LDI  R31,HIGH(@0+(@1))
                 	.ENDM
                 
                 	.MACRO __POINTD1M
                 	LDI  R30,LOW(@0)
                 	LDI  R31,HIGH(@0)
                 	LDI  R22,BYTE3(@0)
                 	LDI  R23,BYTE4(@0)
                 	.ENDM
                 
                 	.MACRO __POINTW1FN
                 	LDI  R30,LOW(2*@0+(@1))
                 	LDI  R31,HIGH(2*@0+(@1))
                 	.ENDM
                 
                 	.MACRO __POINTD1FN
                 	LDI  R30,LOW(2*@0+(@1))
                 	LDI  R31,HIGH(2*@0+(@1))
                 	LDI  R22,BYTE3(2*@0+(@1))
                 	LDI  R23,BYTE4(2*@0+(@1))
                 	.ENDM
                 
                 	.MACRO __POINTB2MN
                 	LDI  R26,LOW(@0+(@1))
                 	.ENDM
                 
                 	.MACRO __POINTW2MN
                 	LDI  R26,LOW(@0+(@1))
                 	LDI  R27,HIGH(@0+(@1))
                 	.ENDM
                 
                 	.MACRO __POINTW2FN
                 	LDI  R26,LOW(2*@0+(@1))
                 	LDI  R27,HIGH(2*@0+(@1))
                 	.ENDM
                 
                 	.MACRO __POINTD2FN
                 	LDI  R26,LOW(2*@0+(@1))
                 	LDI  R27,HIGH(2*@0+(@1))
                 	LDI  R24,BYTE3(2*@0+(@1))
                 	LDI  R25,BYTE4(2*@0+(@1))
                 	.ENDM
                 
                 	.MACRO __POINTBRM
                 	LDI  R@0,LOW(@1)
                 	.ENDM
                 
                 	.MACRO __POINTWRM
                 	LDI  R@0,LOW(@2)
                 	LDI  R@1,HIGH(@2)
                 	.ENDM
                 
                 	.MACRO __POINTBRMN
                 	LDI  R@0,LOW(@1+(@2))
                 	.ENDM
                 
                 	.MACRO __POINTWRMN
                 	LDI  R@0,LOW(@2+(@3))
                 	LDI  R@1,HIGH(@2+(@3))
                 	.ENDM
                 
                 	.MACRO __POINTWRFN
                 	LDI  R@0,LOW(@2*2+(@3))
                 	LDI  R@1,HIGH(@2*2+(@3))
                 	.ENDM
                 
                 	.MACRO __GETD1N
                 	LDI  R30,LOW(@0)
                 	LDI  R31,HIGH(@0)
                 	LDI  R22,BYTE3(@0)
                 	LDI  R23,BYTE4(@0)
                 	.ENDM
                 
                 	.MACRO __GETD2N
                 	LDI  R26,LOW(@0)
                 	LDI  R27,HIGH(@0)
                 	LDI  R24,BYTE3(@0)
                 	LDI  R25,BYTE4(@0)
                 	.ENDM
                 
                 	.MACRO __GETB1MN
                 	LDS  R30,@0+(@1)
                 	.ENDM
                 
                 	.MACRO __GETB1HMN
                 	LDS  R31,@0+(@1)
                 	.ENDM
                 
                 	.MACRO __GETW1MN
                 	LDS  R30,@0+(@1)
                 	LDS  R31,@0+(@1)+1
                 	.ENDM
                 
                 	.MACRO __GETD1MN
                 	LDS  R30,@0+(@1)
                 	LDS  R31,@0+(@1)+1
                 	LDS  R22,@0+(@1)+2
                 	LDS  R23,@0+(@1)+3
                 	.ENDM
                 
                 	.MACRO __GETBRMN
                 	LDS  R@0,@1+(@2)
                 	.ENDM
                 
                 	.MACRO __GETWRMN
                 	LDS  R@0,@2+(@3)
                 	LDS  R@1,@2+(@3)+1
                 	.ENDM
                 
                 	.MACRO __GETWRZ
                 	LDD  R@0,Z+@2
                 	LDD  R@1,Z+@2+1
                 	.ENDM
                 
                 	.MACRO __GETD2Z
                 	LDD  R26,Z+@0
                 	LDD  R27,Z+@0+1
                 	LDD  R24,Z+@0+2
                 	LDD  R25,Z+@0+3
                 	.ENDM
                 
                 	.MACRO __GETB2MN
                 	LDS  R26,@0+(@1)
                 	.ENDM
                 
                 	.MACRO __GETW2MN
                 	LDS  R26,@0+(@1)
                 	LDS  R27,@0+(@1)+1
                 	.ENDM
                 
                 	.MACRO __GETD2MN
                 	LDS  R26,@0+(@1)
                 	LDS  R27,@0+(@1)+1
                 	LDS  R24,@0+(@1)+2
                 	LDS  R25,@0+(@1)+3
                 	.ENDM
                 
                 	.MACRO __PUTB1MN
                 	STS  @0+(@1),R30
                 	.ENDM
                 
                 	.MACRO __PUTW1MN
                 	STS  @0+(@1),R30
                 	STS  @0+(@1)+1,R31
                 	.ENDM
                 
                 	.MACRO __PUTD1MN
                 	STS  @0+(@1),R30
                 	STS  @0+(@1)+1,R31
                 	STS  @0+(@1)+2,R22
                 	STS  @0+(@1)+3,R23
                 	.ENDM
                 
                 	.MACRO __PUTB1EN
                 	LDI  R26,LOW(@0+(@1))
                 	LDI  R27,HIGH(@0+(@1))
                 	CALL __EEPROMWRB
                 	.ENDM
                 
                 	.MACRO __PUTW1EN
                 	LDI  R26,LOW(@0+(@1))
                 	LDI  R27,HIGH(@0+(@1))
                 	CALL __EEPROMWRW
                 	.ENDM
                 
                 	.MACRO __PUTD1EN
                 	LDI  R26,LOW(@0+(@1))
                 	LDI  R27,HIGH(@0+(@1))
                 	CALL __EEPROMWRD
                 	.ENDM
                 
                 	.MACRO __PUTBR0MN
                 	STS  @0+(@1),R0
                 	.ENDM
                 
                 	.MACRO __PUTBMRN
                 	STS  @0+(@1),R@2
                 	.ENDM
                 
                 	.MACRO __PUTWMRN
                 	STS  @0+(@1),R@2
                 	STS  @0+(@1)+1,R@3
                 	.ENDM
                 
                 	.MACRO __PUTBZR
                 	STD  Z+@1,R@0
                 	.ENDM
                 
                 	.MACRO __PUTWZR
                 	STD  Z+@2,R@0
                 	STD  Z+@2+1,R@1
                 	.ENDM
                 
                 	.MACRO __GETW1R
                 	MOV  R30,R@0
                 	MOV  R31,R@1
                 	.ENDM
                 
                 	.MACRO __GETW2R
                 	MOV  R26,R@0
                 	MOV  R27,R@1
                 	.ENDM
                 
                 	.MACRO __GETWRN
                 	LDI  R@0,LOW(@2)
                 	LDI  R@1,HIGH(@2)
                 	.ENDM
                 
                 	.MACRO __PUTW1R
                 	MOV  R@0,R30
                 	MOV  R@1,R31
                 	.ENDM
                 
                 	.MACRO __PUTW2R
                 	MOV  R@0,R26
                 	MOV  R@1,R27
                 	.ENDM
                 
                 	.MACRO __ADDWRN
                 	SUBI R@0,LOW(-@2)
                 	SBCI R@1,HIGH(-@2)
                 	.ENDM
                 
                 	.MACRO __ADDWRR
                 	ADD  R@0,R@2
                 	ADC  R@1,R@3
                 	.ENDM
                 
                 	.MACRO __SUBWRN
                 	SUBI R@0,LOW(@2)
                 	SBCI R@1,HIGH(@2)
                 	.ENDM
                 
                 	.MACRO __SUBWRR
                 	SUB  R@0,R@2
                 	SBC  R@1,R@3
                 	.ENDM
                 
                 	.MACRO __ANDWRN
                 	ANDI R@0,LOW(@2)
                 	ANDI R@1,HIGH(@2)
                 	.ENDM
                 
                 	.MACRO __ANDWRR
                 	AND  R@0,R@2
                 	AND  R@1,R@3
                 	.ENDM
                 
                 	.MACRO __ORWRN
                 	ORI  R@0,LOW(@2)
                 	ORI  R@1,HIGH(@2)
                 	.ENDM
                 
                 	.MACRO __ORWRR
                 	OR   R@0,R@2
                 	OR   R@1,R@3
                 	.ENDM
                 
                 	.MACRO __EORWRR
                 	EOR  R@0,R@2
                 	EOR  R@1,R@3
                 	.ENDM
                 
                 	.MACRO __GETWRS
                 	LDD  R@0,Y+@2
                 	LDD  R@1,Y+@2+1
                 	.ENDM
                 
                 	.MACRO __PUTBSR
                 	STD  Y+@1,R@0
                 	.ENDM
                 
                 	.MACRO __PUTWSR
                 	STD  Y+@2,R@0
                 	STD  Y+@2+1,R@1
                 	.ENDM
                 
                 	.MACRO __MOVEWRR
                 	MOV  R@0,R@2
                 	MOV  R@1,R@3
                 	.ENDM
                 
                 	.MACRO __INWR
                 	IN   R@0,@2
                 	IN   R@1,@2+1
                 	.ENDM
                 
                 	.MACRO __OUTWR
                 	OUT  @2+1,R@1
                 	OUT  @2,R@0
                 	.ENDM
                 
                 	.MACRO __CALL1MN
                 	LDS  R30,@0+(@1)
                 	LDS  R31,@0+(@1)+1
                 	ICALL
                 	.ENDM
                 
                 	.MACRO __CALL1FN
                 	LDI  R30,LOW(2*@0+(@1))
                 	LDI  R31,HIGH(2*@0+(@1))
                 	CALL __GETW1PF
                 	ICALL
                 	.ENDM
                 
                 	.MACRO __CALL2EN
                 	PUSH R26
                 	PUSH R27
                 	LDI  R26,LOW(@0+(@1))
                 	LDI  R27,HIGH(@0+(@1))
                 	CALL __EEPROMRDW
                 	POP  R27
                 	POP  R26
                 	ICALL
                 	.ENDM
                 
                 	.MACRO __CALL2EX
                 	SUBI R26,LOW(-@0)
                 	SBCI R27,HIGH(-@0)
                 	CALL __EEPROMRDD
                 	ICALL
                 	.ENDM
                 
                 	.MACRO __GETW1STACK
                 	IN   R30,SPL
                 	IN   R31,SPH
                 	ADIW R30,@0+1
                 	LD   R0,Z+
                 	LD   R31,Z
                 	MOV  R30,R0
                 	.ENDM
                 
                 	.MACRO __GETD1STACK
                 	IN   R30,SPL
                 	IN   R31,SPH
                 	ADIW R30,@0+1
                 	LD   R0,Z+
                 	LD   R1,Z+
                 	LD   R22,Z
                 	MOVW R30,R0
                 	.ENDM
                 
                 	.MACRO __NBST
                 	BST  R@0,@1
                 	IN   R30,SREG
                 	LDI  R31,0x40
                 	EOR  R30,R31
                 	OUT  SREG,R30
                 	.ENDM
                 
                 
                 	.MACRO __PUTB1SN
                 	LDD  R26,Y+@0
                 	LDD  R27,Y+@0+1
                 	SUBI R26,LOW(-@1)
                 	SBCI R27,HIGH(-@1)
                 	ST   X,R30
                 	.ENDM
                 
                 	.MACRO __PUTW1SN
                 	LDD  R26,Y+@0
                 	LDD  R27,Y+@0+1
                 	SUBI R26,LOW(-@1)
                 	SBCI R27,HIGH(-@1)
                 	ST   X+,R30
                 	ST   X,R31
                 	.ENDM
                 
                 	.MACRO __PUTD1SN
                 	LDD  R26,Y+@0
                 	LDD  R27,Y+@0+1
                 	SUBI R26,LOW(-@1)
                 	SBCI R27,HIGH(-@1)
                 	CALL __PUTDP1
                 	.ENDM
                 
                 	.MACRO __PUTB1SNS
                 	LDD  R26,Y+@0
                 	LDD  R27,Y+@0+1
                 	ADIW R26,@1
                 	ST   X,R30
                 	.ENDM
                 
                 	.MACRO __PUTW1SNS
                 	LDD  R26,Y+@0
                 	LDD  R27,Y+@0+1
                 	ADIW R26,@1
                 	ST   X+,R30
                 	ST   X,R31
                 	.ENDM
                 
                 	.MACRO __PUTD1SNS
                 	LDD  R26,Y+@0
                 	LDD  R27,Y+@0+1
                 	ADIW R26,@1
                 	CALL __PUTDP1
                 	.ENDM
                 
                 	.MACRO __PUTB1PMN
                 	LDS  R26,@0
                 	LDS  R27,@0+1
                 	SUBI R26,LOW(-@1)
                 	SBCI R27,HIGH(-@1)
                 	ST   X,R30
                 	.ENDM
                 
                 	.MACRO __PUTW1PMN
                 	LDS  R26,@0
                 	LDS  R27,@0+1
                 	SUBI R26,LOW(-@1)
                 	SBCI R27,HIGH(-@1)
                 	ST   X+,R30
                 	ST   X,R31
                 	.ENDM
                 
                 	.MACRO __PUTD1PMN
                 	LDS  R26,@0
                 	LDS  R27,@0+1
                 	SUBI R26,LOW(-@1)
                 	SBCI R27,HIGH(-@1)
                 	CALL __PUTDP1
                 	.ENDM
                 
                 	.MACRO __PUTB1PMNS
                 	LDS  R26,@0
                 	LDS  R27,@0+1
                 	ADIW R26,@1
                 	ST   X,R30
                 	.ENDM
                 
                 	.MACRO __PUTW1PMNS
                 	LDS  R26,@0
                 	LDS  R27,@0+1
                 	ADIW R26,@1
                 	ST   X+,R30
                 	ST   X,R31
                 	.ENDM
                 
                 	.MACRO __PUTD1PMNS
                 	LDS  R26,@0
                 	LDS  R27,@0+1
                 	ADIW R26,@1
                 	CALL __PUTDP1
                 	.ENDM
                 
                 	.MACRO __PUTB1RN
                 	MOVW R26,R@0
                 	SUBI R26,LOW(-@1)
                 	SBCI R27,HIGH(-@1)
                 	ST   X,R30
                 	.ENDM
                 
                 	.MACRO __PUTW1RN
                 	MOVW R26,R@0
                 	SUBI R26,LOW(-@1)
                 	SBCI R27,HIGH(-@1)
                 	ST   X+,R30
                 	ST   X,R31
                 	.ENDM
                 
                 	.MACRO __PUTD1RN
                 	MOVW R26,R@0
                 	SUBI R26,LOW(-@1)
                 	SBCI R27,HIGH(-@1)
                 	CALL __PUTDP1
                 	.ENDM
                 
                 	.MACRO __PUTB1RNS
                 	MOVW R26,R@0
                 	ADIW R26,@1
                 	ST   X,R30
                 	.ENDM
                 
                 	.MACRO __PUTW1RNS
                 	MOVW R26,R@0
                 	ADIW R26,@1
                 	ST   X+,R30
                 	ST   X,R31
                 	.ENDM
                 
                 	.MACRO __PUTD1RNS
                 	MOVW R26,R@0
                 	ADIW R26,@1
                 	CALL __PUTDP1
                 	.ENDM
                 
                 	.MACRO __PUTB1RON
                 	MOV  R26,R@0
                 	MOV  R27,R@1
                 	SUBI R26,LOW(-@2)
                 	SBCI R27,HIGH(-@2)
                 	ST   X,R30
                 	.ENDM
                 
                 	.MACRO __PUTW1RON
                 	MOV  R26,R@0
                 	MOV  R27,R@1
                 	SUBI R26,LOW(-@2)
                 	SBCI R27,HIGH(-@2)
                 	ST   X+,R30
                 	ST   X,R31
                 	.ENDM
                 
                 	.MACRO __PUTD1RON
                 	MOV  R26,R@0
                 	MOV  R27,R@1
                 	SUBI R26,LOW(-@2)
                 	SBCI R27,HIGH(-@2)
                 	CALL __PUTDP1
                 	.ENDM
                 
                 	.MACRO __PUTB1RONS
                 	MOV  R26,R@0
                 	MOV  R27,R@1
                 	ADIW R26,@2
                 	ST   X,R30
                 	.ENDM
                 
                 	.MACRO __PUTW1RONS
                 	MOV  R26,R@0
                 	MOV  R27,R@1
                 	ADIW R26,@2
                 	ST   X+,R30
                 	ST   X,R31
                 	.ENDM
                 
                 	.MACRO __PUTD1RONS
                 	MOV  R26,R@0
                 	MOV  R27,R@1
                 	ADIW R26,@2
                 	CALL __PUTDP1
                 	.ENDM
                 
                 
                 	.MACRO __GETB1SX
                 	MOVW R30,R28
                 	SUBI R30,LOW(-@0)
                 	SBCI R31,HIGH(-@0)
                 	LD   R30,Z
                 	.ENDM
                 
                 	.MACRO __GETB1HSX
                 	MOVW R30,R28
                 	SUBI R30,LOW(-@0)
                 	SBCI R31,HIGH(-@0)
                 	LD   R31,Z
                 	.ENDM
                 
                 	.MACRO __GETW1SX
                 	MOVW R30,R28
                 	SUBI R30,LOW(-@0)
                 	SBCI R31,HIGH(-@0)
                 	LD   R0,Z+
                 	LD   R31,Z
                 	MOV  R30,R0
                 	.ENDM
                 
                 	.MACRO __GETD1SX
                 	MOVW R30,R28
                 	SUBI R30,LOW(-@0)
                 	SBCI R31,HIGH(-@0)
                 	LD   R0,Z+
                 	LD   R1,Z+
                 	LD   R22,Z+
                 	LD   R23,Z
                 	MOVW R30,R0
                 	.ENDM
                 
                 	.MACRO __GETB2SX
                 	MOVW R26,R28
                 	SUBI R26,LOW(-@0)
                 	SBCI R27,HIGH(-@0)
                 	LD   R26,X
                 	.ENDM
                 
                 	.MACRO __GETW2SX
                 	MOVW R26,R28
                 	SUBI R26,LOW(-@0)
                 	SBCI R27,HIGH(-@0)
                 	LD   R0,X+
                 	LD   R27,X
                 	MOV  R26,R0
                 	.ENDM
                 
                 	.MACRO __GETD2SX
                 	MOVW R26,R28
                 	SUBI R26,LOW(-@0)
                 	SBCI R27,HIGH(-@0)
                 	LD   R0,X+
                 	LD   R1,X+
                 	LD   R24,X+
                 	LD   R25,X
                 	MOVW R26,R0
                 	.ENDM
                 
                 	.MACRO __GETBRSX
                 	MOVW R30,R28
                 	SUBI R30,LOW(-@1)
                 	SBCI R31,HIGH(-@1)
                 	LD   R@0,Z
                 	.ENDM
                 
                 	.MACRO __GETWRSX
                 	MOVW R30,R28
                 	SUBI R30,LOW(-@2)
                 	SBCI R31,HIGH(-@2)
                 	LD   R@0,Z+
                 	LD   R@1,Z
                 	.ENDM
                 
                 	.MACRO __GETBRSX2
                 	MOVW R26,R28
                 	SUBI R26,LOW(-@1)
                 	SBCI R27,HIGH(-@1)
                 	LD   R@0,X
                 	.ENDM
                 
                 	.MACRO __GETWRSX2
                 	MOVW R26,R28
                 	SUBI R26,LOW(-@2)
                 	SBCI R27,HIGH(-@2)
                 	LD   R@0,X+
                 	LD   R@1,X
                 	.ENDM
                 
                 	.MACRO __LSLW8SX
                 	MOVW R30,R28
                 	SUBI R30,LOW(-@0)
                 	SBCI R31,HIGH(-@0)
                 	LD   R31,Z
                 	CLR  R30
                 	.ENDM
                 
                 	.MACRO __PUTB1SX
                 	MOVW R26,R28
                 	SUBI R26,LOW(-@0)
                 	SBCI R27,HIGH(-@0)
                 	ST   X,R30
                 	.ENDM
                 
                 	.MACRO __PUTW1SX
                 	MOVW R26,R28
                 	SUBI R26,LOW(-@0)
                 	SBCI R27,HIGH(-@0)
                 	ST   X+,R30
                 	ST   X,R31
                 	.ENDM
                 
                 	.MACRO __PUTD1SX
                 	MOVW R26,R28
                 	SUBI R26,LOW(-@0)
                 	SBCI R27,HIGH(-@0)
                 	ST   X+,R30
                 	ST   X+,R31
                 	ST   X+,R22
                 	ST   X,R23
                 	.ENDM
                 
                 	.MACRO __CLRW1SX
                 	MOVW R26,R28
                 	SUBI R26,LOW(-@0)
                 	SBCI R27,HIGH(-@0)
                 	ST   X+,R30
                 	ST   X,R30
                 	.ENDM
                 
                 	.MACRO __CLRD1SX
                 	MOVW R26,R28
                 	SUBI R26,LOW(-@0)
                 	SBCI R27,HIGH(-@0)
                 	ST   X+,R30
                 	ST   X+,R30
                 	ST   X+,R30
                 	ST   X,R30
                 	.ENDM
                 
                 	.MACRO __PUTB2SX
                 	MOVW R30,R28
                 	SUBI R30,LOW(-@0)
                 	SBCI R31,HIGH(-@0)
                 	ST   Z,R26
                 	.ENDM
                 
                 	.MACRO __PUTW2SX
                 	MOVW R30,R28
                 	SUBI R30,LOW(-@0)
                 	SBCI R31,HIGH(-@0)
                 	ST   Z+,R26
                 	ST   Z,R27
                 	.ENDM
                 
                 	.MACRO __PUTD2SX
                 	MOVW R30,R28
                 	SUBI R30,LOW(-@0)
                 	SBCI R31,HIGH(-@0)
                 	ST   Z+,R26
                 	ST   Z+,R27
                 	ST   Z+,R24
                 	ST   Z,R25
                 	.ENDM
                 
                 	.MACRO __PUTBSRX
                 	MOVW R30,R28
                 	SUBI R30,LOW(-@1)
                 	SBCI R31,HIGH(-@1)
                 	ST   Z,R@0
                 	.ENDM
                 
                 	.MACRO __PUTWSRX
                 	MOVW R30,R28
                 	SUBI R30,LOW(-@2)
                 	SBCI R31,HIGH(-@2)
                 	ST   Z+,R@0
                 	ST   Z,R@1
                 	.ENDM
                 
                 	.MACRO __PUTB1SNX
                 	MOVW R26,R28
                 	SUBI R26,LOW(-@0)
                 	SBCI R27,HIGH(-@0)
                 	LD   R0,X+
                 	LD   R27,X
                 	MOV  R26,R0
                 	SUBI R26,LOW(-@1)
                 	SBCI R27,HIGH(-@1)
                 	ST   X,R30
                 	.ENDM
                 
                 	.MACRO __PUTW1SNX
                 	MOVW R26,R28
                 	SUBI R26,LOW(-@0)
                 	SBCI R27,HIGH(-@0)
                 	LD   R0,X+
                 	LD   R27,X
                 	MOV  R26,R0
                 	SUBI R26,LOW(-@1)
                 	SBCI R27,HIGH(-@1)
                 	ST   X+,R30
                 	ST   X,R31
                 	.ENDM
                 
                 	.MACRO __PUTD1SNX
                 	MOVW R26,R28
                 	SUBI R26,LOW(-@0)
                 	SBCI R27,HIGH(-@0)
                 	LD   R0,X+
                 	LD   R27,X
                 	MOV  R26,R0
                 	SUBI R26,LOW(-@1)
                 	SBCI R27,HIGH(-@1)
                 	ST   X+,R30
                 	ST   X+,R31
                 	ST   X+,R22
                 	ST   X,R23
                 	.ENDM
                 
                 	.MACRO __MULBRR
                 	MULS R@0,R@1
                 	MOVW R30,R0
                 	.ENDM
                 
                 	.MACRO __MULBRRU
                 	MUL  R@0,R@1
                 	MOVW R30,R0
                 	.ENDM
                 
                 	.MACRO __MULBRR0
                 	MULS R@0,R@1
                 	.ENDM
                 
                 	.MACRO __MULBRRU0
                 	MUL  R@0,R@1
                 	.ENDM
                 
                 	.MACRO __MULBNWRU
                 	LDI  R26,@2
                 	MUL  R26,R@0
                 	MOVW R30,R0
                 	MUL  R26,R@1
                 	ADD  R31,R0
                 	.ENDM
                 
                 ;NAME DEFINITIONS FOR GLOBAL VARIABLES ALLOCATED TO REGISTERS
                 	.DEF __lcd_x=R5
                 	.DEF __lcd_y=R4
                 	.DEF __lcd_maxx=R7
                 
                 	.CSEG
                 	.ORG 0x00
                 
                 ;START OF CODE MARKER
                 __START_OF_CODE:
                 
                 ;INTERRUPT VECTORS
000000 940c 004c 	JMP  __RESET
000002 940c 0000 	JMP  0x00
000004 940c 0000 	JMP  0x00
000006 940c 0000 	JMP  0x00
000008 940c 0000 	JMP  0x00
00000a 940c 0000 	JMP  0x00
00000c 940c 0000 	JMP  0x00
00000e 940c 0000 	JMP  0x00
000010 940c 0000 	JMP  0x00
000012 940c 0000 	JMP  0x00
000014 940c 0000 	JMP  0x00
000016 940c 0000 	JMP  0x00
000018 940c 0000 	JMP  0x00
00001a 940c 0000 	JMP  0x00
00001c 940c 0000 	JMP  0x00
00001e 940c 0000 	JMP  0x00
000020 940c 0000 	JMP  0x00
000022 940c 0000 	JMP  0x00
000024 940c 0000 	JMP  0x00
000026 940c 0000 	JMP  0x00
000028 940c 0000 	JMP  0x00
                 
                 _0x20003:
00002a 6557
00002b 636c
00002c 6d6f
00002d 2065      	.DB  0x57,0x65,0x6C,0x63,0x6F,0x6D,0x65,0x20
00002e 6f74
00002f 7420
000030 6568
000031 6f20      	.DB  0x74,0x6F,0x20,0x74,0x68,0x65,0x20,0x6F
000032 6c6e
000033 6e69
000034 2065
000035 616c      	.DB  0x6E,0x6C,0x69,0x6E,0x65,0x20,0x6C,0x61
000036 2062
000037 6c63
000038 7361
000039 6573      	.DB  0x62,0x20,0x63,0x6C,0x61,0x73,0x73,0x65
00003a 2073
00003b 7564
00003c 2065
00003d 6f74      	.DB  0x73,0x20,0x64,0x75,0x65,0x20,0x74,0x6F
00003e 4320
00003f 726f
000040 6e6f
000041 2061      	.DB  0x20,0x43,0x6F,0x72,0x6F,0x6E,0x61,0x20
000042 6964
000043 6573
000044 7361
000045 2e65      	.DB  0x64,0x69,0x73,0x65,0x61,0x73,0x65,0x2E
C:\users\farkoo\My Documents\az micro\3\2\Debug\List\Lab3_Qst_2.asm(1129): warning: .cseg .db misalignment - padding zero byte
000046 0000      	.DB  0x0
                 _0x2000003:
000047 c080      	.DB  0x80,0xC0
                 
                 __GLOBAL_INI_TBL:
000048 0002      	.DW  0x02
000049 0160      	.DW  __base_y_G100
00004a 008e      	.DW  _0x2000003*2
                 
                 _0xFFFFFFFF:
00004b 0000      	.DW  0
                 
                 #define __GLOBAL_INI_TBL_PRESENT 1
                 
                 __RESET:
00004c 94f8      	CLI
00004d 27ee      	CLR  R30
00004e bbec      	OUT  EECR,R30
                 
                 ;INTERRUPT VECTORS ARE PLACED
                 ;AT THE START OF FLASH
00004f e0f1      	LDI  R31,1
000050 bffb      	OUT  GICR,R31
000051 bfeb      	OUT  GICR,R30
000052 bfe5      	OUT  MCUCR,R30
                 
                 ;CLEAR R2-R14
000053 e08d      	LDI  R24,(14-2)+1
000054 e0a2      	LDI  R26,2
000055 27bb      	CLR  R27
                 __CLEAR_REG:
000056 93ed      	ST   X+,R30
000057 958a      	DEC  R24
000058 f7e9      	BRNE __CLEAR_REG
                 
                 ;CLEAR SRAM
000059 e080      	LDI  R24,LOW(__CLEAR_SRAM_SIZE)
00005a e094      	LDI  R25,HIGH(__CLEAR_SRAM_SIZE)
00005b e6a0      	LDI  R26,__SRAM_START
                 __CLEAR_SRAM:
00005c 93ed      	ST   X+,R30
00005d 9701      	SBIW R24,1
00005e f7e9      	BRNE __CLEAR_SRAM
                 
                 ;GLOBAL VARIABLES INITIALIZATION
00005f e9e0      	LDI  R30,LOW(__GLOBAL_INI_TBL*2)
000060 e0f0      	LDI  R31,HIGH(__GLOBAL_INI_TBL*2)
                 __GLOBAL_INI_NEXT:
000061 9185      	LPM  R24,Z+
000062 9195      	LPM  R25,Z+
000063 9700      	SBIW R24,0
000064 f061      	BREQ __GLOBAL_INI_END
000065 91a5      	LPM  R26,Z+
000066 91b5      	LPM  R27,Z+
000067 9005      	LPM  R0,Z+
000068 9015      	LPM  R1,Z+
000069 01bf      	MOVW R22,R30
00006a 01f0      	MOVW R30,R0
                 __GLOBAL_INI_LOOP:
00006b 9005      	LPM  R0,Z+
00006c 920d      	ST   X+,R0
00006d 9701      	SBIW R24,1
00006e f7e1      	BRNE __GLOBAL_INI_LOOP
00006f 01fb      	MOVW R30,R22
000070 cff0      	RJMP __GLOBAL_INI_NEXT
                 __GLOBAL_INI_END:
                 
                 ;HARDWARE STACK POINTER INITIALIZATION
000071 e5ef      	LDI  R30,LOW(__SRAM_END-__HEAP_SIZE)
000072 bfed      	OUT  SPL,R30
000073 e0e4      	LDI  R30,HIGH(__SRAM_END-__HEAP_SIZE)
000074 bfee      	OUT  SPH,R30
                 
                 ;DATA STACK POINTER INITIALIZATION
000075 e6c0      	LDI  R28,LOW(__SRAM_START+__DSTACK_SIZE)
000076 e0d1      	LDI  R29,HIGH(__SRAM_START+__DSTACK_SIZE)
                 
000077 940c 0079 	JMP  _main
                 
                 	.ESEG
                 	.ORG 0
                 
                 	.DSEG
                 	.ORG 0x160
                 
                 	.CSEG
                 ;/*******************************************************
                 ;This program was created by the
                 ;CodeWizardAVR V3.12 Advanced
                 ;Automatic Program Generator
                 ;© Copyright 1998-2014 Pavel Haiduc, HP InfoTech s.r.l.
                 ;http://www.hpinfotech.com
                 ;
                 ;Project :
                 ;Version :
                 ;Date    : 3/15/2021
                 ;Author  : Farzaneh Koohestani
                 ;Company : Isfahan University of Technology
                 ;Comments:
                 ;Session: 3
                 ;Question: 2
                 ;
                 ;
                 ;Chip type               : ATmega16A
                 ;Program type            : Application
                 ;AVR Core Clock frequency: 8.000000 MHz
                 ;Memory model            : Small
                 ;External RAM size       : 0
                 ;Data Stack size         : 256
                 ;*******************************************************/
                 ;
                 ;#include <header.h>
                 	#ifndef __SLEEP_DEFINED__
                 	#define __SLEEP_DEFINED__
                 	.EQU __se_bit=0x40
                 	.EQU __sm_mask=0xB0
                 	.EQU __sm_powerdown=0x20
                 	.EQU __sm_powersave=0x30
                 	.EQU __sm_standby=0xA0
                 	.EQU __sm_ext_standby=0xB0
                 	.EQU __sm_adc_noise_red=0x10
                 	.SET power_ctrl_reg=mcucr
                 	#endif
                 ;
                 ;// Declare your global variables here
                 ;
                 ;void main(void)
                 ; 0000 001F {
                 
                 	.CSEG
                 _main:
                 ; .FSTART _main
                 ; 0000 0020 // Declare your local variables here
                 ; 0000 0021 
                 ; 0000 0022 // Input/Output Ports initialization
                 ; 0000 0023 // Port A initialization
                 ; 0000 0024 // Function: Bit7=In Bit6=In Bit5=In Bit4=In Bit3=In Bit2=In Bit1=In Bit0=In
                 ; 0000 0025 DDRA=(0<<DDA7) | (0<<DDA6) | (0<<DDA5) | (0<<DDA4) | (0<<DDA3) | (0<<DDA2) | (0<<DDA1) | (0<<DDA0);
000079 e0e0      	LDI  R30,LOW(0)
00007a bbea      	OUT  0x1A,R30
                 ; 0000 0026 // State: Bit7=T Bit6=T Bit5=T Bit4=T Bit3=T Bit2=T Bit1=T Bit0=T
                 ; 0000 0027 PORTA=(0<<PORTA7) | (0<<PORTA6) | (0<<PORTA5) | (0<<PORTA4) | (0<<PORTA3) | (0<<PORTA2) | (0<<PORTA1) | (0<<PORTA0);
00007b bbeb      	OUT  0x1B,R30
                 ; 0000 0028 
                 ; 0000 0029 // Port B initialization
                 ; 0000 002A // Function: Bit7=In Bit6=In Bit5=In Bit4=In Bit3=In Bit2=In Bit1=In Bit0=In
                 ; 0000 002B DDRB=(0<<DDB7) | (0<<DDB6) | (0<<DDB5) | (0<<DDB4) | (0<<DDB3) | (0<<DDB2) | (0<<DDB1) | (0<<DDB0);
00007c bbe7      	OUT  0x17,R30
                 ; 0000 002C // State: Bit7=T Bit6=T Bit5=T Bit4=T Bit3=T Bit2=T Bit1=T Bit0=T
                 ; 0000 002D PORTB=(0<<PORTB7) | (0<<PORTB6) | (0<<PORTB5) | (0<<PORTB4) | (0<<PORTB3) | (0<<PORTB2) | (0<<PORTB1) | (0<<PORTB0);
00007d bbe8      	OUT  0x18,R30
                 ; 0000 002E 
                 ; 0000 002F // Port C initialization
                 ; 0000 0030 // Function: Bit7=In Bit6=In Bit5=In Bit4=In Bit3=In Bit2=In Bit1=In Bit0=In
                 ; 0000 0031 DDRC=(0<<DDC7) | (0<<DDC6) | (0<<DDC5) | (0<<DDC4) | (0<<DDC3) | (0<<DDC2) | (0<<DDC1) | (0<<DDC0);
00007e bbe4      	OUT  0x14,R30
                 ; 0000 0032 // State: Bit7=T Bit6=T Bit5=T Bit4=T Bit3=T Bit2=T Bit1=T Bit0=T
                 ; 0000 0033 PORTC=(0<<PORTC7) | (0<<PORTC6) | (0<<PORTC5) | (0<<PORTC4) | (0<<PORTC3) | (0<<PORTC2) | (0<<PORTC1) | (0<<PORTC0);
00007f bbe5      	OUT  0x15,R30
                 ; 0000 0034 
                 ; 0000 0035 // Port D initialization
                 ; 0000 0036 // Function: Bit7=In Bit6=In Bit5=In Bit4=In Bit3=In Bit2=In Bit1=In Bit0=In
                 ; 0000 0037 DDRD=(0<<DDD7) | (0<<DDD6) | (0<<DDD5) | (0<<DDD4) | (0<<DDD3) | (0<<DDD2) | (0<<DDD1) | (0<<DDD0);
000080 bbe1      	OUT  0x11,R30
                 ; 0000 0038 // State: Bit7=T Bit6=T Bit5=T Bit4=T Bit3=T Bit2=T Bit1=T Bit0=T
                 ; 0000 0039 PORTD=(0<<PORTD7) | (0<<PORTD6) | (0<<PORTD5) | (0<<PORTD4) | (0<<PORTD3) | (0<<PORTD2) | (0<<PORTD1) | (0<<PORTD0);
000081 bbe2      	OUT  0x12,R30
                 ; 0000 003A 
                 ; 0000 003B // Timer/Counter 0 initialization
                 ; 0000 003C // Clock source: System Clock
                 ; 0000 003D // Clock value: Timer 0 Stopped
                 ; 0000 003E // Mode: Normal top=0xFF
                 ; 0000 003F // OC0 output: Disconnected
                 ; 0000 0040 TCCR0=(0<<WGM00) | (0<<COM01) | (0<<COM00) | (0<<WGM01) | (0<<CS02) | (0<<CS01) | (0<<CS00);
000082 bfe3      	OUT  0x33,R30
                 ; 0000 0041 TCNT0=0x00;
000083 bfe2      	OUT  0x32,R30
                 ; 0000 0042 OCR0=0x00;
000084 bfec      	OUT  0x3C,R30
                 ; 0000 0043 
                 ; 0000 0044 // Timer/Counter 1 initialization
                 ; 0000 0045 // Clock source: System Clock
                 ; 0000 0046 // Clock value: Timer1 Stopped
                 ; 0000 0047 // Mode: Normal top=0xFFFF
                 ; 0000 0048 // OC1A output: Disconnected
                 ; 0000 0049 // OC1B output: Disconnected
                 ; 0000 004A // Noise Canceler: Off
                 ; 0000 004B // Input Capture on Falling Edge
                 ; 0000 004C // Timer1 Overflow Interrupt: Off
                 ; 0000 004D // Input Capture Interrupt: Off
                 ; 0000 004E // Compare A Match Interrupt: Off
                 ; 0000 004F // Compare B Match Interrupt: Off
                 ; 0000 0050 TCCR1A=(0<<COM1A1) | (0<<COM1A0) | (0<<COM1B1) | (0<<COM1B0) | (0<<WGM11) | (0<<WGM10);
000085 bdef      	OUT  0x2F,R30
                 ; 0000 0051 TCCR1B=(0<<ICNC1) | (0<<ICES1) | (0<<WGM13) | (0<<WGM12) | (0<<CS12) | (0<<CS11) | (0<<CS10);
000086 bdee      	OUT  0x2E,R30
                 ; 0000 0052 TCNT1H=0x00;
000087 bded      	OUT  0x2D,R30
                 ; 0000 0053 TCNT1L=0x00;
000088 bdec      	OUT  0x2C,R30
                 ; 0000 0054 ICR1H=0x00;
000089 bde7      	OUT  0x27,R30
                 ; 0000 0055 ICR1L=0x00;
00008a bde6      	OUT  0x26,R30
                 ; 0000 0056 OCR1AH=0x00;
00008b bdeb      	OUT  0x2B,R30
                 ; 0000 0057 OCR1AL=0x00;
00008c bdea      	OUT  0x2A,R30
                 ; 0000 0058 OCR1BH=0x00;
00008d bde9      	OUT  0x29,R30
                 ; 0000 0059 OCR1BL=0x00;
00008e bde8      	OUT  0x28,R30
                 ; 0000 005A 
                 ; 0000 005B // Timer/Counter 2 initialization
                 ; 0000 005C // Clock source: System Clock
                 ; 0000 005D // Clock value: Timer2 Stopped
                 ; 0000 005E // Mode: Normal top=0xFF
                 ; 0000 005F // OC2 output: Disconnected
                 ; 0000 0060 ASSR=0<<AS2;
00008f bde2      	OUT  0x22,R30
                 ; 0000 0061 TCCR2=(0<<PWM2) | (0<<COM21) | (0<<COM20) | (0<<CTC2) | (0<<CS22) | (0<<CS21) | (0<<CS20);
000090 bde5      	OUT  0x25,R30
                 ; 0000 0062 TCNT2=0x00;
000091 bde4      	OUT  0x24,R30
                 ; 0000 0063 OCR2=0x00;
000092 bde3      	OUT  0x23,R30
                 ; 0000 0064 
                 ; 0000 0065 // Timer(s)/Counter(s) Interrupt(s) initialization
                 ; 0000 0066 TIMSK=(0<<OCIE2) | (0<<TOIE2) | (0<<TICIE1) | (0<<OCIE1A) | (0<<OCIE1B) | (0<<TOIE1) | (0<<OCIE0) | (0<<TOIE0);
000093 bfe9      	OUT  0x39,R30
                 ; 0000 0067 
                 ; 0000 0068 // External Interrupt(s) initialization
                 ; 0000 0069 // INT0: Off
                 ; 0000 006A // INT1: Off
                 ; 0000 006B // INT2: Off
                 ; 0000 006C MCUCR=(0<<ISC11) | (0<<ISC10) | (0<<ISC01) | (0<<ISC00);
000094 bfe5      	OUT  0x35,R30
                 ; 0000 006D MCUCSR=(0<<ISC2);
000095 bfe4      	OUT  0x34,R30
                 ; 0000 006E 
                 ; 0000 006F // USART initialization
                 ; 0000 0070 // USART disabled
                 ; 0000 0071 UCSRB=(0<<RXCIE) | (0<<TXCIE) | (0<<UDRIE) | (0<<RXEN) | (0<<TXEN) | (0<<UCSZ2) | (0<<RXB8) | (0<<TXB8);
000096 b9ea      	OUT  0xA,R30
                 ; 0000 0072 
                 ; 0000 0073 // Analog Comparator initialization
                 ; 0000 0074 // Analog Comparator: Off
                 ; 0000 0075 // The Analog Comparator's positive input is
                 ; 0000 0076 // connected to the AIN0 pin
                 ; 0000 0077 // The Analog Comparator's negative input is
                 ; 0000 0078 // connected to the AIN1 pin
                 ; 0000 0079 ACSR=(1<<ACD) | (0<<ACBG) | (0<<ACO) | (0<<ACI) | (0<<ACIE) | (0<<ACIC) | (0<<ACIS1) | (0<<ACIS0);
000097 e8e0      	LDI  R30,LOW(128)
000098 b9e8      	OUT  0x8,R30
                 ; 0000 007A SFIOR=(0<<ACME);
000099 e0e0      	LDI  R30,LOW(0)
00009a bfe0      	OUT  0x30,R30
                 ; 0000 007B 
                 ; 0000 007C // ADC initialization
                 ; 0000 007D // ADC disabled
                 ; 0000 007E ADCSRA=(0<<ADEN) | (0<<ADSC) | (0<<ADATE) | (0<<ADIF) | (0<<ADIE) | (0<<ADPS2) | (0<<ADPS1) | (0<<ADPS0);
00009b b9e6      	OUT  0x6,R30
                 ; 0000 007F 
                 ; 0000 0080 // SPI initialization
                 ; 0000 0081 // SPI disabled
                 ; 0000 0082 SPCR=(0<<SPIE) | (0<<SPE) | (0<<DORD) | (0<<MSTR) | (0<<CPOL) | (0<<CPHA) | (0<<SPR1) | (0<<SPR0);
00009c b9ed      	OUT  0xD,R30
                 ; 0000 0083 
                 ; 0000 0084 // TWI initialization
                 ; 0000 0085 // TWI disabled
                 ; 0000 0086 TWCR=(0<<TWEA) | (0<<TWSTA) | (0<<TWSTO) | (0<<TWEN) | (0<<TWIE);
00009d bfe6      	OUT  0x36,R30
                 ; 0000 0087 
                 ; 0000 0088 // Alphanumeric LCD initialization
                 ; 0000 0089 // Connections are specified in the
                 ; 0000 008A // Project|Configure|C Compiler|Libraries|Alphanumeric LCD menu:
                 ; 0000 008B // RS - PORTA Bit 0
                 ; 0000 008C // RD - PORTA Bit 1
                 ; 0000 008D // EN - PORTA Bit 2
                 ; 0000 008E // D4 - PORTA Bit 4
                 ; 0000 008F // D5 - PORTA Bit 5
                 ; 0000 0090 // D6 - PORTA Bit 6
                 ; 0000 0091 // D7 - PORTA Bit 7
                 ; 0000 0092 // Characters/line: 16
                 ; 0000 0093 
                 ; 0000 0094 //lcd_init(16);
                 ; 0000 0095 
                 ; 0000 0096 func2();
00009e d002      	RCALL _func2
                 ; 0000 0097 while (1)
                 _0x3:
                 ; 0000 0098       {
                 ; 0000 0099       // Place your code here
                 ; 0000 009A 
                 ; 0000 009B       }
00009f cfff      	RJMP _0x3
                 ; 0000 009C }
                 _0x6:
0000a0 cfff      	RJMP _0x6
                 ; .FEND
                 ;#include <header.h>
                 	#ifndef __SLEEP_DEFINED__
                 	#endif
                 ;
                 ;void func2(void){
                 ; 0001 0003 void func2(void){
                 
                 	.CSEG
                 _func2:
                 ; .FSTART _func2
                 ; 0001 0004     int i = 0, j;
                 ; 0001 0005     char temp[17];
                 ; 0001 0006     char arr[]="Welcome to the online lab classes due to Corona disease.";
                 ; 0001 0007     char len = strlen(arr);
                 ; 0001 0008     lcd_init(16);
0000a1 97ef      	SBIW R28,63
0000a2 972b      	SBIW R28,11
0000a3 e389      	LDI  R24,57
0000a4 e0a0      	LDI  R26,LOW(0)
0000a5 e0b0      	LDI  R27,HIGH(0)
0000a6 e5e4      	LDI  R30,LOW(_0x20003*2)
0000a7 e0f0      	LDI  R31,HIGH(_0x20003*2)
0000a8 940e 01b5 	CALL __INITLOCB
0000aa 940e 01a7 	CALL __SAVELOCR6
                 ;	i -> R16,R17
                 ;	j -> R18,R19
                 ;	temp -> Y+63
                 ;	arr -> Y+6
                 ;	len -> R21
                +
0000ac e000     +LDI R16 , LOW ( 0 )
0000ad e010     +LDI R17 , HIGH ( 0 )
                 	__GETWRN 16,17,0
0000ae 01de      	MOVW R26,R28
0000af 9616      	ADIW R26,6
0000b0 940e 0183 	CALL _strlen
0000b2 2f5e      	MOV  R21,R30
0000b3 e1a0      	LDI  R26,LOW(16)
0000b4 d0a0      	RCALL _lcd_init
                 ; 0001 0009     lcd_clear();
0000b5 d06d      	RCALL _lcd_clear
                 ; 0001 000A     while(i != len){
                 _0x20004:
0000b6 2fe5      	MOV  R30,R21
0000b7 01d8      	MOVW R26,R16
0000b8 e0f0      	LDI  R31,0
0000b9 17ea      	CP   R30,R26
0000ba 07fb      	CPC  R31,R27
0000bb f1a1      	BREQ _0x20006
                 ; 0001 000B         for(j = 0; j < 16; j = j + 1){
                +
0000bc e020     +LDI R18 , LOW ( 0 )
0000bd e030     +LDI R19 , HIGH ( 0 )
                 	__GETWRN 18,19,0
                 _0x20008:
                +
0000be 3120     +CPI R18 , LOW ( 16 )
0000bf e0e0     +LDI R30 , HIGH ( 16 )
0000c0 073e     +CPC R19 , R30
                 	__CPWRN 18,19,16
0000c1 f4d4      	BRGE _0x20009
                 ; 0001 000C             if(arr[i] == '\0')
0000c2 01de      	MOVW R26,R28
0000c3 9616      	ADIW R26,6
0000c4 0fa0      	ADD  R26,R16
0000c5 1fb1      	ADC  R27,R17
0000c6 91ec      	LD   R30,X
0000c7 30e0      	CPI  R30,0
0000c8 f099      	BREQ _0x20009
                 ; 0001 000D                 break;
                 ; 0001 000E             temp[j] = arr[i+j];
0000c9 01f9      	MOVW R30,R18
0000ca 01de      	MOVW R26,R28
0000cb 96df      	ADIW R26,63
0000cc 0fea      	ADD  R30,R26
0000cd 1ffb      	ADC  R31,R27
0000ce 010f      	MOVW R0,R30
0000cf 01f9      	MOVW R30,R18
0000d0 0fe0      	ADD  R30,R16
0000d1 1ff1      	ADC  R31,R17
0000d2 01de      	MOVW R26,R28
0000d3 9616      	ADIW R26,6
0000d4 0fae      	ADD  R26,R30
0000d5 1fbf      	ADC  R27,R31
0000d6 91ec      	LD   R30,X
0000d7 01d0      	MOVW R26,R0
0000d8 93ec      	ST   X,R30
                 ; 0001 000F         }
                +
0000d9 5f2f     +SUBI R18 , LOW ( - 1 )
0000da 4f3f     +SBCI R19 , HIGH ( - 1 )
                 	__ADDWRN 18,19,1
0000db cfe2      	RJMP _0x20008
                 _0x20009:
                 ; 0001 0010         temp[16]='\0';
0000dc e0e0      	LDI  R30,LOW(0)
                +
0000dd 01de     +MOVW R26 , R28
0000de 5ba1     +SUBI R26 , LOW ( - 79 )
0000df 4fbf     +SBCI R27 , HIGH ( - 79 )
0000e0 93ec     +ST X , R30
                 	__PUTB1SX 79
                 ; 0001 0011         i = i + 1;
                +
0000e1 5f0f     +SUBI R16 , LOW ( - 1 )
0000e2 4f1f     +SBCI R17 , HIGH ( - 1 )
                 	__ADDWRN 16,17,1
                 ; 0001 0012         lcd_clear();
0000e3 d03f      	RCALL _lcd_clear
                 ; 0001 0013         lcd_gotoxy(0,0);
0000e4 e0e0      	LDI  R30,LOW(0)
0000e5 93ea      	ST   -Y,R30
0000e6 e0a0      	LDI  R26,LOW(0)
0000e7 d02e      	RCALL _lcd_gotoxy
                 ; 0001 0014         lcd_puts(temp);
0000e8 01de      	MOVW R26,R28
0000e9 96df      	ADIW R26,63
0000ea d059      	RCALL _lcd_puts
                 ; 0001 0015         delay_ms(100);
0000eb e6a4      	LDI  R26,LOW(100)
0000ec e0b0      	LDI  R27,0
0000ed 940e 019d 	CALL _delay_ms
                 ; 0001 0016     }
0000ef cfc6      	RJMP _0x20004
                 _0x20006:
                 ; 0001 0017     lcd_clear();
0000f0 d032      	RCALL _lcd_clear
                 ; 0001 0018     return;
0000f1 940e 01ae 	CALL __LOADLOCR6
0000f3 96ef      	ADIW R28,63
0000f4 9661      	ADIW R28,17
0000f5 9508      	RET
                 ; 0001 0019 }
                 ; .FEND
                 	#ifndef __SLEEP_DEFINED__
                 	#endif
                 
                 	.DSEG
                 
                 	.CSEG
                 __lcd_write_nibble_G100:
                 ; .FSTART __lcd_write_nibble_G100
0000f6 93aa      	ST   -Y,R26
0000f7 b3eb      	IN   R30,0x1B
0000f8 70ef      	ANDI R30,LOW(0xF)
0000f9 2fae      	MOV  R26,R30
0000fa 81e8      	LD   R30,Y
0000fb 7fe0      	ANDI R30,LOW(0xF0)
0000fc 2bea      	OR   R30,R26
0000fd bbeb      	OUT  0x1B,R30
                +
0000fe e08d     +LDI R24 , LOW ( 13 )
                +__DELAY_USB_LOOP :
0000ff 958a     +DEC R24
000100 f7f1     +BRNE __DELAY_USB_LOOP
                 	__DELAY_USB 13
000101 9ada      	SBI  0x1B,2
                +
000102 e08d     +LDI R24 , LOW ( 13 )
                +__DELAY_USB_LOOP :
000103 958a     +DEC R24
000104 f7f1     +BRNE __DELAY_USB_LOOP
                 	__DELAY_USB 13
000105 98da      	CBI  0x1B,2
                +
000106 e08d     +LDI R24 , LOW ( 13 )
                +__DELAY_USB_LOOP :
000107 958a     +DEC R24
000108 f7f1     +BRNE __DELAY_USB_LOOP
                 	__DELAY_USB 13
000109 c077      	RJMP _0x2040001
                 ; .FEND
                 __lcd_write_data:
                 ; .FSTART __lcd_write_data
00010a 93aa      	ST   -Y,R26
00010b 81a8      	LD   R26,Y
00010c dfe9      	RCALL __lcd_write_nibble_G100
00010d 81e8          ld    r30,y
00010e 95e2          swap  r30
00010f 83e8          st    y,r30
000110 81a8      	LD   R26,Y
000111 dfe4      	RCALL __lcd_write_nibble_G100
                +
000112 e885     +LDI R24 , LOW ( 133 )
                +__DELAY_USB_LOOP :
000113 958a     +DEC R24
000114 f7f1     +BRNE __DELAY_USB_LOOP
                 	__DELAY_USB 133
000115 c06b      	RJMP _0x2040001
                 ; .FEND
                 _lcd_gotoxy:
                 ; .FSTART _lcd_gotoxy
000116 93aa      	ST   -Y,R26
000117 81e8      	LD   R30,Y
000118 e0f0      	LDI  R31,0
000119 5ae0      	SUBI R30,LOW(-__base_y_G100)
00011a 4ffe      	SBCI R31,HIGH(-__base_y_G100)
00011b 81e0      	LD   R30,Z
00011c 81a9      	LDD  R26,Y+1
00011d 0fae      	ADD  R26,R30
00011e dfeb      	RCALL __lcd_write_data
00011f 8059      	LDD  R5,Y+1
000120 8048      	LDD  R4,Y+0
000121 9622      	ADIW R28,2
000122 9508      	RET
                 ; .FEND
                 _lcd_clear:
                 ; .FSTART _lcd_clear
000123 e0a2      	LDI  R26,LOW(2)
000124 940e 018f 	CALL SUBOPT_0x0
000126 e0ac      	LDI  R26,LOW(12)
000127 dfe2      	RCALL __lcd_write_data
000128 e0a1      	LDI  R26,LOW(1)
000129 940e 018f 	CALL SUBOPT_0x0
00012b e0e0      	LDI  R30,LOW(0)
00012c 2e4e      	MOV  R4,R30
00012d 2e5e      	MOV  R5,R30
00012e 9508      	RET
                 ; .FEND
                 _lcd_putchar:
                 ; .FSTART _lcd_putchar
00012f 93aa      	ST   -Y,R26
000130 81a8      	LD   R26,Y
000131 30aa      	CPI  R26,LOW(0xA)
000132 f011      	BREQ _0x2000005
000133 1457      	CP   R5,R7
000134 f048      	BRLO _0x2000004
                 _0x2000005:
000135 e0e0      	LDI  R30,LOW(0)
000136 93ea      	ST   -Y,R30
000137 9443      	INC  R4
000138 2da4      	MOV  R26,R4
000139 dfdc      	RCALL _lcd_gotoxy
00013a 81a8      	LD   R26,Y
00013b 30aa      	CPI  R26,LOW(0xA)
00013c f409      	BRNE _0x2000007
00013d c043      	RJMP _0x2040001
                 _0x2000007:
                 _0x2000004:
00013e 9453      	INC  R5
00013f 9ad8      	SBI  0x1B,0
000140 81a8      	LD   R26,Y
000141 dfc8      	RCALL __lcd_write_data
000142 98d8      	CBI  0x1B,0
000143 c03d      	RJMP _0x2040001
                 ; .FEND
                 _lcd_puts:
                 ; .FSTART _lcd_puts
000144 93ba      	ST   -Y,R27
000145 93aa      	ST   -Y,R26
000146 931a      	ST   -Y,R17
                 _0x2000008:
000147 81a9      	LDD  R26,Y+1
000148 81ba      	LDD  R27,Y+1+1
000149 91ed      	LD   R30,X+
00014a 83a9      	STD  Y+1,R26
00014b 83ba      	STD  Y+1+1,R27
00014c 2f1e      	MOV  R17,R30
00014d 30e0      	CPI  R30,0
00014e f019      	BREQ _0x200000A
00014f 2fa1      	MOV  R26,R17
000150 dfde      	RCALL _lcd_putchar
000151 cff5      	RJMP _0x2000008
                 _0x200000A:
000152 8118      	LDD  R17,Y+0
000153 9623      	ADIW R28,3
000154 9508      	RET
                 ; .FEND
                 _lcd_init:
                 ; .FSTART _lcd_init
000155 93aa      	ST   -Y,R26
000156 b3ea      	IN   R30,0x1A
000157 6fe0      	ORI  R30,LOW(0xF0)
000158 bbea      	OUT  0x1A,R30
000159 9ad2      	SBI  0x1A,2
00015a 9ad0      	SBI  0x1A,0
00015b 9ad1      	SBI  0x1A,1
00015c 98da      	CBI  0x1B,2
00015d 98d8      	CBI  0x1B,0
00015e 98d9      	CBI  0x1B,1
00015f 8078      	LDD  R7,Y+0
000160 81e8      	LD   R30,Y
000161 58e0      	SUBI R30,-LOW(128)
                +
000162 93e0 0162+STS __base_y_G100 + ( 2 ) , R30
                 	__PUTB1MN __base_y_G100,2
000164 81e8      	LD   R30,Y
000165 54e0      	SUBI R30,-LOW(192)
                +
000166 93e0 0163+STS __base_y_G100 + ( 3 ) , R30
                 	__PUTB1MN __base_y_G100,3
000168 e1a4      	LDI  R26,LOW(20)
000169 e0b0      	LDI  R27,0
00016a 940e 019d 	CALL _delay_ms
00016c 940e 0195 	CALL SUBOPT_0x1
00016e 940e 0195 	CALL SUBOPT_0x1
000170 940e 0195 	CALL SUBOPT_0x1
000172 e2a0      	LDI  R26,LOW(32)
000173 df82      	RCALL __lcd_write_nibble_G100
                +
000174 ec88     +LDI R24 , LOW ( 200 )
000175 e090     +LDI R25 , HIGH ( 200 )
                +__DELAY_USW_LOOP :
000176 9701     +SBIW R24 , 1
000177 f7f1     +BRNE __DELAY_USW_LOOP
                 	__DELAY_USW 200
000178 e2a8      	LDI  R26,LOW(40)
000179 df90      	RCALL __lcd_write_data
00017a e0a4      	LDI  R26,LOW(4)
00017b df8e      	RCALL __lcd_write_data
00017c e8a5      	LDI  R26,LOW(133)
00017d df8c      	RCALL __lcd_write_data
00017e e0a6      	LDI  R26,LOW(6)
00017f df8a      	RCALL __lcd_write_data
000180 dfa2      	RCALL _lcd_clear
                 _0x2040001:
000181 9621      	ADIW R28,1
000182 9508      	RET
                 ; .FEND
                 
                 	.CSEG
                 _strlen:
                 ; .FSTART _strlen
000183 93ba      	ST   -Y,R27
000184 93aa      	ST   -Y,R26
000185 91a9          ld   r26,y+
000186 91b9          ld   r27,y+
000187 27ee          clr  r30
000188 27ff          clr  r31
                 strlen0:
000189 916d          ld   r22,x+
00018a 2366          tst  r22
00018b f011          breq strlen1
00018c 9631          adiw r30,1
00018d cffb          rjmp strlen0
                 strlen1:
00018e 9508          ret
                 ; .FEND
                 
                 	.DSEG
                 __base_y_G100:
000160           	.BYTE 0x4
                 
                 	.CSEG
                 ;OPTIMIZER ADDED SUBROUTINE, CALLED 2 TIMES, CODE SIZE REDUCTION:1 WORDS
                 SUBOPT_0x0:
00018f 940e 010a 	CALL __lcd_write_data
000191 e0a3      	LDI  R26,LOW(3)
000192 e0b0      	LDI  R27,0
000193 940c 019d 	JMP  _delay_ms
                 
                 ;OPTIMIZER ADDED SUBROUTINE, CALLED 3 TIMES, CODE SIZE REDUCTION:7 WORDS
                 SUBOPT_0x1:
000195 e3a0      	LDI  R26,LOW(48)
000196 940e 00f6 	CALL __lcd_write_nibble_G100
                +
000198 ec88     +LDI R24 , LOW ( 200 )
000199 e090     +LDI R25 , HIGH ( 200 )
                +__DELAY_USW_LOOP :
00019a 9701     +SBIW R24 , 1
00019b f7f1     +BRNE __DELAY_USW_LOOP
                 	__DELAY_USW 200
00019c 9508      	RET
                 
                 
                 	.CSEG
                 _delay_ms:
00019d 9610      	adiw r26,0
00019e f039      	breq __delay_ms1
                 __delay_ms0:
                +
00019f ed80     +LDI R24 , LOW ( 0x7D0 )
0001a0 e097     +LDI R25 , HIGH ( 0x7D0 )
                +__DELAY_USW_LOOP :
0001a1 9701     +SBIW R24 , 1
0001a2 f7f1     +BRNE __DELAY_USW_LOOP
                 	__DELAY_USW 0x7D0
0001a3 95a8      	wdr
0001a4 9711      	sbiw r26,1
0001a5 f7c9      	brne __delay_ms0
                 __delay_ms1:
0001a6 9508      	ret
                 
                 __SAVELOCR6:
0001a7 935a      	ST   -Y,R21
                 __SAVELOCR5:
0001a8 934a      	ST   -Y,R20
                 __SAVELOCR4:
0001a9 933a      	ST   -Y,R19
                 __SAVELOCR3:
0001aa 932a      	ST   -Y,R18
                 __SAVELOCR2:
0001ab 931a      	ST   -Y,R17
0001ac 930a      	ST   -Y,R16
0001ad 9508      	RET
                 
                 __LOADLOCR6:
0001ae 815d      	LDD  R21,Y+5
                 __LOADLOCR5:
0001af 814c      	LDD  R20,Y+4
                 __LOADLOCR4:
0001b0 813b      	LDD  R19,Y+3
                 __LOADLOCR3:
0001b1 812a      	LDD  R18,Y+2
                 __LOADLOCR2:
0001b2 8119      	LDD  R17,Y+1
0001b3 8108      	LD   R16,Y
0001b4 9508      	RET
                 
                 __INITLOCB:
                 __INITLOCW:
0001b5 0fac      	ADD  R26,R28
0001b6 1fbd      	ADC  R27,R29
                 __INITLOC0:
0001b7 9005      	LPM  R0,Z+
0001b8 920d      	ST   X+,R0
0001b9 958a      	DEC  R24
0001ba f7e1      	BRNE __INITLOC0
0001bb 9508      	RET
                 
                 ;END OF CODE MARKER
                 __END_OF_CODE:


RESOURCE USE INFORMATION
------------------------

Notice:
The register and instruction counts are symbol table hit counts,
and hence implicitly used resources are not counted, eg, the
'lpm' instruction without operands implicitly uses r0 and z,
none of which are counted.

x,y,z are separate entities in the symbol table and are
counted separately from r26..r31 here.

.dseg memory usage only counts static data declared with .byte

ATmega16A register use summary:
r0 :   8 r1 :   1 r2 :   0 r3 :   0 r4 :   4 r5 :   4 r6 :   0 r7 :   2 
r8 :   0 r9 :   0 r10:   0 r11:   0 r12:   0 r13:   0 r14:   0 r15:   0 
r16:   7 r17:  10 r18:   7 r19:   5 r20:   2 r21:   4 r22:   4 r23:   0 
r24:  23 r25:   5 r26:  62 r27:  17 r28:  15 r29:   2 r30: 104 r31:  12 
x  :  10 y  :  46 z  :   9 
Registers used: 23 out of 35 (65.7%)

ATmega16A instruction use summary:
.lds  :   0 .lds.l:   0 .sts  :   0 .sts.l:   0 adc   :   5 add   :   6 
adiw  :  12 and   :   0 andi  :   2 asr   :   0 bclr  :   0 bld   :   0 
brbc  :   0 brbs  :   0 brcc  :   0 brcs  :   0 break :   0 breq  :   7 
brge  :   1 brhc  :   0 brhs  :   0 brid  :   0 brie  :   0 brlo  :   1 
brlt  :   0 brmi  :   0 brne  :  13 brpl  :   0 brsh  :   0 brtc  :   0 
brts  :   0 brvc  :   0 brvs  :   0 bset  :   0 bst   :   0 call  :  13 
cbi   :   5 cbr   :   0 clc   :   0 clh   :   0 cli   :   1 cln   :   0 
clr   :   4 cls   :   0 clt   :   0 clv   :   0 clz   :   0 com   :   0 
cp    :   2 cpc   :   2 cpi   :   5 cpse  :   0 dec   :   6 des   :   0 
eor   :   0 fmul  :   0 fmuls :   0 fmulsu:   0 icall :   0 ijmp  :   0 
in    :   2 inc   :   2 jmp   :  23 ld    :  18 ldd   :  12 ldi   :  58 
lds   :   0 lpm   :   8 lsl   :   0 lsr   :   0 mov   :   8 movw  :  14 
mul   :   0 muls  :   0 mulsu :   0 neg   :   0 nop   :   0 or    :   1 
ori   :   1 out   :  42 pop   :   0 push  :   0 rcall :  20 ret   :  11 
reti  :   0 rjmp  :  11 rol   :   0 ror   :   0 sbc   :   0 sbci  :   4 
sbi   :   5 sbic  :   0 sbis  :   0 sbiw  :   9 sbr   :   0 sbrc  :   0 
sbrs  :   0 sec   :   0 seh   :   0 sei   :   0 sen   :   0 ser   :   0 
ses   :   0 set   :   0 sev   :   0 sez   :   0 sleep :   0 spm   :   0 
st    :  25 std   :   2 sts   :   2 sub   :   0 subi  :   6 swap  :   1 
tst   :   1 wdr   :   1 
Instructions used: 41 out of 116 (35.3%)

ATmega16A memory use summary [bytes]:
Segment   Begin    End      Code   Data   Used    Size   Use%
---------------------------------------------------------------
[.cseg] 0x000000 0x000378    820     68    888   16384   5.4%
[.dseg] 0x000060 0x000164      0      4      4    1024   0.4%
[.eseg] 0x000000 0x000000      0      0      0     512   0.0%

Assembly complete, 0 errors, 4 warnings
