
AVRASM ver. 2.1.30  C:\Users\farkoo\Documents\codevision\1\Debug\List\Lab4_Qst_1.asm Mon Apr 05 10:50:11 2021

C:\Users\farkoo\Documents\codevision\1\Debug\List\Lab4_Qst_1.asm(1088): warning: Register r5 already defined by the .DEF directive
C:\Users\farkoo\Documents\codevision\1\Debug\List\Lab4_Qst_1.asm(1089): warning: Register r4 already defined by the .DEF directive
C:\Users\farkoo\Documents\codevision\1\Debug\List\Lab4_Qst_1.asm(1090): warning: Register r7 already defined by the .DEF directive
                 
                 
                 ;CodeVisionAVR C Compiler V3.12 Advanced
                 ;(C) Copyright 1998-2014 Pavel Haiduc, HP InfoTech s.r.l.
                 ;http://www.hpinfotech.com
                 
                 ;Build configuration    : Debug
                 ;Chip type              : ATmega16
                 ;Program type           : Application
                 ;Clock frequency        : 8.000000 MHz
                 ;Memory model           : Small
                 ;Optimize for           : Size
                 ;(s)printf features     : int, width
                 ;(s)scanf features      : int, width
                 ;External RAM size      : 0
                 ;Data Stack size        : 256 byte(s)
                 ;Heap size              : 0 byte(s)
                 ;Promote 'char' to 'int': Yes
                 ;'char' is unsigned     : Yes
                 ;8 bit enums            : Yes
                 ;Global 'const' stored in FLASH: Yes
                 ;Enhanced function parameter passing: Yes
                 ;Enhanced core instructions: On
                 ;Automatic register allocation for global variables: On
                 ;Smart register allocation: On
                 
                 	#define _MODEL_SMALL_
                 
                 	#pragma AVRPART ADMIN PART_NAME ATmega16
                 	#pragma AVRPART MEMORY PROG_FLASH 16384
                 	#pragma AVRPART MEMORY EEPROM 512
                 	#pragma AVRPART MEMORY INT_SRAM SIZE 1024
                 	#pragma AVRPART MEMORY INT_SRAM START_ADDR 0x60
                 
                 	#define CALL_SUPPORTED 1
                 
                 	.LISTMAC
                 	.EQU UDRE=0x5
                 	.EQU RXC=0x7
                 	.EQU USR=0xB
                 	.EQU UDR=0xC
                 	.EQU SPSR=0xE
                 	.EQU SPDR=0xF
                 	.EQU EERE=0x0
                 	.EQU EEWE=0x1
                 	.EQU EEMWE=0x2
                 	.EQU EECR=0x1C
                 	.EQU EEDR=0x1D
                 	.EQU EEARL=0x1E
                 	.EQU EEARH=0x1F
                 	.EQU WDTCR=0x21
                 	.EQU MCUCR=0x35
                 	.EQU GICR=0x3B
                 	.EQU SPL=0x3D
                 	.EQU SPH=0x3E
                 	.EQU SREG=0x3F
                 
                 	.DEF R0X0=R0
                 	.DEF R0X1=R1
                 	.DEF R0X2=R2
                 	.DEF R0X3=R3
                 	.DEF R0X4=R4
                 	.DEF R0X5=R5
                 	.DEF R0X6=R6
                 	.DEF R0X7=R7
                 	.DEF R0X8=R8
                 	.DEF R0X9=R9
                 	.DEF R0XA=R10
                 	.DEF R0XB=R11
                 	.DEF R0XC=R12
                 	.DEF R0XD=R13
                 	.DEF R0XE=R14
                 	.DEF R0XF=R15
                 	.DEF R0X10=R16
                 	.DEF R0X11=R17
                 	.DEF R0X12=R18
                 	.DEF R0X13=R19
                 	.DEF R0X14=R20
                 	.DEF R0X15=R21
                 	.DEF R0X16=R22
                 	.DEF R0X17=R23
                 	.DEF R0X18=R24
                 	.DEF R0X19=R25
                 	.DEF R0X1A=R26
                 	.DEF R0X1B=R27
                 	.DEF R0X1C=R28
                 	.DEF R0X1D=R29
                 	.DEF R0X1E=R30
                 	.DEF R0X1F=R31
                 
                 	.EQU __SRAM_START=0x0060
                 	.EQU __SRAM_END=0x045F
                 	.EQU __DSTACK_SIZE=0x0100
                 	.EQU __HEAP_SIZE=0x0000
                 	.EQU __CLEAR_SRAM_SIZE=__SRAM_END-__SRAM_START+1
                 
                 	.MACRO __CPD1N
                 	CPI  R30,LOW(@0)
                 	LDI  R26,HIGH(@0)
                 	CPC  R31,R26
                 	LDI  R26,BYTE3(@0)
                 	CPC  R22,R26
                 	LDI  R26,BYTE4(@0)
                 	CPC  R23,R26
                 	.ENDM
                 
                 	.MACRO __CPD2N
                 	CPI  R26,LOW(@0)
                 	LDI  R30,HIGH(@0)
                 	CPC  R27,R30
                 	LDI  R30,BYTE3(@0)
                 	CPC  R24,R30
                 	LDI  R30,BYTE4(@0)
                 	CPC  R25,R30
                 	.ENDM
                 
                 	.MACRO __CPWRR
                 	CP   R@0,R@2
                 	CPC  R@1,R@3
                 	.ENDM
                 
                 	.MACRO __CPWRN
                 	CPI  R@0,LOW(@2)
                 	LDI  R30,HIGH(@2)
                 	CPC  R@1,R30
                 	.ENDM
                 
                 	.MACRO __ADDB1MN
                 	SUBI R30,LOW(-@0-(@1))
                 	.ENDM
                 
                 	.MACRO __ADDB2MN
                 	SUBI R26,LOW(-@0-(@1))
                 	.ENDM
                 
                 	.MACRO __ADDW1MN
                 	SUBI R30,LOW(-@0-(@1))
                 	SBCI R31,HIGH(-@0-(@1))
                 	.ENDM
                 
                 	.MACRO __ADDW2MN
                 	SUBI R26,LOW(-@0-(@1))
                 	SBCI R27,HIGH(-@0-(@1))
                 	.ENDM
                 
                 	.MACRO __ADDW1FN
                 	SUBI R30,LOW(-2*@0-(@1))
                 	SBCI R31,HIGH(-2*@0-(@1))
                 	.ENDM
                 
                 	.MACRO __ADDD1FN
                 	SUBI R30,LOW(-2*@0-(@1))
                 	SBCI R31,HIGH(-2*@0-(@1))
                 	SBCI R22,BYTE3(-2*@0-(@1))
                 	.ENDM
                 
                 	.MACRO __ADDD1N
                 	SUBI R30,LOW(-@0)
                 	SBCI R31,HIGH(-@0)
                 	SBCI R22,BYTE3(-@0)
                 	SBCI R23,BYTE4(-@0)
                 	.ENDM
                 
                 	.MACRO __ADDD2N
                 	SUBI R26,LOW(-@0)
                 	SBCI R27,HIGH(-@0)
                 	SBCI R24,BYTE3(-@0)
                 	SBCI R25,BYTE4(-@0)
                 	.ENDM
                 
                 	.MACRO __SUBD1N
                 	SUBI R30,LOW(@0)
                 	SBCI R31,HIGH(@0)
                 	SBCI R22,BYTE3(@0)
                 	SBCI R23,BYTE4(@0)
                 	.ENDM
                 
                 	.MACRO __SUBD2N
                 	SUBI R26,LOW(@0)
                 	SBCI R27,HIGH(@0)
                 	SBCI R24,BYTE3(@0)
                 	SBCI R25,BYTE4(@0)
                 	.ENDM
                 
                 	.MACRO __ANDBMNN
                 	LDS  R30,@0+(@1)
                 	ANDI R30,LOW(@2)
                 	STS  @0+(@1),R30
                 	.ENDM
                 
                 	.MACRO __ANDWMNN
                 	LDS  R30,@0+(@1)
                 	ANDI R30,LOW(@2)
                 	STS  @0+(@1),R30
                 	LDS  R30,@0+(@1)+1
                 	ANDI R30,HIGH(@2)
                 	STS  @0+(@1)+1,R30
                 	.ENDM
                 
                 	.MACRO __ANDD1N
                 	ANDI R30,LOW(@0)
                 	ANDI R31,HIGH(@0)
                 	ANDI R22,BYTE3(@0)
                 	ANDI R23,BYTE4(@0)
                 	.ENDM
                 
                 	.MACRO __ANDD2N
                 	ANDI R26,LOW(@0)
                 	ANDI R27,HIGH(@0)
                 	ANDI R24,BYTE3(@0)
                 	ANDI R25,BYTE4(@0)
                 	.ENDM
                 
                 	.MACRO __ORBMNN
                 	LDS  R30,@0+(@1)
                 	ORI  R30,LOW(@2)
                 	STS  @0+(@1),R30
                 	.ENDM
                 
                 	.MACRO __ORWMNN
                 	LDS  R30,@0+(@1)
                 	ORI  R30,LOW(@2)
                 	STS  @0+(@1),R30
                 	LDS  R30,@0+(@1)+1
                 	ORI  R30,HIGH(@2)
                 	STS  @0+(@1)+1,R30
                 	.ENDM
                 
                 	.MACRO __ORD1N
                 	ORI  R30,LOW(@0)
                 	ORI  R31,HIGH(@0)
                 	ORI  R22,BYTE3(@0)
                 	ORI  R23,BYTE4(@0)
                 	.ENDM
                 
                 	.MACRO __ORD2N
                 	ORI  R26,LOW(@0)
                 	ORI  R27,HIGH(@0)
                 	ORI  R24,BYTE3(@0)
                 	ORI  R25,BYTE4(@0)
                 	.ENDM
                 
                 	.MACRO __DELAY_USB
                 	LDI  R24,LOW(@0)
                 __DELAY_USB_LOOP:
                 	DEC  R24
                 	BRNE __DELAY_USB_LOOP
                 	.ENDM
                 
                 	.MACRO __DELAY_USW
                 	LDI  R24,LOW(@0)
                 	LDI  R25,HIGH(@0)
                 __DELAY_USW_LOOP:
                 	SBIW R24,1
                 	BRNE __DELAY_USW_LOOP
                 	.ENDM
                 
                 	.MACRO __GETD1S
                 	LDD  R30,Y+@0
                 	LDD  R31,Y+@0+1
                 	LDD  R22,Y+@0+2
                 	LDD  R23,Y+@0+3
                 	.ENDM
                 
                 	.MACRO __GETD2S
                 	LDD  R26,Y+@0
                 	LDD  R27,Y+@0+1
                 	LDD  R24,Y+@0+2
                 	LDD  R25,Y+@0+3
                 	.ENDM
                 
                 	.MACRO __PUTD1S
                 	STD  Y+@0,R30
                 	STD  Y+@0+1,R31
                 	STD  Y+@0+2,R22
                 	STD  Y+@0+3,R23
                 	.ENDM
                 
                 	.MACRO __PUTD2S
                 	STD  Y+@0,R26
                 	STD  Y+@0+1,R27
                 	STD  Y+@0+2,R24
                 	STD  Y+@0+3,R25
                 	.ENDM
                 
                 	.MACRO __PUTDZ2
                 	STD  Z+@0,R26
                 	STD  Z+@0+1,R27
                 	STD  Z+@0+2,R24
                 	STD  Z+@0+3,R25
                 	.ENDM
                 
                 	.MACRO __CLRD1S
                 	STD  Y+@0,R30
                 	STD  Y+@0+1,R30
                 	STD  Y+@0+2,R30
                 	STD  Y+@0+3,R30
                 	.ENDM
                 
                 	.MACRO __POINTB1MN
                 	LDI  R30,LOW(@0+(@1))
                 	.ENDM
                 
                 	.MACRO __POINTW1MN
                 	LDI  R30,LOW(@0+(@1))
                 	LDI  R31,HIGH(@0+(@1))
                 	.ENDM
                 
                 	.MACRO __POINTD1M
                 	LDI  R30,LOW(@0)
                 	LDI  R31,HIGH(@0)
                 	LDI  R22,BYTE3(@0)
                 	LDI  R23,BYTE4(@0)
                 	.ENDM
                 
                 	.MACRO __POINTW1FN
                 	LDI  R30,LOW(2*@0+(@1))
                 	LDI  R31,HIGH(2*@0+(@1))
                 	.ENDM
                 
                 	.MACRO __POINTD1FN
                 	LDI  R30,LOW(2*@0+(@1))
                 	LDI  R31,HIGH(2*@0+(@1))
                 	LDI  R22,BYTE3(2*@0+(@1))
                 	LDI  R23,BYTE4(2*@0+(@1))
                 	.ENDM
                 
                 	.MACRO __POINTB2MN
                 	LDI  R26,LOW(@0+(@1))
                 	.ENDM
                 
                 	.MACRO __POINTW2MN
                 	LDI  R26,LOW(@0+(@1))
                 	LDI  R27,HIGH(@0+(@1))
                 	.ENDM
                 
                 	.MACRO __POINTW2FN
                 	LDI  R26,LOW(2*@0+(@1))
                 	LDI  R27,HIGH(2*@0+(@1))
                 	.ENDM
                 
                 	.MACRO __POINTD2FN
                 	LDI  R26,LOW(2*@0+(@1))
                 	LDI  R27,HIGH(2*@0+(@1))
                 	LDI  R24,BYTE3(2*@0+(@1))
                 	LDI  R25,BYTE4(2*@0+(@1))
                 	.ENDM
                 
                 	.MACRO __POINTBRM
                 	LDI  R@0,LOW(@1)
                 	.ENDM
                 
                 	.MACRO __POINTWRM
                 	LDI  R@0,LOW(@2)
                 	LDI  R@1,HIGH(@2)
                 	.ENDM
                 
                 	.MACRO __POINTBRMN
                 	LDI  R@0,LOW(@1+(@2))
                 	.ENDM
                 
                 	.MACRO __POINTWRMN
                 	LDI  R@0,LOW(@2+(@3))
                 	LDI  R@1,HIGH(@2+(@3))
                 	.ENDM
                 
                 	.MACRO __POINTWRFN
                 	LDI  R@0,LOW(@2*2+(@3))
                 	LDI  R@1,HIGH(@2*2+(@3))
                 	.ENDM
                 
                 	.MACRO __GETD1N
                 	LDI  R30,LOW(@0)
                 	LDI  R31,HIGH(@0)
                 	LDI  R22,BYTE3(@0)
                 	LDI  R23,BYTE4(@0)
                 	.ENDM
                 
                 	.MACRO __GETD2N
                 	LDI  R26,LOW(@0)
                 	LDI  R27,HIGH(@0)
                 	LDI  R24,BYTE3(@0)
                 	LDI  R25,BYTE4(@0)
                 	.ENDM
                 
                 	.MACRO __GETB1MN
                 	LDS  R30,@0+(@1)
                 	.ENDM
                 
                 	.MACRO __GETB1HMN
                 	LDS  R31,@0+(@1)
                 	.ENDM
                 
                 	.MACRO __GETW1MN
                 	LDS  R30,@0+(@1)
                 	LDS  R31,@0+(@1)+1
                 	.ENDM
                 
                 	.MACRO __GETD1MN
                 	LDS  R30,@0+(@1)
                 	LDS  R31,@0+(@1)+1
                 	LDS  R22,@0+(@1)+2
                 	LDS  R23,@0+(@1)+3
                 	.ENDM
                 
                 	.MACRO __GETBRMN
                 	LDS  R@0,@1+(@2)
                 	.ENDM
                 
                 	.MACRO __GETWRMN
                 	LDS  R@0,@2+(@3)
                 	LDS  R@1,@2+(@3)+1
                 	.ENDM
                 
                 	.MACRO __GETWRZ
                 	LDD  R@0,Z+@2
                 	LDD  R@1,Z+@2+1
                 	.ENDM
                 
                 	.MACRO __GETD2Z
                 	LDD  R26,Z+@0
                 	LDD  R27,Z+@0+1
                 	LDD  R24,Z+@0+2
                 	LDD  R25,Z+@0+3
                 	.ENDM
                 
                 	.MACRO __GETB2MN
                 	LDS  R26,@0+(@1)
                 	.ENDM
                 
                 	.MACRO __GETW2MN
                 	LDS  R26,@0+(@1)
                 	LDS  R27,@0+(@1)+1
                 	.ENDM
                 
                 	.MACRO __GETD2MN
                 	LDS  R26,@0+(@1)
                 	LDS  R27,@0+(@1)+1
                 	LDS  R24,@0+(@1)+2
                 	LDS  R25,@0+(@1)+3
                 	.ENDM
                 
                 	.MACRO __PUTB1MN
                 	STS  @0+(@1),R30
                 	.ENDM
                 
                 	.MACRO __PUTW1MN
                 	STS  @0+(@1),R30
                 	STS  @0+(@1)+1,R31
                 	.ENDM
                 
                 	.MACRO __PUTD1MN
                 	STS  @0+(@1),R30
                 	STS  @0+(@1)+1,R31
                 	STS  @0+(@1)+2,R22
                 	STS  @0+(@1)+3,R23
                 	.ENDM
                 
                 	.MACRO __PUTB1EN
                 	LDI  R26,LOW(@0+(@1))
                 	LDI  R27,HIGH(@0+(@1))
                 	CALL __EEPROMWRB
                 	.ENDM
                 
                 	.MACRO __PUTW1EN
                 	LDI  R26,LOW(@0+(@1))
                 	LDI  R27,HIGH(@0+(@1))
                 	CALL __EEPROMWRW
                 	.ENDM
                 
                 	.MACRO __PUTD1EN
                 	LDI  R26,LOW(@0+(@1))
                 	LDI  R27,HIGH(@0+(@1))
                 	CALL __EEPROMWRD
                 	.ENDM
                 
                 	.MACRO __PUTBR0MN
                 	STS  @0+(@1),R0
                 	.ENDM
                 
                 	.MACRO __PUTBMRN
                 	STS  @0+(@1),R@2
                 	.ENDM
                 
                 	.MACRO __PUTWMRN
                 	STS  @0+(@1),R@2
                 	STS  @0+(@1)+1,R@3
                 	.ENDM
                 
                 	.MACRO __PUTBZR
                 	STD  Z+@1,R@0
                 	.ENDM
                 
                 	.MACRO __PUTWZR
                 	STD  Z+@2,R@0
                 	STD  Z+@2+1,R@1
                 	.ENDM
                 
                 	.MACRO __GETW1R
                 	MOV  R30,R@0
                 	MOV  R31,R@1
                 	.ENDM
                 
                 	.MACRO __GETW2R
                 	MOV  R26,R@0
                 	MOV  R27,R@1
                 	.ENDM
                 
                 	.MACRO __GETWRN
                 	LDI  R@0,LOW(@2)
                 	LDI  R@1,HIGH(@2)
                 	.ENDM
                 
                 	.MACRO __PUTW1R
                 	MOV  R@0,R30
                 	MOV  R@1,R31
                 	.ENDM
                 
                 	.MACRO __PUTW2R
                 	MOV  R@0,R26
                 	MOV  R@1,R27
                 	.ENDM
                 
                 	.MACRO __ADDWRN
                 	SUBI R@0,LOW(-@2)
                 	SBCI R@1,HIGH(-@2)
                 	.ENDM
                 
                 	.MACRO __ADDWRR
                 	ADD  R@0,R@2
                 	ADC  R@1,R@3
                 	.ENDM
                 
                 	.MACRO __SUBWRN
                 	SUBI R@0,LOW(@2)
                 	SBCI R@1,HIGH(@2)
                 	.ENDM
                 
                 	.MACRO __SUBWRR
                 	SUB  R@0,R@2
                 	SBC  R@1,R@3
                 	.ENDM
                 
                 	.MACRO __ANDWRN
                 	ANDI R@0,LOW(@2)
                 	ANDI R@1,HIGH(@2)
                 	.ENDM
                 
                 	.MACRO __ANDWRR
                 	AND  R@0,R@2
                 	AND  R@1,R@3
                 	.ENDM
                 
                 	.MACRO __ORWRN
                 	ORI  R@0,LOW(@2)
                 	ORI  R@1,HIGH(@2)
                 	.ENDM
                 
                 	.MACRO __ORWRR
                 	OR   R@0,R@2
                 	OR   R@1,R@3
                 	.ENDM
                 
                 	.MACRO __EORWRR
                 	EOR  R@0,R@2
                 	EOR  R@1,R@3
                 	.ENDM
                 
                 	.MACRO __GETWRS
                 	LDD  R@0,Y+@2
                 	LDD  R@1,Y+@2+1
                 	.ENDM
                 
                 	.MACRO __PUTBSR
                 	STD  Y+@1,R@0
                 	.ENDM
                 
                 	.MACRO __PUTWSR
                 	STD  Y+@2,R@0
                 	STD  Y+@2+1,R@1
                 	.ENDM
                 
                 	.MACRO __MOVEWRR
                 	MOV  R@0,R@2
                 	MOV  R@1,R@3
                 	.ENDM
                 
                 	.MACRO __INWR
                 	IN   R@0,@2
                 	IN   R@1,@2+1
                 	.ENDM
                 
                 	.MACRO __OUTWR
                 	OUT  @2+1,R@1
                 	OUT  @2,R@0
                 	.ENDM
                 
                 	.MACRO __CALL1MN
                 	LDS  R30,@0+(@1)
                 	LDS  R31,@0+(@1)+1
                 	ICALL
                 	.ENDM
                 
                 	.MACRO __CALL1FN
                 	LDI  R30,LOW(2*@0+(@1))
                 	LDI  R31,HIGH(2*@0+(@1))
                 	CALL __GETW1PF
                 	ICALL
                 	.ENDM
                 
                 	.MACRO __CALL2EN
                 	PUSH R26
                 	PUSH R27
                 	LDI  R26,LOW(@0+(@1))
                 	LDI  R27,HIGH(@0+(@1))
                 	CALL __EEPROMRDW
                 	POP  R27
                 	POP  R26
                 	ICALL
                 	.ENDM
                 
                 	.MACRO __CALL2EX
                 	SUBI R26,LOW(-@0)
                 	SBCI R27,HIGH(-@0)
                 	CALL __EEPROMRDD
                 	ICALL
                 	.ENDM
                 
                 	.MACRO __GETW1STACK
                 	IN   R30,SPL
                 	IN   R31,SPH
                 	ADIW R30,@0+1
                 	LD   R0,Z+
                 	LD   R31,Z
                 	MOV  R30,R0
                 	.ENDM
                 
                 	.MACRO __GETD1STACK
                 	IN   R30,SPL
                 	IN   R31,SPH
                 	ADIW R30,@0+1
                 	LD   R0,Z+
                 	LD   R1,Z+
                 	LD   R22,Z
                 	MOVW R30,R0
                 	.ENDM
                 
                 	.MACRO __NBST
                 	BST  R@0,@1
                 	IN   R30,SREG
                 	LDI  R31,0x40
                 	EOR  R30,R31
                 	OUT  SREG,R30
                 	.ENDM
                 
                 
                 	.MACRO __PUTB1SN
                 	LDD  R26,Y+@0
                 	LDD  R27,Y+@0+1
                 	SUBI R26,LOW(-@1)
                 	SBCI R27,HIGH(-@1)
                 	ST   X,R30
                 	.ENDM
                 
                 	.MACRO __PUTW1SN
                 	LDD  R26,Y+@0
                 	LDD  R27,Y+@0+1
                 	SUBI R26,LOW(-@1)
                 	SBCI R27,HIGH(-@1)
                 	ST   X+,R30
                 	ST   X,R31
                 	.ENDM
                 
                 	.MACRO __PUTD1SN
                 	LDD  R26,Y+@0
                 	LDD  R27,Y+@0+1
                 	SUBI R26,LOW(-@1)
                 	SBCI R27,HIGH(-@1)
                 	CALL __PUTDP1
                 	.ENDM
                 
                 	.MACRO __PUTB1SNS
                 	LDD  R26,Y+@0
                 	LDD  R27,Y+@0+1
                 	ADIW R26,@1
                 	ST   X,R30
                 	.ENDM
                 
                 	.MACRO __PUTW1SNS
                 	LDD  R26,Y+@0
                 	LDD  R27,Y+@0+1
                 	ADIW R26,@1
                 	ST   X+,R30
                 	ST   X,R31
                 	.ENDM
                 
                 	.MACRO __PUTD1SNS
                 	LDD  R26,Y+@0
                 	LDD  R27,Y+@0+1
                 	ADIW R26,@1
                 	CALL __PUTDP1
                 	.ENDM
                 
                 	.MACRO __PUTB1PMN
                 	LDS  R26,@0
                 	LDS  R27,@0+1
                 	SUBI R26,LOW(-@1)
                 	SBCI R27,HIGH(-@1)
                 	ST   X,R30
                 	.ENDM
                 
                 	.MACRO __PUTW1PMN
                 	LDS  R26,@0
                 	LDS  R27,@0+1
                 	SUBI R26,LOW(-@1)
                 	SBCI R27,HIGH(-@1)
                 	ST   X+,R30
                 	ST   X,R31
                 	.ENDM
                 
                 	.MACRO __PUTD1PMN
                 	LDS  R26,@0
                 	LDS  R27,@0+1
                 	SUBI R26,LOW(-@1)
                 	SBCI R27,HIGH(-@1)
                 	CALL __PUTDP1
                 	.ENDM
                 
                 	.MACRO __PUTB1PMNS
                 	LDS  R26,@0
                 	LDS  R27,@0+1
                 	ADIW R26,@1
                 	ST   X,R30
                 	.ENDM
                 
                 	.MACRO __PUTW1PMNS
                 	LDS  R26,@0
                 	LDS  R27,@0+1
                 	ADIW R26,@1
                 	ST   X+,R30
                 	ST   X,R31
                 	.ENDM
                 
                 	.MACRO __PUTD1PMNS
                 	LDS  R26,@0
                 	LDS  R27,@0+1
                 	ADIW R26,@1
                 	CALL __PUTDP1
                 	.ENDM
                 
                 	.MACRO __PUTB1RN
                 	MOVW R26,R@0
                 	SUBI R26,LOW(-@1)
                 	SBCI R27,HIGH(-@1)
                 	ST   X,R30
                 	.ENDM
                 
                 	.MACRO __PUTW1RN
                 	MOVW R26,R@0
                 	SUBI R26,LOW(-@1)
                 	SBCI R27,HIGH(-@1)
                 	ST   X+,R30
                 	ST   X,R31
                 	.ENDM
                 
                 	.MACRO __PUTD1RN
                 	MOVW R26,R@0
                 	SUBI R26,LOW(-@1)
                 	SBCI R27,HIGH(-@1)
                 	CALL __PUTDP1
                 	.ENDM
                 
                 	.MACRO __PUTB1RNS
                 	MOVW R26,R@0
                 	ADIW R26,@1
                 	ST   X,R30
                 	.ENDM
                 
                 	.MACRO __PUTW1RNS
                 	MOVW R26,R@0
                 	ADIW R26,@1
                 	ST   X+,R30
                 	ST   X,R31
                 	.ENDM
                 
                 	.MACRO __PUTD1RNS
                 	MOVW R26,R@0
                 	ADIW R26,@1
                 	CALL __PUTDP1
                 	.ENDM
                 
                 	.MACRO __PUTB1RON
                 	MOV  R26,R@0
                 	MOV  R27,R@1
                 	SUBI R26,LOW(-@2)
                 	SBCI R27,HIGH(-@2)
                 	ST   X,R30
                 	.ENDM
                 
                 	.MACRO __PUTW1RON
                 	MOV  R26,R@0
                 	MOV  R27,R@1
                 	SUBI R26,LOW(-@2)
                 	SBCI R27,HIGH(-@2)
                 	ST   X+,R30
                 	ST   X,R31
                 	.ENDM
                 
                 	.MACRO __PUTD1RON
                 	MOV  R26,R@0
                 	MOV  R27,R@1
                 	SUBI R26,LOW(-@2)
                 	SBCI R27,HIGH(-@2)
                 	CALL __PUTDP1
                 	.ENDM
                 
                 	.MACRO __PUTB1RONS
                 	MOV  R26,R@0
                 	MOV  R27,R@1
                 	ADIW R26,@2
                 	ST   X,R30
                 	.ENDM
                 
                 	.MACRO __PUTW1RONS
                 	MOV  R26,R@0
                 	MOV  R27,R@1
                 	ADIW R26,@2
                 	ST   X+,R30
                 	ST   X,R31
                 	.ENDM
                 
                 	.MACRO __PUTD1RONS
                 	MOV  R26,R@0
                 	MOV  R27,R@1
                 	ADIW R26,@2
                 	CALL __PUTDP1
                 	.ENDM
                 
                 
                 	.MACRO __GETB1SX
                 	MOVW R30,R28
                 	SUBI R30,LOW(-@0)
                 	SBCI R31,HIGH(-@0)
                 	LD   R30,Z
                 	.ENDM
                 
                 	.MACRO __GETB1HSX
                 	MOVW R30,R28
                 	SUBI R30,LOW(-@0)
                 	SBCI R31,HIGH(-@0)
                 	LD   R31,Z
                 	.ENDM
                 
                 	.MACRO __GETW1SX
                 	MOVW R30,R28
                 	SUBI R30,LOW(-@0)
                 	SBCI R31,HIGH(-@0)
                 	LD   R0,Z+
                 	LD   R31,Z
                 	MOV  R30,R0
                 	.ENDM
                 
                 	.MACRO __GETD1SX
                 	MOVW R30,R28
                 	SUBI R30,LOW(-@0)
                 	SBCI R31,HIGH(-@0)
                 	LD   R0,Z+
                 	LD   R1,Z+
                 	LD   R22,Z+
                 	LD   R23,Z
                 	MOVW R30,R0
                 	.ENDM
                 
                 	.MACRO __GETB2SX
                 	MOVW R26,R28
                 	SUBI R26,LOW(-@0)
                 	SBCI R27,HIGH(-@0)
                 	LD   R26,X
                 	.ENDM
                 
                 	.MACRO __GETW2SX
                 	MOVW R26,R28
                 	SUBI R26,LOW(-@0)
                 	SBCI R27,HIGH(-@0)
                 	LD   R0,X+
                 	LD   R27,X
                 	MOV  R26,R0
                 	.ENDM
                 
                 	.MACRO __GETD2SX
                 	MOVW R26,R28
                 	SUBI R26,LOW(-@0)
                 	SBCI R27,HIGH(-@0)
                 	LD   R0,X+
                 	LD   R1,X+
                 	LD   R24,X+
                 	LD   R25,X
                 	MOVW R26,R0
                 	.ENDM
                 
                 	.MACRO __GETBRSX
                 	MOVW R30,R28
                 	SUBI R30,LOW(-@1)
                 	SBCI R31,HIGH(-@1)
                 	LD   R@0,Z
                 	.ENDM
                 
                 	.MACRO __GETWRSX
                 	MOVW R30,R28
                 	SUBI R30,LOW(-@2)
                 	SBCI R31,HIGH(-@2)
                 	LD   R@0,Z+
                 	LD   R@1,Z
                 	.ENDM
                 
                 	.MACRO __GETBRSX2
                 	MOVW R26,R28
                 	SUBI R26,LOW(-@1)
                 	SBCI R27,HIGH(-@1)
                 	LD   R@0,X
                 	.ENDM
                 
                 	.MACRO __GETWRSX2
                 	MOVW R26,R28
                 	SUBI R26,LOW(-@2)
                 	SBCI R27,HIGH(-@2)
                 	LD   R@0,X+
                 	LD   R@1,X
                 	.ENDM
                 
                 	.MACRO __LSLW8SX
                 	MOVW R30,R28
                 	SUBI R30,LOW(-@0)
                 	SBCI R31,HIGH(-@0)
                 	LD   R31,Z
                 	CLR  R30
                 	.ENDM
                 
                 	.MACRO __PUTB1SX
                 	MOVW R26,R28
                 	SUBI R26,LOW(-@0)
                 	SBCI R27,HIGH(-@0)
                 	ST   X,R30
                 	.ENDM
                 
                 	.MACRO __PUTW1SX
                 	MOVW R26,R28
                 	SUBI R26,LOW(-@0)
                 	SBCI R27,HIGH(-@0)
                 	ST   X+,R30
                 	ST   X,R31
                 	.ENDM
                 
                 	.MACRO __PUTD1SX
                 	MOVW R26,R28
                 	SUBI R26,LOW(-@0)
                 	SBCI R27,HIGH(-@0)
                 	ST   X+,R30
                 	ST   X+,R31
                 	ST   X+,R22
                 	ST   X,R23
                 	.ENDM
                 
                 	.MACRO __CLRW1SX
                 	MOVW R26,R28
                 	SUBI R26,LOW(-@0)
                 	SBCI R27,HIGH(-@0)
                 	ST   X+,R30
                 	ST   X,R30
                 	.ENDM
                 
                 	.MACRO __CLRD1SX
                 	MOVW R26,R28
                 	SUBI R26,LOW(-@0)
                 	SBCI R27,HIGH(-@0)
                 	ST   X+,R30
                 	ST   X+,R30
                 	ST   X+,R30
                 	ST   X,R30
                 	.ENDM
                 
                 	.MACRO __PUTB2SX
                 	MOVW R30,R28
                 	SUBI R30,LOW(-@0)
                 	SBCI R31,HIGH(-@0)
                 	ST   Z,R26
                 	.ENDM
                 
                 	.MACRO __PUTW2SX
                 	MOVW R30,R28
                 	SUBI R30,LOW(-@0)
                 	SBCI R31,HIGH(-@0)
                 	ST   Z+,R26
                 	ST   Z,R27
                 	.ENDM
                 
                 	.MACRO __PUTD2SX
                 	MOVW R30,R28
                 	SUBI R30,LOW(-@0)
                 	SBCI R31,HIGH(-@0)
                 	ST   Z+,R26
                 	ST   Z+,R27
                 	ST   Z+,R24
                 	ST   Z,R25
                 	.ENDM
                 
                 	.MACRO __PUTBSRX
                 	MOVW R30,R28
                 	SUBI R30,LOW(-@1)
                 	SBCI R31,HIGH(-@1)
                 	ST   Z,R@0
                 	.ENDM
                 
                 	.MACRO __PUTWSRX
                 	MOVW R30,R28
                 	SUBI R30,LOW(-@2)
                 	SBCI R31,HIGH(-@2)
                 	ST   Z+,R@0
                 	ST   Z,R@1
                 	.ENDM
                 
                 	.MACRO __PUTB1SNX
                 	MOVW R26,R28
                 	SUBI R26,LOW(-@0)
                 	SBCI R27,HIGH(-@0)
                 	LD   R0,X+
                 	LD   R27,X
                 	MOV  R26,R0
                 	SUBI R26,LOW(-@1)
                 	SBCI R27,HIGH(-@1)
                 	ST   X,R30
                 	.ENDM
                 
                 	.MACRO __PUTW1SNX
                 	MOVW R26,R28
                 	SUBI R26,LOW(-@0)
                 	SBCI R27,HIGH(-@0)
                 	LD   R0,X+
                 	LD   R27,X
                 	MOV  R26,R0
                 	SUBI R26,LOW(-@1)
                 	SBCI R27,HIGH(-@1)
                 	ST   X+,R30
                 	ST   X,R31
                 	.ENDM
                 
                 	.MACRO __PUTD1SNX
                 	MOVW R26,R28
                 	SUBI R26,LOW(-@0)
                 	SBCI R27,HIGH(-@0)
                 	LD   R0,X+
                 	LD   R27,X
                 	MOV  R26,R0
                 	SUBI R26,LOW(-@1)
                 	SBCI R27,HIGH(-@1)
                 	ST   X+,R30
                 	ST   X+,R31
                 	ST   X+,R22
                 	ST   X,R23
                 	.ENDM
                 
                 	.MACRO __MULBRR
                 	MULS R@0,R@1
                 	MOVW R30,R0
                 	.ENDM
                 
                 	.MACRO __MULBRRU
                 	MUL  R@0,R@1
                 	MOVW R30,R0
                 	.ENDM
                 
                 	.MACRO __MULBRR0
                 	MULS R@0,R@1
                 	.ENDM
                 
                 	.MACRO __MULBRRU0
                 	MUL  R@0,R@1
                 	.ENDM
                 
                 	.MACRO __MULBNWRU
                 	LDI  R26,@2
                 	MUL  R26,R@0
                 	MOVW R30,R0
                 	MUL  R26,R@1
                 	ADD  R31,R0
                 	.ENDM
                 
                 ;NAME DEFINITIONS FOR GLOBAL VARIABLES ALLOCATED TO REGISTERS
                 	.DEF __lcd_x=R5
                 	.DEF __lcd_y=R4
                 	.DEF __lcd_maxx=R7
                 
                 	.CSEG
                 	.ORG 0x00
                 
                 ;START OF CODE MARKER
                 __START_OF_CODE:
                 
                 ;INTERRUPT VECTORS
000000 940c 0069 	JMP  __RESET
000002 940c 0000 	JMP  0x00
000004 940c 00d2 	JMP  _ext_int1_isr
000006 940c 0000 	JMP  0x00
000008 940c 0000 	JMP  0x00
00000a 940c 0000 	JMP  0x00
00000c 940c 0000 	JMP  0x00
00000e 940c 0000 	JMP  0x00
000010 940c 0000 	JMP  0x00
000012 940c 00f8 	JMP  _timer0_ovf_isr
000014 940c 0000 	JMP  0x00
000016 940c 0000 	JMP  0x00
000018 940c 0000 	JMP  0x00
00001a 940c 0000 	JMP  0x00
00001c 940c 0000 	JMP  0x00
00001e 940c 0000 	JMP  0x00
000020 940c 0000 	JMP  0x00
000022 940c 0000 	JMP  0x00
000024 940c 0000 	JMP  0x00
000026 940c 0000 	JMP  0x00
000028 940c 0000 	JMP  0x00
                 
                 _tbl10_G101:
00002a 2710
00002b 03e8
00002c 0064
00002d 000a      	.DB  0x10,0x27,0xE8,0x3,0x64,0x0,0xA,0x0
00002e 0001      	.DB  0x1,0x0
                 _tbl16_G101:
00002f 1000
000030 0100
000031 0010
000032 0001      	.DB  0x0,0x10,0x0,0x1,0x10,0x0,0x1,0x0
                 
                 _0x4:
000033 0160      	.DB  LOW(_0x3),HIGH(_0x3)
                 _0x6:
000034 0163      	.DB  LOW(_0x5),HIGH(_0x5)
                 _0x8:
000035 0166      	.DB  LOW(_0x7),HIGH(_0x7)
                 _0xA:
000036 0169      	.DB  LOW(_0x9),HIGH(_0x9)
                 _0x0:
000037 3030
C:\Users\farkoo\Documents\codevision\1\Debug\List\Lab4_Qst_1.asm(1136): warning: .cseg .db misalignment - padding zero byte
000038 0000      	.DB  0x30,0x30,0x0
                 _0x60000:
000039 3a30
00003a 3a30
00003b 3a30
00003c 0030      	.DB  0x30,0x3A,0x30,0x3A,0x30,0x3A,0x30,0x0
00003d 6425
00003e 3a00
C:\Users\farkoo\Documents\codevision\1\Debug\List\Lab4_Qst_1.asm(1139): warning: .cseg .db misalignment - padding zero byte
00003f 0000      	.DB  0x25,0x64,0x0,0x3A,0x0
                 _0x2000003:
000040 c080      	.DB  0x80,0xC0
                 
                 __GLOBAL_INI_TBL:
000041 0003      	.DW  0x03
000042 0160      	.DW  _0x3
000043 006e      	.DW  _0x0*2
                 
000044 0002      	.DW  0x02
000045 017f      	.DW  _ms_str
000046 0066      	.DW  _0x4*2
                 
000047 0003      	.DW  0x03
000048 0163      	.DW  _0x5
000049 006e      	.DW  _0x0*2
                 
00004a 0002      	.DW  0x02
00004b 0181      	.DW  _sec_str
00004c 0068      	.DW  _0x6*2
                 
00004d 0003      	.DW  0x03
00004e 0166      	.DW  _0x7
00004f 006e      	.DW  _0x0*2
                 
000050 0002      	.DW  0x02
000051 0183      	.DW  _min_str
000052 006a      	.DW  _0x8*2
                 
000053 0003      	.DW  0x03
000054 0169      	.DW  _0x9
000055 006e      	.DW  _0x0*2
                 
000056 0002      	.DW  0x02
000057 0185      	.DW  _hour_str
000058 006c      	.DW  _0xA*2
                 
000059 0008      	.DW  0x08
00005a 016c      	.DW  _0x6000B
00005b 0072      	.DW  _0x60000*2
                 
00005c 0002      	.DW  0x02
00005d 0174      	.DW  _0x60010
00005e 007d      	.DW  _0x60000*2+11
                 
00005f 0002      	.DW  0x02
000060 0176      	.DW  _0x60010+2
000061 007d      	.DW  _0x60000*2+11
                 
000062 0002      	.DW  0x02
000063 0178      	.DW  _0x60010+4
000064 007d      	.DW  _0x60000*2+11
                 
000065 0002      	.DW  0x02
000066 0187      	.DW  __base_y_G100
000067 0080      	.DW  _0x2000003*2
                 
                 _0xFFFFFFFF:
000068 0000      	.DW  0
                 
                 #define __GLOBAL_INI_TBL_PRESENT 1
                 
                 __RESET:
000069 94f8      	CLI
00006a 27ee      	CLR  R30
00006b bbec      	OUT  EECR,R30
                 
                 ;INTERRUPT VECTORS ARE PLACED
                 ;AT THE START OF FLASH
00006c e0f1      	LDI  R31,1
00006d bffb      	OUT  GICR,R31
00006e bfeb      	OUT  GICR,R30
00006f bfe5      	OUT  MCUCR,R30
                 
                 ;CLEAR R2-R14
000070 e08d      	LDI  R24,(14-2)+1
000071 e0a2      	LDI  R26,2
000072 27bb      	CLR  R27
                 __CLEAR_REG:
000073 93ed      	ST   X+,R30
000074 958a      	DEC  R24
000075 f7e9      	BRNE __CLEAR_REG
                 
                 ;CLEAR SRAM
000076 e080      	LDI  R24,LOW(__CLEAR_SRAM_SIZE)
000077 e094      	LDI  R25,HIGH(__CLEAR_SRAM_SIZE)
000078 e6a0      	LDI  R26,__SRAM_START
                 __CLEAR_SRAM:
000079 93ed      	ST   X+,R30
00007a 9701      	SBIW R24,1
00007b f7e9      	BRNE __CLEAR_SRAM
                 
                 ;GLOBAL VARIABLES INITIALIZATION
00007c e8e2      	LDI  R30,LOW(__GLOBAL_INI_TBL*2)
00007d e0f0      	LDI  R31,HIGH(__GLOBAL_INI_TBL*2)
                 __GLOBAL_INI_NEXT:
00007e 9185      	LPM  R24,Z+
00007f 9195      	LPM  R25,Z+
000080 9700      	SBIW R24,0
000081 f061      	BREQ __GLOBAL_INI_END
000082 91a5      	LPM  R26,Z+
000083 91b5      	LPM  R27,Z+
000084 9005      	LPM  R0,Z+
000085 9015      	LPM  R1,Z+
000086 01bf      	MOVW R22,R30
000087 01f0      	MOVW R30,R0
                 __GLOBAL_INI_LOOP:
000088 9005      	LPM  R0,Z+
000089 920d      	ST   X+,R0
00008a 9701      	SBIW R24,1
00008b f7e1      	BRNE __GLOBAL_INI_LOOP
00008c 01fb      	MOVW R30,R22
00008d cff0      	RJMP __GLOBAL_INI_NEXT
                 __GLOBAL_INI_END:
                 
                 ;HARDWARE STACK POINTER INITIALIZATION
00008e e5ef      	LDI  R30,LOW(__SRAM_END-__HEAP_SIZE)
00008f bfed      	OUT  SPL,R30
000090 e0e4      	LDI  R30,HIGH(__SRAM_END-__HEAP_SIZE)
000091 bfee      	OUT  SPH,R30
                 
                 ;DATA STACK POINTER INITIALIZATION
000092 e6c0      	LDI  R28,LOW(__SRAM_START+__DSTACK_SIZE)
000093 e0d1      	LDI  R29,HIGH(__SRAM_START+__DSTACK_SIZE)
                 
000094 940c 0096 	JMP  _main
                 
                 	.ESEG
                 	.ORG 0
                 
                 	.DSEG
                 	.ORG 0x160
                 
                 	.CSEG
                 ;/*******************************************************
                 ;This program was created by the
                 ;CodeWizardAVR V3.12 Advanced
                 ;Automatic Program Generator
                 ;© Copyright 1998-2014 Pavel Haiduc, HP InfoTech s.r.l.
                 ;http://www.hpinfotech.com
                 ;
                 ;Project :
                 ;Version :
                 ;Date    : 3/29/2021
                 ;Author  :
                 ;Company :
                 ;Comments:
                 ;
                 ;
                 ;Chip type               : ATmega16
                 ;Program type            : Application
                 ;AVR Core Clock frequency: 8.000000 MHz
                 ;Memory model            : Small
                 ;External RAM size       : 0
                 ;Data Stack size         : 256
                 ;*******************************************************/
                 ;
                 ;#include <header.h>
                 	#ifndef __SLEEP_DEFINED__
                 	#define __SLEEP_DEFINED__
                 	.EQU __se_bit=0x40
                 	.EQU __sm_mask=0xB0
                 	.EQU __sm_powerdown=0x20
                 	.EQU __sm_powersave=0x30
                 	.EQU __sm_standby=0xA0
                 	.EQU __sm_ext_standby=0xB0
                 	.EQU __sm_adc_noise_red=0x10
                 	.SET power_ctrl_reg=mcucr
                 	#endif
                 ;
                 ;// Global Variable
                 ;char ms = 0;
                 ;char sec = 0;
                 ;char min = 0;
                 ;char hour = 0;
                 ;char flag = 0;
                 ;
                 ;unsigned char* ms_str = "00";
                 
                 	.DSEG
                 _0x3:
000160           	.BYTE 0x3
                 ;unsigned char* sec_str = "00";
                 _0x5:
000163           	.BYTE 0x3
                 ;unsigned char* min_str = "00";
                 _0x7:
000166           	.BYTE 0x3
                 ;unsigned char* hour_str = "00";
                 _0x9:
000169           	.BYTE 0x3
                 ;
                 ;void main(void)
                 ; 0000 0027 {
                 
                 	.CSEG
                 _main:
                 ; .FSTART _main
                 ; 0000 0028     // Declare your local variables here
                 ; 0000 0029     init();
000096 d005      	RCALL _init
                 ; 0000 002A 
                 ; 0000 002B 
                 ; 0000 002C 
                 ; 0000 002D     // Global enable interrupts
                 ; 0000 002E     #asm("sei")
000097 9478      	sei
                 ; 0000 002F     DDRB = 0x00;
000098 e0e0      	LDI  R30,LOW(0)
000099 bbe7      	OUT  0x17,R30
                 ; 0000 0030     while (1)
                 _0xB:
                 ; 0000 0031       {
                 ; 0000 0032       // Place your code here
                 ; 0000 0033 
                 ; 0000 0034       }
00009a cfff      	RJMP _0xB
                 ; 0000 0035 }
                 _0xE:
00009b cfff      	RJMP _0xE
                 ; .FEND
                 ;#include <header.h>
                 	#ifndef __SLEEP_DEFINED__
                 	#endif
                 ;
                 ;void init(void){
                 ; 0001 0003 void init(void){
                 
                 	.CSEG
                 _init:
                 ; .FSTART _init
                 ; 0001 0004     // Input/Output Ports initialization
                 ; 0001 0005     // Port A initialization
                 ; 0001 0006     // Function: Bit7=In Bit6=In Bit5=In Bit4=In Bit3=In Bit2=In Bit1=In Bit0=In
                 ; 0001 0007     DDRA=(0<<DDA7) | (0<<DDA6) | (0<<DDA5) | (0<<DDA4) | (0<<DDA3) | (0<<DDA2) | (0<<DDA1) | (0<<DDA0);
00009c e0e0      	LDI  R30,LOW(0)
00009d bbea      	OUT  0x1A,R30
                 ; 0001 0008     // State: Bit7=T Bit6=T Bit5=T Bit4=T Bit3=T Bit2=T Bit1=T Bit0=T
                 ; 0001 0009     PORTA=(0<<PORTA7) | (0<<PORTA6) | (0<<PORTA5) | (0<<PORTA4) | (0<<PORTA3) | (0<<PORTA2) | (0<<PORTA1) | (0<<PORTA0);
00009e bbeb      	OUT  0x1B,R30
                 ; 0001 000A 
                 ; 0001 000B     // Port B initialization
                 ; 0001 000C     // Function: Bit7=In Bit6=In Bit5=In Bit4=In Bit3=In Bit2=In Bit1=In Bit0=In
                 ; 0001 000D     DDRB=(0<<DDB7) | (0<<DDB6) | (0<<DDB5) | (0<<DDB4) | (0<<DDB3) | (0<<DDB2) | (0<<DDB1) | (0<<DDB0);
00009f bbe7      	OUT  0x17,R30
                 ; 0001 000E     // State: Bit7=T Bit6=T Bit5=T Bit4=T Bit3=T Bit2=T Bit1=T Bit0=T
                 ; 0001 000F     PORTB=(0<<PORTB7) | (0<<PORTB6) | (0<<PORTB5) | (0<<PORTB4) | (0<<PORTB3) | (0<<PORTB2) | (0<<PORTB1) | (0<<PORTB0);
0000a0 bbe8      	OUT  0x18,R30
                 ; 0001 0010 
                 ; 0001 0011     // Port C initialization
                 ; 0001 0012     // Function: Bit7=In Bit6=In Bit5=In Bit4=In Bit3=In Bit2=In Bit1=In Bit0=In
                 ; 0001 0013     DDRC=(0<<DDC7) | (0<<DDC6) | (0<<DDC5) | (0<<DDC4) | (0<<DDC3) | (0<<DDC2) | (0<<DDC1) | (0<<DDC0);
0000a1 bbe4      	OUT  0x14,R30
                 ; 0001 0014     // State: Bit7=T Bit6=T Bit5=T Bit4=T Bit3=T Bit2=T Bit1=T Bit0=T
                 ; 0001 0015     PORTC=(0<<PORTC7) | (0<<PORTC6) | (0<<PORTC5) | (0<<PORTC4) | (0<<PORTC3) | (0<<PORTC2) | (0<<PORTC1) | (0<<PORTC0);
0000a2 bbe5      	OUT  0x15,R30
                 ; 0001 0016 
                 ; 0001 0017     // Port D initialization
                 ; 0001 0018     // Function: Bit7=In Bit6=In Bit5=In Bit4=In Bit3=In Bit2=In Bit1=In Bit0=In
                 ; 0001 0019     DDRD=(0<<DDD7) | (0<<DDD6) | (0<<DDD5) | (0<<DDD4) | (0<<DDD3) | (0<<DDD2) | (0<<DDD1) | (0<<DDD0);
0000a3 bbe1      	OUT  0x11,R30
                 ; 0001 001A     // State: Bit7=T Bit6=T Bit5=T Bit4=T Bit3=T Bit2=T Bit1=T Bit0=T
                 ; 0001 001B     PORTD=(0<<PORTD7) | (0<<PORTD6) | (0<<PORTD5) | (0<<PORTD4) | (0<<PORTD3) | (0<<PORTD2) | (0<<PORTD1) | (0<<PORTD0);
0000a4 bbe2      	OUT  0x12,R30
                 ; 0001 001C 
                 ; 0001 001D 
                 ; 0001 001E     // External Interrupt(s) initialization
                 ; 0001 001F     // INT0: Off
                 ; 0001 0020     // INT1: On
                 ; 0001 0021     // INT1 Mode: Falling Edge
                 ; 0001 0022     // INT2: Off
                 ; 0001 0023     GICR|=(1<<INT1) | (0<<INT0) | (0<<INT2);
0000a5 b7eb      	IN   R30,0x3B
0000a6 68e0      	ORI  R30,0x80
0000a7 bfeb      	OUT  0x3B,R30
                 ; 0001 0024     MCUCR=(1<<ISC11) | (0<<ISC10) | (0<<ISC01) | (0<<ISC00);
0000a8 e0e8      	LDI  R30,LOW(8)
0000a9 bfe5      	OUT  0x35,R30
                 ; 0001 0025     MCUCSR=(0<<ISC2);
0000aa e0e0      	LDI  R30,LOW(0)
0000ab bfe4      	OUT  0x34,R30
                 ; 0001 0026     GIFR=(1<<INTF1) | (0<<INTF0) | (0<<INTF2);
0000ac e8e0      	LDI  R30,LOW(128)
0000ad bfea      	OUT  0x3A,R30
                 ; 0001 0027 
                 ; 0001 0028     // USART initialization
                 ; 0001 0029     // USART disabled
                 ; 0001 002A     UCSRB=(0<<RXCIE) | (0<<TXCIE) | (0<<UDRIE) | (0<<RXEN) | (0<<TXEN) | (0<<UCSZ2) | (0<<RXB8) | (0<<TXB8);
0000ae e0e0      	LDI  R30,LOW(0)
0000af b9ea      	OUT  0xA,R30
                 ; 0001 002B 
                 ; 0001 002C     // Analog Comparator initialization
                 ; 0001 002D     // Analog Comparator: Off
                 ; 0001 002E     // The Analog Comparator's positive input is
                 ; 0001 002F     // connected to the AIN0 pin
                 ; 0001 0030     // The Analog Comparator's negative input is
                 ; 0001 0031     // connected to the AIN1 pin
                 ; 0001 0032     ACSR=(1<<ACD) | (0<<ACBG) | (0<<ACO) | (0<<ACI) | (0<<ACIE) | (0<<ACIC) | (0<<ACIS1) | (0<<ACIS0);
0000b0 e8e0      	LDI  R30,LOW(128)
0000b1 b9e8      	OUT  0x8,R30
                 ; 0001 0033     SFIOR=(0<<ACME);
0000b2 e0e0      	LDI  R30,LOW(0)
0000b3 bfe0      	OUT  0x30,R30
                 ; 0001 0034 
                 ; 0001 0035     // ADC initialization
                 ; 0001 0036     // ADC disabled
                 ; 0001 0037     ADCSRA=(0<<ADEN) | (0<<ADSC) | (0<<ADATE) | (0<<ADIF) | (0<<ADIE) | (0<<ADPS2) | (0<<ADPS1) | (0<<ADPS0);
0000b4 b9e6      	OUT  0x6,R30
                 ; 0001 0038 
                 ; 0001 0039     // SPI initialization
                 ; 0001 003A     // SPI disabled
                 ; 0001 003B     SPCR=(0<<SPIE) | (0<<SPE) | (0<<DORD) | (0<<MSTR) | (0<<CPOL) | (0<<CPHA) | (0<<SPR1) | (0<<SPR0);
0000b5 b9ed      	OUT  0xD,R30
                 ; 0001 003C 
                 ; 0001 003D     // TWI initialization
                 ; 0001 003E     // TWI disabled
                 ; 0001 003F     TWCR=(0<<TWEA) | (0<<TWSTA) | (0<<TWSTO) | (0<<TWEN) | (0<<TWIE);
0000b6 bfe6      	OUT  0x36,R30
                 ; 0001 0040 
                 ; 0001 0041     // Alphanumeric LCD initialization
                 ; 0001 0042     // Connections are specified in the
                 ; 0001 0043     // Project|Configure|C Compiler|Libraries|Alphanumeric LCD menu:
                 ; 0001 0044     // RS - PORTC Bit 0
                 ; 0001 0045     // RD - PORTC Bit 1
                 ; 0001 0046     // EN - PORTC Bit 2
                 ; 0001 0047     // D4 - PORTC Bit 4
                 ; 0001 0048     // D5 - PORTC Bit 5
                 ; 0001 0049     // D6 - PORTC Bit 6
                 ; 0001 004A     // D7 - PORTC Bit 7
                 ; 0001 004B     // Characters/line: 16
                 ; 0001 004C     lcd_init(16);
0000b7 e1a0      	LDI  R26,LOW(16)
0000b8 940e 01de 	CALL _lcd_init
                 ; 0001 004D }
0000ba 9508      	RET
                 ; .FEND
                 ;#include <header.h>
                 	#ifndef __SLEEP_DEFINED__
                 	#endif
                 ;
                 ;void timer_init(void){
                 ; 0002 0003 void timer_init(void){
                 
                 	.CSEG
                 _timer_init:
                 ; .FSTART _timer_init
                 ; 0002 0004     // Timer/Counter 0 initialization
                 ; 0002 0005     // Clock source: System Clock
                 ; 0002 0006     // Clock value: 7.813 kHz
                 ; 0002 0007     // Mode: Normal top=0xFF
                 ; 0002 0008     // OC0 output: Disconnected
                 ; 0002 0009     // Timer Period: 9.984 ms
                 ; 0002 000A     TCCR0=(0<<WGM00) | (0<<COM01) | (0<<COM00) | (0<<WGM01) | (1<<CS02) | (0<<CS01) | (1<<CS00);
0000bb e0e5      	LDI  R30,LOW(5)
0000bc bfe3      	OUT  0x33,R30
                 ; 0002 000B     TCNT0=0xB2;
0000bd ebe2      	LDI  R30,LOW(178)
0000be bfe2      	OUT  0x32,R30
                 ; 0002 000C     OCR0=0x00;
0000bf e0e0      	LDI  R30,LOW(0)
0000c0 bfec      	OUT  0x3C,R30
                 ; 0002 000D 
                 ; 0002 000E     // Timer/Counter 1 initialization
                 ; 0002 000F     // Clock source: System Clock
                 ; 0002 0010     // Clock value: Timer1 Stopped
                 ; 0002 0011     // Mode: Normal top=0xFFFF
                 ; 0002 0012     // OC1A output: Disconnected
                 ; 0002 0013     // OC1B output: Disconnected
                 ; 0002 0014     // Noise Canceler: Off
                 ; 0002 0015     // Input Capture on Falling Edge
                 ; 0002 0016     // Timer1 Overflow Interrupt: Off
                 ; 0002 0017     // Input Capture Interrupt: Off
                 ; 0002 0018     // Compare A Match Interrupt: Off
                 ; 0002 0019     // Compare B Match Interrupt: Off
                 ; 0002 001A     TCCR1A=(0<<COM1A1) | (0<<COM1A0) | (0<<COM1B1) | (0<<COM1B0) | (0<<WGM11) | (0<<WGM10);
0000c1 bdef      	OUT  0x2F,R30
                 ; 0002 001B     TCCR1B=(0<<ICNC1) | (0<<ICES1) | (0<<WGM13) | (0<<WGM12) | (0<<CS12) | (0<<CS11) | (0<<CS10);
0000c2 bdee      	OUT  0x2E,R30
                 ; 0002 001C     TCNT1H=0x00;
0000c3 bded      	OUT  0x2D,R30
                 ; 0002 001D     TCNT1L=0x00;
0000c4 bdec      	OUT  0x2C,R30
                 ; 0002 001E     ICR1H=0x00;
0000c5 bde7      	OUT  0x27,R30
                 ; 0002 001F     ICR1L=0x00;
0000c6 bde6      	OUT  0x26,R30
                 ; 0002 0020     OCR1AH=0x00;
0000c7 bdeb      	OUT  0x2B,R30
                 ; 0002 0021     OCR1AL=0x00;
0000c8 bdea      	OUT  0x2A,R30
                 ; 0002 0022     OCR1BH=0x00;
0000c9 bde9      	OUT  0x29,R30
                 ; 0002 0023     OCR1BL=0x00;
0000ca bde8      	OUT  0x28,R30
                 ; 0002 0024 
                 ; 0002 0025     // Timer/Counter 2 initialization
                 ; 0002 0026     // Clock source: System Clock
                 ; 0002 0027     // Clock value: Timer2 Stopped
                 ; 0002 0028     // Mode: Normal top=0xFF
                 ; 0002 0029     // OC2 output: Disconnected
                 ; 0002 002A     ASSR=0<<AS2;
0000cb bde2      	OUT  0x22,R30
                 ; 0002 002B     TCCR2=(0<<PWM2) | (0<<COM21) | (0<<COM20) | (0<<CTC2) | (0<<CS22) | (0<<CS21) | (0<<CS20);
0000cc bde5      	OUT  0x25,R30
                 ; 0002 002C     TCNT2=0x00;
0000cd bde4      	OUT  0x24,R30
                 ; 0002 002D     OCR2=0x00;
0000ce bde3      	OUT  0x23,R30
                 ; 0002 002E 
                 ; 0002 002F     // Timer(s)/Counter(s) Interrupt(s) initialization
                 ; 0002 0030     TIMSK=(0<<OCIE2) | (0<<TOIE2) | (0<<TICIE1) | (0<<OCIE1A) | (0<<OCIE1B) | (0<<TOIE1) | (0<<OCIE0) | (1<<TOIE0);
0000cf e0e1      	LDI  R30,LOW(1)
0000d0 bfe9      	OUT  0x39,R30
                 ; 0002 0031 
                 ; 0002 0032 }
0000d1 9508      	RET
                 ; .FEND
                 ;#include <header.h>
                 	#ifndef __SLEEP_DEFINED__
                 	#endif
                 ;
                 ;// External Interrupt 1 service routine
                 ;interrupt [EXT_INT1] void ext_int1_isr(void)
                 ; 0003 0005 {
                 
                 	.CSEG
                 _ext_int1_isr:
                 ; .FSTART _ext_int1_isr
0000d2 940e 03cd 	CALL SUBOPT_0x0
                 ; 0003 0006     // Place your code here
                 ; 0003 0007     if(PINB.4 == 0){
0000d4 99b4      	SBIC 0x16,4
0000d5 c004      	RJMP _0x60003
                 ; 0003 0008         // timer start
                 ; 0003 0009         timer_init();
0000d6 dfe4      	RCALL _timer_init
                 ; 0003 000A         flag = 0;
0000d7 e0e0      	LDI  R30,LOW(0)
0000d8 93e0 017e 	STS  _flag,R30
                 ; 0003 000B     }
                 ; 0003 000C     if(PINB.5 == 0 && flag == 0){
                 _0x60003:
0000da 99b5      	SBIC 0x16,5
0000db c004      	RJMP _0x60005
0000dc 91a0 017e 	LDS  R26,_flag
0000de 30a0      	CPI  R26,LOW(0x0)
0000df f009      	BREQ _0x60006
                 _0x60005:
0000e0 c006      	RJMP _0x60004
                 _0x60006:
                 ; 0003 000D         //timer stop
                 ; 0003 000E         TCCR0=(0<<WGM00) | (0<<COM01) | (0<<COM00) | (0<<WGM01) | (0<<CS02) | (0<<CS01) | (0<<CS00);
0000e1 e0e0      	LDI  R30,LOW(0)
0000e2 bfe3      	OUT  0x33,R30
                 ; 0003 000F         flag = 1;
0000e3 e0e1      	LDI  R30,LOW(1)
0000e4 93e0 017e 	STS  _flag,R30
                 ; 0003 0010     }
                 ; 0003 0011     else if(PINB.5 == 0 && flag == 1){
0000e6 c010      	RJMP _0x60007
                 _0x60004:
0000e7 99b5      	SBIC 0x16,5
0000e8 c004      	RJMP _0x60009
0000e9 91a0 017e 	LDS  R26,_flag
0000eb 30a1      	CPI  R26,LOW(0x1)
0000ec f009      	BREQ _0x6000A
                 _0x60009:
0000ed c009      	RJMP _0x60008
                 _0x6000A:
                 ; 0003 0012         // timer reset
                 ; 0003 0013         lcd_clear();
0000ee d0bd      	RCALL _lcd_clear
                 ; 0003 0014         lcd_puts("0:0:0:0");
                +
0000ef e6ac     +LDI R26 , LOW ( _0x6000B + ( 0 ) )
0000f0 e0b1     +LDI R27 , HIGH ( _0x6000B + ( 0 ) )
                 	__POINTW2MN _0x6000B,0
0000f1 d0db      	RCALL _lcd_puts
                 ; 0003 0015         flag = 0;
0000f2 e0e0      	LDI  R30,LOW(0)
0000f3 93e0 017e 	STS  _flag,R30
                 ; 0003 0016         ms = 0;
0000f5 940e 03db 	CALL SUBOPT_0x1
                 ; 0003 0017         sec = 0;
                 ; 0003 0018         min = 0;
                 ; 0003 0019         hour = 0;
                 ; 0003 001A 
                 ; 0003 001B     }
                 ; 0003 001C }
                 _0x60008:
                 _0x60007:
0000f7 c079      	RJMP _0x60011
                 ; .FEND
                 
                 	.DSEG
                 _0x6000B:
00016c           	.BYTE 0x8
                 ;
                 ;// Timer 0 overflow interrupt service routine
                 ;interrupt [TIM0_OVF] void timer0_ovf_isr(void)
                 ; 0003 0020 {
                 
                 	.CSEG
                 _timer0_ovf_isr:
                 ; .FSTART _timer0_ovf_isr
0000f8 940e 03cd 	CALL SUBOPT_0x0
                 ; 0003 0021     // Reinitialize Timer 0 value
                 ; 0003 0022     TCNT0=0xB2;
0000fa ebe2      	LDI  R30,LOW(178)
0000fb bfe2      	OUT  0x32,R30
                 ; 0003 0023     // Place your code here
                 ; 0003 0024     if(ms == 99){
0000fc 91a0 017a 	LDS  R26,_ms
0000fe 36a3      	CPI  R26,LOW(0x63)
0000ff f441      	BRNE _0x6000C
                 ; 0003 0025         sec++;
000100 91e0 017b 	LDS  R30,_sec
000102 5fef      	SUBI R30,-LOW(1)
000103 93e0 017b 	STS  _sec,R30
                 ; 0003 0026         ms = 0;
000105 e0e0      	LDI  R30,LOW(0)
000106 93e0 017a 	STS  _ms,R30
                 ; 0003 0027     }
                 ; 0003 0028     if(sec == 59){
                 _0x6000C:
000108 91a0 017b 	LDS  R26,_sec
00010a 33ab      	CPI  R26,LOW(0x3B)
00010b f441      	BRNE _0x6000D
                 ; 0003 0029         min++;
00010c 91e0 017c 	LDS  R30,_min
00010e 5fef      	SUBI R30,-LOW(1)
00010f 93e0 017c 	STS  _min,R30
                 ; 0003 002A         sec = 0;
000111 e0e0      	LDI  R30,LOW(0)
000112 93e0 017b 	STS  _sec,R30
                 ; 0003 002B     }
                 ; 0003 002C     if(min == 59){
                 _0x6000D:
000114 91a0 017c 	LDS  R26,_min
000116 33ab      	CPI  R26,LOW(0x3B)
000117 f441      	BRNE _0x6000E
                 ; 0003 002D         hour++;
000118 91e0 017d 	LDS  R30,_hour
00011a 5fef      	SUBI R30,-LOW(1)
00011b 93e0 017d 	STS  _hour,R30
                 ; 0003 002E         min = 0;
00011d e0e0      	LDI  R30,LOW(0)
00011e 93e0 017c 	STS  _min,R30
                 ; 0003 002F     }
                 ; 0003 0030     if(hour == 24){
                 _0x6000E:
000120 91a0 017d 	LDS  R26,_hour
000122 31a8      	CPI  R26,LOW(0x18)
000123 f411      	BRNE _0x6000F
                 ; 0003 0031         ms = 0;
000124 940e 03db 	CALL SUBOPT_0x1
                 ; 0003 0032         sec = 0;
                 ; 0003 0033         min = 0;
                 ; 0003 0034         hour = 0;
                 ; 0003 0035     }
                 ; 0003 0036     ms++;
                 _0x6000F:
000126 91e0 017a 	LDS  R30,_ms
000128 5fef      	SUBI R30,-LOW(1)
000129 93e0 017a 	STS  _ms,R30
                 ; 0003 0037 
                 ; 0003 0038     sprintf(hour_str, "%d", hour);
00012b 91e0 0185 	LDS  R30,_hour_str
00012d 91f0 0186 	LDS  R31,_hour_str+1
00012f 940e 03e5 	CALL SUBOPT_0x2
000131 91e0 017d 	LDS  R30,_hour
000133 940e 03ec 	CALL SUBOPT_0x3
                 ; 0003 0039     sprintf(min_str,"%d",min);
000135 91e0 0183 	LDS  R30,_min_str
000137 91f0 0184 	LDS  R31,_min_str+1
000139 940e 03e5 	CALL SUBOPT_0x2
00013b 91e0 017c 	LDS  R30,_min
00013d 940e 03ec 	CALL SUBOPT_0x3
                 ; 0003 003A     sprintf(sec_str,"%d",sec);
00013f 91e0 0181 	LDS  R30,_sec_str
000141 91f0 0182 	LDS  R31,_sec_str+1
000143 940e 03e5 	CALL SUBOPT_0x2
000145 91e0 017b 	LDS  R30,_sec
000147 940e 03ec 	CALL SUBOPT_0x3
                 ; 0003 003B     sprintf(ms_str,"%d",ms);
000149 91e0 017f 	LDS  R30,_ms_str
00014b 91f0 0180 	LDS  R31,_ms_str+1
00014d 940e 03e5 	CALL SUBOPT_0x2
00014f 91e0 017a 	LDS  R30,_ms
000151 940e 03ec 	CALL SUBOPT_0x3
                 ; 0003 003C 
                 ; 0003 003D     lcd_clear();
000153 d058      	RCALL _lcd_clear
                 ; 0003 003E     lcd_puts(hour_str);
000154 91a0 0185 	LDS  R26,_hour_str
000156 91b0 0186 	LDS  R27,_hour_str+1
000158 d074      	RCALL _lcd_puts
                 ; 0003 003F     lcd_puts(":");
                +
000159 e7a4     +LDI R26 , LOW ( _0x60010 + ( 0 ) )
00015a e0b1     +LDI R27 , HIGH ( _0x60010 + ( 0 ) )
                 	__POINTW2MN _0x60010,0
00015b d071      	RCALL _lcd_puts
                 ; 0003 0040     lcd_puts(min_str);
00015c 91a0 0183 	LDS  R26,_min_str
00015e 91b0 0184 	LDS  R27,_min_str+1
000160 d06c      	RCALL _lcd_puts
                 ; 0003 0041     lcd_puts(":");
                +
000161 e7a6     +LDI R26 , LOW ( _0x60010 + ( 2 ) )
000162 e0b1     +LDI R27 , HIGH ( _0x60010 + ( 2 ) )
                 	__POINTW2MN _0x60010,2
000163 d069      	RCALL _lcd_puts
                 ; 0003 0042     lcd_puts(sec_str);
000164 91a0 0181 	LDS  R26,_sec_str
000166 91b0 0182 	LDS  R27,_sec_str+1
000168 d064      	RCALL _lcd_puts
                 ; 0003 0043     lcd_puts(":");
                +
000169 e7a8     +LDI R26 , LOW ( _0x60010 + ( 4 ) )
00016a e0b1     +LDI R27 , HIGH ( _0x60010 + ( 4 ) )
                 	__POINTW2MN _0x60010,4
00016b d061      	RCALL _lcd_puts
                 ; 0003 0044     lcd_puts(ms_str);
00016c 91a0 017f 	LDS  R26,_ms_str
00016e 91b0 0180 	LDS  R27,_ms_str+1
000170 d05c      	RCALL _lcd_puts
                 ; 0003 0045 }
                 _0x60011:
000171 91e9      	LD   R30,Y+
000172 bfef      	OUT  SREG,R30
000173 91f9      	LD   R31,Y+
000174 91e9      	LD   R30,Y+
000175 91b9      	LD   R27,Y+
000176 91a9      	LD   R26,Y+
000177 9199      	LD   R25,Y+
000178 9189      	LD   R24,Y+
000179 9179      	LD   R23,Y+
00017a 9169      	LD   R22,Y+
00017b 90f9      	LD   R15,Y+
00017c 9019      	LD   R1,Y+
00017d 9009      	LD   R0,Y+
00017e 9518      	RETI
                 ; .FEND
                 
                 	.DSEG
                 _0x60010:
000174           	.BYTE 0x6
                 	#ifndef __SLEEP_DEFINED__
                 	#endif
                 
                 	.DSEG
                 
                 	.CSEG
                 __lcd_write_nibble_G100:
                 ; .FSTART __lcd_write_nibble_G100
00017f 93aa      	ST   -Y,R26
000180 b3e5      	IN   R30,0x15
000181 70ef      	ANDI R30,LOW(0xF)
000182 2fae      	MOV  R26,R30
000183 81e8      	LD   R30,Y
000184 7fe0      	ANDI R30,LOW(0xF0)
000185 2bea      	OR   R30,R26
000186 bbe5      	OUT  0x15,R30
                +
000187 e08d     +LDI R24 , LOW ( 13 )
                +__DELAY_USB_LOOP :
000188 958a     +DEC R24
000189 f7f1     +BRNE __DELAY_USB_LOOP
                 	__DELAY_USB 13
00018a 9aaa      	SBI  0x15,2
                +
00018b e08d     +LDI R24 , LOW ( 13 )
                +__DELAY_USB_LOOP :
00018c 958a     +DEC R24
00018d f7f1     +BRNE __DELAY_USB_LOOP
                 	__DELAY_USB 13
00018e 98aa      	CBI  0x15,2
                +
00018f e08d     +LDI R24 , LOW ( 13 )
                +__DELAY_USB_LOOP :
000190 958a     +DEC R24
000191 f7f1     +BRNE __DELAY_USB_LOOP
                 	__DELAY_USB 13
000192 c077      	RJMP _0x2080002
                 ; .FEND
                 __lcd_write_data:
                 ; .FSTART __lcd_write_data
000193 93aa      	ST   -Y,R26
000194 81a8      	LD   R26,Y
000195 dfe9      	RCALL __lcd_write_nibble_G100
000196 81e8          ld    r30,y
000197 95e2          swap  r30
000198 83e8          st    y,r30
000199 81a8      	LD   R26,Y
00019a dfe4      	RCALL __lcd_write_nibble_G100
                +
00019b e885     +LDI R24 , LOW ( 133 )
                +__DELAY_USB_LOOP :
00019c 958a     +DEC R24
00019d f7f1     +BRNE __DELAY_USB_LOOP
                 	__DELAY_USB 133
00019e c06b      	RJMP _0x2080002
                 ; .FEND
                 _lcd_gotoxy:
                 ; .FSTART _lcd_gotoxy
00019f 93aa      	ST   -Y,R26
0001a0 81e8      	LD   R30,Y
0001a1 e0f0      	LDI  R31,0
0001a2 57e9      	SUBI R30,LOW(-__base_y_G100)
0001a3 4ffe      	SBCI R31,HIGH(-__base_y_G100)
0001a4 81e0      	LD   R30,Z
0001a5 81a9      	LDD  R26,Y+1
0001a6 0fae      	ADD  R26,R30
0001a7 dfeb      	RCALL __lcd_write_data
0001a8 8059      	LDD  R5,Y+1
0001a9 8048      	LDD  R4,Y+0
0001aa 9622      	ADIW R28,2
0001ab 9508      	RET
                 ; .FEND
                 _lcd_clear:
                 ; .FSTART _lcd_clear
0001ac e0a2      	LDI  R26,LOW(2)
0001ad 940e 03f6 	CALL SUBOPT_0x4
0001af e0ac      	LDI  R26,LOW(12)
0001b0 dfe2      	RCALL __lcd_write_data
0001b1 e0a1      	LDI  R26,LOW(1)
0001b2 940e 03f6 	CALL SUBOPT_0x4
0001b4 e0e0      	LDI  R30,LOW(0)
0001b5 2e4e      	MOV  R4,R30
0001b6 2e5e      	MOV  R5,R30
0001b7 9508      	RET
                 ; .FEND
                 _lcd_putchar:
                 ; .FSTART _lcd_putchar
0001b8 93aa      	ST   -Y,R26
0001b9 81a8      	LD   R26,Y
0001ba 30aa      	CPI  R26,LOW(0xA)
0001bb f011      	BREQ _0x2000005
0001bc 1457      	CP   R5,R7
0001bd f048      	BRLO _0x2000004
                 _0x2000005:
0001be e0e0      	LDI  R30,LOW(0)
0001bf 93ea      	ST   -Y,R30
0001c0 9443      	INC  R4
0001c1 2da4      	MOV  R26,R4
0001c2 dfdc      	RCALL _lcd_gotoxy
0001c3 81a8      	LD   R26,Y
0001c4 30aa      	CPI  R26,LOW(0xA)
0001c5 f409      	BRNE _0x2000007
0001c6 c043      	RJMP _0x2080002
                 _0x2000007:
                 _0x2000004:
0001c7 9453      	INC  R5
0001c8 9aa8      	SBI  0x15,0
0001c9 81a8      	LD   R26,Y
0001ca dfc8      	RCALL __lcd_write_data
0001cb 98a8      	CBI  0x15,0
0001cc c03d      	RJMP _0x2080002
                 ; .FEND
                 _lcd_puts:
                 ; .FSTART _lcd_puts
0001cd 93ba      	ST   -Y,R27
0001ce 93aa      	ST   -Y,R26
0001cf 931a      	ST   -Y,R17
                 _0x2000008:
0001d0 81a9      	LDD  R26,Y+1
0001d1 81ba      	LDD  R27,Y+1+1
0001d2 91ed      	LD   R30,X+
0001d3 83a9      	STD  Y+1,R26
0001d4 83ba      	STD  Y+1+1,R27
0001d5 2f1e      	MOV  R17,R30
0001d6 30e0      	CPI  R30,0
0001d7 f019      	BREQ _0x200000A
0001d8 2fa1      	MOV  R26,R17
0001d9 dfde      	RCALL _lcd_putchar
0001da cff5      	RJMP _0x2000008
                 _0x200000A:
0001db 8118      	LDD  R17,Y+0
0001dc 9623      	ADIW R28,3
0001dd 9508      	RET
                 ; .FEND
                 _lcd_init:
                 ; .FSTART _lcd_init
0001de 93aa      	ST   -Y,R26
0001df b3e4      	IN   R30,0x14
0001e0 6fe0      	ORI  R30,LOW(0xF0)
0001e1 bbe4      	OUT  0x14,R30
0001e2 9aa2      	SBI  0x14,2
0001e3 9aa0      	SBI  0x14,0
0001e4 9aa1      	SBI  0x14,1
0001e5 98aa      	CBI  0x15,2
0001e6 98a8      	CBI  0x15,0
0001e7 98a9      	CBI  0x15,1
0001e8 8078      	LDD  R7,Y+0
0001e9 81e8      	LD   R30,Y
0001ea 58e0      	SUBI R30,-LOW(128)
                +
0001eb 93e0 0189+STS __base_y_G100 + ( 2 ) , R30
                 	__PUTB1MN __base_y_G100,2
0001ed 81e8      	LD   R30,Y
0001ee 54e0      	SUBI R30,-LOW(192)
                +
0001ef 93e0 018a+STS __base_y_G100 + ( 3 ) , R30
                 	__PUTB1MN __base_y_G100,3
0001f1 e1a4      	LDI  R26,LOW(20)
0001f2 e0b0      	LDI  R27,0
0001f3 940e 0430 	CALL _delay_ms
0001f5 940e 03fc 	CALL SUBOPT_0x5
0001f7 940e 03fc 	CALL SUBOPT_0x5
0001f9 940e 03fc 	CALL SUBOPT_0x5
0001fb e2a0      	LDI  R26,LOW(32)
0001fc df82      	RCALL __lcd_write_nibble_G100
                +
0001fd ec88     +LDI R24 , LOW ( 200 )
0001fe e090     +LDI R25 , HIGH ( 200 )
                +__DELAY_USW_LOOP :
0001ff 9701     +SBIW R24 , 1
000200 f7f1     +BRNE __DELAY_USW_LOOP
                 	__DELAY_USW 200
000201 e2a8      	LDI  R26,LOW(40)
000202 df90      	RCALL __lcd_write_data
000203 e0a4      	LDI  R26,LOW(4)
000204 df8e      	RCALL __lcd_write_data
000205 e8a5      	LDI  R26,LOW(133)
000206 df8c      	RCALL __lcd_write_data
000207 e0a6      	LDI  R26,LOW(6)
000208 df8a      	RCALL __lcd_write_data
000209 dfa2      	RCALL _lcd_clear
                 _0x2080002:
00020a 9621      	ADIW R28,1
00020b 9508      	RET
                 ; .FEND
                 	#ifndef __SLEEP_DEFINED__
                 	#endif
                 
                 	.CSEG
                 _put_buff_G101:
                 ; .FSTART _put_buff_G101
00020c 93ba      	ST   -Y,R27
00020d 93aa      	ST   -Y,R26
00020e 931a      	ST   -Y,R17
00020f 930a      	ST   -Y,R16
000210 81aa      	LDD  R26,Y+2
000211 81bb      	LDD  R27,Y+2+1
000212 9612      	ADIW R26,2
000213 940e 0442 	CALL __GETW1P
000215 9730      	SBIW R30,0
000216 f159      	BREQ _0x2020010
000217 81aa      	LDD  R26,Y+2
000218 81bb      	LDD  R27,Y+2+1
000219 9614      	ADIW R26,4
00021a 940e 0442 	CALL __GETW1P
00021c 018f      	MOVW R16,R30
00021d 9730      	SBIW R30,0
00021e f061      	BREQ _0x2020012
                +
00021f 3002     +CPI R16 , LOW ( 2 )
000220 e0e0     +LDI R30 , HIGH ( 2 )
000221 071e     +CPC R17 , R30
                 	__CPWRN 16,17,2
000222 f098      	BRLO _0x2020013
000223 01f8      	MOVW R30,R16
000224 9731      	SBIW R30,1
000225 018f      	MOVW R16,R30
                +
000226 81aa     +LDD R26 , Y + 2
000227 81bb     +LDD R27 , Y + 2 + 1
000228 9614     +ADIW R26 , 4
000229 93ed     +ST X + , R30
00022a 93fc     +ST X , R31
                 	__PUTW1SNS 2,4
                 _0x2020012:
00022b 81aa      	LDD  R26,Y+2
00022c 81bb      	LDD  R27,Y+2+1
00022d 9612      	ADIW R26,2
00022e 91ed      	LD   R30,X+
00022f 91fd      	LD   R31,X+
000230 9631      	ADIW R30,1
000231 93fe      	ST   -X,R31
000232 93ee      	ST   -X,R30
000233 9731      	SBIW R30,1
000234 81ac      	LDD  R26,Y+4
000235 83a0      	STD  Z+0,R26
                 _0x2020013:
000236 81aa      	LDD  R26,Y+2
000237 81bb      	LDD  R27,Y+2+1
000238 940e 0442 	CALL __GETW1P
00023a 23ff      	TST  R31
00023b f02a      	BRMI _0x2020014
00023c 91ed      	LD   R30,X+
00023d 91fd      	LD   R31,X+
00023e 9631      	ADIW R30,1
00023f 93fe      	ST   -X,R31
000240 93ee      	ST   -X,R30
                 _0x2020014:
000241 c006      	RJMP _0x2020015
                 _0x2020010:
000242 81aa      	LDD  R26,Y+2
000243 81bb      	LDD  R27,Y+2+1
000244 efef      	LDI  R30,LOW(65535)
000245 efff      	LDI  R31,HIGH(65535)
000246 93ed      	ST   X+,R30
000247 93fc      	ST   X,R31
                 _0x2020015:
000248 8119      	LDD  R17,Y+1
000249 8108      	LDD  R16,Y+0
00024a 9625      	ADIW R28,5
00024b 9508      	RET
                 ; .FEND
                 __print_G101:
                 ; .FSTART __print_G101
00024c 93ba      	ST   -Y,R27
00024d 93aa      	ST   -Y,R26
00024e 9726      	SBIW R28,6
00024f 940e 044f 	CALL __SAVELOCR6
000251 e010      	LDI  R17,0
000252 85ac      	LDD  R26,Y+12
000253 85bd      	LDD  R27,Y+12+1
000254 e0e0      	LDI  R30,LOW(0)
000255 e0f0      	LDI  R31,HIGH(0)
000256 93ed      	ST   X+,R30
000257 93fc      	ST   X,R31
                 _0x2020016:
000258 89ea      	LDD  R30,Y+18
000259 89fb      	LDD  R31,Y+18+1
00025a 9631      	ADIW R30,1
00025b 8bea      	STD  Y+18,R30
00025c 8bfb      	STD  Y+18+1,R31
00025d 9731      	SBIW R30,1
00025e 91e4      	LPM  R30,Z
00025f 2f2e      	MOV  R18,R30
000260 30e0      	CPI  R30,0
000261 f409      	BRNE PC+2
000262 c115      	RJMP _0x2020018
000263 2fe1      	MOV  R30,R17
000264 30e0      	CPI  R30,0
000265 f439      	BRNE _0x202001C
000266 3225      	CPI  R18,37
000267 f411      	BRNE _0x202001D
000268 e011      	LDI  R17,LOW(1)
000269 c002      	RJMP _0x202001E
                 _0x202001D:
00026a 940e 0404 	CALL SUBOPT_0x6
                 _0x202001E:
00026c c10a      	RJMP _0x202001B
                 _0x202001C:
00026d 30e1      	CPI  R30,LOW(0x1)
00026e f4a9      	BRNE _0x202001F
00026f 3225      	CPI  R18,37
000270 f419      	BRNE _0x2020020
000271 940e 0404 	CALL SUBOPT_0x6
000273 c102      	RJMP _0x20200CC
                 _0x2020020:
000274 e012      	LDI  R17,LOW(2)
000275 e040      	LDI  R20,LOW(0)
000276 e000      	LDI  R16,LOW(0)
000277 322d      	CPI  R18,45
000278 f411      	BRNE _0x2020021
000279 e001      	LDI  R16,LOW(1)
00027a c0fc      	RJMP _0x202001B
                 _0x2020021:
00027b 322b      	CPI  R18,43
00027c f411      	BRNE _0x2020022
00027d e24b      	LDI  R20,LOW(43)
00027e c0f8      	RJMP _0x202001B
                 _0x2020022:
00027f 3220      	CPI  R18,32
000280 f411      	BRNE _0x2020023
000281 e240      	LDI  R20,LOW(32)
000282 c0f4      	RJMP _0x202001B
                 _0x2020023:
000283 c002      	RJMP _0x2020024
                 _0x202001F:
000284 30e2      	CPI  R30,LOW(0x2)
000285 f439      	BRNE _0x2020025
                 _0x2020024:
000286 e050      	LDI  R21,LOW(0)
000287 e013      	LDI  R17,LOW(3)
000288 3320      	CPI  R18,48
000289 f411      	BRNE _0x2020026
00028a 6800      	ORI  R16,LOW(128)
00028b c0eb      	RJMP _0x202001B
                 _0x2020026:
00028c c003      	RJMP _0x2020027
                 _0x2020025:
00028d 30e3      	CPI  R30,LOW(0x3)
00028e f009      	BREQ PC+2
00028f c0e7      	RJMP _0x202001B
                 _0x2020027:
000290 3320      	CPI  R18,48
000291 f010      	BRLO _0x202002A
000292 332a      	CPI  R18,58
000293 f008      	BRLO _0x202002B
                 _0x202002A:
000294 c007      	RJMP _0x2020029
                 _0x202002B:
000295 e0aa      	LDI  R26,LOW(10)
000296 9f5a      	MUL  R21,R26
000297 2d50      	MOV  R21,R0
000298 2fe2      	MOV  R30,R18
000299 53e0      	SUBI R30,LOW(48)
00029a 0f5e      	ADD  R21,R30
00029b c0db      	RJMP _0x202001B
                 _0x2020029:
00029c 2fe2      	MOV  R30,R18
00029d 36e3      	CPI  R30,LOW(0x63)
00029e f449      	BRNE _0x202002F
00029f 940e 040b 	CALL SUBOPT_0x7
0002a1 89e8      	LDD  R30,Y+16
0002a2 89f9      	LDD  R31,Y+16+1
0002a3 81a4      	LDD  R26,Z+4
0002a4 93aa      	ST   -Y,R26
0002a5 940e 0411 	CALL SUBOPT_0x8
0002a7 c0ce      	RJMP _0x2020030
                 _0x202002F:
0002a8 37e3      	CPI  R30,LOW(0x73)
0002a9 f441      	BRNE _0x2020032
0002aa 940e 040b 	CALL SUBOPT_0x7
0002ac 940e 0417 	CALL SUBOPT_0x9
0002ae 940e 03b4 	CALL _strlen
0002b0 2f1e      	MOV  R17,R30
0002b1 c00a      	RJMP _0x2020033
                 _0x2020032:
0002b2 37e0      	CPI  R30,LOW(0x70)
0002b3 f461      	BRNE _0x2020035
0002b4 940e 040b 	CALL SUBOPT_0x7
0002b6 940e 0417 	CALL SUBOPT_0x9
0002b8 940e 03c0 	CALL _strlenf
0002ba 2f1e      	MOV  R17,R30
0002bb 6008      	ORI  R16,LOW(8)
                 _0x2020033:
0002bc 6002      	ORI  R16,LOW(2)
0002bd 770f      	ANDI R16,LOW(127)
0002be e030      	LDI  R19,LOW(0)
0002bf c034      	RJMP _0x2020036
                 _0x2020035:
0002c0 36e4      	CPI  R30,LOW(0x64)
0002c1 f011      	BREQ _0x2020039
0002c2 36e9      	CPI  R30,LOW(0x69)
0002c3 f411      	BRNE _0x202003A
                 _0x2020039:
0002c4 6004      	ORI  R16,LOW(4)
0002c5 c002      	RJMP _0x202003B
                 _0x202003A:
0002c6 37e5      	CPI  R30,LOW(0x75)
0002c7 f431      	BRNE _0x202003C
                 _0x202003B:
0002c8 e5e4      	LDI  R30,LOW(_tbl10_G101*2)
0002c9 e0f0      	LDI  R31,HIGH(_tbl10_G101*2)
0002ca 83ee      	STD  Y+6,R30
0002cb 83ff      	STD  Y+6+1,R31
0002cc e015      	LDI  R17,LOW(5)
0002cd c00c      	RJMP _0x202003D
                 _0x202003C:
0002ce 35e8      	CPI  R30,LOW(0x58)
0002cf f411      	BRNE _0x202003F
0002d0 6008      	ORI  R16,LOW(8)
0002d1 c003      	RJMP _0x2020040
                 _0x202003F:
0002d2 37e8      	CPI  R30,LOW(0x78)
0002d3 f009      	BREQ PC+2
0002d4 c0a1      	RJMP _0x2020071
                 _0x2020040:
0002d5 e5ee      	LDI  R30,LOW(_tbl16_G101*2)
0002d6 e0f0      	LDI  R31,HIGH(_tbl16_G101*2)
0002d7 83ee      	STD  Y+6,R30
0002d8 83ff      	STD  Y+6+1,R31
0002d9 e014      	LDI  R17,LOW(4)
                 _0x202003D:
0002da ff02      	SBRS R16,2
0002db c014      	RJMP _0x2020042
0002dc 940e 040b 	CALL SUBOPT_0x7
0002de 940e 0421 	CALL SUBOPT_0xA
0002e0 85ab      	LDD  R26,Y+11
0002e1 23aa      	TST  R26
0002e2 f43a      	BRPL _0x2020043
0002e3 85ea      	LDD  R30,Y+10
0002e4 85fb      	LDD  R31,Y+10+1
0002e5 940e 043e 	CALL __ANEGW1
0002e7 87ea      	STD  Y+10,R30
0002e8 87fb      	STD  Y+10+1,R31
0002e9 e24d      	LDI  R20,LOW(45)
                 _0x2020043:
0002ea 3040      	CPI  R20,0
0002eb f011      	BREQ _0x2020044
0002ec 5f1f      	SUBI R17,-LOW(1)
0002ed c001      	RJMP _0x2020045
                 _0x2020044:
0002ee 7f0b      	ANDI R16,LOW(251)
                 _0x2020045:
0002ef c004      	RJMP _0x2020046
                 _0x2020042:
0002f0 940e 040b 	CALL SUBOPT_0x7
0002f2 940e 0421 	CALL SUBOPT_0xA
                 _0x2020046:
                 _0x2020036:
0002f4 fd00      	SBRC R16,0
0002f5 c011      	RJMP _0x2020047
                 _0x2020048:
0002f6 1715      	CP   R17,R21
0002f7 f478      	BRSH _0x202004A
0002f8 ff07      	SBRS R16,7
0002f9 c008      	RJMP _0x202004B
0002fa ff02      	SBRS R16,2
0002fb c004      	RJMP _0x202004C
0002fc 7f0b      	ANDI R16,LOW(251)
0002fd 2f24      	MOV  R18,R20
0002fe 5011      	SUBI R17,LOW(1)
0002ff c001      	RJMP _0x202004D
                 _0x202004C:
000300 e320      	LDI  R18,LOW(48)
                 _0x202004D:
000301 c001      	RJMP _0x202004E
                 _0x202004B:
000302 e220      	LDI  R18,LOW(32)
                 _0x202004E:
000303 940e 0404 	CALL SUBOPT_0x6
000305 5051      	SUBI R21,LOW(1)
000306 cfef      	RJMP _0x2020048
                 _0x202004A:
                 _0x2020047:
000307 2f31      	MOV  R19,R17
000308 ff01      	SBRS R16,1
000309 c017      	RJMP _0x202004F
                 _0x2020050:
00030a 3030      	CPI  R19,0
00030b f0a1      	BREQ _0x2020052
00030c ff03      	SBRS R16,3
00030d c006      	RJMP _0x2020053
00030e 81ee      	LDD  R30,Y+6
00030f 81ff      	LDD  R31,Y+6+1
000310 9125      	LPM  R18,Z+
000311 83ee      	STD  Y+6,R30
000312 83ff      	STD  Y+6+1,R31
000313 c005      	RJMP _0x2020054
                 _0x2020053:
000314 81ae      	LDD  R26,Y+6
000315 81bf      	LDD  R27,Y+6+1
000316 912d      	LD   R18,X+
000317 83ae      	STD  Y+6,R26
000318 83bf      	STD  Y+6+1,R27
                 _0x2020054:
000319 940e 0404 	CALL SUBOPT_0x6
00031b 3050      	CPI  R21,0
00031c f009      	BREQ _0x2020055
00031d 5051      	SUBI R21,LOW(1)
                 _0x2020055:
00031e 5031      	SUBI R19,LOW(1)
00031f cfea      	RJMP _0x2020050
                 _0x2020052:
000320 c04b      	RJMP _0x2020056
                 _0x202004F:
                 _0x2020058:
000321 e320      	LDI  R18,LOW(48)
000322 81ee      	LDD  R30,Y+6
000323 81ff      	LDD  R31,Y+6+1
000324 940e 0446 	CALL __GETW1PF
000326 87e8      	STD  Y+8,R30
000327 87f9      	STD  Y+8+1,R31
000328 81ee      	LDD  R30,Y+6
000329 81ff      	LDD  R31,Y+6+1
00032a 9632      	ADIW R30,2
00032b 83ee      	STD  Y+6,R30
00032c 83ff      	STD  Y+6+1,R31
                 _0x202005A:
00032d 85e8      	LDD  R30,Y+8
00032e 85f9      	LDD  R31,Y+8+1
00032f 85aa      	LDD  R26,Y+10
000330 85bb      	LDD  R27,Y+10+1
000331 17ae      	CP   R26,R30
000332 07bf      	CPC  R27,R31
000333 f050      	BRLO _0x202005C
000334 5f2f      	SUBI R18,-LOW(1)
000335 85a8      	LDD  R26,Y+8
000336 85b9      	LDD  R27,Y+8+1
000337 85ea      	LDD  R30,Y+10
000338 85fb      	LDD  R31,Y+10+1
000339 1bea      	SUB  R30,R26
00033a 0bfb      	SBC  R31,R27
00033b 87ea      	STD  Y+10,R30
00033c 87fb      	STD  Y+10+1,R31
00033d cfef      	RJMP _0x202005A
                 _0x202005C:
00033e 332a      	CPI  R18,58
00033f f028      	BRLO _0x202005D
000340 ff03      	SBRS R16,3
000341 c002      	RJMP _0x202005E
000342 5f29      	SUBI R18,-LOW(7)
000343 c001      	RJMP _0x202005F
                 _0x202005E:
000344 5d29      	SUBI R18,-LOW(39)
                 _0x202005F:
                 _0x202005D:
000345 fd04      	SBRC R16,4
000346 c01a      	RJMP _0x2020061
000347 3321      	CPI  R18,49
000348 f420      	BRSH _0x2020063
000349 85a8      	LDD  R26,Y+8
00034a 85b9      	LDD  R27,Y+8+1
00034b 9711      	SBIW R26,1
00034c f409      	BRNE _0x2020062
                 _0x2020063:
00034d c009      	RJMP _0x20200CD
                 _0x2020062:
00034e 1753      	CP   R21,R19
00034f f010      	BRLO _0x2020067
000350 ff00      	SBRS R16,0
000351 c001      	RJMP _0x2020068
                 _0x2020067:
000352 c013      	RJMP _0x2020066
                 _0x2020068:
000353 e220      	LDI  R18,LOW(32)
000354 ff07      	SBRS R16,7
000355 c00b      	RJMP _0x2020069
000356 e320      	LDI  R18,LOW(48)
                 _0x20200CD:
000357 6100      	ORI  R16,LOW(16)
000358 ff02      	SBRS R16,2
000359 c007      	RJMP _0x202006A
00035a 7f0b      	ANDI R16,LOW(251)
00035b 934a      	ST   -Y,R20
00035c 940e 0411 	CALL SUBOPT_0x8
00035e 3050      	CPI  R21,0
00035f f009      	BREQ _0x202006B
000360 5051      	SUBI R21,LOW(1)
                 _0x202006B:
                 _0x202006A:
                 _0x2020069:
                 _0x2020061:
000361 940e 0404 	CALL SUBOPT_0x6
000363 3050      	CPI  R21,0
000364 f009      	BREQ _0x202006C
000365 5051      	SUBI R21,LOW(1)
                 _0x202006C:
                 _0x2020066:
000366 5031      	SUBI R19,LOW(1)
000367 85a8      	LDD  R26,Y+8
000368 85b9      	LDD  R27,Y+8+1
000369 9712      	SBIW R26,2
00036a f008      	BRLO _0x2020059
00036b cfb5      	RJMP _0x2020058
                 _0x2020059:
                 _0x2020056:
00036c ff00      	SBRS R16,0
00036d c008      	RJMP _0x202006D
                 _0x202006E:
00036e 3050      	CPI  R21,0
00036f f031      	BREQ _0x2020070
000370 5051      	SUBI R21,LOW(1)
000371 e2e0      	LDI  R30,LOW(32)
000372 93ea      	ST   -Y,R30
000373 940e 0411 	CALL SUBOPT_0x8
000375 cff8      	RJMP _0x202006E
                 _0x2020070:
                 _0x202006D:
                 _0x2020071:
                 _0x2020030:
                 _0x20200CC:
000376 e010      	LDI  R17,LOW(0)
                 _0x202001B:
000377 cee0      	RJMP _0x2020016
                 _0x2020018:
000378 85ac      	LDD  R26,Y+12
000379 85bd      	LDD  R27,Y+12+1
00037a 940e 0442 	CALL __GETW1P
00037c 940e 0456 	CALL __LOADLOCR6
00037e 9664      	ADIW R28,20
00037f 9508      	RET
                 ; .FEND
                 _sprintf:
                 ; .FSTART _sprintf
000380 92ff      	PUSH R15
000381 2ef8      	MOV  R15,R24
000382 9726      	SBIW R28,6
000383 940e 0451 	CALL __SAVELOCR4
000385 940e 0429 	CALL SUBOPT_0xB
000387 9730      	SBIW R30,0
000388 f419      	BRNE _0x2020072
000389 efef      	LDI  R30,LOW(65535)
00038a efff      	LDI  R31,HIGH(65535)
00038b c023      	RJMP _0x2080001
                 _0x2020072:
00038c 01de      	MOVW R26,R28
00038d 9616      	ADIW R26,6
00038e 940e 043a 	CALL __ADDW2R15
000390 018d      	MOVW R16,R26
000391 940e 0429 	CALL SUBOPT_0xB
000393 83ee      	STD  Y+6,R30
000394 83ff      	STD  Y+6+1,R31
000395 e0e0      	LDI  R30,LOW(0)
000396 87e8      	STD  Y+8,R30
000397 87e9      	STD  Y+8+1,R30
000398 01de      	MOVW R26,R28
000399 961a      	ADIW R26,10
00039a 940e 043a 	CALL __ADDW2R15
00039c 940e 0442 	CALL __GETW1P
00039e 93fa      	ST   -Y,R31
00039f 93ea      	ST   -Y,R30
0003a0 931a      	ST   -Y,R17
0003a1 930a      	ST   -Y,R16
0003a2 e0ec      	LDI  R30,LOW(_put_buff_G101)
0003a3 e0f2      	LDI  R31,HIGH(_put_buff_G101)
0003a4 93fa      	ST   -Y,R31
0003a5 93ea      	ST   -Y,R30
0003a6 01de      	MOVW R26,R28
0003a7 961a      	ADIW R26,10
0003a8 dea3      	RCALL __print_G101
0003a9 019f      	MOVW R18,R30
0003aa 81ae      	LDD  R26,Y+6
0003ab 81bf      	LDD  R27,Y+6+1
0003ac e0e0      	LDI  R30,LOW(0)
0003ad 93ec      	ST   X,R30
0003ae 01f9      	MOVW R30,R18
                 _0x2080001:
0003af 940e 0458 	CALL __LOADLOCR4
0003b1 962a      	ADIW R28,10
0003b2 90ff      	POP  R15
0003b3 9508      	RET
                 ; .FEND
                 
                 	.CSEG
                 
                 	.CSEG
                 _strlen:
                 ; .FSTART _strlen
0003b4 93ba      	ST   -Y,R27
0003b5 93aa      	ST   -Y,R26
0003b6 91a9          ld   r26,y+
0003b7 91b9          ld   r27,y+
0003b8 27ee          clr  r30
0003b9 27ff          clr  r31
                 strlen0:
0003ba 916d          ld   r22,x+
0003bb 2366          tst  r22
0003bc f011          breq strlen1
0003bd 9631          adiw r30,1
0003be cffb          rjmp strlen0
                 strlen1:
0003bf 9508          ret
                 ; .FEND
                 _strlenf:
                 ; .FSTART _strlenf
0003c0 93ba      	ST   -Y,R27
0003c1 93aa      	ST   -Y,R26
0003c2 27aa          clr  r26
0003c3 27bb          clr  r27
0003c4 91e9          ld   r30,y+
0003c5 91f9          ld   r31,y+
                 strlenf0:
0003c6 9005      	lpm  r0,z+
0003c7 2000          tst  r0
0003c8 f011          breq strlenf1
0003c9 9611          adiw r26,1
0003ca cffb          rjmp strlenf0
                 strlenf1:
0003cb 01fd          movw r30,r26
0003cc 9508          ret
                 ; .FEND
                 
                 	.DSEG
                 _ms:
00017a           	.BYTE 0x1
                 _sec:
00017b           	.BYTE 0x1
                 _min:
00017c           	.BYTE 0x1
                 _hour:
00017d           	.BYTE 0x1
                 _flag:
00017e           	.BYTE 0x1
                 _ms_str:
00017f           	.BYTE 0x2
                 _sec_str:
000181           	.BYTE 0x2
                 _min_str:
000183           	.BYTE 0x2
                 _hour_str:
000185           	.BYTE 0x2
                 __base_y_G100:
000187           	.BYTE 0x4
                 
                 	.CSEG
                 ;OPTIMIZER ADDED SUBROUTINE, CALLED 2 TIMES, CODE SIZE REDUCTION:8 WORDS
                 SUBOPT_0x0:
0003cd 920a      	ST   -Y,R0
0003ce 921a      	ST   -Y,R1
0003cf 92fa      	ST   -Y,R15
0003d0 936a      	ST   -Y,R22
0003d1 937a      	ST   -Y,R23
0003d2 938a      	ST   -Y,R24
0003d3 939a      	ST   -Y,R25
0003d4 93aa      	ST   -Y,R26
0003d5 93ba      	ST   -Y,R27
0003d6 93ea      	ST   -Y,R30
0003d7 93fa      	ST   -Y,R31
0003d8 b7ef      	IN   R30,SREG
0003d9 93ea      	ST   -Y,R30
0003da 9508      	RET
                 
                 ;OPTIMIZER ADDED SUBROUTINE, CALLED 2 TIMES, CODE SIZE REDUCTION:7 WORDS
                 SUBOPT_0x1:
0003db e0e0      	LDI  R30,LOW(0)
0003dc 93e0 017a 	STS  _ms,R30
0003de 93e0 017b 	STS  _sec,R30
0003e0 93e0 017c 	STS  _min,R30
0003e2 93e0 017d 	STS  _hour,R30
0003e4 9508      	RET
                 
                 ;OPTIMIZER ADDED SUBROUTINE, CALLED 4 TIMES, CODE SIZE REDUCTION:9 WORDS
                 SUBOPT_0x2:
0003e5 93fa      	ST   -Y,R31
0003e6 93ea      	ST   -Y,R30
                +
0003e7 e7ea     +LDI R30 , LOW ( 2 * _0x60000 + ( 8 ) )
0003e8 e0f0     +LDI R31 , HIGH ( 2 * _0x60000 + ( 8 ) )
                 	__POINTW1FN _0x60000,8
0003e9 93fa      	ST   -Y,R31
0003ea 93ea      	ST   -Y,R30
0003eb 9508      	RET
                 
                 ;OPTIMIZER ADDED SUBROUTINE, CALLED 4 TIMES, CODE SIZE REDUCTION:18 WORDS
                 SUBOPT_0x3:
0003ec 27ff      	CLR  R31
0003ed 2766      	CLR  R22
0003ee 2777      	CLR  R23
0003ef 940e 044a 	CALL __PUTPARD1
0003f1 e084      	LDI  R24,4
0003f2 940e 0380 	CALL _sprintf
0003f4 9628      	ADIW R28,8
0003f5 9508      	RET
                 
                 ;OPTIMIZER ADDED SUBROUTINE, CALLED 2 TIMES, CODE SIZE REDUCTION:1 WORDS
                 SUBOPT_0x4:
0003f6 940e 0193 	CALL __lcd_write_data
0003f8 e0a3      	LDI  R26,LOW(3)
0003f9 e0b0      	LDI  R27,0
0003fa 940c 0430 	JMP  _delay_ms
                 
                 ;OPTIMIZER ADDED SUBROUTINE, CALLED 3 TIMES, CODE SIZE REDUCTION:7 WORDS
                 SUBOPT_0x5:
0003fc e3a0      	LDI  R26,LOW(48)
0003fd 940e 017f 	CALL __lcd_write_nibble_G100
                +
0003ff ec88     +LDI R24 , LOW ( 200 )
000400 e090     +LDI R25 , HIGH ( 200 )
                +__DELAY_USW_LOOP :
000401 9701     +SBIW R24 , 1
000402 f7f1     +BRNE __DELAY_USW_LOOP
                 	__DELAY_USW 200
000403 9508      	RET
                 
                 ;OPTIMIZER ADDED SUBROUTINE, CALLED 5 TIMES, CODE SIZE REDUCTION:13 WORDS
                 SUBOPT_0x6:
000404 932a      	ST   -Y,R18
000405 85ad      	LDD  R26,Y+13
000406 85be      	LDD  R27,Y+13+1
000407 85ef      	LDD  R30,Y+15
000408 89f8      	LDD  R31,Y+15+1
000409 9509      	ICALL
00040a 9508      	RET
                 
                 ;OPTIMIZER ADDED SUBROUTINE, CALLED 5 TIMES, CODE SIZE REDUCTION:9 WORDS
                 SUBOPT_0x7:
00040b 89e8      	LDD  R30,Y+16
00040c 89f9      	LDD  R31,Y+16+1
00040d 9734      	SBIW R30,4
00040e 8be8      	STD  Y+16,R30
00040f 8bf9      	STD  Y+16+1,R31
000410 9508      	RET
                 
                 ;OPTIMIZER ADDED SUBROUTINE, CALLED 3 TIMES, CODE SIZE REDUCTION:3 WORDS
                 SUBOPT_0x8:
000411 85ad      	LDD  R26,Y+13
000412 85be      	LDD  R27,Y+13+1
000413 85ef      	LDD  R30,Y+15
000414 89f8      	LDD  R31,Y+15+1
000415 9509      	ICALL
000416 9508      	RET
                 
                 ;OPTIMIZER ADDED SUBROUTINE, CALLED 2 TIMES, CODE SIZE REDUCTION:4 WORDS
                 SUBOPT_0x9:
000417 89a8      	LDD  R26,Y+16
000418 89b9      	LDD  R27,Y+16+1
000419 9614      	ADIW R26,4
00041a 940e 0442 	CALL __GETW1P
00041c 83ee      	STD  Y+6,R30
00041d 83ff      	STD  Y+6+1,R31
00041e 81ae      	LDD  R26,Y+6
00041f 81bf      	LDD  R27,Y+6+1
000420 9508      	RET
                 
                 ;OPTIMIZER ADDED SUBROUTINE, CALLED 2 TIMES, CODE SIZE REDUCTION:2 WORDS
                 SUBOPT_0xA:
000421 89a8      	LDD  R26,Y+16
000422 89b9      	LDD  R27,Y+16+1
000423 9614      	ADIW R26,4
000424 940e 0442 	CALL __GETW1P
000426 87ea      	STD  Y+10,R30
000427 87fb      	STD  Y+10+1,R31
000428 9508      	RET
                 
                 ;OPTIMIZER ADDED SUBROUTINE, CALLED 2 TIMES, CODE SIZE REDUCTION:1 WORDS
                 SUBOPT_0xB:
000429 01de      	MOVW R26,R28
00042a 961c      	ADIW R26,12
00042b 940e 043a 	CALL __ADDW2R15
00042d 940e 0442 	CALL __GETW1P
00042f 9508      	RET
                 
                 
                 	.CSEG
                 _delay_ms:
000430 9610      	adiw r26,0
000431 f039      	breq __delay_ms1
                 __delay_ms0:
                +
000432 ed80     +LDI R24 , LOW ( 0x7D0 )
000433 e097     +LDI R25 , HIGH ( 0x7D0 )
                +__DELAY_USW_LOOP :
000434 9701     +SBIW R24 , 1
000435 f7f1     +BRNE __DELAY_USW_LOOP
                 	__DELAY_USW 0x7D0
000436 95a8      	wdr
000437 9711      	sbiw r26,1
000438 f7c9      	brne __delay_ms0
                 __delay_ms1:
000439 9508      	ret
                 
                 __ADDW2R15:
00043a 2400      	CLR  R0
00043b 0daf      	ADD  R26,R15
00043c 1db0      	ADC  R27,R0
00043d 9508      	RET
                 
                 __ANEGW1:
00043e 95f1      	NEG  R31
00043f 95e1      	NEG  R30
000440 40f0      	SBCI R31,0
000441 9508      	RET
                 
                 __GETW1P:
000442 91ed      	LD   R30,X+
000443 91fc      	LD   R31,X
000444 9711      	SBIW R26,1
000445 9508      	RET
                 
                 __GETW1PF:
000446 9005      	LPM  R0,Z+
000447 91f4      	LPM  R31,Z
000448 2de0      	MOV  R30,R0
000449 9508      	RET
                 
                 __PUTPARD1:
00044a 937a      	ST   -Y,R23
00044b 936a      	ST   -Y,R22
00044c 93fa      	ST   -Y,R31
00044d 93ea      	ST   -Y,R30
00044e 9508      	RET
                 
                 __SAVELOCR6:
00044f 935a      	ST   -Y,R21
                 __SAVELOCR5:
000450 934a      	ST   -Y,R20
                 __SAVELOCR4:
000451 933a      	ST   -Y,R19
                 __SAVELOCR3:
000452 932a      	ST   -Y,R18
                 __SAVELOCR2:
000453 931a      	ST   -Y,R17
000454 930a      	ST   -Y,R16
000455 9508      	RET
                 
                 __LOADLOCR6:
000456 815d      	LDD  R21,Y+5
                 __LOADLOCR5:
000457 814c      	LDD  R20,Y+4
                 __LOADLOCR4:
000458 813b      	LDD  R19,Y+3
                 __LOADLOCR3:
000459 812a      	LDD  R18,Y+2
                 __LOADLOCR2:
00045a 8119      	LDD  R17,Y+1
00045b 8108      	LD   R16,Y
00045c 9508      	RET
                 
                 ;END OF CODE MARKER
                 __END_OF_CODE:


RESOURCE USE INFORMATION
------------------------

Notice:
The register and instruction counts are symbol table hit counts,
and hence implicitly used resources are not counted, eg, the
'lpm' instruction without operands implicitly uses r0 and z,
none of which are counted.

x,y,z are separate entities in the symbol table and are
counted separately from r26..r31 here.

.dseg memory usage only counts static data declared with .byte

ATmega16 register use summary:
r0 :  13 r1 :   3 r2 :   0 r3 :   0 r4 :   4 r5 :   4 r6 :   0 r7 :   2 
r8 :   0 r9 :   0 r10:   0 r11:   0 r12:   0 r13:   0 r14:   0 r15:   6 
r16:  34 r17:  24 r18:  29 r19:   8 r20:   9 r21:  17 r22:   8 r23:   4 
r24:  25 r25:   7 r26: 117 r27:  46 r28:  14 r29:   1 r30: 241 r31:  63 
x  :  23 y  : 189 z  :  15 
Registers used: 25 out of 35 (71.4%)

ATmega16 instruction use summary:
.lds  :   0 .lds.l:   0 .sts  :   0 .sts.l:   0 adc   :   1 add   :   3 
adiw  :  24 and   :   0 andi  :   6 asr   :   0 bclr  :   0 bld   :   0 
brbc  :   0 brbs  :   0 brcc  :   0 brcs  :   0 break :   0 breq  :  19 
brge  :   0 brhc  :   0 brhs  :   0 brid  :   0 brie  :   0 brlo  :   8 
brlt  :   0 brmi  :   1 brne  :  34 brpl  :   1 brsh  :   2 brtc  :   0 
brts  :   0 brvc  :   0 brvs  :   0 bset  :   0 bst   :   0 call  :  61 
cbi   :   5 cbr   :   0 clc   :   0 clh   :   0 cli   :   1 cln   :   0 
clr   :  10 cls   :   0 clt   :   0 clv   :   0 clz   :   0 com   :   0 
cp    :   4 cpc   :   2 cpi   :  39 cpse  :   0 dec   :   5 des   :   0 
eor   :   0 fmul  :   0 fmuls :   0 fmulsu:   0 icall :   2 ijmp  :   0 
in    :   4 inc   :   2 jmp   :  23 ld    :  37 ldd   :  77 ldi   : 108 
lds   :  30 lpm   :  14 lsl   :   0 lsr   :   0 mov   :  17 movw  :  14 
mul   :   1 muls  :   0 mulsu :   0 neg   :   2 nop   :   0 or    :   1 
ori   :   8 out   :  48 pop   :   1 push  :   1 rcall :  26 ret   :  30 
reti  :   1 rjmp  :  66 rol   :   0 ror   :   0 sbc   :   1 sbci  :   2 
sbi   :   5 sbic  :   3 sbis  :   0 sbiw  :  19 sbr   :   0 sbrc  :   2 
sbrs  :  10 sec   :   0 seh   :   0 sei   :   1 sen   :   0 ser   :   0 
ses   :   0 set   :   0 sev   :   0 sez   :   0 sleep :   0 spm   :   0 
st    :  70 std   :  31 sts   :  16 sub   :   1 subi  :  20 swap  :   1 
tst   :   4 wdr   :   1 
Instructions used: 56 out of 116 (48.3%)

ATmega16 memory use summary [bytes]:
Segment   Begin    End      Code   Data   Used    Size   Use%
---------------------------------------------------------------
[.cseg] 0x000000 0x0008ba   2108    126   2234   16384  13.6%
[.dseg] 0x000060 0x00018b      0     43     43    1024   4.2%
[.eseg] 0x000000 0x000000      0      0      0     512   0.0%

Assembly complete, 0 errors, 5 warnings
