
AVRASM ver. 2.1.30  C:\users\farkoo\My Documents\az micro\3\4\Debug\List\Lab3_Qst_4.asm Fri Mar 19 19:04:32 2021

C:\users\farkoo\My Documents\az micro\3\4\Debug\List\Lab3_Qst_4.asm(1088): warning: Register r5 already defined by the .DEF directive
C:\users\farkoo\My Documents\az micro\3\4\Debug\List\Lab3_Qst_4.asm(1089): warning: Register r4 already defined by the .DEF directive
C:\users\farkoo\My Documents\az micro\3\4\Debug\List\Lab3_Qst_4.asm(1090): warning: Register r7 already defined by the .DEF directive
                 
                 
                 ;CodeVisionAVR C Compiler V3.12 Advanced
                 ;(C) Copyright 1998-2014 Pavel Haiduc, HP InfoTech s.r.l.
                 ;http://www.hpinfotech.com
                 
                 ;Build configuration    : Debug
                 ;Chip type              : ATmega16
                 ;Program type           : Application
                 ;Clock frequency        : 8.000000 MHz
                 ;Memory model           : Small
                 ;Optimize for           : Size
                 ;(s)printf features     : int, width
                 ;(s)scanf features      : int, width
                 ;External RAM size      : 0
                 ;Data Stack size        : 256 byte(s)
                 ;Heap size              : 0 byte(s)
                 ;Promote 'char' to 'int': Yes
                 ;'char' is unsigned     : Yes
                 ;8 bit enums            : Yes
                 ;Global 'const' stored in FLASH: Yes
                 ;Enhanced function parameter passing: Yes
                 ;Enhanced core instructions: On
                 ;Automatic register allocation for global variables: On
                 ;Smart register allocation: On
                 
                 	#define _MODEL_SMALL_
                 
                 	#pragma AVRPART ADMIN PART_NAME ATmega16
                 	#pragma AVRPART MEMORY PROG_FLASH 16384
                 	#pragma AVRPART MEMORY EEPROM 512
                 	#pragma AVRPART MEMORY INT_SRAM SIZE 1024
                 	#pragma AVRPART MEMORY INT_SRAM START_ADDR 0x60
                 
                 	#define CALL_SUPPORTED 1
                 
                 	.LISTMAC
                 	.EQU UDRE=0x5
                 	.EQU RXC=0x7
                 	.EQU USR=0xB
                 	.EQU UDR=0xC
                 	.EQU SPSR=0xE
                 	.EQU SPDR=0xF
                 	.EQU EERE=0x0
                 	.EQU EEWE=0x1
                 	.EQU EEMWE=0x2
                 	.EQU EECR=0x1C
                 	.EQU EEDR=0x1D
                 	.EQU EEARL=0x1E
                 	.EQU EEARH=0x1F
                 	.EQU WDTCR=0x21
                 	.EQU MCUCR=0x35
                 	.EQU GICR=0x3B
                 	.EQU SPL=0x3D
                 	.EQU SPH=0x3E
                 	.EQU SREG=0x3F
                 
                 	.DEF R0X0=R0
                 	.DEF R0X1=R1
                 	.DEF R0X2=R2
                 	.DEF R0X3=R3
                 	.DEF R0X4=R4
                 	.DEF R0X5=R5
                 	.DEF R0X6=R6
                 	.DEF R0X7=R7
                 	.DEF R0X8=R8
                 	.DEF R0X9=R9
                 	.DEF R0XA=R10
                 	.DEF R0XB=R11
                 	.DEF R0XC=R12
                 	.DEF R0XD=R13
                 	.DEF R0XE=R14
                 	.DEF R0XF=R15
                 	.DEF R0X10=R16
                 	.DEF R0X11=R17
                 	.DEF R0X12=R18
                 	.DEF R0X13=R19
                 	.DEF R0X14=R20
                 	.DEF R0X15=R21
                 	.DEF R0X16=R22
                 	.DEF R0X17=R23
                 	.DEF R0X18=R24
                 	.DEF R0X19=R25
                 	.DEF R0X1A=R26
                 	.DEF R0X1B=R27
                 	.DEF R0X1C=R28
                 	.DEF R0X1D=R29
                 	.DEF R0X1E=R30
                 	.DEF R0X1F=R31
                 
                 	.EQU __SRAM_START=0x0060
                 	.EQU __SRAM_END=0x045F
                 	.EQU __DSTACK_SIZE=0x0100
                 	.EQU __HEAP_SIZE=0x0000
                 	.EQU __CLEAR_SRAM_SIZE=__SRAM_END-__SRAM_START+1
                 
                 	.MACRO __CPD1N
                 	CPI  R30,LOW(@0)
                 	LDI  R26,HIGH(@0)
                 	CPC  R31,R26
                 	LDI  R26,BYTE3(@0)
                 	CPC  R22,R26
                 	LDI  R26,BYTE4(@0)
                 	CPC  R23,R26
                 	.ENDM
                 
                 	.MACRO __CPD2N
                 	CPI  R26,LOW(@0)
                 	LDI  R30,HIGH(@0)
                 	CPC  R27,R30
                 	LDI  R30,BYTE3(@0)
                 	CPC  R24,R30
                 	LDI  R30,BYTE4(@0)
                 	CPC  R25,R30
                 	.ENDM
                 
                 	.MACRO __CPWRR
                 	CP   R@0,R@2
                 	CPC  R@1,R@3
                 	.ENDM
                 
                 	.MACRO __CPWRN
                 	CPI  R@0,LOW(@2)
                 	LDI  R30,HIGH(@2)
                 	CPC  R@1,R30
                 	.ENDM
                 
                 	.MACRO __ADDB1MN
                 	SUBI R30,LOW(-@0-(@1))
                 	.ENDM
                 
                 	.MACRO __ADDB2MN
                 	SUBI R26,LOW(-@0-(@1))
                 	.ENDM
                 
                 	.MACRO __ADDW1MN
                 	SUBI R30,LOW(-@0-(@1))
                 	SBCI R31,HIGH(-@0-(@1))
                 	.ENDM
                 
                 	.MACRO __ADDW2MN
                 	SUBI R26,LOW(-@0-(@1))
                 	SBCI R27,HIGH(-@0-(@1))
                 	.ENDM
                 
                 	.MACRO __ADDW1FN
                 	SUBI R30,LOW(-2*@0-(@1))
                 	SBCI R31,HIGH(-2*@0-(@1))
                 	.ENDM
                 
                 	.MACRO __ADDD1FN
                 	SUBI R30,LOW(-2*@0-(@1))
                 	SBCI R31,HIGH(-2*@0-(@1))
                 	SBCI R22,BYTE3(-2*@0-(@1))
                 	.ENDM
                 
                 	.MACRO __ADDD1N
                 	SUBI R30,LOW(-@0)
                 	SBCI R31,HIGH(-@0)
                 	SBCI R22,BYTE3(-@0)
                 	SBCI R23,BYTE4(-@0)
                 	.ENDM
                 
                 	.MACRO __ADDD2N
                 	SUBI R26,LOW(-@0)
                 	SBCI R27,HIGH(-@0)
                 	SBCI R24,BYTE3(-@0)
                 	SBCI R25,BYTE4(-@0)
                 	.ENDM
                 
                 	.MACRO __SUBD1N
                 	SUBI R30,LOW(@0)
                 	SBCI R31,HIGH(@0)
                 	SBCI R22,BYTE3(@0)
                 	SBCI R23,BYTE4(@0)
                 	.ENDM
                 
                 	.MACRO __SUBD2N
                 	SUBI R26,LOW(@0)
                 	SBCI R27,HIGH(@0)
                 	SBCI R24,BYTE3(@0)
                 	SBCI R25,BYTE4(@0)
                 	.ENDM
                 
                 	.MACRO __ANDBMNN
                 	LDS  R30,@0+(@1)
                 	ANDI R30,LOW(@2)
                 	STS  @0+(@1),R30
                 	.ENDM
                 
                 	.MACRO __ANDWMNN
                 	LDS  R30,@0+(@1)
                 	ANDI R30,LOW(@2)
                 	STS  @0+(@1),R30
                 	LDS  R30,@0+(@1)+1
                 	ANDI R30,HIGH(@2)
                 	STS  @0+(@1)+1,R30
                 	.ENDM
                 
                 	.MACRO __ANDD1N
                 	ANDI R30,LOW(@0)
                 	ANDI R31,HIGH(@0)
                 	ANDI R22,BYTE3(@0)
                 	ANDI R23,BYTE4(@0)
                 	.ENDM
                 
                 	.MACRO __ANDD2N
                 	ANDI R26,LOW(@0)
                 	ANDI R27,HIGH(@0)
                 	ANDI R24,BYTE3(@0)
                 	ANDI R25,BYTE4(@0)
                 	.ENDM
                 
                 	.MACRO __ORBMNN
                 	LDS  R30,@0+(@1)
                 	ORI  R30,LOW(@2)
                 	STS  @0+(@1),R30
                 	.ENDM
                 
                 	.MACRO __ORWMNN
                 	LDS  R30,@0+(@1)
                 	ORI  R30,LOW(@2)
                 	STS  @0+(@1),R30
                 	LDS  R30,@0+(@1)+1
                 	ORI  R30,HIGH(@2)
                 	STS  @0+(@1)+1,R30
                 	.ENDM
                 
                 	.MACRO __ORD1N
                 	ORI  R30,LOW(@0)
                 	ORI  R31,HIGH(@0)
                 	ORI  R22,BYTE3(@0)
                 	ORI  R23,BYTE4(@0)
                 	.ENDM
                 
                 	.MACRO __ORD2N
                 	ORI  R26,LOW(@0)
                 	ORI  R27,HIGH(@0)
                 	ORI  R24,BYTE3(@0)
                 	ORI  R25,BYTE4(@0)
                 	.ENDM
                 
                 	.MACRO __DELAY_USB
                 	LDI  R24,LOW(@0)
                 __DELAY_USB_LOOP:
                 	DEC  R24
                 	BRNE __DELAY_USB_LOOP
                 	.ENDM
                 
                 	.MACRO __DELAY_USW
                 	LDI  R24,LOW(@0)
                 	LDI  R25,HIGH(@0)
                 __DELAY_USW_LOOP:
                 	SBIW R24,1
                 	BRNE __DELAY_USW_LOOP
                 	.ENDM
                 
                 	.MACRO __GETD1S
                 	LDD  R30,Y+@0
                 	LDD  R31,Y+@0+1
                 	LDD  R22,Y+@0+2
                 	LDD  R23,Y+@0+3
                 	.ENDM
                 
                 	.MACRO __GETD2S
                 	LDD  R26,Y+@0
                 	LDD  R27,Y+@0+1
                 	LDD  R24,Y+@0+2
                 	LDD  R25,Y+@0+3
                 	.ENDM
                 
                 	.MACRO __PUTD1S
                 	STD  Y+@0,R30
                 	STD  Y+@0+1,R31
                 	STD  Y+@0+2,R22
                 	STD  Y+@0+3,R23
                 	.ENDM
                 
                 	.MACRO __PUTD2S
                 	STD  Y+@0,R26
                 	STD  Y+@0+1,R27
                 	STD  Y+@0+2,R24
                 	STD  Y+@0+3,R25
                 	.ENDM
                 
                 	.MACRO __PUTDZ2
                 	STD  Z+@0,R26
                 	STD  Z+@0+1,R27
                 	STD  Z+@0+2,R24
                 	STD  Z+@0+3,R25
                 	.ENDM
                 
                 	.MACRO __CLRD1S
                 	STD  Y+@0,R30
                 	STD  Y+@0+1,R30
                 	STD  Y+@0+2,R30
                 	STD  Y+@0+3,R30
                 	.ENDM
                 
                 	.MACRO __POINTB1MN
                 	LDI  R30,LOW(@0+(@1))
                 	.ENDM
                 
                 	.MACRO __POINTW1MN
                 	LDI  R30,LOW(@0+(@1))
                 	LDI  R31,HIGH(@0+(@1))
                 	.ENDM
                 
                 	.MACRO __POINTD1M
                 	LDI  R30,LOW(@0)
                 	LDI  R31,HIGH(@0)
                 	LDI  R22,BYTE3(@0)
                 	LDI  R23,BYTE4(@0)
                 	.ENDM
                 
                 	.MACRO __POINTW1FN
                 	LDI  R30,LOW(2*@0+(@1))
                 	LDI  R31,HIGH(2*@0+(@1))
                 	.ENDM
                 
                 	.MACRO __POINTD1FN
                 	LDI  R30,LOW(2*@0+(@1))
                 	LDI  R31,HIGH(2*@0+(@1))
                 	LDI  R22,BYTE3(2*@0+(@1))
                 	LDI  R23,BYTE4(2*@0+(@1))
                 	.ENDM
                 
                 	.MACRO __POINTB2MN
                 	LDI  R26,LOW(@0+(@1))
                 	.ENDM
                 
                 	.MACRO __POINTW2MN
                 	LDI  R26,LOW(@0+(@1))
                 	LDI  R27,HIGH(@0+(@1))
                 	.ENDM
                 
                 	.MACRO __POINTW2FN
                 	LDI  R26,LOW(2*@0+(@1))
                 	LDI  R27,HIGH(2*@0+(@1))
                 	.ENDM
                 
                 	.MACRO __POINTD2FN
                 	LDI  R26,LOW(2*@0+(@1))
                 	LDI  R27,HIGH(2*@0+(@1))
                 	LDI  R24,BYTE3(2*@0+(@1))
                 	LDI  R25,BYTE4(2*@0+(@1))
                 	.ENDM
                 
                 	.MACRO __POINTBRM
                 	LDI  R@0,LOW(@1)
                 	.ENDM
                 
                 	.MACRO __POINTWRM
                 	LDI  R@0,LOW(@2)
                 	LDI  R@1,HIGH(@2)
                 	.ENDM
                 
                 	.MACRO __POINTBRMN
                 	LDI  R@0,LOW(@1+(@2))
                 	.ENDM
                 
                 	.MACRO __POINTWRMN
                 	LDI  R@0,LOW(@2+(@3))
                 	LDI  R@1,HIGH(@2+(@3))
                 	.ENDM
                 
                 	.MACRO __POINTWRFN
                 	LDI  R@0,LOW(@2*2+(@3))
                 	LDI  R@1,HIGH(@2*2+(@3))
                 	.ENDM
                 
                 	.MACRO __GETD1N
                 	LDI  R30,LOW(@0)
                 	LDI  R31,HIGH(@0)
                 	LDI  R22,BYTE3(@0)
                 	LDI  R23,BYTE4(@0)
                 	.ENDM
                 
                 	.MACRO __GETD2N
                 	LDI  R26,LOW(@0)
                 	LDI  R27,HIGH(@0)
                 	LDI  R24,BYTE3(@0)
                 	LDI  R25,BYTE4(@0)
                 	.ENDM
                 
                 	.MACRO __GETB1MN
                 	LDS  R30,@0+(@1)
                 	.ENDM
                 
                 	.MACRO __GETB1HMN
                 	LDS  R31,@0+(@1)
                 	.ENDM
                 
                 	.MACRO __GETW1MN
                 	LDS  R30,@0+(@1)
                 	LDS  R31,@0+(@1)+1
                 	.ENDM
                 
                 	.MACRO __GETD1MN
                 	LDS  R30,@0+(@1)
                 	LDS  R31,@0+(@1)+1
                 	LDS  R22,@0+(@1)+2
                 	LDS  R23,@0+(@1)+3
                 	.ENDM
                 
                 	.MACRO __GETBRMN
                 	LDS  R@0,@1+(@2)
                 	.ENDM
                 
                 	.MACRO __GETWRMN
                 	LDS  R@0,@2+(@3)
                 	LDS  R@1,@2+(@3)+1
                 	.ENDM
                 
                 	.MACRO __GETWRZ
                 	LDD  R@0,Z+@2
                 	LDD  R@1,Z+@2+1
                 	.ENDM
                 
                 	.MACRO __GETD2Z
                 	LDD  R26,Z+@0
                 	LDD  R27,Z+@0+1
                 	LDD  R24,Z+@0+2
                 	LDD  R25,Z+@0+3
                 	.ENDM
                 
                 	.MACRO __GETB2MN
                 	LDS  R26,@0+(@1)
                 	.ENDM
                 
                 	.MACRO __GETW2MN
                 	LDS  R26,@0+(@1)
                 	LDS  R27,@0+(@1)+1
                 	.ENDM
                 
                 	.MACRO __GETD2MN
                 	LDS  R26,@0+(@1)
                 	LDS  R27,@0+(@1)+1
                 	LDS  R24,@0+(@1)+2
                 	LDS  R25,@0+(@1)+3
                 	.ENDM
                 
                 	.MACRO __PUTB1MN
                 	STS  @0+(@1),R30
                 	.ENDM
                 
                 	.MACRO __PUTW1MN
                 	STS  @0+(@1),R30
                 	STS  @0+(@1)+1,R31
                 	.ENDM
                 
                 	.MACRO __PUTD1MN
                 	STS  @0+(@1),R30
                 	STS  @0+(@1)+1,R31
                 	STS  @0+(@1)+2,R22
                 	STS  @0+(@1)+3,R23
                 	.ENDM
                 
                 	.MACRO __PUTB1EN
                 	LDI  R26,LOW(@0+(@1))
                 	LDI  R27,HIGH(@0+(@1))
                 	CALL __EEPROMWRB
                 	.ENDM
                 
                 	.MACRO __PUTW1EN
                 	LDI  R26,LOW(@0+(@1))
                 	LDI  R27,HIGH(@0+(@1))
                 	CALL __EEPROMWRW
                 	.ENDM
                 
                 	.MACRO __PUTD1EN
                 	LDI  R26,LOW(@0+(@1))
                 	LDI  R27,HIGH(@0+(@1))
                 	CALL __EEPROMWRD
                 	.ENDM
                 
                 	.MACRO __PUTBR0MN
                 	STS  @0+(@1),R0
                 	.ENDM
                 
                 	.MACRO __PUTBMRN
                 	STS  @0+(@1),R@2
                 	.ENDM
                 
                 	.MACRO __PUTWMRN
                 	STS  @0+(@1),R@2
                 	STS  @0+(@1)+1,R@3
                 	.ENDM
                 
                 	.MACRO __PUTBZR
                 	STD  Z+@1,R@0
                 	.ENDM
                 
                 	.MACRO __PUTWZR
                 	STD  Z+@2,R@0
                 	STD  Z+@2+1,R@1
                 	.ENDM
                 
                 	.MACRO __GETW1R
                 	MOV  R30,R@0
                 	MOV  R31,R@1
                 	.ENDM
                 
                 	.MACRO __GETW2R
                 	MOV  R26,R@0
                 	MOV  R27,R@1
                 	.ENDM
                 
                 	.MACRO __GETWRN
                 	LDI  R@0,LOW(@2)
                 	LDI  R@1,HIGH(@2)
                 	.ENDM
                 
                 	.MACRO __PUTW1R
                 	MOV  R@0,R30
                 	MOV  R@1,R31
                 	.ENDM
                 
                 	.MACRO __PUTW2R
                 	MOV  R@0,R26
                 	MOV  R@1,R27
                 	.ENDM
                 
                 	.MACRO __ADDWRN
                 	SUBI R@0,LOW(-@2)
                 	SBCI R@1,HIGH(-@2)
                 	.ENDM
                 
                 	.MACRO __ADDWRR
                 	ADD  R@0,R@2
                 	ADC  R@1,R@3
                 	.ENDM
                 
                 	.MACRO __SUBWRN
                 	SUBI R@0,LOW(@2)
                 	SBCI R@1,HIGH(@2)
                 	.ENDM
                 
                 	.MACRO __SUBWRR
                 	SUB  R@0,R@2
                 	SBC  R@1,R@3
                 	.ENDM
                 
                 	.MACRO __ANDWRN
                 	ANDI R@0,LOW(@2)
                 	ANDI R@1,HIGH(@2)
                 	.ENDM
                 
                 	.MACRO __ANDWRR
                 	AND  R@0,R@2
                 	AND  R@1,R@3
                 	.ENDM
                 
                 	.MACRO __ORWRN
                 	ORI  R@0,LOW(@2)
                 	ORI  R@1,HIGH(@2)
                 	.ENDM
                 
                 	.MACRO __ORWRR
                 	OR   R@0,R@2
                 	OR   R@1,R@3
                 	.ENDM
                 
                 	.MACRO __EORWRR
                 	EOR  R@0,R@2
                 	EOR  R@1,R@3
                 	.ENDM
                 
                 	.MACRO __GETWRS
                 	LDD  R@0,Y+@2
                 	LDD  R@1,Y+@2+1
                 	.ENDM
                 
                 	.MACRO __PUTBSR
                 	STD  Y+@1,R@0
                 	.ENDM
                 
                 	.MACRO __PUTWSR
                 	STD  Y+@2,R@0
                 	STD  Y+@2+1,R@1
                 	.ENDM
                 
                 	.MACRO __MOVEWRR
                 	MOV  R@0,R@2
                 	MOV  R@1,R@3
                 	.ENDM
                 
                 	.MACRO __INWR
                 	IN   R@0,@2
                 	IN   R@1,@2+1
                 	.ENDM
                 
                 	.MACRO __OUTWR
                 	OUT  @2+1,R@1
                 	OUT  @2,R@0
                 	.ENDM
                 
                 	.MACRO __CALL1MN
                 	LDS  R30,@0+(@1)
                 	LDS  R31,@0+(@1)+1
                 	ICALL
                 	.ENDM
                 
                 	.MACRO __CALL1FN
                 	LDI  R30,LOW(2*@0+(@1))
                 	LDI  R31,HIGH(2*@0+(@1))
                 	CALL __GETW1PF
                 	ICALL
                 	.ENDM
                 
                 	.MACRO __CALL2EN
                 	PUSH R26
                 	PUSH R27
                 	LDI  R26,LOW(@0+(@1))
                 	LDI  R27,HIGH(@0+(@1))
                 	CALL __EEPROMRDW
                 	POP  R27
                 	POP  R26
                 	ICALL
                 	.ENDM
                 
                 	.MACRO __CALL2EX
                 	SUBI R26,LOW(-@0)
                 	SBCI R27,HIGH(-@0)
                 	CALL __EEPROMRDD
                 	ICALL
                 	.ENDM
                 
                 	.MACRO __GETW1STACK
                 	IN   R30,SPL
                 	IN   R31,SPH
                 	ADIW R30,@0+1
                 	LD   R0,Z+
                 	LD   R31,Z
                 	MOV  R30,R0
                 	.ENDM
                 
                 	.MACRO __GETD1STACK
                 	IN   R30,SPL
                 	IN   R31,SPH
                 	ADIW R30,@0+1
                 	LD   R0,Z+
                 	LD   R1,Z+
                 	LD   R22,Z
                 	MOVW R30,R0
                 	.ENDM
                 
                 	.MACRO __NBST
                 	BST  R@0,@1
                 	IN   R30,SREG
                 	LDI  R31,0x40
                 	EOR  R30,R31
                 	OUT  SREG,R30
                 	.ENDM
                 
                 
                 	.MACRO __PUTB1SN
                 	LDD  R26,Y+@0
                 	LDD  R27,Y+@0+1
                 	SUBI R26,LOW(-@1)
                 	SBCI R27,HIGH(-@1)
                 	ST   X,R30
                 	.ENDM
                 
                 	.MACRO __PUTW1SN
                 	LDD  R26,Y+@0
                 	LDD  R27,Y+@0+1
                 	SUBI R26,LOW(-@1)
                 	SBCI R27,HIGH(-@1)
                 	ST   X+,R30
                 	ST   X,R31
                 	.ENDM
                 
                 	.MACRO __PUTD1SN
                 	LDD  R26,Y+@0
                 	LDD  R27,Y+@0+1
                 	SUBI R26,LOW(-@1)
                 	SBCI R27,HIGH(-@1)
                 	CALL __PUTDP1
                 	.ENDM
                 
                 	.MACRO __PUTB1SNS
                 	LDD  R26,Y+@0
                 	LDD  R27,Y+@0+1
                 	ADIW R26,@1
                 	ST   X,R30
                 	.ENDM
                 
                 	.MACRO __PUTW1SNS
                 	LDD  R26,Y+@0
                 	LDD  R27,Y+@0+1
                 	ADIW R26,@1
                 	ST   X+,R30
                 	ST   X,R31
                 	.ENDM
                 
                 	.MACRO __PUTD1SNS
                 	LDD  R26,Y+@0
                 	LDD  R27,Y+@0+1
                 	ADIW R26,@1
                 	CALL __PUTDP1
                 	.ENDM
                 
                 	.MACRO __PUTB1PMN
                 	LDS  R26,@0
                 	LDS  R27,@0+1
                 	SUBI R26,LOW(-@1)
                 	SBCI R27,HIGH(-@1)
                 	ST   X,R30
                 	.ENDM
                 
                 	.MACRO __PUTW1PMN
                 	LDS  R26,@0
                 	LDS  R27,@0+1
                 	SUBI R26,LOW(-@1)
                 	SBCI R27,HIGH(-@1)
                 	ST   X+,R30
                 	ST   X,R31
                 	.ENDM
                 
                 	.MACRO __PUTD1PMN
                 	LDS  R26,@0
                 	LDS  R27,@0+1
                 	SUBI R26,LOW(-@1)
                 	SBCI R27,HIGH(-@1)
                 	CALL __PUTDP1
                 	.ENDM
                 
                 	.MACRO __PUTB1PMNS
                 	LDS  R26,@0
                 	LDS  R27,@0+1
                 	ADIW R26,@1
                 	ST   X,R30
                 	.ENDM
                 
                 	.MACRO __PUTW1PMNS
                 	LDS  R26,@0
                 	LDS  R27,@0+1
                 	ADIW R26,@1
                 	ST   X+,R30
                 	ST   X,R31
                 	.ENDM
                 
                 	.MACRO __PUTD1PMNS
                 	LDS  R26,@0
                 	LDS  R27,@0+1
                 	ADIW R26,@1
                 	CALL __PUTDP1
                 	.ENDM
                 
                 	.MACRO __PUTB1RN
                 	MOVW R26,R@0
                 	SUBI R26,LOW(-@1)
                 	SBCI R27,HIGH(-@1)
                 	ST   X,R30
                 	.ENDM
                 
                 	.MACRO __PUTW1RN
                 	MOVW R26,R@0
                 	SUBI R26,LOW(-@1)
                 	SBCI R27,HIGH(-@1)
                 	ST   X+,R30
                 	ST   X,R31
                 	.ENDM
                 
                 	.MACRO __PUTD1RN
                 	MOVW R26,R@0
                 	SUBI R26,LOW(-@1)
                 	SBCI R27,HIGH(-@1)
                 	CALL __PUTDP1
                 	.ENDM
                 
                 	.MACRO __PUTB1RNS
                 	MOVW R26,R@0
                 	ADIW R26,@1
                 	ST   X,R30
                 	.ENDM
                 
                 	.MACRO __PUTW1RNS
                 	MOVW R26,R@0
                 	ADIW R26,@1
                 	ST   X+,R30
                 	ST   X,R31
                 	.ENDM
                 
                 	.MACRO __PUTD1RNS
                 	MOVW R26,R@0
                 	ADIW R26,@1
                 	CALL __PUTDP1
                 	.ENDM
                 
                 	.MACRO __PUTB1RON
                 	MOV  R26,R@0
                 	MOV  R27,R@1
                 	SUBI R26,LOW(-@2)
                 	SBCI R27,HIGH(-@2)
                 	ST   X,R30
                 	.ENDM
                 
                 	.MACRO __PUTW1RON
                 	MOV  R26,R@0
                 	MOV  R27,R@1
                 	SUBI R26,LOW(-@2)
                 	SBCI R27,HIGH(-@2)
                 	ST   X+,R30
                 	ST   X,R31
                 	.ENDM
                 
                 	.MACRO __PUTD1RON
                 	MOV  R26,R@0
                 	MOV  R27,R@1
                 	SUBI R26,LOW(-@2)
                 	SBCI R27,HIGH(-@2)
                 	CALL __PUTDP1
                 	.ENDM
                 
                 	.MACRO __PUTB1RONS
                 	MOV  R26,R@0
                 	MOV  R27,R@1
                 	ADIW R26,@2
                 	ST   X,R30
                 	.ENDM
                 
                 	.MACRO __PUTW1RONS
                 	MOV  R26,R@0
                 	MOV  R27,R@1
                 	ADIW R26,@2
                 	ST   X+,R30
                 	ST   X,R31
                 	.ENDM
                 
                 	.MACRO __PUTD1RONS
                 	MOV  R26,R@0
                 	MOV  R27,R@1
                 	ADIW R26,@2
                 	CALL __PUTDP1
                 	.ENDM
                 
                 
                 	.MACRO __GETB1SX
                 	MOVW R30,R28
                 	SUBI R30,LOW(-@0)
                 	SBCI R31,HIGH(-@0)
                 	LD   R30,Z
                 	.ENDM
                 
                 	.MACRO __GETB1HSX
                 	MOVW R30,R28
                 	SUBI R30,LOW(-@0)
                 	SBCI R31,HIGH(-@0)
                 	LD   R31,Z
                 	.ENDM
                 
                 	.MACRO __GETW1SX
                 	MOVW R30,R28
                 	SUBI R30,LOW(-@0)
                 	SBCI R31,HIGH(-@0)
                 	LD   R0,Z+
                 	LD   R31,Z
                 	MOV  R30,R0
                 	.ENDM
                 
                 	.MACRO __GETD1SX
                 	MOVW R30,R28
                 	SUBI R30,LOW(-@0)
                 	SBCI R31,HIGH(-@0)
                 	LD   R0,Z+
                 	LD   R1,Z+
                 	LD   R22,Z+
                 	LD   R23,Z
                 	MOVW R30,R0
                 	.ENDM
                 
                 	.MACRO __GETB2SX
                 	MOVW R26,R28
                 	SUBI R26,LOW(-@0)
                 	SBCI R27,HIGH(-@0)
                 	LD   R26,X
                 	.ENDM
                 
                 	.MACRO __GETW2SX
                 	MOVW R26,R28
                 	SUBI R26,LOW(-@0)
                 	SBCI R27,HIGH(-@0)
                 	LD   R0,X+
                 	LD   R27,X
                 	MOV  R26,R0
                 	.ENDM
                 
                 	.MACRO __GETD2SX
                 	MOVW R26,R28
                 	SUBI R26,LOW(-@0)
                 	SBCI R27,HIGH(-@0)
                 	LD   R0,X+
                 	LD   R1,X+
                 	LD   R24,X+
                 	LD   R25,X
                 	MOVW R26,R0
                 	.ENDM
                 
                 	.MACRO __GETBRSX
                 	MOVW R30,R28
                 	SUBI R30,LOW(-@1)
                 	SBCI R31,HIGH(-@1)
                 	LD   R@0,Z
                 	.ENDM
                 
                 	.MACRO __GETWRSX
                 	MOVW R30,R28
                 	SUBI R30,LOW(-@2)
                 	SBCI R31,HIGH(-@2)
                 	LD   R@0,Z+
                 	LD   R@1,Z
                 	.ENDM
                 
                 	.MACRO __GETBRSX2
                 	MOVW R26,R28
                 	SUBI R26,LOW(-@1)
                 	SBCI R27,HIGH(-@1)
                 	LD   R@0,X
                 	.ENDM
                 
                 	.MACRO __GETWRSX2
                 	MOVW R26,R28
                 	SUBI R26,LOW(-@2)
                 	SBCI R27,HIGH(-@2)
                 	LD   R@0,X+
                 	LD   R@1,X
                 	.ENDM
                 
                 	.MACRO __LSLW8SX
                 	MOVW R30,R28
                 	SUBI R30,LOW(-@0)
                 	SBCI R31,HIGH(-@0)
                 	LD   R31,Z
                 	CLR  R30
                 	.ENDM
                 
                 	.MACRO __PUTB1SX
                 	MOVW R26,R28
                 	SUBI R26,LOW(-@0)
                 	SBCI R27,HIGH(-@0)
                 	ST   X,R30
                 	.ENDM
                 
                 	.MACRO __PUTW1SX
                 	MOVW R26,R28
                 	SUBI R26,LOW(-@0)
                 	SBCI R27,HIGH(-@0)
                 	ST   X+,R30
                 	ST   X,R31
                 	.ENDM
                 
                 	.MACRO __PUTD1SX
                 	MOVW R26,R28
                 	SUBI R26,LOW(-@0)
                 	SBCI R27,HIGH(-@0)
                 	ST   X+,R30
                 	ST   X+,R31
                 	ST   X+,R22
                 	ST   X,R23
                 	.ENDM
                 
                 	.MACRO __CLRW1SX
                 	MOVW R26,R28
                 	SUBI R26,LOW(-@0)
                 	SBCI R27,HIGH(-@0)
                 	ST   X+,R30
                 	ST   X,R30
                 	.ENDM
                 
                 	.MACRO __CLRD1SX
                 	MOVW R26,R28
                 	SUBI R26,LOW(-@0)
                 	SBCI R27,HIGH(-@0)
                 	ST   X+,R30
                 	ST   X+,R30
                 	ST   X+,R30
                 	ST   X,R30
                 	.ENDM
                 
                 	.MACRO __PUTB2SX
                 	MOVW R30,R28
                 	SUBI R30,LOW(-@0)
                 	SBCI R31,HIGH(-@0)
                 	ST   Z,R26
                 	.ENDM
                 
                 	.MACRO __PUTW2SX
                 	MOVW R30,R28
                 	SUBI R30,LOW(-@0)
                 	SBCI R31,HIGH(-@0)
                 	ST   Z+,R26
                 	ST   Z,R27
                 	.ENDM
                 
                 	.MACRO __PUTD2SX
                 	MOVW R30,R28
                 	SUBI R30,LOW(-@0)
                 	SBCI R31,HIGH(-@0)
                 	ST   Z+,R26
                 	ST   Z+,R27
                 	ST   Z+,R24
                 	ST   Z,R25
                 	.ENDM
                 
                 	.MACRO __PUTBSRX
                 	MOVW R30,R28
                 	SUBI R30,LOW(-@1)
                 	SBCI R31,HIGH(-@1)
                 	ST   Z,R@0
                 	.ENDM
                 
                 	.MACRO __PUTWSRX
                 	MOVW R30,R28
                 	SUBI R30,LOW(-@2)
                 	SBCI R31,HIGH(-@2)
                 	ST   Z+,R@0
                 	ST   Z,R@1
                 	.ENDM
                 
                 	.MACRO __PUTB1SNX
                 	MOVW R26,R28
                 	SUBI R26,LOW(-@0)
                 	SBCI R27,HIGH(-@0)
                 	LD   R0,X+
                 	LD   R27,X
                 	MOV  R26,R0
                 	SUBI R26,LOW(-@1)
                 	SBCI R27,HIGH(-@1)
                 	ST   X,R30
                 	.ENDM
                 
                 	.MACRO __PUTW1SNX
                 	MOVW R26,R28
                 	SUBI R26,LOW(-@0)
                 	SBCI R27,HIGH(-@0)
                 	LD   R0,X+
                 	LD   R27,X
                 	MOV  R26,R0
                 	SUBI R26,LOW(-@1)
                 	SBCI R27,HIGH(-@1)
                 	ST   X+,R30
                 	ST   X,R31
                 	.ENDM
                 
                 	.MACRO __PUTD1SNX
                 	MOVW R26,R28
                 	SUBI R26,LOW(-@0)
                 	SBCI R27,HIGH(-@0)
                 	LD   R0,X+
                 	LD   R27,X
                 	MOV  R26,R0
                 	SUBI R26,LOW(-@1)
                 	SBCI R27,HIGH(-@1)
                 	ST   X+,R30
                 	ST   X+,R31
                 	ST   X+,R22
                 	ST   X,R23
                 	.ENDM
                 
                 	.MACRO __MULBRR
                 	MULS R@0,R@1
                 	MOVW R30,R0
                 	.ENDM
                 
                 	.MACRO __MULBRRU
                 	MUL  R@0,R@1
                 	MOVW R30,R0
                 	.ENDM
                 
                 	.MACRO __MULBRR0
                 	MULS R@0,R@1
                 	.ENDM
                 
                 	.MACRO __MULBRRU0
                 	MUL  R@0,R@1
                 	.ENDM
                 
                 	.MACRO __MULBNWRU
                 	LDI  R26,@2
                 	MUL  R26,R@0
                 	MOVW R30,R0
                 	MUL  R26,R@1
                 	ADD  R31,R0
                 	.ENDM
                 
                 ;NAME DEFINITIONS FOR GLOBAL VARIABLES ALLOCATED TO REGISTERS
                 	.DEF __lcd_x=R5
                 	.DEF __lcd_y=R4
                 	.DEF __lcd_maxx=R7
                 
                 	.CSEG
                 	.ORG 0x00
                 
                 ;START OF CODE MARKER
                 __START_OF_CODE:
                 
                 ;INTERRUPT VECTORS
000000 940c 0045 	JMP  __RESET
000002 940c 0000 	JMP  0x00
000004 940c 0072 	JMP  _ext_int1_isr
000006 940c 0000 	JMP  0x00
000008 940c 0000 	JMP  0x00
00000a 940c 0000 	JMP  0x00
00000c 940c 0000 	JMP  0x00
00000e 940c 0000 	JMP  0x00
000010 940c 0000 	JMP  0x00
000012 940c 0000 	JMP  0x00
000014 940c 0000 	JMP  0x00
000016 940c 0000 	JMP  0x00
000018 940c 0000 	JMP  0x00
00001a 940c 0000 	JMP  0x00
00001c 940c 0000 	JMP  0x00
00001e 940c 0000 	JMP  0x00
000020 940c 0000 	JMP  0x00
000022 940c 0000 	JMP  0x00
000024 940c 0000 	JMP  0x00
000026 940c 0000 	JMP  0x00
000028 940c 0000 	JMP  0x00
                 
                 _0x3:
00002a 3130
00002b 3332
00002c 3534
00002d 3736      	.DB  0x30,0x31,0x32,0x33,0x34,0x35,0x36,0x37
00002e 3938
00002f 4241
000030 4443
000031 4645      	.DB  0x38,0x39,0x41,0x42,0x43,0x44,0x45,0x46
                 _0x60000:
000032 7351
000033 3474
000034 202c
000035 7453      	.DB  0x51,0x73,0x74,0x34,0x2C,0x20,0x53,0x74
000036 7261
000037 2e74
000038 2e2e
C:\users\farkoo\My Documents\az micro\3\4\Debug\List\Lab3_Qst_4.asm(1126): warning: .cseg .db misalignment - padding zero byte
000039 0000      	.DB  0x61,0x72,0x74,0x2E,0x2E,0x2E,0x0
                 _0x2000003:
00003a c080      	.DB  0x80,0xC0
                 
                 __GLOBAL_INI_TBL:
00003b 0010      	.DW  0x10
00003c 016f      	.DW  _key_pad
00003d 0054      	.DW  _0x3*2
                 
00003e 000f      	.DW  0x0F
00003f 0160      	.DW  _0x60003
000040 0064      	.DW  _0x60000*2
                 
000041 0002      	.DW  0x02
000042 017f      	.DW  __base_y_G100
000043 0074      	.DW  _0x2000003*2
                 
                 _0xFFFFFFFF:
000044 0000      	.DW  0
                 
                 #define __GLOBAL_INI_TBL_PRESENT 1
                 
                 __RESET:
000045 94f8      	CLI
000046 27ee      	CLR  R30
000047 bbec      	OUT  EECR,R30
                 
                 ;INTERRUPT VECTORS ARE PLACED
                 ;AT THE START OF FLASH
000048 e0f1      	LDI  R31,1
000049 bffb      	OUT  GICR,R31
00004a bfeb      	OUT  GICR,R30
00004b bfe5      	OUT  MCUCR,R30
                 
                 ;CLEAR R2-R14
00004c e08d      	LDI  R24,(14-2)+1
00004d e0a2      	LDI  R26,2
00004e 27bb      	CLR  R27
                 __CLEAR_REG:
00004f 93ed      	ST   X+,R30
000050 958a      	DEC  R24
000051 f7e9      	BRNE __CLEAR_REG
                 
                 ;CLEAR SRAM
000052 e080      	LDI  R24,LOW(__CLEAR_SRAM_SIZE)
000053 e094      	LDI  R25,HIGH(__CLEAR_SRAM_SIZE)
000054 e6a0      	LDI  R26,__SRAM_START
                 __CLEAR_SRAM:
000055 93ed      	ST   X+,R30
000056 9701      	SBIW R24,1
000057 f7e9      	BRNE __CLEAR_SRAM
                 
                 ;GLOBAL VARIABLES INITIALIZATION
000058 e7e6      	LDI  R30,LOW(__GLOBAL_INI_TBL*2)
000059 e0f0      	LDI  R31,HIGH(__GLOBAL_INI_TBL*2)
                 __GLOBAL_INI_NEXT:
00005a 9185      	LPM  R24,Z+
00005b 9195      	LPM  R25,Z+
00005c 9700      	SBIW R24,0
00005d f061      	BREQ __GLOBAL_INI_END
00005e 91a5      	LPM  R26,Z+
00005f 91b5      	LPM  R27,Z+
000060 9005      	LPM  R0,Z+
000061 9015      	LPM  R1,Z+
000062 01bf      	MOVW R22,R30
000063 01f0      	MOVW R30,R0
                 __GLOBAL_INI_LOOP:
000064 9005      	LPM  R0,Z+
000065 920d      	ST   X+,R0
000066 9701      	SBIW R24,1
000067 f7e1      	BRNE __GLOBAL_INI_LOOP
000068 01fb      	MOVW R30,R22
000069 cff0      	RJMP __GLOBAL_INI_NEXT
                 __GLOBAL_INI_END:
                 
                 ;HARDWARE STACK POINTER INITIALIZATION
00006a e5ef      	LDI  R30,LOW(__SRAM_END-__HEAP_SIZE)
00006b bfed      	OUT  SPL,R30
00006c e0e4      	LDI  R30,HIGH(__SRAM_END-__HEAP_SIZE)
00006d bfee      	OUT  SPH,R30
                 
                 ;DATA STACK POINTER INITIALIZATION
00006e e6c0      	LDI  R28,LOW(__SRAM_START+__DSTACK_SIZE)
00006f e0d1      	LDI  R29,HIGH(__SRAM_START+__DSTACK_SIZE)
                 
000070 940c 0093 	JMP  _main
                 
                 	.ESEG
                 	.ORG 0
                 
                 	.DSEG
                 	.ORG 0x160
                 
                 	.CSEG
                 ;/*******************************************************
                 ;This program was created by the
                 ;CodeWizardAVR V3.12 Advanced
                 ;Automatic Program Generator
                 ;© Copyright 1998-2014 Pavel Haiduc, HP InfoTech s.r.l.
                 ;http://www.hpinfotech.com
                 ;
                 ;Project :
                 ;Version :
                 ;Date    : 3/17/2021
                 ;Author  : Farzaneh Koohestani
                 ;Company : IUT
                 ;Comments:
                 ;Session: 3
                 ;Question: 4
                 ;
                 ;
                 ;Chip type               : ATmega16
                 ;Program type            : Application
                 ;AVR Core Clock frequency: 8.000000 MHz
                 ;Memory model            : Small
                 ;External RAM size       : 0
                 ;Data Stack size         : 256
                 ;*******************************************************/
                 ;
                 ;#include <header.h>
                 	#ifndef __SLEEP_DEFINED__
                 	#define __SLEEP_DEFINED__
                 	.EQU __se_bit=0x40
                 	.EQU __sm_mask=0xB0
                 	.EQU __sm_powerdown=0x20
                 	.EQU __sm_powersave=0x30
                 	.EQU __sm_standby=0xA0
                 	.EQU __sm_ext_standby=0xB0
                 	.EQU __sm_adc_noise_red=0x10
                 	.SET power_ctrl_reg=mcucr
                 	#endif
                 ;
                 ;// Declare your global variables here
                 ;unsigned char key_pad[16] = {'0','1','2','3','4','5','6','7','8','9','A','B','C','D','E','F' };
                 
                 	.DSEG
                 ;// External Interrupt 1 service routine
                 ;interrupt [EXT_INT1] void ext_int1_isr(void)
                 ; 0000 0020 {
                 
                 	.CSEG
                 _ext_int1_isr:
                 ; .FSTART _ext_int1_isr
000072 920a      	ST   -Y,R0
000073 921a      	ST   -Y,R1
000074 92fa      	ST   -Y,R15
000075 936a      	ST   -Y,R22
000076 937a      	ST   -Y,R23
000077 938a      	ST   -Y,R24
000078 939a      	ST   -Y,R25
000079 93aa      	ST   -Y,R26
00007a 93ba      	ST   -Y,R27
00007b 93ea      	ST   -Y,R30
00007c 93fa      	ST   -Y,R31
00007d b7ef      	IN   R30,SREG
00007e 93ea      	ST   -Y,R30
                 ; 0000 0021 // Place your code here
                 ; 0000 0022     DDRB=0x0F;
00007f e0ef      	LDI  R30,LOW(15)
000080 bbe7      	OUT  0x17,R30
                 ; 0000 0023     PORTB=0xF0;
000081 efe0      	LDI  R30,LOW(240)
000082 bbe8      	OUT  0x18,R30
                 ; 0000 0024     keypad();
000083 940e 00c9 	CALL _keypad
                 ; 0000 0025 
                 ; 0000 0026 }
000085 91e9      	LD   R30,Y+
000086 bfef      	OUT  SREG,R30
000087 91f9      	LD   R31,Y+
000088 91e9      	LD   R30,Y+
000089 91b9      	LD   R27,Y+
00008a 91a9      	LD   R26,Y+
00008b 9199      	LD   R25,Y+
00008c 9189      	LD   R24,Y+
00008d 9179      	LD   R23,Y+
00008e 9169      	LD   R22,Y+
00008f 90f9      	LD   R15,Y+
000090 9019      	LD   R1,Y+
000091 9009      	LD   R0,Y+
000092 9518      	RETI
                 ; .FEND
                 ;
                 ;void main(void)
                 ; 0000 0029 {
                 _main:
                 ; .FSTART _main
                 ; 0000 002A // Declare your local variables here
                 ; 0000 002B 
                 ; 0000 002C 
                 ; 0000 002D 
                 ; 0000 002E     init();
000093 d004      	RCALL _init
                 ; 0000 002F     func4();
000094 940e 014c 	CALL _func4
                 ; 0000 0030 while (1)
                 _0x4:
                 ; 0000 0031       {
                 ; 0000 0032       // Place your code here
                 ; 0000 0033 
                 ; 0000 0034       }
000096 cfff      	RJMP _0x4
                 ; 0000 0035 }
                 _0x7:
000097 cfff      	RJMP _0x7
                 ; .FEND
                 ;#include <header.h>
                 	#ifndef __SLEEP_DEFINED__
                 	#endif
                 ;
                 ;void init(void){
                 ; 0001 0003 void init(void){
                 
                 	.CSEG
                 _init:
                 ; .FSTART _init
                 ; 0001 0004     // Input/Output Ports initialization
                 ; 0001 0005     // Port A initialization
                 ; 0001 0006     // Function: Bit7=In Bit6=In Bit5=In Bit4=In Bit3=In Bit2=In Bit1=In Bit0=In
                 ; 0001 0007     DDRA=(0<<DDA7) | (0<<DDA6) | (0<<DDA5) | (0<<DDA4) | (0<<DDA3) | (0<<DDA2) | (0<<DDA1) | (0<<DDA0);
000098 e0e0      	LDI  R30,LOW(0)
000099 bbea      	OUT  0x1A,R30
                 ; 0001 0008     // State: Bit7=T Bit6=T Bit5=T Bit4=T Bit3=T Bit2=T Bit1=T Bit0=T
                 ; 0001 0009     PORTA=(0<<PORTA7) | (0<<PORTA6) | (0<<PORTA5) | (0<<PORTA4) | (0<<PORTA3) | (0<<PORTA2) | (0<<PORTA1) | (0<<PORTA0);
00009a bbeb      	OUT  0x1B,R30
                 ; 0001 000A 
                 ; 0001 000B     // Port B initialization
                 ; 0001 000C     // Function: Bit7=In Bit6=In Bit5=In Bit4=In Bit3=In Bit2=In Bit1=In Bit0=In
                 ; 0001 000D     DDRB=(0<<DDB7) | (0<<DDB6) | (0<<DDB5) | (0<<DDB4) | (0<<DDB3) | (0<<DDB2) | (0<<DDB1) | (0<<DDB0);
00009b bbe7      	OUT  0x17,R30
                 ; 0001 000E     // State: Bit7=T Bit6=T Bit5=T Bit4=T Bit3=T Bit2=T Bit1=T Bit0=T
                 ; 0001 000F     PORTB=(0<<PORTB7) | (0<<PORTB6) | (0<<PORTB5) | (0<<PORTB4) | (0<<PORTB3) | (0<<PORTB2) | (0<<PORTB1) | (0<<PORTB0);
00009c bbe8      	OUT  0x18,R30
                 ; 0001 0010 
                 ; 0001 0011     // Port C initialization
                 ; 0001 0012     // Function: Bit7=In Bit6=In Bit5=In Bit4=In Bit3=In Bit2=In Bit1=In Bit0=In
                 ; 0001 0013     DDRC=(0<<DDC7) | (0<<DDC6) | (0<<DDC5) | (0<<DDC4) | (0<<DDC3) | (0<<DDC2) | (0<<DDC1) | (0<<DDC0);
00009d bbe4      	OUT  0x14,R30
                 ; 0001 0014     // State: Bit7=T Bit6=T Bit5=T Bit4=T Bit3=T Bit2=T Bit1=T Bit0=T
                 ; 0001 0015     PORTC=(0<<PORTC7) | (0<<PORTC6) | (0<<PORTC5) | (0<<PORTC4) | (0<<PORTC3) | (0<<PORTC2) | (0<<PORTC1) | (0<<PORTC0);
00009e bbe5      	OUT  0x15,R30
                 ; 0001 0016 
                 ; 0001 0017     // Port D initialization
                 ; 0001 0018     // Function: Bit7=In Bit6=In Bit5=In Bit4=In Bit3=In Bit2=In Bit1=In Bit0=In
                 ; 0001 0019     DDRD=(0<<DDD7) | (0<<DDD6) | (0<<DDD5) | (0<<DDD4) | (0<<DDD3) | (0<<DDD2) | (0<<DDD1) | (0<<DDD0);
00009f bbe1      	OUT  0x11,R30
                 ; 0001 001A     // State: Bit7=T Bit6=T Bit5=T Bit4=T Bit3=T Bit2=T Bit1=T Bit0=T
                 ; 0001 001B     PORTD=(0<<PORTD7) | (0<<PORTD6) | (0<<PORTD5) | (0<<PORTD4) | (0<<PORTD3) | (0<<PORTD2) | (0<<PORTD1) | (0<<PORTD0);
0000a0 bbe2      	OUT  0x12,R30
                 ; 0001 001C 
                 ; 0001 001D     // Timer/Counter 0 initialization
                 ; 0001 001E     // Clock source: System Clock
                 ; 0001 001F     // Clock value: Timer 0 Stopped
                 ; 0001 0020     // Mode: Normal top=0xFF
                 ; 0001 0021     // OC0 output: Disconnected
                 ; 0001 0022     TCCR0=(0<<WGM00) | (0<<COM01) | (0<<COM00) | (0<<WGM01) | (0<<CS02) | (0<<CS01) | (0<<CS00);
0000a1 bfe3      	OUT  0x33,R30
                 ; 0001 0023     TCNT0=0x00;
0000a2 bfe2      	OUT  0x32,R30
                 ; 0001 0024     OCR0=0x00;
0000a3 bfec      	OUT  0x3C,R30
                 ; 0001 0025 
                 ; 0001 0026     // Timer/Counter 1 initialization
                 ; 0001 0027     // Clock source: System Clock
                 ; 0001 0028     // Clock value: Timer1 Stopped
                 ; 0001 0029     // Mode: Normal top=0xFFFF
                 ; 0001 002A     // OC1A output: Disconnected
                 ; 0001 002B     // OC1B output: Disconnected
                 ; 0001 002C     // Noise Canceler: Off
                 ; 0001 002D     // Input Capture on Falling Edge
                 ; 0001 002E     // Timer1 Overflow Interrupt: Off
                 ; 0001 002F     // Input Capture Interrupt: Off
                 ; 0001 0030     // Compare A Match Interrupt: Off
                 ; 0001 0031     // Compare B Match Interrupt: Off
                 ; 0001 0032     TCCR1A=(0<<COM1A1) | (0<<COM1A0) | (0<<COM1B1) | (0<<COM1B0) | (0<<WGM11) | (0<<WGM10);
0000a4 bdef      	OUT  0x2F,R30
                 ; 0001 0033     TCCR1B=(0<<ICNC1) | (0<<ICES1) | (0<<WGM13) | (0<<WGM12) | (0<<CS12) | (0<<CS11) | (0<<CS10);
0000a5 bdee      	OUT  0x2E,R30
                 ; 0001 0034     TCNT1H=0x00;
0000a6 bded      	OUT  0x2D,R30
                 ; 0001 0035     TCNT1L=0x00;
0000a7 bdec      	OUT  0x2C,R30
                 ; 0001 0036     ICR1H=0x00;
0000a8 bde7      	OUT  0x27,R30
                 ; 0001 0037     ICR1L=0x00;
0000a9 bde6      	OUT  0x26,R30
                 ; 0001 0038     OCR1AH=0x00;
0000aa bdeb      	OUT  0x2B,R30
                 ; 0001 0039     OCR1AL=0x00;
0000ab bdea      	OUT  0x2A,R30
                 ; 0001 003A     OCR1BH=0x00;
0000ac bde9      	OUT  0x29,R30
                 ; 0001 003B     OCR1BL=0x00;
0000ad bde8      	OUT  0x28,R30
                 ; 0001 003C 
                 ; 0001 003D     // Timer/Counter 2 initialization
                 ; 0001 003E     // Clock source: System Clock
                 ; 0001 003F     // Clock value: Timer2 Stopped
                 ; 0001 0040     // Mode: Normal top=0xFF
                 ; 0001 0041     // OC2 output: Disconnected
                 ; 0001 0042     ASSR=0<<AS2;
0000ae bde2      	OUT  0x22,R30
                 ; 0001 0043     TCCR2=(0<<PWM2) | (0<<COM21) | (0<<COM20) | (0<<CTC2) | (0<<CS22) | (0<<CS21) | (0<<CS20);
0000af bde5      	OUT  0x25,R30
                 ; 0001 0044     TCNT2=0x00;
0000b0 bde4      	OUT  0x24,R30
                 ; 0001 0045     OCR2=0x00;
0000b1 bde3      	OUT  0x23,R30
                 ; 0001 0046 
                 ; 0001 0047     // Timer(s)/Counter(s) Interrupt(s) initialization
                 ; 0001 0048     TIMSK=(0<<OCIE2) | (0<<TOIE2) | (0<<TICIE1) | (0<<OCIE1A) | (0<<OCIE1B) | (0<<TOIE1) | (0<<OCIE0) | (0<<TOIE0);
0000b2 bfe9      	OUT  0x39,R30
                 ; 0001 0049 
                 ; 0001 004A     // External Interrupt(s) initialization
                 ; 0001 004B     // INT0: Off
                 ; 0001 004C     // INT1: On
                 ; 0001 004D     // INT1 Mode: Rising Edge
                 ; 0001 004E     // INT2: Off
                 ; 0001 004F     GICR|=(1<<INT1) | (0<<INT0) | (0<<INT2);
0000b3 b7eb      	IN   R30,0x3B
0000b4 68e0      	ORI  R30,0x80
0000b5 bfeb      	OUT  0x3B,R30
                 ; 0001 0050     MCUCR=(1<<ISC11) | (1<<ISC10) | (0<<ISC01) | (0<<ISC00);
0000b6 e0ec      	LDI  R30,LOW(12)
0000b7 bfe5      	OUT  0x35,R30
                 ; 0001 0051     MCUCSR=(0<<ISC2);
0000b8 e0e0      	LDI  R30,LOW(0)
0000b9 bfe4      	OUT  0x34,R30
                 ; 0001 0052     GIFR=(1<<INTF1) | (0<<INTF0) | (0<<INTF2);
0000ba e8e0      	LDI  R30,LOW(128)
0000bb bfea      	OUT  0x3A,R30
                 ; 0001 0053 
                 ; 0001 0054     // USART initialization
                 ; 0001 0055     // USART disabled
                 ; 0001 0056     UCSRB=(0<<RXCIE) | (0<<TXCIE) | (0<<UDRIE) | (0<<RXEN) | (0<<TXEN) | (0<<UCSZ2) | (0<<RXB8) | (0<<TXB8);
0000bc e0e0      	LDI  R30,LOW(0)
0000bd b9ea      	OUT  0xA,R30
                 ; 0001 0057 
                 ; 0001 0058     // Analog Comparator initialization
                 ; 0001 0059     // Analog Comparator: Off
                 ; 0001 005A     // The Analog Comparator's positive input is
                 ; 0001 005B     // connected to the AIN0 pin
                 ; 0001 005C     // The Analog Comparator's negative input is
                 ; 0001 005D     // connected to the AIN1 pin
                 ; 0001 005E     ACSR=(1<<ACD) | (0<<ACBG) | (0<<ACO) | (0<<ACI) | (0<<ACIE) | (0<<ACIC) | (0<<ACIS1) | (0<<ACIS0);
0000be e8e0      	LDI  R30,LOW(128)
0000bf b9e8      	OUT  0x8,R30
                 ; 0001 005F     SFIOR=(0<<ACME);
0000c0 e0e0      	LDI  R30,LOW(0)
0000c1 bfe0      	OUT  0x30,R30
                 ; 0001 0060 
                 ; 0001 0061     // ADC initialization
                 ; 0001 0062     // ADC disabled
                 ; 0001 0063     ADCSRA=(0<<ADEN) | (0<<ADSC) | (0<<ADATE) | (0<<ADIF) | (0<<ADIE) | (0<<ADPS2) | (0<<ADPS1) | (0<<ADPS0);
0000c2 b9e6      	OUT  0x6,R30
                 ; 0001 0064 
                 ; 0001 0065     // SPI initialization
                 ; 0001 0066     // SPI disabled
                 ; 0001 0067     SPCR=(0<<SPIE) | (0<<SPE) | (0<<DORD) | (0<<MSTR) | (0<<CPOL) | (0<<CPHA) | (0<<SPR1) | (0<<SPR0);
0000c3 b9ed      	OUT  0xD,R30
                 ; 0001 0068 
                 ; 0001 0069     // TWI initialization
                 ; 0001 006A     // TWI disabled
                 ; 0001 006B     TWCR=(0<<TWEA) | (0<<TWSTA) | (0<<TWSTO) | (0<<TWEN) | (0<<TWIE);
0000c4 bfe6      	OUT  0x36,R30
                 ; 0001 006C 
                 ; 0001 006D     // Alphanumeric LCD initialization
                 ; 0001 006E     // Connections are specified in the
                 ; 0001 006F     // Project|Configure|C Compiler|Libraries|Alphanumeric LCD menu:
                 ; 0001 0070     // RS - PORTA Bit 0
                 ; 0001 0071     // RD - PORTA Bit 1
                 ; 0001 0072     // EN - PORTA Bit 2
                 ; 0001 0073     // D4 - PORTA Bit 4
                 ; 0001 0074     // D5 - PORTA Bit 5
                 ; 0001 0075     // D6 - PORTA Bit 6
                 ; 0001 0076     // D7 - PORTA Bit 7
                 ; 0001 0077     // Characters/line: 16
                 ; 0001 0078     lcd_init(16);
0000c5 e1a0      	LDI  R26,LOW(16)
0000c6 940e 01c7 	CALL _lcd_init
                 ; 0001 0079 
                 ; 0001 007A }
0000c8 9508      	RET
                 ; .FEND
                 ;#include <header.h>
                 	#ifndef __SLEEP_DEFINED__
                 	#endif
                 ;
                 ;void keypad(void){
                 ; 0002 0003 void keypad(void){
                 
                 	.CSEG
                 _keypad:
                 ; .FSTART _keypad
                 ; 0002 0004     int key = 16;
                 ; 0002 0005     DDRB = 0xF0;
0000c9 931a      	ST   -Y,R17
0000ca 930a      	ST   -Y,R16
                 ;	key -> R16,R17
                +
0000cb e100     +LDI R16 , LOW ( 16 )
0000cc e010     +LDI R17 , HIGH ( 16 )
                 	__GETWRN 16,17,16
0000cd efe0      	LDI  R30,LOW(240)
0000ce bbe7      	OUT  0x17,R30
                 ; 0002 0006     PORTB = 0x0F;
0000cf e0ef      	LDI  R30,LOW(15)
0000d0 bbe8      	OUT  0x18,R30
                 ; 0002 0007 
                 ; 0002 0008     lcd_clear();
0000d1 940e 0197 	CALL _lcd_clear
                 ; 0002 0009 
                 ; 0002 000A     do{
                 _0x40004:
                 ; 0002 000B         PORTB.4=1; PORTB.5=0; PORTB.6=0; PORTB.7=0;
0000d3 9ac4      	SBI  0x18,4
0000d4 98c5      	CBI  0x18,5
0000d5 98c6      	CBI  0x18,6
0000d6 98c7      	CBI  0x18,7
                 ; 0002 000C         if(PINB.0) { key = 0;  continue;}
0000d7 9bb0      	SBIS 0x16,0
0000d8 c003      	RJMP _0x4000E
                +
0000d9 e000     +LDI R16 , LOW ( 0 )
0000da e010     +LDI R17 , HIGH ( 0 )
                 	__GETWRN 16,17,0
0000db c05e      	RJMP _0x40003
                 ; 0002 000D         if(PINB.1) {key = 1;  continue;}
                 _0x4000E:
0000dc 9bb1      	SBIS 0x16,1
0000dd c003      	RJMP _0x4000F
                +
0000de e001     +LDI R16 , LOW ( 1 )
0000df e010     +LDI R17 , HIGH ( 1 )
                 	__GETWRN 16,17,1
0000e0 c059      	RJMP _0x40003
                 ; 0002 000E         if(PINB.2) {key = 2;  continue;}
                 _0x4000F:
0000e1 9bb2      	SBIS 0x16,2
0000e2 c003      	RJMP _0x40010
                +
0000e3 e002     +LDI R16 , LOW ( 2 )
0000e4 e010     +LDI R17 , HIGH ( 2 )
                 	__GETWRN 16,17,2
0000e5 c054      	RJMP _0x40003
                 ; 0002 000F         if(PINB.3) {key = 3;   continue;}
                 _0x40010:
0000e6 9bb3      	SBIS 0x16,3
0000e7 c003      	RJMP _0x40011
                +
0000e8 e003     +LDI R16 , LOW ( 3 )
0000e9 e010     +LDI R17 , HIGH ( 3 )
                 	__GETWRN 16,17,3
0000ea c04f      	RJMP _0x40003
                 ; 0002 0010         delay_ms(10);
                 _0x40011:
0000eb 940e 01f2 	CALL SUBOPT_0x0
                 ; 0002 0011         PORTB.4=0; PORTB.5=1; PORTB.6=0; PORTB.7=0;
0000ed 9ac5      	SBI  0x18,5
0000ee 98c6      	CBI  0x18,6
0000ef 98c7      	CBI  0x18,7
                 ; 0002 0012         if(PINB.0) {key = 4;  continue;}
0000f0 9bb0      	SBIS 0x16,0
0000f1 c003      	RJMP _0x4001A
                +
0000f2 e004     +LDI R16 , LOW ( 4 )
0000f3 e010     +LDI R17 , HIGH ( 4 )
                 	__GETWRN 16,17,4
0000f4 c045      	RJMP _0x40003
                 ; 0002 0013         if(PINB.1) {key =  5; continue;}
                 _0x4001A:
0000f5 9bb1      	SBIS 0x16,1
0000f6 c003      	RJMP _0x4001B
                +
0000f7 e005     +LDI R16 , LOW ( 5 )
0000f8 e010     +LDI R17 , HIGH ( 5 )
                 	__GETWRN 16,17,5
0000f9 c040      	RJMP _0x40003
                 ; 0002 0014         if(PINB.2) {key =  6;  continue;}
                 _0x4001B:
0000fa 9bb2      	SBIS 0x16,2
0000fb c003      	RJMP _0x4001C
                +
0000fc e006     +LDI R16 , LOW ( 6 )
0000fd e010     +LDI R17 , HIGH ( 6 )
                 	__GETWRN 16,17,6
0000fe c03b      	RJMP _0x40003
                 ; 0002 0015         if(PINB.3) {key =  7; continue;}
                 _0x4001C:
0000ff 9bb3      	SBIS 0x16,3
000100 c003      	RJMP _0x4001D
                +
000101 e007     +LDI R16 , LOW ( 7 )
000102 e010     +LDI R17 , HIGH ( 7 )
                 	__GETWRN 16,17,7
000103 c036      	RJMP _0x40003
                 ; 0002 0016         delay_ms(10);
                 _0x4001D:
000104 940e 01f2 	CALL SUBOPT_0x0
                 ; 0002 0017         PORTB.4=0; PORTB.5=0; PORTB.6=1; PORTB.7=0;
000106 98c5      	CBI  0x18,5
000107 9ac6      	SBI  0x18,6
000108 98c7      	CBI  0x18,7
                 ; 0002 0018         if(PINB.0) {key =  8;   continue;}
000109 9bb0      	SBIS 0x16,0
00010a c003      	RJMP _0x40026
                +
00010b e008     +LDI R16 , LOW ( 8 )
00010c e010     +LDI R17 , HIGH ( 8 )
                 	__GETWRN 16,17,8
00010d c02c      	RJMP _0x40003
                 ; 0002 0019         if(PINB.1) {key =  9;   continue;}
                 _0x40026:
00010e 9bb1      	SBIS 0x16,1
00010f c003      	RJMP _0x40027
                +
000110 e009     +LDI R16 , LOW ( 9 )
000111 e010     +LDI R17 , HIGH ( 9 )
                 	__GETWRN 16,17,9
000112 c027      	RJMP _0x40003
                 ; 0002 001A         if(PINB.2) {key =  10;   continue;}
                 _0x40027:
000113 9bb2      	SBIS 0x16,2
000114 c003      	RJMP _0x40028
                +
000115 e00a     +LDI R16 , LOW ( 10 )
000116 e010     +LDI R17 , HIGH ( 10 )
                 	__GETWRN 16,17,10
000117 c022      	RJMP _0x40003
                 ; 0002 001B         if(PINB.3) {key =  11; continue;}
                 _0x40028:
000118 9bb3      	SBIS 0x16,3
000119 c003      	RJMP _0x40029
                +
00011a e00b     +LDI R16 , LOW ( 11 )
00011b e010     +LDI R17 , HIGH ( 11 )
                 	__GETWRN 16,17,11
00011c c01d      	RJMP _0x40003
                 ; 0002 001C         delay_ms(10);
                 _0x40029:
00011d 940e 01f2 	CALL SUBOPT_0x0
                 ; 0002 001D         PORTB.4=0; PORTB.5=0; PORTB.6=0; PORTB.7=1;
00011f 98c5      	CBI  0x18,5
000120 98c6      	CBI  0x18,6
000121 9ac7      	SBI  0x18,7
                 ; 0002 001E         if(PINB.0) {key =  12;   continue;}
000122 9bb0      	SBIS 0x16,0
000123 c003      	RJMP _0x40032
                +
000124 e00c     +LDI R16 , LOW ( 12 )
000125 e010     +LDI R17 , HIGH ( 12 )
                 	__GETWRN 16,17,12
000126 c013      	RJMP _0x40003
                 ; 0002 001F         if(PINB.1) {key = 13;     continue;}
                 _0x40032:
000127 9bb1      	SBIS 0x16,1
000128 c003      	RJMP _0x40033
                +
000129 e00d     +LDI R16 , LOW ( 13 )
00012a e010     +LDI R17 , HIGH ( 13 )
                 	__GETWRN 16,17,13
00012b c00e      	RJMP _0x40003
                 ; 0002 0020         if(PINB.2) {key =  14;   continue;}
                 _0x40033:
00012c 9bb2      	SBIS 0x16,2
00012d c003      	RJMP _0x40034
                +
00012e e00e     +LDI R16 , LOW ( 14 )
00012f e010     +LDI R17 , HIGH ( 14 )
                 	__GETWRN 16,17,14
000130 c009      	RJMP _0x40003
                 ; 0002 0021         if(PINB.3) {key =  15;   continue;}
                 _0x40034:
000131 9bb3      	SBIS 0x16,3
000132 c003      	RJMP _0x40035
                +
000133 e00f     +LDI R16 , LOW ( 15 )
000134 e010     +LDI R17 , HIGH ( 15 )
                 	__GETWRN 16,17,15
000135 c004      	RJMP _0x40003
                 ; 0002 0022         delay_ms(10);
                 _0x40035:
000136 940e 01f8 	CALL SUBOPT_0x1
                 ; 0002 0023         key = 16;
                +
000138 e100     +LDI R16 , LOW ( 16 )
000139 e010     +LDI R17 , HIGH ( 16 )
                 	__GETWRN 16,17,16
                 ; 0002 0024     } while(key == 16);
                 _0x40003:
00013a e1e0      	LDI  R30,LOW(16)
00013b e0f0      	LDI  R31,HIGH(16)
00013c 17e0      	CP   R30,R16
00013d 07f1      	CPC  R31,R17
00013e f409      	BRNE _0x40005
00013f cf93      	RJMP _0x40004
                 _0x40005:
                 ; 0002 0025 
                 ; 0002 0026      lcd_putchar(key_pad[key]);
000140 e6af      	LDI  R26,LOW(_key_pad)
000141 e0b1      	LDI  R27,HIGH(_key_pad)
000142 0fa0      	ADD  R26,R16
000143 1fb1      	ADC  R27,R17
000144 91ac      	LD   R26,X
000145 940e 01a1 	CALL _lcd_putchar
                 ; 0002 0027      delay_ms(1000);
000147 940e 01fc 	CALL SUBOPT_0x2
                 ; 0002 0028      lcd_clear();
                 ; 0002 0029      return;
000149 9109      	LD   R16,Y+
00014a 9119      	LD   R17,Y+
00014b 9508      	RET
                 ; 0002 002A 
                 ; 0002 002B 
                 ; 0002 002C }
                 ; .FEND
                 ;#include <header.h>
                 	#ifndef __SLEEP_DEFINED__
                 	#endif
                 ;
                 ;void func4(){
                 ; 0003 0003 void func4(){
                 
                 	.CSEG
                 _func4:
                 ; .FSTART _func4
                 ; 0003 0004     DDRB=0x0F;
00014c e0ef      	LDI  R30,LOW(15)
00014d bbe7      	OUT  0x17,R30
                 ; 0003 0005     PORTB=0xF0;
00014e efe0      	LDI  R30,LOW(240)
00014f bbe8      	OUT  0x18,R30
                 ; 0003 0006 
                 ; 0003 0007     lcd_puts("Qst4, Start...");
                +
000150 e6a0     +LDI R26 , LOW ( _0x60003 + ( 0 ) )
000151 e0b1     +LDI R27 , HIGH ( _0x60003 + ( 0 ) )
                 	__POINTW2MN _0x60003,0
000152 d063      	RCALL _lcd_puts
                 ; 0003 0008     delay_ms(1000);
000153 d0a8      	RCALL SUBOPT_0x2
                 ; 0003 0009     lcd_clear();
                 ; 0003 000A 
                 ; 0003 000B     #asm("sei")
000154 9478      	sei
                 ; 0003 000C 
                 ; 0003 000D    while(1){
                 _0x60004:
                 ; 0003 000E          PORTB.0=1; PORTB.1=0; PORTB.2=0; PORTB.3=0;
000155 9ac0      	SBI  0x18,0
000156 98c1      	CBI  0x18,1
000157 98c2      	CBI  0x18,2
000158 98c3      	CBI  0x18,3
                 ; 0003 000F         delay_ms(10);
000159 d09e      	RCALL SUBOPT_0x1
                 ; 0003 0010         PORTB.0=0; PORTB.1=1; PORTB.2=0; PORTB.3=0;
00015a 98c0      	CBI  0x18,0
00015b 9ac1      	SBI  0x18,1
00015c 98c2      	CBI  0x18,2
00015d 98c3      	CBI  0x18,3
                 ; 0003 0011         delay_ms(10);
00015e d099      	RCALL SUBOPT_0x1
                 ; 0003 0012         PORTB.0=0; PORTB.1=0; PORTB.2=1; PORTB.3=0;
00015f 98c0      	CBI  0x18,0
000160 98c1      	CBI  0x18,1
000161 9ac2      	SBI  0x18,2
000162 98c3      	CBI  0x18,3
                 ; 0003 0013         delay_ms(10);
000163 d094      	RCALL SUBOPT_0x1
                 ; 0003 0014         PORTB.0=0; PORTB.1=0; PORTB.2=0; PORTB.3=1;
000164 98c0      	CBI  0x18,0
000165 98c1      	CBI  0x18,1
000166 98c2      	CBI  0x18,2
000167 9ac3      	SBI  0x18,3
                 ; 0003 0015         delay_ms(10);
000168 d08f      	RCALL SUBOPT_0x1
                 ; 0003 0016          }
000169 cfeb      	RJMP _0x60004
                 ; 0003 0017 }
                 ; .FEND
                 
                 	.DSEG
                 _0x60003:
000160           	.BYTE 0xF
                 	#ifndef __SLEEP_DEFINED__
                 	#endif
                 
                 	.DSEG
                 
                 	.CSEG
                 __lcd_write_nibble_G100:
                 ; .FSTART __lcd_write_nibble_G100
00016a 93aa      	ST   -Y,R26
00016b b3eb      	IN   R30,0x1B
00016c 70ef      	ANDI R30,LOW(0xF)
00016d 2fae      	MOV  R26,R30
00016e 81e8      	LD   R30,Y
00016f 7fe0      	ANDI R30,LOW(0xF0)
000170 2bea      	OR   R30,R26
000171 bbeb      	OUT  0x1B,R30
                +
000172 e08d     +LDI R24 , LOW ( 13 )
                +__DELAY_USB_LOOP :
000173 958a     +DEC R24
000174 f7f1     +BRNE __DELAY_USB_LOOP
                 	__DELAY_USB 13
000175 9ada      	SBI  0x1B,2
                +
000176 e08d     +LDI R24 , LOW ( 13 )
                +__DELAY_USB_LOOP :
000177 958a     +DEC R24
000178 f7f1     +BRNE __DELAY_USB_LOOP
                 	__DELAY_USB 13
000179 98da      	CBI  0x1B,2
                +
00017a e08d     +LDI R24 , LOW ( 13 )
                +__DELAY_USB_LOOP :
00017b 958a     +DEC R24
00017c f7f1     +BRNE __DELAY_USB_LOOP
                 	__DELAY_USB 13
00017d c072      	RJMP _0x2020001
                 ; .FEND
                 __lcd_write_data:
                 ; .FSTART __lcd_write_data
00017e 93aa      	ST   -Y,R26
00017f 81a8      	LD   R26,Y
000180 dfe9      	RCALL __lcd_write_nibble_G100
000181 81e8          ld    r30,y
000182 95e2          swap  r30
000183 83e8          st    y,r30
000184 81a8      	LD   R26,Y
000185 dfe4      	RCALL __lcd_write_nibble_G100
                +
000186 e885     +LDI R24 , LOW ( 133 )
                +__DELAY_USB_LOOP :
000187 958a     +DEC R24
000188 f7f1     +BRNE __DELAY_USB_LOOP
                 	__DELAY_USB 133
000189 c066      	RJMP _0x2020001
                 ; .FEND
                 _lcd_gotoxy:
                 ; .FSTART _lcd_gotoxy
00018a 93aa      	ST   -Y,R26
00018b 81e8      	LD   R30,Y
00018c e0f0      	LDI  R31,0
00018d 58e1      	SUBI R30,LOW(-__base_y_G100)
00018e 4ffe      	SBCI R31,HIGH(-__base_y_G100)
00018f 81e0      	LD   R30,Z
000190 81a9      	LDD  R26,Y+1
000191 0fae      	ADD  R26,R30
000192 dfeb      	RCALL __lcd_write_data
000193 8059      	LDD  R5,Y+1
000194 8048      	LDD  R4,Y+0
000195 9622      	ADIW R28,2
000196 9508      	RET
                 ; .FEND
                 _lcd_clear:
                 ; .FSTART _lcd_clear
000197 e0a2      	LDI  R26,LOW(2)
000198 d068      	RCALL SUBOPT_0x3
000199 e0ac      	LDI  R26,LOW(12)
00019a dfe3      	RCALL __lcd_write_data
00019b e0a1      	LDI  R26,LOW(1)
00019c d064      	RCALL SUBOPT_0x3
00019d e0e0      	LDI  R30,LOW(0)
00019e 2e4e      	MOV  R4,R30
00019f 2e5e      	MOV  R5,R30
0001a0 9508      	RET
                 ; .FEND
                 _lcd_putchar:
                 ; .FSTART _lcd_putchar
0001a1 93aa      	ST   -Y,R26
0001a2 81a8      	LD   R26,Y
0001a3 30aa      	CPI  R26,LOW(0xA)
0001a4 f011      	BREQ _0x2000005
0001a5 1457      	CP   R5,R7
0001a6 f048      	BRLO _0x2000004
                 _0x2000005:
0001a7 e0e0      	LDI  R30,LOW(0)
0001a8 93ea      	ST   -Y,R30
0001a9 9443      	INC  R4
0001aa 2da4      	MOV  R26,R4
0001ab dfde      	RCALL _lcd_gotoxy
0001ac 81a8      	LD   R26,Y
0001ad 30aa      	CPI  R26,LOW(0xA)
0001ae f409      	BRNE _0x2000007
0001af c040      	RJMP _0x2020001
                 _0x2000007:
                 _0x2000004:
0001b0 9453      	INC  R5
0001b1 9ad8      	SBI  0x1B,0
0001b2 81a8      	LD   R26,Y
0001b3 dfca      	RCALL __lcd_write_data
0001b4 98d8      	CBI  0x1B,0
0001b5 c03a      	RJMP _0x2020001
                 ; .FEND
                 _lcd_puts:
                 ; .FSTART _lcd_puts
0001b6 93ba      	ST   -Y,R27
0001b7 93aa      	ST   -Y,R26
0001b8 931a      	ST   -Y,R17
                 _0x2000008:
0001b9 81a9      	LDD  R26,Y+1
0001ba 81ba      	LDD  R27,Y+1+1
0001bb 91ed      	LD   R30,X+
0001bc 83a9      	STD  Y+1,R26
0001bd 83ba      	STD  Y+1+1,R27
0001be 2f1e      	MOV  R17,R30
0001bf 30e0      	CPI  R30,0
0001c0 f019      	BREQ _0x200000A
0001c1 2fa1      	MOV  R26,R17
0001c2 dfde      	RCALL _lcd_putchar
0001c3 cff5      	RJMP _0x2000008
                 _0x200000A:
0001c4 8118      	LDD  R17,Y+0
0001c5 9623      	ADIW R28,3
0001c6 9508      	RET
                 ; .FEND
                 _lcd_init:
                 ; .FSTART _lcd_init
0001c7 93aa      	ST   -Y,R26
0001c8 b3ea      	IN   R30,0x1A
0001c9 6fe0      	ORI  R30,LOW(0xF0)
0001ca bbea      	OUT  0x1A,R30
0001cb 9ad2      	SBI  0x1A,2
0001cc 9ad0      	SBI  0x1A,0
0001cd 9ad1      	SBI  0x1A,1
0001ce 98da      	CBI  0x1B,2
0001cf 98d8      	CBI  0x1B,0
0001d0 98d9      	CBI  0x1B,1
0001d1 8078      	LDD  R7,Y+0
0001d2 81e8      	LD   R30,Y
0001d3 58e0      	SUBI R30,-LOW(128)
                +
0001d4 93e0 0181+STS __base_y_G100 + ( 2 ) , R30
                 	__PUTB1MN __base_y_G100,2
0001d6 81e8      	LD   R30,Y
0001d7 54e0      	SUBI R30,-LOW(192)
                +
0001d8 93e0 0182+STS __base_y_G100 + ( 3 ) , R30
                 	__PUTB1MN __base_y_G100,3
0001da e1a4      	LDI  R26,LOW(20)
0001db e0b0      	LDI  R27,0
0001dc 940e 020d 	CALL _delay_ms
0001de d027      	RCALL SUBOPT_0x4
0001df d026      	RCALL SUBOPT_0x4
0001e0 d025      	RCALL SUBOPT_0x4
0001e1 e2a0      	LDI  R26,LOW(32)
0001e2 df87      	RCALL __lcd_write_nibble_G100
                +
0001e3 ec88     +LDI R24 , LOW ( 200 )
0001e4 e090     +LDI R25 , HIGH ( 200 )
                +__DELAY_USW_LOOP :
0001e5 9701     +SBIW R24 , 1
0001e6 f7f1     +BRNE __DELAY_USW_LOOP
                 	__DELAY_USW 200
0001e7 e2a8      	LDI  R26,LOW(40)
0001e8 df95      	RCALL __lcd_write_data
0001e9 e0a4      	LDI  R26,LOW(4)
0001ea df93      	RCALL __lcd_write_data
0001eb e8a5      	LDI  R26,LOW(133)
0001ec df91      	RCALL __lcd_write_data
0001ed e0a6      	LDI  R26,LOW(6)
0001ee df8f      	RCALL __lcd_write_data
0001ef dfa7      	RCALL _lcd_clear
                 _0x2020001:
0001f0 9621      	ADIW R28,1
0001f1 9508      	RET
                 ; .FEND
                 
                 	.DSEG
                 _key_pad:
00016f           	.BYTE 0x10
                 __base_y_G100:
00017f           	.BYTE 0x4
                 
                 	.CSEG
                 ;OPTIMIZER ADDED SUBROUTINE, CALLED 3 TIMES, CODE SIZE REDUCTION:3 WORDS
                 SUBOPT_0x0:
0001f2 e0aa      	LDI  R26,LOW(10)
0001f3 e0b0      	LDI  R27,0
0001f4 940e 020d 	CALL _delay_ms
0001f6 98c4      	CBI  0x18,4
0001f7 9508      	RET
                 
                 ;OPTIMIZER ADDED SUBROUTINE, CALLED 5 TIMES, CODE SIZE REDUCTION:5 WORDS
                 SUBOPT_0x1:
0001f8 e0aa      	LDI  R26,LOW(10)
0001f9 e0b0      	LDI  R27,0
0001fa 940c 020d 	JMP  _delay_ms
                 
                 ;OPTIMIZER ADDED SUBROUTINE, CALLED 2 TIMES, CODE SIZE REDUCTION:1 WORDS
                 SUBOPT_0x2:
0001fc eea8      	LDI  R26,LOW(1000)
0001fd e0b3      	LDI  R27,HIGH(1000)
0001fe 940e 020d 	CALL _delay_ms
000200 cf96      	RJMP _lcd_clear
                 
                 ;OPTIMIZER ADDED SUBROUTINE, CALLED 2 TIMES, CODE SIZE REDUCTION:1 WORDS
                 SUBOPT_0x3:
000201 df7c      	RCALL __lcd_write_data
000202 e0a3      	LDI  R26,LOW(3)
000203 e0b0      	LDI  R27,0
000204 940c 020d 	JMP  _delay_ms
                 
                 ;OPTIMIZER ADDED SUBROUTINE, CALLED 3 TIMES, CODE SIZE REDUCTION:7 WORDS
                 SUBOPT_0x4:
000206 e3a0      	LDI  R26,LOW(48)
000207 df62      	RCALL __lcd_write_nibble_G100
                +
000208 ec88     +LDI R24 , LOW ( 200 )
000209 e090     +LDI R25 , HIGH ( 200 )
                +__DELAY_USW_LOOP :
00020a 9701     +SBIW R24 , 1
00020b f7f1     +BRNE __DELAY_USW_LOOP
                 	__DELAY_USW 200
00020c 9508      	RET
                 
                 
                 	.CSEG
                 _delay_ms:
00020d 9610      	adiw r26,0
00020e f039      	breq __delay_ms1
                 __delay_ms0:
                +
00020f ed80     +LDI R24 , LOW ( 0x7D0 )
000210 e097     +LDI R25 , HIGH ( 0x7D0 )
                +__DELAY_USW_LOOP :
000211 9701     +SBIW R24 , 1
000212 f7f1     +BRNE __DELAY_USW_LOOP
                 	__DELAY_USW 0x7D0
000213 95a8      	wdr
000214 9711      	sbiw r26,1
000215 f7c9      	brne __delay_ms0
                 __delay_ms1:
000216 9508      	ret
                 
                 ;END OF CODE MARKER
                 __END_OF_CODE:


RESOURCE USE INFORMATION
------------------------

Notice:
The register and instruction counts are symbol table hit counts,
and hence implicitly used resources are not counted, eg, the
'lpm' instruction without operands implicitly uses r0 and z,
none of which are counted.

x,y,z are separate entities in the symbol table and are
counted separately from r26..r31 here.

.dseg memory usage only counts static data declared with .byte

ATmega16 register use summary:
r0 :   6 r1 :   3 r2 :   0 r3 :   0 r4 :   4 r5 :   4 r6 :   0 r7 :   2 
r8 :   0 r9 :   0 r10:   0 r11:   0 r12:   0 r13:   0 r14:   0 r15:   2 
r16:  22 r17:  26 r18:   0 r19:   0 r20:   0 r21:   0 r22:   4 r23:   2 
r24:  23 r25:   7 r26:  47 r27:  15 r28:   4 r29:   1 r30: 110 r31:   9 
x  :   5 y  :  57 z  :   8 
Registers used: 21 out of 35 (60.0%)

ATmega16 instruction use summary:
.lds  :   0 .lds.l:   0 .sts  :   0 .sts.l:   0 adc   :   1 add   :   2 
adiw  :   4 and   :   0 andi  :   2 asr   :   0 bclr  :   0 bld   :   0 
brbc  :   0 brbs  :   0 brcc  :   0 brcs  :   0 break :   0 breq  :   4 
brge  :   0 brhc  :   0 brhs  :   0 brid  :   0 brie  :   0 brlo  :   1 
brlt  :   0 brmi  :   0 brne  :  13 brpl  :   0 brsh  :   0 brtc  :   0 
brts  :   0 brvc  :   0 brvs  :   0 bset  :   0 bst   :   0 call  :  13 
cbi   :  27 cbr   :   0 clc   :   0 clh   :   0 cli   :   1 cln   :   0 
clr   :   2 cls   :   0 clt   :   0 clv   :   0 clz   :   0 com   :   0 
cp    :   2 cpc   :   1 cpi   :   3 cpse  :   0 dec   :   5 des   :   0 
eor   :   0 fmul  :   0 fmuls :   0 fmulsu:   0 icall :   0 ijmp  :   0 
in    :   4 inc   :   2 jmp   :  24 ld    :  27 ldd   :   7 ldi   : 100 
lds   :   0 lpm   :   7 lsl   :   0 lsr   :   0 mov   :   6 movw  :   3 
mul   :   0 muls  :   0 mulsu :   0 neg   :   0 nop   :   0 or    :   1 
ori   :   2 out   :  51 pop   :   0 push  :   0 rcall :  27 ret   :   9 
reti  :   1 rjmp  :  43 rol   :   0 ror   :   0 sbc   :   0 sbci  :   1 
sbi   :  13 sbic  :   0 sbis  :  16 sbiw  :   7 sbr   :   0 sbrc  :   0 
sbrs  :   0 sec   :   0 seh   :   0 sei   :   1 sen   :   0 ser   :   0 
ses   :   0 set   :   0 sev   :   0 sez   :   0 sleep :   0 spm   :   0 
st    :  27 std   :   2 sts   :   2 sub   :   0 subi  :   3 swap  :   1 
tst   :   0 wdr   :   1 
Instructions used: 42 out of 116 (36.2%)

ATmega16 memory use summary [bytes]:
Segment   Begin    End      Code   Data   Used    Size   Use%
---------------------------------------------------------------
[.cseg] 0x000000 0x00042e   1016     54   1070   16384   6.5%
[.dseg] 0x000060 0x000183      0     35     35    1024   3.4%
[.eseg] 0x000000 0x000000      0      0      0     512   0.0%

Assembly complete, 0 errors, 4 warnings
