
AVRASM ver. 2.1.30  C:\Users\farkoo\Documents\codevision\az8\1\Debug\List\1.asm Wed May 26 11:42:06 2021

                 
                 
                 ;CodeVisionAVR C Compiler V3.12 Advanced
                 ;(C) Copyright 1998-2014 Pavel Haiduc, HP InfoTech s.r.l.
                 ;http://www.hpinfotech.com
                 
                 ;Build configuration    : Debug
                 ;Chip type              : ATmega16
                 ;Program type           : Application
                 ;Clock frequency        : 8.000000 MHz
                 ;Memory model           : Small
                 ;Optimize for           : Size
                 ;(s)printf features     : int, width
                 ;(s)scanf features      : int, width
                 ;External RAM size      : 0
                 ;Data Stack size        : 256 byte(s)
                 ;Heap size              : 0 byte(s)
                 ;Promote 'char' to 'int': Yes
                 ;'char' is unsigned     : Yes
                 ;8 bit enums            : Yes
                 ;Global 'const' stored in FLASH: No
                 ;Enhanced function parameter passing: Yes
                 ;Enhanced core instructions: On
                 ;Automatic register allocation for global variables: On
                 ;Smart register allocation: On
                 
                 	#define _MODEL_SMALL_
                 
                 	#pragma AVRPART ADMIN PART_NAME ATmega16
                 	#pragma AVRPART MEMORY PROG_FLASH 16384
                 	#pragma AVRPART MEMORY EEPROM 512
                 	#pragma AVRPART MEMORY INT_SRAM SIZE 1024
                 	#pragma AVRPART MEMORY INT_SRAM START_ADDR 0x60
                 
                 	#define CALL_SUPPORTED 1
                 
                 	.LISTMAC
                 	.EQU UDRE=0x5
                 	.EQU RXC=0x7
                 	.EQU USR=0xB
                 	.EQU UDR=0xC
                 	.EQU SPSR=0xE
                 	.EQU SPDR=0xF
                 	.EQU EERE=0x0
                 	.EQU EEWE=0x1
                 	.EQU EEMWE=0x2
                 	.EQU EECR=0x1C
                 	.EQU EEDR=0x1D
                 	.EQU EEARL=0x1E
                 	.EQU EEARH=0x1F
                 	.EQU WDTCR=0x21
                 	.EQU MCUCR=0x35
                 	.EQU GICR=0x3B
                 	.EQU SPL=0x3D
                 	.EQU SPH=0x3E
                 	.EQU SREG=0x3F
                 
                 	.DEF R0X0=R0
                 	.DEF R0X1=R1
                 	.DEF R0X2=R2
                 	.DEF R0X3=R3
                 	.DEF R0X4=R4
                 	.DEF R0X5=R5
                 	.DEF R0X6=R6
                 	.DEF R0X7=R7
                 	.DEF R0X8=R8
                 	.DEF R0X9=R9
                 	.DEF R0XA=R10
                 	.DEF R0XB=R11
                 	.DEF R0XC=R12
                 	.DEF R0XD=R13
                 	.DEF R0XE=R14
                 	.DEF R0XF=R15
                 	.DEF R0X10=R16
                 	.DEF R0X11=R17
                 	.DEF R0X12=R18
                 	.DEF R0X13=R19
                 	.DEF R0X14=R20
                 	.DEF R0X15=R21
                 	.DEF R0X16=R22
                 	.DEF R0X17=R23
                 	.DEF R0X18=R24
                 	.DEF R0X19=R25
                 	.DEF R0X1A=R26
                 	.DEF R0X1B=R27
                 	.DEF R0X1C=R28
                 	.DEF R0X1D=R29
                 	.DEF R0X1E=R30
                 	.DEF R0X1F=R31
                 
                 	.EQU __SRAM_START=0x0060
                 	.EQU __SRAM_END=0x045F
                 	.EQU __DSTACK_SIZE=0x0100
                 	.EQU __HEAP_SIZE=0x0000
                 	.EQU __CLEAR_SRAM_SIZE=__SRAM_END-__SRAM_START+1
                 
                 	.MACRO __CPD1N
                 	CPI  R30,LOW(@0)
                 	LDI  R26,HIGH(@0)
                 	CPC  R31,R26
                 	LDI  R26,BYTE3(@0)
                 	CPC  R22,R26
                 	LDI  R26,BYTE4(@0)
                 	CPC  R23,R26
                 	.ENDM
                 
                 	.MACRO __CPD2N
                 	CPI  R26,LOW(@0)
                 	LDI  R30,HIGH(@0)
                 	CPC  R27,R30
                 	LDI  R30,BYTE3(@0)
                 	CPC  R24,R30
                 	LDI  R30,BYTE4(@0)
                 	CPC  R25,R30
                 	.ENDM
                 
                 	.MACRO __CPWRR
                 	CP   R@0,R@2
                 	CPC  R@1,R@3
                 	.ENDM
                 
                 	.MACRO __CPWRN
                 	CPI  R@0,LOW(@2)
                 	LDI  R30,HIGH(@2)
                 	CPC  R@1,R30
                 	.ENDM
                 
                 	.MACRO __ADDB1MN
                 	SUBI R30,LOW(-@0-(@1))
                 	.ENDM
                 
                 	.MACRO __ADDB2MN
                 	SUBI R26,LOW(-@0-(@1))
                 	.ENDM
                 
                 	.MACRO __ADDW1MN
                 	SUBI R30,LOW(-@0-(@1))
                 	SBCI R31,HIGH(-@0-(@1))
                 	.ENDM
                 
                 	.MACRO __ADDW2MN
                 	SUBI R26,LOW(-@0-(@1))
                 	SBCI R27,HIGH(-@0-(@1))
                 	.ENDM
                 
                 	.MACRO __ADDW1FN
                 	SUBI R30,LOW(-2*@0-(@1))
                 	SBCI R31,HIGH(-2*@0-(@1))
                 	.ENDM
                 
                 	.MACRO __ADDD1FN
                 	SUBI R30,LOW(-2*@0-(@1))
                 	SBCI R31,HIGH(-2*@0-(@1))
                 	SBCI R22,BYTE3(-2*@0-(@1))
                 	.ENDM
                 
                 	.MACRO __ADDD1N
                 	SUBI R30,LOW(-@0)
                 	SBCI R31,HIGH(-@0)
                 	SBCI R22,BYTE3(-@0)
                 	SBCI R23,BYTE4(-@0)
                 	.ENDM
                 
                 	.MACRO __ADDD2N
                 	SUBI R26,LOW(-@0)
                 	SBCI R27,HIGH(-@0)
                 	SBCI R24,BYTE3(-@0)
                 	SBCI R25,BYTE4(-@0)
                 	.ENDM
                 
                 	.MACRO __SUBD1N
                 	SUBI R30,LOW(@0)
                 	SBCI R31,HIGH(@0)
                 	SBCI R22,BYTE3(@0)
                 	SBCI R23,BYTE4(@0)
                 	.ENDM
                 
                 	.MACRO __SUBD2N
                 	SUBI R26,LOW(@0)
                 	SBCI R27,HIGH(@0)
                 	SBCI R24,BYTE3(@0)
                 	SBCI R25,BYTE4(@0)
                 	.ENDM
                 
                 	.MACRO __ANDBMNN
                 	LDS  R30,@0+(@1)
                 	ANDI R30,LOW(@2)
                 	STS  @0+(@1),R30
                 	.ENDM
                 
                 	.MACRO __ANDWMNN
                 	LDS  R30,@0+(@1)
                 	ANDI R30,LOW(@2)
                 	STS  @0+(@1),R30
                 	LDS  R30,@0+(@1)+1
                 	ANDI R30,HIGH(@2)
                 	STS  @0+(@1)+1,R30
                 	.ENDM
                 
                 	.MACRO __ANDD1N
                 	ANDI R30,LOW(@0)
                 	ANDI R31,HIGH(@0)
                 	ANDI R22,BYTE3(@0)
                 	ANDI R23,BYTE4(@0)
                 	.ENDM
                 
                 	.MACRO __ANDD2N
                 	ANDI R26,LOW(@0)
                 	ANDI R27,HIGH(@0)
                 	ANDI R24,BYTE3(@0)
                 	ANDI R25,BYTE4(@0)
                 	.ENDM
                 
                 	.MACRO __ORBMNN
                 	LDS  R30,@0+(@1)
                 	ORI  R30,LOW(@2)
                 	STS  @0+(@1),R30
                 	.ENDM
                 
                 	.MACRO __ORWMNN
                 	LDS  R30,@0+(@1)
                 	ORI  R30,LOW(@2)
                 	STS  @0+(@1),R30
                 	LDS  R30,@0+(@1)+1
                 	ORI  R30,HIGH(@2)
                 	STS  @0+(@1)+1,R30
                 	.ENDM
                 
                 	.MACRO __ORD1N
                 	ORI  R30,LOW(@0)
                 	ORI  R31,HIGH(@0)
                 	ORI  R22,BYTE3(@0)
                 	ORI  R23,BYTE4(@0)
                 	.ENDM
                 
                 	.MACRO __ORD2N
                 	ORI  R26,LOW(@0)
                 	ORI  R27,HIGH(@0)
                 	ORI  R24,BYTE3(@0)
                 	ORI  R25,BYTE4(@0)
                 	.ENDM
                 
                 	.MACRO __DELAY_USB
                 	LDI  R24,LOW(@0)
                 __DELAY_USB_LOOP:
                 	DEC  R24
                 	BRNE __DELAY_USB_LOOP
                 	.ENDM
                 
                 	.MACRO __DELAY_USW
                 	LDI  R24,LOW(@0)
                 	LDI  R25,HIGH(@0)
                 __DELAY_USW_LOOP:
                 	SBIW R24,1
                 	BRNE __DELAY_USW_LOOP
                 	.ENDM
                 
                 	.MACRO __GETD1S
                 	LDD  R30,Y+@0
                 	LDD  R31,Y+@0+1
                 	LDD  R22,Y+@0+2
                 	LDD  R23,Y+@0+3
                 	.ENDM
                 
                 	.MACRO __GETD2S
                 	LDD  R26,Y+@0
                 	LDD  R27,Y+@0+1
                 	LDD  R24,Y+@0+2
                 	LDD  R25,Y+@0+3
                 	.ENDM
                 
                 	.MACRO __PUTD1S
                 	STD  Y+@0,R30
                 	STD  Y+@0+1,R31
                 	STD  Y+@0+2,R22
                 	STD  Y+@0+3,R23
                 	.ENDM
                 
                 	.MACRO __PUTD2S
                 	STD  Y+@0,R26
                 	STD  Y+@0+1,R27
                 	STD  Y+@0+2,R24
                 	STD  Y+@0+3,R25
                 	.ENDM
                 
                 	.MACRO __PUTDZ2
                 	STD  Z+@0,R26
                 	STD  Z+@0+1,R27
                 	STD  Z+@0+2,R24
                 	STD  Z+@0+3,R25
                 	.ENDM
                 
                 	.MACRO __CLRD1S
                 	STD  Y+@0,R30
                 	STD  Y+@0+1,R30
                 	STD  Y+@0+2,R30
                 	STD  Y+@0+3,R30
                 	.ENDM
                 
                 	.MACRO __POINTB1MN
                 	LDI  R30,LOW(@0+(@1))
                 	.ENDM
                 
                 	.MACRO __POINTW1MN
                 	LDI  R30,LOW(@0+(@1))
                 	LDI  R31,HIGH(@0+(@1))
                 	.ENDM
                 
                 	.MACRO __POINTD1M
                 	LDI  R30,LOW(@0)
                 	LDI  R31,HIGH(@0)
                 	LDI  R22,BYTE3(@0)
                 	LDI  R23,BYTE4(@0)
                 	.ENDM
                 
                 	.MACRO __POINTW1FN
                 	LDI  R30,LOW(2*@0+(@1))
                 	LDI  R31,HIGH(2*@0+(@1))
                 	.ENDM
                 
                 	.MACRO __POINTD1FN
                 	LDI  R30,LOW(2*@0+(@1))
                 	LDI  R31,HIGH(2*@0+(@1))
                 	LDI  R22,BYTE3(2*@0+(@1))
                 	LDI  R23,BYTE4(2*@0+(@1))
                 	.ENDM
                 
                 	.MACRO __POINTB2MN
                 	LDI  R26,LOW(@0+(@1))
                 	.ENDM
                 
                 	.MACRO __POINTW2MN
                 	LDI  R26,LOW(@0+(@1))
                 	LDI  R27,HIGH(@0+(@1))
                 	.ENDM
                 
                 	.MACRO __POINTW2FN
                 	LDI  R26,LOW(2*@0+(@1))
                 	LDI  R27,HIGH(2*@0+(@1))
                 	.ENDM
                 
                 	.MACRO __POINTD2FN
                 	LDI  R26,LOW(2*@0+(@1))
                 	LDI  R27,HIGH(2*@0+(@1))
                 	LDI  R24,BYTE3(2*@0+(@1))
                 	LDI  R25,BYTE4(2*@0+(@1))
                 	.ENDM
                 
                 	.MACRO __POINTBRM
                 	LDI  R@0,LOW(@1)
                 	.ENDM
                 
                 	.MACRO __POINTWRM
                 	LDI  R@0,LOW(@2)
                 	LDI  R@1,HIGH(@2)
                 	.ENDM
                 
                 	.MACRO __POINTBRMN
                 	LDI  R@0,LOW(@1+(@2))
                 	.ENDM
                 
                 	.MACRO __POINTWRMN
                 	LDI  R@0,LOW(@2+(@3))
                 	LDI  R@1,HIGH(@2+(@3))
                 	.ENDM
                 
                 	.MACRO __POINTWRFN
                 	LDI  R@0,LOW(@2*2+(@3))
                 	LDI  R@1,HIGH(@2*2+(@3))
                 	.ENDM
                 
                 	.MACRO __GETD1N
                 	LDI  R30,LOW(@0)
                 	LDI  R31,HIGH(@0)
                 	LDI  R22,BYTE3(@0)
                 	LDI  R23,BYTE4(@0)
                 	.ENDM
                 
                 	.MACRO __GETD2N
                 	LDI  R26,LOW(@0)
                 	LDI  R27,HIGH(@0)
                 	LDI  R24,BYTE3(@0)
                 	LDI  R25,BYTE4(@0)
                 	.ENDM
                 
                 	.MACRO __GETB1MN
                 	LDS  R30,@0+(@1)
                 	.ENDM
                 
                 	.MACRO __GETB1HMN
                 	LDS  R31,@0+(@1)
                 	.ENDM
                 
                 	.MACRO __GETW1MN
                 	LDS  R30,@0+(@1)
                 	LDS  R31,@0+(@1)+1
                 	.ENDM
                 
                 	.MACRO __GETD1MN
                 	LDS  R30,@0+(@1)
                 	LDS  R31,@0+(@1)+1
                 	LDS  R22,@0+(@1)+2
                 	LDS  R23,@0+(@1)+3
                 	.ENDM
                 
                 	.MACRO __GETBRMN
                 	LDS  R@0,@1+(@2)
                 	.ENDM
                 
                 	.MACRO __GETWRMN
                 	LDS  R@0,@2+(@3)
                 	LDS  R@1,@2+(@3)+1
                 	.ENDM
                 
                 	.MACRO __GETWRZ
                 	LDD  R@0,Z+@2
                 	LDD  R@1,Z+@2+1
                 	.ENDM
                 
                 	.MACRO __GETD2Z
                 	LDD  R26,Z+@0
                 	LDD  R27,Z+@0+1
                 	LDD  R24,Z+@0+2
                 	LDD  R25,Z+@0+3
                 	.ENDM
                 
                 	.MACRO __GETB2MN
                 	LDS  R26,@0+(@1)
                 	.ENDM
                 
                 	.MACRO __GETW2MN
                 	LDS  R26,@0+(@1)
                 	LDS  R27,@0+(@1)+1
                 	.ENDM
                 
                 	.MACRO __GETD2MN
                 	LDS  R26,@0+(@1)
                 	LDS  R27,@0+(@1)+1
                 	LDS  R24,@0+(@1)+2
                 	LDS  R25,@0+(@1)+3
                 	.ENDM
                 
                 	.MACRO __PUTB1MN
                 	STS  @0+(@1),R30
                 	.ENDM
                 
                 	.MACRO __PUTW1MN
                 	STS  @0+(@1),R30
                 	STS  @0+(@1)+1,R31
                 	.ENDM
                 
                 	.MACRO __PUTD1MN
                 	STS  @0+(@1),R30
                 	STS  @0+(@1)+1,R31
                 	STS  @0+(@1)+2,R22
                 	STS  @0+(@1)+3,R23
                 	.ENDM
                 
                 	.MACRO __PUTB1EN
                 	LDI  R26,LOW(@0+(@1))
                 	LDI  R27,HIGH(@0+(@1))
                 	CALL __EEPROMWRB
                 	.ENDM
                 
                 	.MACRO __PUTW1EN
                 	LDI  R26,LOW(@0+(@1))
                 	LDI  R27,HIGH(@0+(@1))
                 	CALL __EEPROMWRW
                 	.ENDM
                 
                 	.MACRO __PUTD1EN
                 	LDI  R26,LOW(@0+(@1))
                 	LDI  R27,HIGH(@0+(@1))
                 	CALL __EEPROMWRD
                 	.ENDM
                 
                 	.MACRO __PUTBR0MN
                 	STS  @0+(@1),R0
                 	.ENDM
                 
                 	.MACRO __PUTBMRN
                 	STS  @0+(@1),R@2
                 	.ENDM
                 
                 	.MACRO __PUTWMRN
                 	STS  @0+(@1),R@2
                 	STS  @0+(@1)+1,R@3
                 	.ENDM
                 
                 	.MACRO __PUTBZR
                 	STD  Z+@1,R@0
                 	.ENDM
                 
                 	.MACRO __PUTWZR
                 	STD  Z+@2,R@0
                 	STD  Z+@2+1,R@1
                 	.ENDM
                 
                 	.MACRO __GETW1R
                 	MOV  R30,R@0
                 	MOV  R31,R@1
                 	.ENDM
                 
                 	.MACRO __GETW2R
                 	MOV  R26,R@0
                 	MOV  R27,R@1
                 	.ENDM
                 
                 	.MACRO __GETWRN
                 	LDI  R@0,LOW(@2)
                 	LDI  R@1,HIGH(@2)
                 	.ENDM
                 
                 	.MACRO __PUTW1R
                 	MOV  R@0,R30
                 	MOV  R@1,R31
                 	.ENDM
                 
                 	.MACRO __PUTW2R
                 	MOV  R@0,R26
                 	MOV  R@1,R27
                 	.ENDM
                 
                 	.MACRO __ADDWRN
                 	SUBI R@0,LOW(-@2)
                 	SBCI R@1,HIGH(-@2)
                 	.ENDM
                 
                 	.MACRO __ADDWRR
                 	ADD  R@0,R@2
                 	ADC  R@1,R@3
                 	.ENDM
                 
                 	.MACRO __SUBWRN
                 	SUBI R@0,LOW(@2)
                 	SBCI R@1,HIGH(@2)
                 	.ENDM
                 
                 	.MACRO __SUBWRR
                 	SUB  R@0,R@2
                 	SBC  R@1,R@3
                 	.ENDM
                 
                 	.MACRO __ANDWRN
                 	ANDI R@0,LOW(@2)
                 	ANDI R@1,HIGH(@2)
                 	.ENDM
                 
                 	.MACRO __ANDWRR
                 	AND  R@0,R@2
                 	AND  R@1,R@3
                 	.ENDM
                 
                 	.MACRO __ORWRN
                 	ORI  R@0,LOW(@2)
                 	ORI  R@1,HIGH(@2)
                 	.ENDM
                 
                 	.MACRO __ORWRR
                 	OR   R@0,R@2
                 	OR   R@1,R@3
                 	.ENDM
                 
                 	.MACRO __EORWRR
                 	EOR  R@0,R@2
                 	EOR  R@1,R@3
                 	.ENDM
                 
                 	.MACRO __GETWRS
                 	LDD  R@0,Y+@2
                 	LDD  R@1,Y+@2+1
                 	.ENDM
                 
                 	.MACRO __PUTBSR
                 	STD  Y+@1,R@0
                 	.ENDM
                 
                 	.MACRO __PUTWSR
                 	STD  Y+@2,R@0
                 	STD  Y+@2+1,R@1
                 	.ENDM
                 
                 	.MACRO __MOVEWRR
                 	MOV  R@0,R@2
                 	MOV  R@1,R@3
                 	.ENDM
                 
                 	.MACRO __INWR
                 	IN   R@0,@2
                 	IN   R@1,@2+1
                 	.ENDM
                 
                 	.MACRO __OUTWR
                 	OUT  @2+1,R@1
                 	OUT  @2,R@0
                 	.ENDM
                 
                 	.MACRO __CALL1MN
                 	LDS  R30,@0+(@1)
                 	LDS  R31,@0+(@1)+1
                 	ICALL
                 	.ENDM
                 
                 	.MACRO __CALL1FN
                 	LDI  R30,LOW(2*@0+(@1))
                 	LDI  R31,HIGH(2*@0+(@1))
                 	CALL __GETW1PF
                 	ICALL
                 	.ENDM
                 
                 	.MACRO __CALL2EN
                 	PUSH R26
                 	PUSH R27
                 	LDI  R26,LOW(@0+(@1))
                 	LDI  R27,HIGH(@0+(@1))
                 	CALL __EEPROMRDW
                 	POP  R27
                 	POP  R26
                 	ICALL
                 	.ENDM
                 
                 	.MACRO __CALL2EX
                 	SUBI R26,LOW(-@0)
                 	SBCI R27,HIGH(-@0)
                 	CALL __EEPROMRDD
                 	ICALL
                 	.ENDM
                 
                 	.MACRO __GETW1STACK
                 	IN   R30,SPL
                 	IN   R31,SPH
                 	ADIW R30,@0+1
                 	LD   R0,Z+
                 	LD   R31,Z
                 	MOV  R30,R0
                 	.ENDM
                 
                 	.MACRO __GETD1STACK
                 	IN   R30,SPL
                 	IN   R31,SPH
                 	ADIW R30,@0+1
                 	LD   R0,Z+
                 	LD   R1,Z+
                 	LD   R22,Z
                 	MOVW R30,R0
                 	.ENDM
                 
                 	.MACRO __NBST
                 	BST  R@0,@1
                 	IN   R30,SREG
                 	LDI  R31,0x40
                 	EOR  R30,R31
                 	OUT  SREG,R30
                 	.ENDM
                 
                 
                 	.MACRO __PUTB1SN
                 	LDD  R26,Y+@0
                 	LDD  R27,Y+@0+1
                 	SUBI R26,LOW(-@1)
                 	SBCI R27,HIGH(-@1)
                 	ST   X,R30
                 	.ENDM
                 
                 	.MACRO __PUTW1SN
                 	LDD  R26,Y+@0
                 	LDD  R27,Y+@0+1
                 	SUBI R26,LOW(-@1)
                 	SBCI R27,HIGH(-@1)
                 	ST   X+,R30
                 	ST   X,R31
                 	.ENDM
                 
                 	.MACRO __PUTD1SN
                 	LDD  R26,Y+@0
                 	LDD  R27,Y+@0+1
                 	SUBI R26,LOW(-@1)
                 	SBCI R27,HIGH(-@1)
                 	CALL __PUTDP1
                 	.ENDM
                 
                 	.MACRO __PUTB1SNS
                 	LDD  R26,Y+@0
                 	LDD  R27,Y+@0+1
                 	ADIW R26,@1
                 	ST   X,R30
                 	.ENDM
                 
                 	.MACRO __PUTW1SNS
                 	LDD  R26,Y+@0
                 	LDD  R27,Y+@0+1
                 	ADIW R26,@1
                 	ST   X+,R30
                 	ST   X,R31
                 	.ENDM
                 
                 	.MACRO __PUTD1SNS
                 	LDD  R26,Y+@0
                 	LDD  R27,Y+@0+1
                 	ADIW R26,@1
                 	CALL __PUTDP1
                 	.ENDM
                 
                 	.MACRO __PUTB1PMN
                 	LDS  R26,@0
                 	LDS  R27,@0+1
                 	SUBI R26,LOW(-@1)
                 	SBCI R27,HIGH(-@1)
                 	ST   X,R30
                 	.ENDM
                 
                 	.MACRO __PUTW1PMN
                 	LDS  R26,@0
                 	LDS  R27,@0+1
                 	SUBI R26,LOW(-@1)
                 	SBCI R27,HIGH(-@1)
                 	ST   X+,R30
                 	ST   X,R31
                 	.ENDM
                 
                 	.MACRO __PUTD1PMN
                 	LDS  R26,@0
                 	LDS  R27,@0+1
                 	SUBI R26,LOW(-@1)
                 	SBCI R27,HIGH(-@1)
                 	CALL __PUTDP1
                 	.ENDM
                 
                 	.MACRO __PUTB1PMNS
                 	LDS  R26,@0
                 	LDS  R27,@0+1
                 	ADIW R26,@1
                 	ST   X,R30
                 	.ENDM
                 
                 	.MACRO __PUTW1PMNS
                 	LDS  R26,@0
                 	LDS  R27,@0+1
                 	ADIW R26,@1
                 	ST   X+,R30
                 	ST   X,R31
                 	.ENDM
                 
                 	.MACRO __PUTD1PMNS
                 	LDS  R26,@0
                 	LDS  R27,@0+1
                 	ADIW R26,@1
                 	CALL __PUTDP1
                 	.ENDM
                 
                 	.MACRO __PUTB1RN
                 	MOVW R26,R@0
                 	SUBI R26,LOW(-@1)
                 	SBCI R27,HIGH(-@1)
                 	ST   X,R30
                 	.ENDM
                 
                 	.MACRO __PUTW1RN
                 	MOVW R26,R@0
                 	SUBI R26,LOW(-@1)
                 	SBCI R27,HIGH(-@1)
                 	ST   X+,R30
                 	ST   X,R31
                 	.ENDM
                 
                 	.MACRO __PUTD1RN
                 	MOVW R26,R@0
                 	SUBI R26,LOW(-@1)
                 	SBCI R27,HIGH(-@1)
                 	CALL __PUTDP1
                 	.ENDM
                 
                 	.MACRO __PUTB1RNS
                 	MOVW R26,R@0
                 	ADIW R26,@1
                 	ST   X,R30
                 	.ENDM
                 
                 	.MACRO __PUTW1RNS
                 	MOVW R26,R@0
                 	ADIW R26,@1
                 	ST   X+,R30
                 	ST   X,R31
                 	.ENDM
                 
                 	.MACRO __PUTD1RNS
                 	MOVW R26,R@0
                 	ADIW R26,@1
                 	CALL __PUTDP1
                 	.ENDM
                 
                 	.MACRO __PUTB1RON
                 	MOV  R26,R@0
                 	MOV  R27,R@1
                 	SUBI R26,LOW(-@2)
                 	SBCI R27,HIGH(-@2)
                 	ST   X,R30
                 	.ENDM
                 
                 	.MACRO __PUTW1RON
                 	MOV  R26,R@0
                 	MOV  R27,R@1
                 	SUBI R26,LOW(-@2)
                 	SBCI R27,HIGH(-@2)
                 	ST   X+,R30
                 	ST   X,R31
                 	.ENDM
                 
                 	.MACRO __PUTD1RON
                 	MOV  R26,R@0
                 	MOV  R27,R@1
                 	SUBI R26,LOW(-@2)
                 	SBCI R27,HIGH(-@2)
                 	CALL __PUTDP1
                 	.ENDM
                 
                 	.MACRO __PUTB1RONS
                 	MOV  R26,R@0
                 	MOV  R27,R@1
                 	ADIW R26,@2
                 	ST   X,R30
                 	.ENDM
                 
                 	.MACRO __PUTW1RONS
                 	MOV  R26,R@0
                 	MOV  R27,R@1
                 	ADIW R26,@2
                 	ST   X+,R30
                 	ST   X,R31
                 	.ENDM
                 
                 	.MACRO __PUTD1RONS
                 	MOV  R26,R@0
                 	MOV  R27,R@1
                 	ADIW R26,@2
                 	CALL __PUTDP1
                 	.ENDM
                 
                 
                 	.MACRO __GETB1SX
                 	MOVW R30,R28
                 	SUBI R30,LOW(-@0)
                 	SBCI R31,HIGH(-@0)
                 	LD   R30,Z
                 	.ENDM
                 
                 	.MACRO __GETB1HSX
                 	MOVW R30,R28
                 	SUBI R30,LOW(-@0)
                 	SBCI R31,HIGH(-@0)
                 	LD   R31,Z
                 	.ENDM
                 
                 	.MACRO __GETW1SX
                 	MOVW R30,R28
                 	SUBI R30,LOW(-@0)
                 	SBCI R31,HIGH(-@0)
                 	LD   R0,Z+
                 	LD   R31,Z
                 	MOV  R30,R0
                 	.ENDM
                 
                 	.MACRO __GETD1SX
                 	MOVW R30,R28
                 	SUBI R30,LOW(-@0)
                 	SBCI R31,HIGH(-@0)
                 	LD   R0,Z+
                 	LD   R1,Z+
                 	LD   R22,Z+
                 	LD   R23,Z
                 	MOVW R30,R0
                 	.ENDM
                 
                 	.MACRO __GETB2SX
                 	MOVW R26,R28
                 	SUBI R26,LOW(-@0)
                 	SBCI R27,HIGH(-@0)
                 	LD   R26,X
                 	.ENDM
                 
                 	.MACRO __GETW2SX
                 	MOVW R26,R28
                 	SUBI R26,LOW(-@0)
                 	SBCI R27,HIGH(-@0)
                 	LD   R0,X+
                 	LD   R27,X
                 	MOV  R26,R0
                 	.ENDM
                 
                 	.MACRO __GETD2SX
                 	MOVW R26,R28
                 	SUBI R26,LOW(-@0)
                 	SBCI R27,HIGH(-@0)
                 	LD   R0,X+
                 	LD   R1,X+
                 	LD   R24,X+
                 	LD   R25,X
                 	MOVW R26,R0
                 	.ENDM
                 
                 	.MACRO __GETBRSX
                 	MOVW R30,R28
                 	SUBI R30,LOW(-@1)
                 	SBCI R31,HIGH(-@1)
                 	LD   R@0,Z
                 	.ENDM
                 
                 	.MACRO __GETWRSX
                 	MOVW R30,R28
                 	SUBI R30,LOW(-@2)
                 	SBCI R31,HIGH(-@2)
                 	LD   R@0,Z+
                 	LD   R@1,Z
                 	.ENDM
                 
                 	.MACRO __GETBRSX2
                 	MOVW R26,R28
                 	SUBI R26,LOW(-@1)
                 	SBCI R27,HIGH(-@1)
                 	LD   R@0,X
                 	.ENDM
                 
                 	.MACRO __GETWRSX2
                 	MOVW R26,R28
                 	SUBI R26,LOW(-@2)
                 	SBCI R27,HIGH(-@2)
                 	LD   R@0,X+
                 	LD   R@1,X
                 	.ENDM
                 
                 	.MACRO __LSLW8SX
                 	MOVW R30,R28
                 	SUBI R30,LOW(-@0)
                 	SBCI R31,HIGH(-@0)
                 	LD   R31,Z
                 	CLR  R30
                 	.ENDM
                 
                 	.MACRO __PUTB1SX
                 	MOVW R26,R28
                 	SUBI R26,LOW(-@0)
                 	SBCI R27,HIGH(-@0)
                 	ST   X,R30
                 	.ENDM
                 
                 	.MACRO __PUTW1SX
                 	MOVW R26,R28
                 	SUBI R26,LOW(-@0)
                 	SBCI R27,HIGH(-@0)
                 	ST   X+,R30
                 	ST   X,R31
                 	.ENDM
                 
                 	.MACRO __PUTD1SX
                 	MOVW R26,R28
                 	SUBI R26,LOW(-@0)
                 	SBCI R27,HIGH(-@0)
                 	ST   X+,R30
                 	ST   X+,R31
                 	ST   X+,R22
                 	ST   X,R23
                 	.ENDM
                 
                 	.MACRO __CLRW1SX
                 	MOVW R26,R28
                 	SUBI R26,LOW(-@0)
                 	SBCI R27,HIGH(-@0)
                 	ST   X+,R30
                 	ST   X,R30
                 	.ENDM
                 
                 	.MACRO __CLRD1SX
                 	MOVW R26,R28
                 	SUBI R26,LOW(-@0)
                 	SBCI R27,HIGH(-@0)
                 	ST   X+,R30
                 	ST   X+,R30
                 	ST   X+,R30
                 	ST   X,R30
                 	.ENDM
                 
                 	.MACRO __PUTB2SX
                 	MOVW R30,R28
                 	SUBI R30,LOW(-@0)
                 	SBCI R31,HIGH(-@0)
                 	ST   Z,R26
                 	.ENDM
                 
                 	.MACRO __PUTW2SX
                 	MOVW R30,R28
                 	SUBI R30,LOW(-@0)
                 	SBCI R31,HIGH(-@0)
                 	ST   Z+,R26
                 	ST   Z,R27
                 	.ENDM
                 
                 	.MACRO __PUTD2SX
                 	MOVW R30,R28
                 	SUBI R30,LOW(-@0)
                 	SBCI R31,HIGH(-@0)
                 	ST   Z+,R26
                 	ST   Z+,R27
                 	ST   Z+,R24
                 	ST   Z,R25
                 	.ENDM
                 
                 	.MACRO __PUTBSRX
                 	MOVW R30,R28
                 	SUBI R30,LOW(-@1)
                 	SBCI R31,HIGH(-@1)
                 	ST   Z,R@0
                 	.ENDM
                 
                 	.MACRO __PUTWSRX
                 	MOVW R30,R28
                 	SUBI R30,LOW(-@2)
                 	SBCI R31,HIGH(-@2)
                 	ST   Z+,R@0
                 	ST   Z,R@1
                 	.ENDM
                 
                 	.MACRO __PUTB1SNX
                 	MOVW R26,R28
                 	SUBI R26,LOW(-@0)
                 	SBCI R27,HIGH(-@0)
                 	LD   R0,X+
                 	LD   R27,X
                 	MOV  R26,R0
                 	SUBI R26,LOW(-@1)
                 	SBCI R27,HIGH(-@1)
                 	ST   X,R30
                 	.ENDM
                 
                 	.MACRO __PUTW1SNX
                 	MOVW R26,R28
                 	SUBI R26,LOW(-@0)
                 	SBCI R27,HIGH(-@0)
                 	LD   R0,X+
                 	LD   R27,X
                 	MOV  R26,R0
                 	SUBI R26,LOW(-@1)
                 	SBCI R27,HIGH(-@1)
                 	ST   X+,R30
                 	ST   X,R31
                 	.ENDM
                 
                 	.MACRO __PUTD1SNX
                 	MOVW R26,R28
                 	SUBI R26,LOW(-@0)
                 	SBCI R27,HIGH(-@0)
                 	LD   R0,X+
                 	LD   R27,X
                 	MOV  R26,R0
                 	SUBI R26,LOW(-@1)
                 	SBCI R27,HIGH(-@1)
                 	ST   X+,R30
                 	ST   X+,R31
                 	ST   X+,R22
                 	ST   X,R23
                 	.ENDM
                 
                 	.MACRO __MULBRR
                 	MULS R@0,R@1
                 	MOVW R30,R0
                 	.ENDM
                 
                 	.MACRO __MULBRRU
                 	MUL  R@0,R@1
                 	MOVW R30,R0
                 	.ENDM
                 
                 	.MACRO __MULBRR0
                 	MULS R@0,R@1
                 	.ENDM
                 
                 	.MACRO __MULBRRU0
                 	MUL  R@0,R@1
                 	.ENDM
                 
                 	.MACRO __MULBNWRU
                 	LDI  R26,@2
                 	MUL  R26,R@0
                 	MOVW R30,R0
                 	MUL  R26,R@1
                 	ADD  R31,R0
                 	.ENDM
                 
                 	.CSEG
                 	.ORG 0x00
                 
                 ;START OF CODE MARKER
                 __START_OF_CODE:
                 
                 ;INTERRUPT VECTORS
000000 940c 0169 	JMP  __RESET
000002 940c 0000 	JMP  0x00
000004 940c 0000 	JMP  0x00
000006 940c 0000 	JMP  0x00
000008 940c 0000 	JMP  0x00
00000a 940c 0000 	JMP  0x00
00000c 940c 0000 	JMP  0x00
00000e 940c 0000 	JMP  0x00
000010 940c 0000 	JMP  0x00
000012 940c 0000 	JMP  0x00
000014 940c 0000 	JMP  0x00
000016 940c 0000 	JMP  0x00
000018 940c 0000 	JMP  0x00
00001a 940c 0000 	JMP  0x00
00001c 940c 0000 	JMP  0x00
00001e 940c 0000 	JMP  0x00
000020 940c 0000 	JMP  0x00
000022 940c 0000 	JMP  0x00
000024 940c 0000 	JMP  0x00
000026 940c 0000 	JMP  0x00
000028 940c 0000 	JMP  0x00
                 
                 _0x3:
00002a 00ff
00002b 00ff
00002c 00ff
00002d 0000      	.DB  0xFF,0x0,0xFF,0x0,0xFF,0x0,0x0,0x0
00002e 00f6
00002f 00f6
000030 00f6
000031 00ff      	.DB  0xF6,0x0,0xF6,0x0,0xF6,0x0,0xFF,0x0
000032 00ff
000033 00ff
000034 00ff
000035 0000      	.DB  0xFF,0x0,0xFF,0x0,0xFF,0x0,0x0,0x0
000036 00e7
000037 00db
000038 00bd
000039 007e      	.DB  0xE7,0x0,0xDB,0x0,0xBD,0x0,0x7E,0x0
00003a 00ff
00003b 00ff
00003c 00ff
00003d 00ff      	.DB  0xFF,0x0,0xFF,0x0,0xFF,0x0,0xFF,0x0
00003e 00ff
00003f 00ff
000040 0000
000041 00f6      	.DB  0xFF,0x0,0xFF,0x0,0x0,0x0,0xF6,0x0
000042 00f6
000043 00f6
000044 00ff
000045 00ff      	.DB  0xF6,0x0,0xF6,0x0,0xFF,0x0,0xFF,0x0
000046 00ff
000047 00ff
000048 0000
000049 00e7      	.DB  0xFF,0x0,0xFF,0x0,0x0,0x0,0xE7,0x0
00004a 00db
00004b 00bd
00004c 007e
00004d 00ff      	.DB  0xDB,0x0,0xBD,0x0,0x7E,0x0,0xFF,0x0
00004e 00ff
00004f 00ff
000050 00ff
000051 00ff      	.DB  0xFF,0x0,0xFF,0x0,0xFF,0x0,0xFF,0x0
000052 00ff
000053 0000
000054 00f6
000055 00f6      	.DB  0xFF,0x0,0x0,0x0,0xF6,0x0,0xF6,0x0
000056 00f6
000057 00ff
000058 00ff
000059 00ff      	.DB  0xF6,0x0,0xFF,0x0,0xFF,0x0,0xFF,0x0
00005a 00ff
00005b 0000
00005c 00e7
00005d 00db      	.DB  0xFF,0x0,0x0,0x0,0xE7,0x0,0xDB,0x0
00005e 00bd
00005f 007e
000060 007e
000061 00ff      	.DB  0xBD,0x0,0x7E,0x0,0x7E,0x0,0xFF,0x0
000062 00ff
000063 00ff
000064 00ff
000065 00ff      	.DB  0xFF,0x0,0xFF,0x0,0xFF,0x0,0xFF,0x0
000066 0000
000067 00f6
000068 00f6
000069 00f6      	.DB  0x0,0x0,0xF6,0x0,0xF6,0x0,0xF6,0x0
00006a 00ff
00006b 00ff
00006c 00ff
00006d 00ff      	.DB  0xFF,0x0,0xFF,0x0,0xFF,0x0,0xFF,0x0
00006e 0000
00006f 00e7
000070 00db
000071 00bd      	.DB  0x0,0x0,0xE7,0x0,0xDB,0x0,0xBD,0x0
000072 00bd
000073 007e
000074 00ff
000075 00ff      	.DB  0xBD,0x0,0x7E,0x0,0xFF,0x0,0xFF,0x0
000076 00ff
000077 00ff
000078 00ff
000079 0000      	.DB  0xFF,0x0,0xFF,0x0,0xFF,0x0,0x0,0x0
00007a 00f6
00007b 00f6
00007c 00f6
00007d 00ff      	.DB  0xF6,0x0,0xF6,0x0,0xF6,0x0,0xFF,0x0
00007e 00ff
00007f 00ff
000080 00ff
000081 0000      	.DB  0xFF,0x0,0xFF,0x0,0xFF,0x0,0x0,0x0
000082 00e7
000083 00db
000084 00db
000085 00bd      	.DB  0xE7,0x0,0xDB,0x0,0xDB,0x0,0xBD,0x0
000086 007e
000087 00ff
000088 00ff
000089 00ff      	.DB  0x7E,0x0,0xFF,0x0,0xFF,0x0,0xFF,0x0
00008a 00ff
00008b 00ff
00008c 0000
00008d 00f6      	.DB  0xFF,0x0,0xFF,0x0,0x0,0x0,0xF6,0x0
00008e 00f6
00008f 00f6
000090 00ff
000091 00ff      	.DB  0xF6,0x0,0xF6,0x0,0xFF,0x0,0xFF,0x0
000092 00ff
000093 00ff
000094 0000
000095 00e7      	.DB  0xFF,0x0,0xFF,0x0,0x0,0x0,0xE7,0x0
000096 00e7
000097 00db
000098 00bd
000099 007e      	.DB  0xE7,0x0,0xDB,0x0,0xBD,0x0,0x7E,0x0
00009a 00ff
00009b 00ff
00009c 00ff
00009d 00ff      	.DB  0xFF,0x0,0xFF,0x0,0xFF,0x0,0xFF,0x0
00009e 00ff
00009f 0000
0000a0 00f6
0000a1 00f6      	.DB  0xFF,0x0,0x0,0x0,0xF6,0x0,0xF6,0x0
0000a2 00f6
0000a3 00ff
0000a4 00ff
0000a5 00ff      	.DB  0xF6,0x0,0xFF,0x0,0xFF,0x0,0xFF,0x0
0000a6 00ff
0000a7 0000
0000a8 0000
0000a9 00e7      	.DB  0xFF,0x0,0x0,0x0,0x0,0x0,0xE7,0x0
0000aa 00db
0000ab 00bd
0000ac 007e
0000ad 00ff      	.DB  0xDB,0x0,0xBD,0x0,0x7E,0x0,0xFF,0x0
0000ae 00ff
0000af 00ff
0000b0 00ff
0000b1 00ff      	.DB  0xFF,0x0,0xFF,0x0,0xFF,0x0,0xFF,0x0
0000b2 0000
0000b3 00f6
0000b4 00f6
0000b5 00f6      	.DB  0x0,0x0,0xF6,0x0,0xF6,0x0,0xF6,0x0
0000b6 00ff
0000b7 00ff
0000b8 00ff
0000b9 00ff      	.DB  0xFF,0x0,0xFF,0x0,0xFF,0x0,0xFF,0x0
0000ba 00ff
0000bb 0000
0000bc 00e7
0000bd 00db      	.DB  0xFF,0x0,0x0,0x0,0xE7,0x0,0xDB,0x0
0000be 00bd
0000bf 007e
0000c0 00ff
0000c1 00ff      	.DB  0xBD,0x0,0x7E,0x0,0xFF,0x0,0xFF,0x0
0000c2 00ff
0000c3 00ff
0000c4 00ff
0000c5 0000      	.DB  0xFF,0x0,0xFF,0x0,0xFF,0x0,0x0,0x0
0000c6 00f6
0000c7 00f6
0000c8 00f6
0000c9 00ff      	.DB  0xF6,0x0,0xF6,0x0,0xF6,0x0,0xFF,0x0
0000ca 00ff
0000cb 00ff
0000cc 00ff
0000cd 00ff      	.DB  0xFF,0x0,0xFF,0x0,0xFF,0x0,0xFF,0x0
0000ce 0000
0000cf 00e7
0000d0 00db
0000d1 00bd      	.DB  0x0,0x0,0xE7,0x0,0xDB,0x0,0xBD,0x0
0000d2 007e
0000d3 00ff
0000d4 00ff
0000d5 00ff      	.DB  0x7E,0x0,0xFF,0x0,0xFF,0x0,0xFF,0x0
0000d6 00ff
0000d7 00ff
0000d8 0000
0000d9 00f6      	.DB  0xFF,0x0,0xFF,0x0,0x0,0x0,0xF6,0x0
0000da 00f6
0000db 00f6
0000dc 00ff
0000dd 00ff      	.DB  0xF6,0x0,0xF6,0x0,0xFF,0x0,0xFF,0x0
0000de 00ff
0000df 00ff
0000e0 00ff
0000e1 0000      	.DB  0xFF,0x0,0xFF,0x0,0xFF,0x0,0x0,0x0
0000e2 00e7
0000e3 00db
0000e4 00bd
0000e5 007e      	.DB  0xE7,0x0,0xDB,0x0,0xBD,0x0,0x7E,0x0
0000e6 00ff
0000e7 00ff
0000e8 00ff
0000e9 00ff      	.DB  0xFF,0x0,0xFF,0x0,0xFF,0x0,0xFF,0x0
0000ea 00ff
0000eb 0000
0000ec 00f6
0000ed 00f6      	.DB  0xFF,0x0,0x0,0x0,0xF6,0x0,0xF6,0x0
0000ee 00f6
0000ef 00ff
0000f0 00ff
0000f1 00ff      	.DB  0xF6,0x0,0xFF,0x0,0xFF,0x0,0xFF,0x0
0000f2 00ff
0000f3 00ff
0000f4 0000
0000f5 00e7      	.DB  0xFF,0x0,0xFF,0x0,0x0,0x0,0xE7,0x0
0000f6 00db
0000f7 00bd
0000f8 007e
0000f9 00ff      	.DB  0xDB,0x0,0xBD,0x0,0x7E,0x0,0xFF,0x0
0000fa 00ff
0000fb 00ff
0000fc 00ff
0000fd 00ff      	.DB  0xFF,0x0,0xFF,0x0,0xFF,0x0,0xFF,0x0
0000fe 0000
0000ff 00f6
000100 00f6
000101 00f6      	.DB  0x0,0x0,0xF6,0x0,0xF6,0x0,0xF6,0x0
000102 00f6
000103 00ff
000104 00ff
000105 00ff      	.DB  0xF6,0x0,0xFF,0x0,0xFF,0x0,0xFF,0x0
000106 00ff
000107 0000
000108 00e7
000109 00db      	.DB  0xFF,0x0,0x0,0x0,0xE7,0x0,0xDB,0x0
00010a 00bd
00010b 007e
00010c 00ff
00010d 00ff      	.DB  0xBD,0x0,0x7E,0x0,0xFF,0x0,0xFF,0x0
00010e 00ff
00010f 00ff
000110 00ff
000111 0000      	.DB  0xFF,0x0,0xFF,0x0,0xFF,0x0,0x0,0x0
000112 00f6
000113 00f6
000114 00f6
000115 00f6      	.DB  0xF6,0x0,0xF6,0x0,0xF6,0x0,0xF6,0x0
000116 00ff
000117 00ff
000118 00ff
000119 00ff      	.DB  0xFF,0x0,0xFF,0x0,0xFF,0x0,0xFF,0x0
00011a 0000
00011b 00e7
00011c 00db
00011d 00bd      	.DB  0x0,0x0,0xE7,0x0,0xDB,0x0,0xBD,0x0
00011e 007e
00011f 00ff
000120 00ff
000121 00ff      	.DB  0x7E,0x0,0xFF,0x0,0xFF,0x0,0xFF,0x0
000122 00ff
000123 00ff
000124 0000
000125 00f6      	.DB  0xFF,0x0,0xFF,0x0,0x0,0x0,0xF6,0x0
000126 00f6
000127 00f6
000128 00f6
000129 00ff      	.DB  0xF6,0x0,0xF6,0x0,0xF6,0x0,0xFF,0x0
00012a 00ff
00012b 00ff
00012c 00ff
00012d 0000      	.DB  0xFF,0x0,0xFF,0x0,0xFF,0x0,0x0,0x0
00012e 00e7
00012f 00db
000130 00bd
000131 007e      	.DB  0xE7,0x0,0xDB,0x0,0xBD,0x0,0x7E,0x0
000132 00ff
000133 00ff
000134 00ff
000135 00ff      	.DB  0xFF,0x0,0xFF,0x0,0xFF,0x0,0xFF,0x0
000136 00ff
000137 0000
000138 0000
000139 00f6      	.DB  0xFF,0x0,0x0,0x0,0x0,0x0,0xF6,0x0
00013a 00f6
00013b 00f6
00013c 00ff
00013d 00ff      	.DB  0xF6,0x0,0xF6,0x0,0xFF,0x0,0xFF,0x0
00013e 00ff
00013f 00ff
000140 0000
000141 00e7      	.DB  0xFF,0x0,0xFF,0x0,0x0,0x0,0xE7,0x0
000142 00db
000143 00bd
000144 007e
000145 00ff      	.DB  0xDB,0x0,0xBD,0x0,0x7E,0x0,0xFF,0x0
000146 00ff
000147 00ff
000148 00ff
000149 00ff      	.DB  0xFF,0x0,0xFF,0x0,0xFF,0x0,0xFF,0x0
00014a 00ff
00014b 0000
00014c 00f6
00014d 00f6      	.DB  0xFF,0x0,0x0,0x0,0xF6,0x0,0xF6,0x0
00014e 00f6
00014f 00ff
000150 00ff
000151 00ff      	.DB  0xF6,0x0,0xFF,0x0,0xFF,0x0,0xFF,0x0
000152 00ff
000153 0000
000154 00e7
000155 00db      	.DB  0xFF,0x0,0x0,0x0,0xE7,0x0,0xDB,0x0
000156 00bd
000157 007e
000158 00ff
000159 00ff      	.DB  0xBD,0x0,0x7E,0x0,0xFF,0x0,0xFF,0x0
00015a 00ff
C:\Users\farkoo\Documents\codevision\az8\1\Debug\List\1.asm(1193): warning: .cseg .db misalignment - padding zero byte
00015b 00ff      	.DB  0xFF,0x0,0xFF
                 _0x2040060:
C:\Users\farkoo\Documents\codevision\az8\1\Debug\List\1.asm(1195): warning: .cseg .db misalignment - padding zero byte
00015c 0001      	.DB  0x1
                 _0x2040000:
00015d 4e2d
00015e 4e41
00015f 4900
000160 464e      	.DB  0x2D,0x4E,0x41,0x4E,0x0,0x49,0x4E,0x46
C:\Users\farkoo\Documents\codevision\az8\1\Debug\List\1.asm(1198): warning: .cseg .db misalignment - padding zero byte
000161 0000      	.DB  0x0
                 
                 __GLOBAL_INI_TBL:
000162 0263      	.DW  0x263
000163 0160      	.DW  _FK
000164 0054      	.DW  _0x3*2
                 
000165 0001      	.DW  0x01
000166 03c4      	.DW  __seed_G102
000167 02b8      	.DW  _0x2040060*2
                 
                 _0xFFFFFFFF:
000168 0000      	.DW  0
                 
                 #define __GLOBAL_INI_TBL_PRESENT 1
                 
                 __RESET:
000169 94f8      	CLI
00016a 27ee      	CLR  R30
00016b bbec      	OUT  EECR,R30
                 
                 ;INTERRUPT VECTORS ARE PLACED
                 ;AT THE START OF FLASH
00016c e0f1      	LDI  R31,1
00016d bffb      	OUT  GICR,R31
00016e bfeb      	OUT  GICR,R30
00016f bfe5      	OUT  MCUCR,R30
                 
                 ;CLEAR R2-R14
000170 e08d      	LDI  R24,(14-2)+1
000171 e0a2      	LDI  R26,2
000172 27bb      	CLR  R27
                 __CLEAR_REG:
000173 93ed      	ST   X+,R30
000174 958a      	DEC  R24
000175 f7e9      	BRNE __CLEAR_REG
                 
                 ;CLEAR SRAM
000176 e080      	LDI  R24,LOW(__CLEAR_SRAM_SIZE)
000177 e094      	LDI  R25,HIGH(__CLEAR_SRAM_SIZE)
000178 e6a0      	LDI  R26,__SRAM_START
                 __CLEAR_SRAM:
000179 93ed      	ST   X+,R30
00017a 9701      	SBIW R24,1
00017b f7e9      	BRNE __CLEAR_SRAM
                 
                 ;GLOBAL VARIABLES INITIALIZATION
00017c ece4      	LDI  R30,LOW(__GLOBAL_INI_TBL*2)
00017d e0f2      	LDI  R31,HIGH(__GLOBAL_INI_TBL*2)
                 __GLOBAL_INI_NEXT:
00017e 9185      	LPM  R24,Z+
00017f 9195      	LPM  R25,Z+
000180 9700      	SBIW R24,0
000181 f061      	BREQ __GLOBAL_INI_END
000182 91a5      	LPM  R26,Z+
000183 91b5      	LPM  R27,Z+
000184 9005      	LPM  R0,Z+
000185 9015      	LPM  R1,Z+
000186 01bf      	MOVW R22,R30
000187 01f0      	MOVW R30,R0
                 __GLOBAL_INI_LOOP:
000188 9005      	LPM  R0,Z+
000189 920d      	ST   X+,R0
00018a 9701      	SBIW R24,1
00018b f7e1      	BRNE __GLOBAL_INI_LOOP
00018c 01fb      	MOVW R30,R22
00018d cff0      	RJMP __GLOBAL_INI_NEXT
                 __GLOBAL_INI_END:
                 
                 ;HARDWARE STACK POINTER INITIALIZATION
00018e e5ef      	LDI  R30,LOW(__SRAM_END-__HEAP_SIZE)
00018f bfed      	OUT  SPL,R30
000190 e0e4      	LDI  R30,HIGH(__SRAM_END-__HEAP_SIZE)
000191 bfee      	OUT  SPH,R30
                 
                 ;DATA STACK POINTER INITIALIZATION
000192 e6c0      	LDI  R28,LOW(__SRAM_START+__DSTACK_SIZE)
000193 e0d1      	LDI  R29,HIGH(__SRAM_START+__DSTACK_SIZE)
                 
000194 940c 021d 	JMP  _main
                 
                 	.ESEG
                 	.ORG 0
                 
                 	.DSEG
                 	.ORG 0x160
                 
                 	.CSEG
                 ;/*******************************************************
                 ;This program was created by the
                 ;CodeWizardAVR V3.12 Advanced
                 ;Automatic Program Generator
                 ;© Copyright 1998-2014 Pavel Haiduc, HP InfoTech s.r.l.
                 ;http://www.hpinfotech.com
                 ;
                 ;Project :
                 ;Version :
                 ;Date    : 5/26/2021
                 ;Author  :
                 ;Company :
                 ;Comments:
                 ;
                 ;
                 ;Chip type               : ATmega16
                 ;Program type            : Application
                 ;AVR Core Clock frequency: 8.000000 MHz
                 ;Memory model            : Small
                 ;External RAM size       : 0
                 ;Data Stack size         : 256
                 ;*******************************************************/
                 ;
                 ;#include <mega16.h>
                 	#ifndef __SLEEP_DEFINED__
                 	#define __SLEEP_DEFINED__
                 	.EQU __se_bit=0x40
                 	.EQU __sm_mask=0xB0
                 	.EQU __sm_powerdown=0x20
                 	.EQU __sm_powersave=0x30
                 	.EQU __sm_standby=0xA0
                 	.EQU __sm_ext_standby=0xB0
                 	.EQU __sm_adc_noise_red=0x10
                 	.SET power_ctrl_reg=mcucr
                 	#endif
                 ;#include <font5x7.h>
                 ;#include <math.h>
                 ;
                 ;// Graphic Display functions
                 ;
                 ;
                 ;// Declare your global variables here
                 ;const unsigned short FK[] = {
                 ;        0xFF, 0xFF, 0xFF, 0x00, 0xF6, 0xF6, 0xF6, 0xFF, 0xFF, 0xFF, 0xFF, 0x00, 0xE7, 0xDB, 0xBD, 0x7E, 0xFF, 0xFF, // C ...
                 ;        0xFF, 0xFF, 0xFF, 0xFF, 0x00, 0xF6, 0xF6, 0xF6, 0xFF, 0xFF, 0xFF, 0xFF, 0x00, 0xE7, 0xDB, 0xBD, 0x7E, 0xFF,  //  ...
                 ;        0xFF, 0xFF, 0xFF, 0xFF, 0xFF, 0x00, 0xF6, 0xF6, 0xF6, 0xFF, 0xFF, 0xFF, 0xFF, 0x00, 0xE7, 0xDB, 0xBD, 0x7E,  //  ...
                 ;        0x7E, 0xFF, 0xFF, 0xFF, 0xFF, 0xFF, 0x00, 0xF6, 0xF6, 0xF6, 0xFF, 0xFF, 0xFF, 0xFF, 0x00, 0xE7, 0xDB, 0xBD,  //  ...
                 ;        0xBD, 0x7E, 0xFF, 0xFF, 0xFF, 0xFF, 0xFF, 0x00, 0xF6, 0xF6, 0xF6, 0xFF, 0xFF, 0xFF, 0xFF, 0x00, 0xE7, 0xDB,  //  ...
                 ;        0xDB, 0xBD, 0x7E, 0xFF, 0xFF, 0xFF, 0xFF, 0xFF, 0x00, 0xF6, 0xF6, 0xF6, 0xFF, 0xFF, 0xFF, 0xFF, 0x00, 0xE7,  //  ...
                 ;        0xE7, 0xDB, 0xBD, 0x7E, 0xFF, 0xFF, 0xFF, 0xFF, 0xFF, 0x00, 0xF6, 0xF6, 0xF6, 0xFF, 0xFF, 0xFF, 0xFF, 0x00,  //  ...
                 ;        0x00, 0xE7, 0xDB, 0xBD, 0x7E, 0xFF, 0xFF, 0xFF, 0xFF, 0xFF, 0x00, 0xF6, 0xF6, 0xF6, 0xFF, 0xFF, 0xFF, 0xFF,  //  ...
                 ;        0xFF, 0x00, 0xE7, 0xDB, 0xBD, 0x7E, 0xFF, 0xFF, 0xFF, 0xFF, 0xFF, 0x00, 0xF6, 0xF6, 0xF6, 0xFF, 0xFF, 0xFF,  //  ...
                 ;        0xFF, 0xFF, 0x00, 0xE7, 0xDB, 0xBD, 0x7E, 0xFF, 0xFF, 0xFF, 0xFF, 0xFF, 0x00, 0xF6, 0xF6, 0xF6, 0xFF, 0xFF,  //  ...
                 ;        0xFF, 0xFF, 0xFF, 0x00, 0xE7, 0xDB, 0xBD, 0x7E, 0xFF, 0xFF, 0xFF, 0xFF, 0xFF, 0x00, 0xF6, 0xF6, 0xF6, 0xFF,  //  ...
                 ;        0xFF, 0xFF, 0xFF, 0xFF, 0x00, 0xE7, 0xDB, 0xBD, 0x7E, 0xFF, 0xFF, 0xFF, 0xFF, 0xFF, 0x00, 0xF6, 0xF6, 0xF6,  //  ...
                 ;        0xF6, 0xFF, 0xFF, 0xFF, 0xFF, 0x00, 0xE7, 0xDB, 0xBD, 0x7E, 0xFF, 0xFF, 0xFF, 0xFF, 0xFF, 0x00, 0xF6, 0xF6,  //  ...
                 ;        0xF6, 0xF6, 0xFF, 0xFF, 0xFF, 0xFF, 0x00, 0xE7, 0xDB, 0xBD, 0x7E, 0xFF, 0xFF, 0xFF, 0xFF, 0xFF, 0x00, 0xF6,  //  ...
                 ;        0xF6, 0xF6, 0xF6, 0xFF, 0xFF, 0xFF, 0xFF, 0x00, 0xE7, 0xDB, 0xBD, 0x7E, 0xFF, 0xFF, 0xFF, 0xFF, 0xFF, 0x00,  //  ...
                 ;        0x00, 0xF6, 0xF6, 0xF6, 0xFF, 0xFF, 0xFF, 0xFF, 0x00, 0xE7, 0xDB, 0xBD, 0x7E, 0xFF, 0xFF, 0xFF, 0xFF, 0xFF,  //  ...
                 ;        0xFF, 0x00, 0xF6, 0xF6, 0xF6, 0xFF, 0xFF, 0xFF, 0xFF, 0x00, 0xE7, 0xDB, 0xBD, 0x7E, 0xFF, 0xFF, 0xFF, 0xFF   //  ...
                 ;        };
                 
                 	.DSEG
                 ;
                 ;
                 ;   void question1(){
                 ; 0000 0035 void question1(){
                 
                 	.CSEG
                 _question1:
                 ; .FSTART _question1
                 ; 0000 0036     int k,j;
                 ; 0000 0037     int r = 0;
                 ; 0000 0038     int c = 0;
                 ; 0000 0039     int max_column = 8;
                 ; 0000 003A     int min_column = 0;
                 ; 0000 003B     int i=0;
                 ; 0000 003C     while(1){
000196 9728      	SBIW R28,8
000197 e0e0      	LDI  R30,LOW(0)
000198 83e8      	ST   Y,R30
000199 83e9      	STD  Y+1,R30
00019a 83ea      	STD  Y+2,R30
00019b 83eb      	STD  Y+3,R30
00019c e0e8      	LDI  R30,LOW(8)
00019d 83ec      	STD  Y+4,R30
00019e e0e0      	LDI  R30,LOW(0)
00019f 83ed      	STD  Y+5,R30
0001a0 83ee      	STD  Y+6,R30
0001a1 83ef      	STD  Y+7,R30
0001a2 940e 023d 	CALL __SAVELOCR6
                 ;	k -> R16,R17
                 ;	j -> R18,R19
                 ;	r -> R20,R21
                 ;	c -> Y+12
                 ;	max_column -> Y+10
                 ;	min_column -> Y+8
                 ;	i -> Y+6
                +
0001a4 e040     +LDI R20 , LOW ( 0 )
0001a5 e050     +LDI R21 , HIGH ( 0 )
                 	__GETWRN 20,21,0
                 _0x4:
                 ; 0000 003D         for(i=0;i<150;i++){
0001a6 e0e0      	LDI  R30,LOW(0)
0001a7 83ee      	STD  Y+6,R30
0001a8 83ef      	STD  Y+6+1,R30
                 _0x8:
0001a9 81ae      	LDD  R26,Y+6
0001aa 81bf      	LDD  R27,Y+6+1
0001ab 39a6      	CPI  R26,LOW(0x96)
0001ac e0e0      	LDI  R30,HIGH(0x96)
0001ad 07be      	CPC  R27,R30
0001ae f00c      	BRLT PC+2
0001af c050      	RJMP _0x9
                 ; 0000 003E                 PORTD = 0x80;
0001b0 e8e0      	LDI  R30,LOW(128)
0001b1 bbe2      	OUT  0x12,R30
                 ; 0000 003F                 PORTB = FK[r];
0001b2 01fa      	MOVW R30,R20
0001b3 e6a0      	LDI  R26,LOW(_FK)
0001b4 e0b1      	LDI  R27,HIGH(_FK)
0001b5 0fee      	LSL  R30
0001b6 1fff      	ROL  R31
0001b7 0fae      	ADD  R26,R30
0001b8 1fbf      	ADC  R27,R31
0001b9 940e 021f 	CALL SUBOPT_0x0
                 ; 0000 0040                 PORTA = 1<<c;
                 ; 0000 0041 
                 ; 0000 0042                 for(k = 0; k < 100; k++)
                +
0001bb e000     +LDI R16 , LOW ( 0 )
0001bc e010     +LDI R17 , HIGH ( 0 )
                 	__GETWRN 16,17,0
                 _0xB:
                +
0001bd 3604     +CPI R16 , LOW ( 100 )
0001be e0e0     +LDI R30 , HIGH ( 100 )
0001bf 071e     +CPC R17 , R30
                 	__CPWRN 16,17,100
0001c0 f464      	BRGE _0xC
                 ; 0000 0043                 {
                 ; 0000 0044                     for(j = 0; j < 10; j++)
                +
0001c1 e020     +LDI R18 , LOW ( 0 )
0001c2 e030     +LDI R19 , HIGH ( 0 )
                 	__GETWRN 18,19,0
                 _0xE:
                +
0001c3 302a     +CPI R18 , LOW ( 10 )
0001c4 e0e0     +LDI R30 , HIGH ( 10 )
0001c5 073e     +CPC R19 , R30
                 	__CPWRN 18,19,10
0001c6 f41c      	BRGE _0xF
                 ; 0000 0045                         ;
                +
0001c7 5f2f     +SUBI R18 , LOW ( - 1 )
0001c8 4f3f     +SBCI R19 , HIGH ( - 1 )
                 	__ADDWRN 18,19,1
0001c9 cff9      	RJMP _0xE
                 _0xF:
                 ; 0000 0046                 }
                +
0001ca 5f0f     +SUBI R16 , LOW ( - 1 )
0001cb 4f1f     +SBCI R17 , HIGH ( - 1 )
                 	__ADDWRN 16,17,1
0001cc cff0      	RJMP _0xB
                 _0xC:
                 ; 0000 0047 
                 ; 0000 0048                 PORTD = 0x00;
0001cd e0e0      	LDI  R30,LOW(0)
0001ce bbe2      	OUT  0x12,R30
                 ; 0000 0049                 PORTB = FK[r+8];
0001cf 01da      	MOVW R26,R20
0001d0 0faa      	LSL  R26
0001d1 1fbb      	ROL  R27
                +
0001d2 59a0     +SUBI R26 , LOW ( - _FK - ( 16 ) )
0001d3 4fbe     +SBCI R27 , HIGH ( - _FK - ( 16 ) )
                 	__ADDW2MN _FK,16
0001d4 940e 021f 	CALL SUBOPT_0x0
                 ; 0000 004A                 PORTA = 1<<c;
                 ; 0000 004B 
                 ; 0000 004C                 r++;
                +
0001d6 5f4f     +SUBI R20 , LOW ( - 1 )
0001d7 4f5f     +SBCI R21 , HIGH ( - 1 )
                 	__ADDWRN 20,21,1
                 ; 0000 004D                 if (r == max_column)
0001d8 85ea      	LDD  R30,Y+10
0001d9 85fb      	LDD  R31,Y+10+1
0001da 17e4      	CP   R30,R20
0001db 07f5      	CPC  R31,R21
0001dc f411      	BRNE _0x10
                 ; 0000 004E                 {
                 ; 0000 004F                     r = min_column;
                +
0001dd 8548     +LDD R20 , Y + 8
0001de 8559     +LDD R21 , Y + 8 + 1
                 	__GETWRS 20,21,8
                 ; 0000 0050                 }
                 ; 0000 0051                 c = (c+1)%8;
                 _0x10:
0001df 85ec      	LDD  R30,Y+12
0001e0 85fd      	LDD  R31,Y+12+1
0001e1 9631      	ADIW R30,1
0001e2 e0a7      	LDI  R26,LOW(7)
0001e3 e0b0      	LDI  R27,HIGH(7)
0001e4 940e 0233 	CALL __MANDW12
0001e6 87ec      	STD  Y+12,R30
0001e7 87fd      	STD  Y+12+1,R31
                 ; 0000 0052                 for(k = 0; k < 100; k++)
                +
0001e8 e000     +LDI R16 , LOW ( 0 )
0001e9 e010     +LDI R17 , HIGH ( 0 )
                 	__GETWRN 16,17,0
                 _0x12:
                +
0001ea 3604     +CPI R16 , LOW ( 100 )
0001eb e0e0     +LDI R30 , HIGH ( 100 )
0001ec 071e     +CPC R17 , R30
                 	__CPWRN 16,17,100
0001ed f464      	BRGE _0x13
                 ; 0000 0053                 {
                 ; 0000 0054                     for(j = 0; j < 10; j++)
                +
0001ee e020     +LDI R18 , LOW ( 0 )
0001ef e030     +LDI R19 , HIGH ( 0 )
                 	__GETWRN 18,19,0
                 _0x15:
                +
0001f0 302a     +CPI R18 , LOW ( 10 )
0001f1 e0e0     +LDI R30 , HIGH ( 10 )
0001f2 073e     +CPC R19 , R30
                 	__CPWRN 18,19,10
0001f3 f41c      	BRGE _0x16
                 ; 0000 0055                         ;
                +
0001f4 5f2f     +SUBI R18 , LOW ( - 1 )
0001f5 4f3f     +SBCI R19 , HIGH ( - 1 )
                 	__ADDWRN 18,19,1
0001f6 cff9      	RJMP _0x15
                 _0x16:
                 ; 0000 0056                 }
                +
0001f7 5f0f     +SUBI R16 , LOW ( - 1 )
0001f8 4f1f     +SBCI R17 , HIGH ( - 1 )
                 	__ADDWRN 16,17,1
0001f9 cff0      	RJMP _0x12
                 _0x13:
                 ; 0000 0057 
                 ; 0000 0058           }
0001fa 81ee      	LDD  R30,Y+6
0001fb 81ff      	LDD  R31,Y+6+1
0001fc 9631      	ADIW R30,1
0001fd 83ee      	STD  Y+6,R30
0001fe 83ff      	STD  Y+6+1,R31
0001ff cfa9      	RJMP _0x8
                 _0x9:
                 ; 0000 0059 
                 ; 0000 005A           if (max_column == 248)
000200 85aa      	LDD  R26,Y+10
000201 85bb      	LDD  R27,Y+10+1
000202 3fa8      	CPI  R26,LOW(0xF8)
000203 e0e0      	LDI  R30,HIGH(0xF8)
000204 07be      	CPC  R27,R30
000205 f461      	BRNE _0x17
                 ; 0000 005B           {
                 ; 0000 005C             max_column = 8;
000206 e0e8      	LDI  R30,LOW(8)
000207 e0f0      	LDI  R31,HIGH(8)
000208 87ea      	STD  Y+10,R30
000209 87fb      	STD  Y+10+1,R31
                 ; 0000 005D             min_column = 0;
00020a e0e0      	LDI  R30,LOW(0)
00020b 87e8      	STD  Y+8,R30
00020c 87e9      	STD  Y+8+1,R30
                 ; 0000 005E             r=0;
                +
00020d e040     +LDI R20 , LOW ( 0 )
00020e e050     +LDI R21 , HIGH ( 0 )
                 	__GETWRN 20,21,0
                 ; 0000 005F             c=0;
00020f 87ec      	STD  Y+12,R30
000210 87ed      	STD  Y+12+1,R30
                 ; 0000 0060           }
                 ; 0000 0061 
                 ; 0000 0062           else
000211 c00a      	RJMP _0x18
                 _0x17:
                 ; 0000 0063           {
                 ; 0000 0064              max_column =  max_column + 16;
000212 85ea      	LDD  R30,Y+10
000213 85fb      	LDD  R31,Y+10+1
000214 9670      	ADIW R30,16
000215 87ea      	STD  Y+10,R30
000216 87fb      	STD  Y+10+1,R31
                 ; 0000 0065              min_column = min_column + 16;
000217 85e8      	LDD  R30,Y+8
000218 85f9      	LDD  R31,Y+8+1
000219 9670      	ADIW R30,16
00021a 87e8      	STD  Y+8,R30
00021b 87f9      	STD  Y+8+1,R31
                 ; 0000 0066           }
                 _0x18:
                 ; 0000 0067 
                 ; 0000 0068     }
00021c cf89      	RJMP _0x4
                 ; 0000 0069 }
                 ; .FEND
                 ;void main(void)
                 ; 0000 006B {
                 _main:
                 ; .FSTART _main
                 ; 0000 006C     question1();
00021d df78      	RCALL _question1
                 ; 0000 006D }
                 _0x19:
00021e cfff      	RJMP _0x19
                 ; .FEND
                 
                 	.CSEG
                 
                 	.CSEG
                 
                 	.DSEG
                 
                 	.CSEG
                 
                 	.CSEG
                 
                 	.CSEG
                 
                 	.DSEG
                 _FK:
000160           	.BYTE 0x264
                 __seed_G102:
0003c4           	.BYTE 0x4
                 
                 	.CSEG
                 ;OPTIMIZER ADDED SUBROUTINE, CALLED 2 TIMES, CODE SIZE REDUCTION:2 WORDS
                 SUBOPT_0x0:
00021f 91ec      	LD   R30,X
000220 bbe8      	OUT  0x18,R30
000221 85ec      	LDD  R30,Y+12
000222 e0a1      	LDI  R26,LOW(1)
000223 940e 022b 	CALL __LSLB12
000225 bbeb      	OUT  0x1B,R30
000226 9508      	RET
                 
                 
                 	.CSEG
                 __ANEGW1:
000227 95f1      	NEG  R31
000228 95e1      	NEG  R30
000229 40f0      	SBCI R31,0
00022a 9508      	RET
                 
                 __LSLB12:
00022b 23ee      	TST  R30
00022c 2e0e      	MOV  R0,R30
00022d 2fea      	MOV  R30,R26
00022e f019      	BREQ __LSLB12R
                 __LSLB12L:
00022f 0fee      	LSL  R30
000230 940a      	DEC  R0
000231 f7e9      	BRNE __LSLB12L
                 __LSLB12R:
000232 9508      	RET
                 
                 __MANDW12:
000233 94e8      	CLT
000234 fff7      	SBRS R31,7
000235 c002      	RJMP __MANDW121
000236 dff0      	RCALL __ANEGW1
000237 9468      	SET
                 __MANDW121:
000238 23ea      	AND  R30,R26
000239 23fb      	AND  R31,R27
00023a f40e      	BRTC __MANDW122
00023b dfeb      	RCALL __ANEGW1
                 __MANDW122:
00023c 9508      	RET
                 
                 __SAVELOCR6:
00023d 935a      	ST   -Y,R21
                 __SAVELOCR5:
00023e 934a      	ST   -Y,R20
                 __SAVELOCR4:
00023f 933a      	ST   -Y,R19
                 __SAVELOCR3:
000240 932a      	ST   -Y,R18
                 __SAVELOCR2:
000241 931a      	ST   -Y,R17
000242 930a      	ST   -Y,R16
000243 9508      	RET
                 
                 __LOADLOCR6:
000244 815d      	LDD  R21,Y+5
                 __LOADLOCR5:
000245 814c      	LDD  R20,Y+4
                 __LOADLOCR4:
000246 813b      	LDD  R19,Y+3
                 __LOADLOCR3:
000247 812a      	LDD  R18,Y+2
                 __LOADLOCR2:
000248 8119      	LDD  R17,Y+1
000249 8108      	LD   R16,Y
00024a 9508      	RET
                 
                 ;END OF CODE MARKER
                 __END_OF_CODE:


RESOURCE USE INFORMATION
------------------------

Notice:
The register and instruction counts are symbol table hit counts,
and hence implicitly used resources are not counted, eg, the
'lpm' instruction without operands implicitly uses r0 and z,
none of which are counted.

x,y,z are separate entities in the symbol table and are
counted separately from r26..r31 here.

.dseg memory usage only counts static data declared with .byte

ATmega16 register use summary:
r0 :   6 r1 :   1 r2 :   0 r3 :   0 r4 :   0 r5 :   0 r6 :   0 r7 :   0 
r8 :   0 r9 :   0 r10:   0 r11:   0 r12:   0 r13:   0 r14:   0 r15:   0 
r16:   8 r17:   8 r18:   8 r19:   8 r20:   9 r21:   7 r22:   2 r23:   0 
r24:   7 r25:   2 r26:  16 r27:  12 r28:   2 r29:   1 r30:  78 r31:  21 
x  :   4 y  :  53 z  :   7 
Registers used: 20 out of 35 (57.1%)

ATmega16 instruction use summary:
.lds  :   0 .lds.l:   0 .sts  :   0 .sts.l:   0 adc   :   1 add   :   1 
adiw  :   4 and   :   2 andi  :   0 asr   :   0 bclr  :   0 bld   :   0 
brbc  :   0 brbs  :   0 brcc  :   0 brcs  :   0 break :   0 breq  :   2 
brge  :   4 brhc  :   0 brhs  :   0 brid  :   0 brie  :   0 brlo  :   0 
brlt  :   1 brmi  :   0 brne  :   6 brpl  :   0 brsh  :   0 brtc  :   1 
brts  :   0 brvc  :   0 brvs  :   0 bset  :   0 bst   :   0 call  :   5 
cbi   :   0 cbr   :   0 clc   :   0 clh   :   0 cli   :   1 cln   :   0 
clr   :   2 cls   :   0 clt   :   1 clv   :   0 clz   :   0 com   :   0 
cp    :   1 cpc   :   7 cpi   :   6 cpse  :   0 dec   :   2 des   :   0 
eor   :   0 fmul  :   0 fmuls :   0 fmulsu:   0 icall :   0 ijmp  :   0 
in    :   0 inc   :   0 jmp   :  22 ld    :   2 ldd   :  22 ldi   :  44 
lds   :   0 lpm   :   7 lsl   :   3 lsr   :   0 mov   :   2 movw  :   5 
mul   :   0 muls  :   0 mulsu :   0 neg   :   2 nop   :   0 or    :   0 
ori   :   0 out   :  10 pop   :   0 push  :   0 rcall :   3 ret   :   6 
reti  :   0 rjmp  :  11 rol   :   2 ror   :   0 sbc   :   0 sbci  :   7 
sbi   :   0 sbic  :   0 sbis  :   0 sbiw  :   4 sbr   :   0 sbrc  :   0 
sbrs  :   1 sec   :   0 seh   :   0 sei   :   0 sen   :   0 ser   :   0 
ses   :   0 set   :   1 sev   :   0 sez   :   0 sleep :   0 spm   :   0 
st    :  10 std   :  23 sts   :   0 sub   :   0 subi  :   6 swap  :   0 
tst   :   1 wdr   :   0 
Instructions used: 39 out of 116 (33.6%)

ATmega16 memory use summary [bytes]:
Segment   Begin    End      Code   Data   Used    Size   Use%
---------------------------------------------------------------
[.cseg] 0x000000 0x000496    536    638   1174   16384   7.2%
[.dseg] 0x000060 0x0003c8      0    616    616    1024  60.2%
[.eseg] 0x000000 0x000000      0      0      0     512   0.0%

Assembly complete, 0 errors, 3 warnings
