
AVRASM ver. 2.1.30  C:\Users\farkoo\Documents\codevision\az7\1-1\Debug\List\1.asm Tue May 11 09:09:29 2021

C:\Users\farkoo\Documents\codevision\az7\1-1\Debug\List\1.asm(1088): warning: Register r5 already defined by the .DEF directive
C:\Users\farkoo\Documents\codevision\az7\1-1\Debug\List\1.asm(1089): warning: Register r4 already defined by the .DEF directive
C:\Users\farkoo\Documents\codevision\az7\1-1\Debug\List\1.asm(1090): warning: Register r7 already defined by the .DEF directive
C:\Users\farkoo\Documents\codevision\az7\1-1\Debug\List\1.asm(1091): warning: Register r6 already defined by the .DEF directive
C:\Users\farkoo\Documents\codevision\az7\1-1\Debug\List\1.asm(1092): warning: Register r9 already defined by the .DEF directive
C:\Users\farkoo\Documents\codevision\az7\1-1\Debug\List\1.asm(1093): warning: Register r8 already defined by the .DEF directive
C:\Users\farkoo\Documents\codevision\az7\1-1\Debug\List\1.asm(1094): warning: Register r11 already defined by the .DEF directive
C:\Users\farkoo\Documents\codevision\az7\1-1\Debug\List\1.asm(1095): warning: Register r10 already defined by the .DEF directive
C:\Users\farkoo\Documents\codevision\az7\1-1\Debug\List\1.asm(1096): warning: Register r13 already defined by the .DEF directive
C:\Users\farkoo\Documents\codevision\az7\1-1\Debug\List\1.asm(1097): warning: Register r12 already defined by the .DEF directive
                 
                 
                 ;CodeVisionAVR C Compiler V3.12 Advanced
                 ;(C) Copyright 1998-2014 Pavel Haiduc, HP InfoTech s.r.l.
                 ;http://www.hpinfotech.com
                 
                 ;Build configuration    : Debug
                 ;Chip type              : ATmega16
                 ;Program type           : Application
                 ;Clock frequency        : 8.000000 MHz
                 ;Memory model           : Small
                 ;Optimize for           : Size
                 ;(s)printf features     : int, width
                 ;(s)scanf features      : int, width
                 ;External RAM size      : 0
                 ;Data Stack size        : 256 byte(s)
                 ;Heap size              : 0 byte(s)
                 ;Promote 'char' to 'int': Yes
                 ;'char' is unsigned     : Yes
                 ;8 bit enums            : Yes
                 ;Global 'const' stored in FLASH: Yes
                 ;Enhanced function parameter passing: Yes
                 ;Enhanced core instructions: On
                 ;Automatic register allocation for global variables: On
                 ;Smart register allocation: On
                 
                 	#define _MODEL_SMALL_
                 
                 	#pragma AVRPART ADMIN PART_NAME ATmega16
                 	#pragma AVRPART MEMORY PROG_FLASH 16384
                 	#pragma AVRPART MEMORY EEPROM 512
                 	#pragma AVRPART MEMORY INT_SRAM SIZE 1024
                 	#pragma AVRPART MEMORY INT_SRAM START_ADDR 0x60
                 
                 	#define CALL_SUPPORTED 1
                 
                 	.LISTMAC
                 	.EQU UDRE=0x5
                 	.EQU RXC=0x7
                 	.EQU USR=0xB
                 	.EQU UDR=0xC
                 	.EQU SPSR=0xE
                 	.EQU SPDR=0xF
                 	.EQU EERE=0x0
                 	.EQU EEWE=0x1
                 	.EQU EEMWE=0x2
                 	.EQU EECR=0x1C
                 	.EQU EEDR=0x1D
                 	.EQU EEARL=0x1E
                 	.EQU EEARH=0x1F
                 	.EQU WDTCR=0x21
                 	.EQU MCUCR=0x35
                 	.EQU GICR=0x3B
                 	.EQU SPL=0x3D
                 	.EQU SPH=0x3E
                 	.EQU SREG=0x3F
                 
                 	.DEF R0X0=R0
                 	.DEF R0X1=R1
                 	.DEF R0X2=R2
                 	.DEF R0X3=R3
                 	.DEF R0X4=R4
                 	.DEF R0X5=R5
                 	.DEF R0X6=R6
                 	.DEF R0X7=R7
                 	.DEF R0X8=R8
                 	.DEF R0X9=R9
                 	.DEF R0XA=R10
                 	.DEF R0XB=R11
                 	.DEF R0XC=R12
                 	.DEF R0XD=R13
                 	.DEF R0XE=R14
                 	.DEF R0XF=R15
                 	.DEF R0X10=R16
                 	.DEF R0X11=R17
                 	.DEF R0X12=R18
                 	.DEF R0X13=R19
                 	.DEF R0X14=R20
                 	.DEF R0X15=R21
                 	.DEF R0X16=R22
                 	.DEF R0X17=R23
                 	.DEF R0X18=R24
                 	.DEF R0X19=R25
                 	.DEF R0X1A=R26
                 	.DEF R0X1B=R27
                 	.DEF R0X1C=R28
                 	.DEF R0X1D=R29
                 	.DEF R0X1E=R30
                 	.DEF R0X1F=R31
                 
                 	.EQU __SRAM_START=0x0060
                 	.EQU __SRAM_END=0x045F
                 	.EQU __DSTACK_SIZE=0x0100
                 	.EQU __HEAP_SIZE=0x0000
                 	.EQU __CLEAR_SRAM_SIZE=__SRAM_END-__SRAM_START+1
                 
                 	.MACRO __CPD1N
                 	CPI  R30,LOW(@0)
                 	LDI  R26,HIGH(@0)
                 	CPC  R31,R26
                 	LDI  R26,BYTE3(@0)
                 	CPC  R22,R26
                 	LDI  R26,BYTE4(@0)
                 	CPC  R23,R26
                 	.ENDM
                 
                 	.MACRO __CPD2N
                 	CPI  R26,LOW(@0)
                 	LDI  R30,HIGH(@0)
                 	CPC  R27,R30
                 	LDI  R30,BYTE3(@0)
                 	CPC  R24,R30
                 	LDI  R30,BYTE4(@0)
                 	CPC  R25,R30
                 	.ENDM
                 
                 	.MACRO __CPWRR
                 	CP   R@0,R@2
                 	CPC  R@1,R@3
                 	.ENDM
                 
                 	.MACRO __CPWRN
                 	CPI  R@0,LOW(@2)
                 	LDI  R30,HIGH(@2)
                 	CPC  R@1,R30
                 	.ENDM
                 
                 	.MACRO __ADDB1MN
                 	SUBI R30,LOW(-@0-(@1))
                 	.ENDM
                 
                 	.MACRO __ADDB2MN
                 	SUBI R26,LOW(-@0-(@1))
                 	.ENDM
                 
                 	.MACRO __ADDW1MN
                 	SUBI R30,LOW(-@0-(@1))
                 	SBCI R31,HIGH(-@0-(@1))
                 	.ENDM
                 
                 	.MACRO __ADDW2MN
                 	SUBI R26,LOW(-@0-(@1))
                 	SBCI R27,HIGH(-@0-(@1))
                 	.ENDM
                 
                 	.MACRO __ADDW1FN
                 	SUBI R30,LOW(-2*@0-(@1))
                 	SBCI R31,HIGH(-2*@0-(@1))
                 	.ENDM
                 
                 	.MACRO __ADDD1FN
                 	SUBI R30,LOW(-2*@0-(@1))
                 	SBCI R31,HIGH(-2*@0-(@1))
                 	SBCI R22,BYTE3(-2*@0-(@1))
                 	.ENDM
                 
                 	.MACRO __ADDD1N
                 	SUBI R30,LOW(-@0)
                 	SBCI R31,HIGH(-@0)
                 	SBCI R22,BYTE3(-@0)
                 	SBCI R23,BYTE4(-@0)
                 	.ENDM
                 
                 	.MACRO __ADDD2N
                 	SUBI R26,LOW(-@0)
                 	SBCI R27,HIGH(-@0)
                 	SBCI R24,BYTE3(-@0)
                 	SBCI R25,BYTE4(-@0)
                 	.ENDM
                 
                 	.MACRO __SUBD1N
                 	SUBI R30,LOW(@0)
                 	SBCI R31,HIGH(@0)
                 	SBCI R22,BYTE3(@0)
                 	SBCI R23,BYTE4(@0)
                 	.ENDM
                 
                 	.MACRO __SUBD2N
                 	SUBI R26,LOW(@0)
                 	SBCI R27,HIGH(@0)
                 	SBCI R24,BYTE3(@0)
                 	SBCI R25,BYTE4(@0)
                 	.ENDM
                 
                 	.MACRO __ANDBMNN
                 	LDS  R30,@0+(@1)
                 	ANDI R30,LOW(@2)
                 	STS  @0+(@1),R30
                 	.ENDM
                 
                 	.MACRO __ANDWMNN
                 	LDS  R30,@0+(@1)
                 	ANDI R30,LOW(@2)
                 	STS  @0+(@1),R30
                 	LDS  R30,@0+(@1)+1
                 	ANDI R30,HIGH(@2)
                 	STS  @0+(@1)+1,R30
                 	.ENDM
                 
                 	.MACRO __ANDD1N
                 	ANDI R30,LOW(@0)
                 	ANDI R31,HIGH(@0)
                 	ANDI R22,BYTE3(@0)
                 	ANDI R23,BYTE4(@0)
                 	.ENDM
                 
                 	.MACRO __ANDD2N
                 	ANDI R26,LOW(@0)
                 	ANDI R27,HIGH(@0)
                 	ANDI R24,BYTE3(@0)
                 	ANDI R25,BYTE4(@0)
                 	.ENDM
                 
                 	.MACRO __ORBMNN
                 	LDS  R30,@0+(@1)
                 	ORI  R30,LOW(@2)
                 	STS  @0+(@1),R30
                 	.ENDM
                 
                 	.MACRO __ORWMNN
                 	LDS  R30,@0+(@1)
                 	ORI  R30,LOW(@2)
                 	STS  @0+(@1),R30
                 	LDS  R30,@0+(@1)+1
                 	ORI  R30,HIGH(@2)
                 	STS  @0+(@1)+1,R30
                 	.ENDM
                 
                 	.MACRO __ORD1N
                 	ORI  R30,LOW(@0)
                 	ORI  R31,HIGH(@0)
                 	ORI  R22,BYTE3(@0)
                 	ORI  R23,BYTE4(@0)
                 	.ENDM
                 
                 	.MACRO __ORD2N
                 	ORI  R26,LOW(@0)
                 	ORI  R27,HIGH(@0)
                 	ORI  R24,BYTE3(@0)
                 	ORI  R25,BYTE4(@0)
                 	.ENDM
                 
                 	.MACRO __DELAY_USB
                 	LDI  R24,LOW(@0)
                 __DELAY_USB_LOOP:
                 	DEC  R24
                 	BRNE __DELAY_USB_LOOP
                 	.ENDM
                 
                 	.MACRO __DELAY_USW
                 	LDI  R24,LOW(@0)
                 	LDI  R25,HIGH(@0)
                 __DELAY_USW_LOOP:
                 	SBIW R24,1
                 	BRNE __DELAY_USW_LOOP
                 	.ENDM
                 
                 	.MACRO __GETD1S
                 	LDD  R30,Y+@0
                 	LDD  R31,Y+@0+1
                 	LDD  R22,Y+@0+2
                 	LDD  R23,Y+@0+3
                 	.ENDM
                 
                 	.MACRO __GETD2S
                 	LDD  R26,Y+@0
                 	LDD  R27,Y+@0+1
                 	LDD  R24,Y+@0+2
                 	LDD  R25,Y+@0+3
                 	.ENDM
                 
                 	.MACRO __PUTD1S
                 	STD  Y+@0,R30
                 	STD  Y+@0+1,R31
                 	STD  Y+@0+2,R22
                 	STD  Y+@0+3,R23
                 	.ENDM
                 
                 	.MACRO __PUTD2S
                 	STD  Y+@0,R26
                 	STD  Y+@0+1,R27
                 	STD  Y+@0+2,R24
                 	STD  Y+@0+3,R25
                 	.ENDM
                 
                 	.MACRO __PUTDZ2
                 	STD  Z+@0,R26
                 	STD  Z+@0+1,R27
                 	STD  Z+@0+2,R24
                 	STD  Z+@0+3,R25
                 	.ENDM
                 
                 	.MACRO __CLRD1S
                 	STD  Y+@0,R30
                 	STD  Y+@0+1,R30
                 	STD  Y+@0+2,R30
                 	STD  Y+@0+3,R30
                 	.ENDM
                 
                 	.MACRO __POINTB1MN
                 	LDI  R30,LOW(@0+(@1))
                 	.ENDM
                 
                 	.MACRO __POINTW1MN
                 	LDI  R30,LOW(@0+(@1))
                 	LDI  R31,HIGH(@0+(@1))
                 	.ENDM
                 
                 	.MACRO __POINTD1M
                 	LDI  R30,LOW(@0)
                 	LDI  R31,HIGH(@0)
                 	LDI  R22,BYTE3(@0)
                 	LDI  R23,BYTE4(@0)
                 	.ENDM
                 
                 	.MACRO __POINTW1FN
                 	LDI  R30,LOW(2*@0+(@1))
                 	LDI  R31,HIGH(2*@0+(@1))
                 	.ENDM
                 
                 	.MACRO __POINTD1FN
                 	LDI  R30,LOW(2*@0+(@1))
                 	LDI  R31,HIGH(2*@0+(@1))
                 	LDI  R22,BYTE3(2*@0+(@1))
                 	LDI  R23,BYTE4(2*@0+(@1))
                 	.ENDM
                 
                 	.MACRO __POINTB2MN
                 	LDI  R26,LOW(@0+(@1))
                 	.ENDM
                 
                 	.MACRO __POINTW2MN
                 	LDI  R26,LOW(@0+(@1))
                 	LDI  R27,HIGH(@0+(@1))
                 	.ENDM
                 
                 	.MACRO __POINTW2FN
                 	LDI  R26,LOW(2*@0+(@1))
                 	LDI  R27,HIGH(2*@0+(@1))
                 	.ENDM
                 
                 	.MACRO __POINTD2FN
                 	LDI  R26,LOW(2*@0+(@1))
                 	LDI  R27,HIGH(2*@0+(@1))
                 	LDI  R24,BYTE3(2*@0+(@1))
                 	LDI  R25,BYTE4(2*@0+(@1))
                 	.ENDM
                 
                 	.MACRO __POINTBRM
                 	LDI  R@0,LOW(@1)
                 	.ENDM
                 
                 	.MACRO __POINTWRM
                 	LDI  R@0,LOW(@2)
                 	LDI  R@1,HIGH(@2)
                 	.ENDM
                 
                 	.MACRO __POINTBRMN
                 	LDI  R@0,LOW(@1+(@2))
                 	.ENDM
                 
                 	.MACRO __POINTWRMN
                 	LDI  R@0,LOW(@2+(@3))
                 	LDI  R@1,HIGH(@2+(@3))
                 	.ENDM
                 
                 	.MACRO __POINTWRFN
                 	LDI  R@0,LOW(@2*2+(@3))
                 	LDI  R@1,HIGH(@2*2+(@3))
                 	.ENDM
                 
                 	.MACRO __GETD1N
                 	LDI  R30,LOW(@0)
                 	LDI  R31,HIGH(@0)
                 	LDI  R22,BYTE3(@0)
                 	LDI  R23,BYTE4(@0)
                 	.ENDM
                 
                 	.MACRO __GETD2N
                 	LDI  R26,LOW(@0)
                 	LDI  R27,HIGH(@0)
                 	LDI  R24,BYTE3(@0)
                 	LDI  R25,BYTE4(@0)
                 	.ENDM
                 
                 	.MACRO __GETB1MN
                 	LDS  R30,@0+(@1)
                 	.ENDM
                 
                 	.MACRO __GETB1HMN
                 	LDS  R31,@0+(@1)
                 	.ENDM
                 
                 	.MACRO __GETW1MN
                 	LDS  R30,@0+(@1)
                 	LDS  R31,@0+(@1)+1
                 	.ENDM
                 
                 	.MACRO __GETD1MN
                 	LDS  R30,@0+(@1)
                 	LDS  R31,@0+(@1)+1
                 	LDS  R22,@0+(@1)+2
                 	LDS  R23,@0+(@1)+3
                 	.ENDM
                 
                 	.MACRO __GETBRMN
                 	LDS  R@0,@1+(@2)
                 	.ENDM
                 
                 	.MACRO __GETWRMN
                 	LDS  R@0,@2+(@3)
                 	LDS  R@1,@2+(@3)+1
                 	.ENDM
                 
                 	.MACRO __GETWRZ
                 	LDD  R@0,Z+@2
                 	LDD  R@1,Z+@2+1
                 	.ENDM
                 
                 	.MACRO __GETD2Z
                 	LDD  R26,Z+@0
                 	LDD  R27,Z+@0+1
                 	LDD  R24,Z+@0+2
                 	LDD  R25,Z+@0+3
                 	.ENDM
                 
                 	.MACRO __GETB2MN
                 	LDS  R26,@0+(@1)
                 	.ENDM
                 
                 	.MACRO __GETW2MN
                 	LDS  R26,@0+(@1)
                 	LDS  R27,@0+(@1)+1
                 	.ENDM
                 
                 	.MACRO __GETD2MN
                 	LDS  R26,@0+(@1)
                 	LDS  R27,@0+(@1)+1
                 	LDS  R24,@0+(@1)+2
                 	LDS  R25,@0+(@1)+3
                 	.ENDM
                 
                 	.MACRO __PUTB1MN
                 	STS  @0+(@1),R30
                 	.ENDM
                 
                 	.MACRO __PUTW1MN
                 	STS  @0+(@1),R30
                 	STS  @0+(@1)+1,R31
                 	.ENDM
                 
                 	.MACRO __PUTD1MN
                 	STS  @0+(@1),R30
                 	STS  @0+(@1)+1,R31
                 	STS  @0+(@1)+2,R22
                 	STS  @0+(@1)+3,R23
                 	.ENDM
                 
                 	.MACRO __PUTB1EN
                 	LDI  R26,LOW(@0+(@1))
                 	LDI  R27,HIGH(@0+(@1))
                 	CALL __EEPROMWRB
                 	.ENDM
                 
                 	.MACRO __PUTW1EN
                 	LDI  R26,LOW(@0+(@1))
                 	LDI  R27,HIGH(@0+(@1))
                 	CALL __EEPROMWRW
                 	.ENDM
                 
                 	.MACRO __PUTD1EN
                 	LDI  R26,LOW(@0+(@1))
                 	LDI  R27,HIGH(@0+(@1))
                 	CALL __EEPROMWRD
                 	.ENDM
                 
                 	.MACRO __PUTBR0MN
                 	STS  @0+(@1),R0
                 	.ENDM
                 
                 	.MACRO __PUTBMRN
                 	STS  @0+(@1),R@2
                 	.ENDM
                 
                 	.MACRO __PUTWMRN
                 	STS  @0+(@1),R@2
                 	STS  @0+(@1)+1,R@3
                 	.ENDM
                 
                 	.MACRO __PUTBZR
                 	STD  Z+@1,R@0
                 	.ENDM
                 
                 	.MACRO __PUTWZR
                 	STD  Z+@2,R@0
                 	STD  Z+@2+1,R@1
                 	.ENDM
                 
                 	.MACRO __GETW1R
                 	MOV  R30,R@0
                 	MOV  R31,R@1
                 	.ENDM
                 
                 	.MACRO __GETW2R
                 	MOV  R26,R@0
                 	MOV  R27,R@1
                 	.ENDM
                 
                 	.MACRO __GETWRN
                 	LDI  R@0,LOW(@2)
                 	LDI  R@1,HIGH(@2)
                 	.ENDM
                 
                 	.MACRO __PUTW1R
                 	MOV  R@0,R30
                 	MOV  R@1,R31
                 	.ENDM
                 
                 	.MACRO __PUTW2R
                 	MOV  R@0,R26
                 	MOV  R@1,R27
                 	.ENDM
                 
                 	.MACRO __ADDWRN
                 	SUBI R@0,LOW(-@2)
                 	SBCI R@1,HIGH(-@2)
                 	.ENDM
                 
                 	.MACRO __ADDWRR
                 	ADD  R@0,R@2
                 	ADC  R@1,R@3
                 	.ENDM
                 
                 	.MACRO __SUBWRN
                 	SUBI R@0,LOW(@2)
                 	SBCI R@1,HIGH(@2)
                 	.ENDM
                 
                 	.MACRO __SUBWRR
                 	SUB  R@0,R@2
                 	SBC  R@1,R@3
                 	.ENDM
                 
                 	.MACRO __ANDWRN
                 	ANDI R@0,LOW(@2)
                 	ANDI R@1,HIGH(@2)
                 	.ENDM
                 
                 	.MACRO __ANDWRR
                 	AND  R@0,R@2
                 	AND  R@1,R@3
                 	.ENDM
                 
                 	.MACRO __ORWRN
                 	ORI  R@0,LOW(@2)
                 	ORI  R@1,HIGH(@2)
                 	.ENDM
                 
                 	.MACRO __ORWRR
                 	OR   R@0,R@2
                 	OR   R@1,R@3
                 	.ENDM
                 
                 	.MACRO __EORWRR
                 	EOR  R@0,R@2
                 	EOR  R@1,R@3
                 	.ENDM
                 
                 	.MACRO __GETWRS
                 	LDD  R@0,Y+@2
                 	LDD  R@1,Y+@2+1
                 	.ENDM
                 
                 	.MACRO __PUTBSR
                 	STD  Y+@1,R@0
                 	.ENDM
                 
                 	.MACRO __PUTWSR
                 	STD  Y+@2,R@0
                 	STD  Y+@2+1,R@1
                 	.ENDM
                 
                 	.MACRO __MOVEWRR
                 	MOV  R@0,R@2
                 	MOV  R@1,R@3
                 	.ENDM
                 
                 	.MACRO __INWR
                 	IN   R@0,@2
                 	IN   R@1,@2+1
                 	.ENDM
                 
                 	.MACRO __OUTWR
                 	OUT  @2+1,R@1
                 	OUT  @2,R@0
                 	.ENDM
                 
                 	.MACRO __CALL1MN
                 	LDS  R30,@0+(@1)
                 	LDS  R31,@0+(@1)+1
                 	ICALL
                 	.ENDM
                 
                 	.MACRO __CALL1FN
                 	LDI  R30,LOW(2*@0+(@1))
                 	LDI  R31,HIGH(2*@0+(@1))
                 	CALL __GETW1PF
                 	ICALL
                 	.ENDM
                 
                 	.MACRO __CALL2EN
                 	PUSH R26
                 	PUSH R27
                 	LDI  R26,LOW(@0+(@1))
                 	LDI  R27,HIGH(@0+(@1))
                 	CALL __EEPROMRDW
                 	POP  R27
                 	POP  R26
                 	ICALL
                 	.ENDM
                 
                 	.MACRO __CALL2EX
                 	SUBI R26,LOW(-@0)
                 	SBCI R27,HIGH(-@0)
                 	CALL __EEPROMRDD
                 	ICALL
                 	.ENDM
                 
                 	.MACRO __GETW1STACK
                 	IN   R30,SPL
                 	IN   R31,SPH
                 	ADIW R30,@0+1
                 	LD   R0,Z+
                 	LD   R31,Z
                 	MOV  R30,R0
                 	.ENDM
                 
                 	.MACRO __GETD1STACK
                 	IN   R30,SPL
                 	IN   R31,SPH
                 	ADIW R30,@0+1
                 	LD   R0,Z+
                 	LD   R1,Z+
                 	LD   R22,Z
                 	MOVW R30,R0
                 	.ENDM
                 
                 	.MACRO __NBST
                 	BST  R@0,@1
                 	IN   R30,SREG
                 	LDI  R31,0x40
                 	EOR  R30,R31
                 	OUT  SREG,R30
                 	.ENDM
                 
                 
                 	.MACRO __PUTB1SN
                 	LDD  R26,Y+@0
                 	LDD  R27,Y+@0+1
                 	SUBI R26,LOW(-@1)
                 	SBCI R27,HIGH(-@1)
                 	ST   X,R30
                 	.ENDM
                 
                 	.MACRO __PUTW1SN
                 	LDD  R26,Y+@0
                 	LDD  R27,Y+@0+1
                 	SUBI R26,LOW(-@1)
                 	SBCI R27,HIGH(-@1)
                 	ST   X+,R30
                 	ST   X,R31
                 	.ENDM
                 
                 	.MACRO __PUTD1SN
                 	LDD  R26,Y+@0
                 	LDD  R27,Y+@0+1
                 	SUBI R26,LOW(-@1)
                 	SBCI R27,HIGH(-@1)
                 	CALL __PUTDP1
                 	.ENDM
                 
                 	.MACRO __PUTB1SNS
                 	LDD  R26,Y+@0
                 	LDD  R27,Y+@0+1
                 	ADIW R26,@1
                 	ST   X,R30
                 	.ENDM
                 
                 	.MACRO __PUTW1SNS
                 	LDD  R26,Y+@0
                 	LDD  R27,Y+@0+1
                 	ADIW R26,@1
                 	ST   X+,R30
                 	ST   X,R31
                 	.ENDM
                 
                 	.MACRO __PUTD1SNS
                 	LDD  R26,Y+@0
                 	LDD  R27,Y+@0+1
                 	ADIW R26,@1
                 	CALL __PUTDP1
                 	.ENDM
                 
                 	.MACRO __PUTB1PMN
                 	LDS  R26,@0
                 	LDS  R27,@0+1
                 	SUBI R26,LOW(-@1)
                 	SBCI R27,HIGH(-@1)
                 	ST   X,R30
                 	.ENDM
                 
                 	.MACRO __PUTW1PMN
                 	LDS  R26,@0
                 	LDS  R27,@0+1
                 	SUBI R26,LOW(-@1)
                 	SBCI R27,HIGH(-@1)
                 	ST   X+,R30
                 	ST   X,R31
                 	.ENDM
                 
                 	.MACRO __PUTD1PMN
                 	LDS  R26,@0
                 	LDS  R27,@0+1
                 	SUBI R26,LOW(-@1)
                 	SBCI R27,HIGH(-@1)
                 	CALL __PUTDP1
                 	.ENDM
                 
                 	.MACRO __PUTB1PMNS
                 	LDS  R26,@0
                 	LDS  R27,@0+1
                 	ADIW R26,@1
                 	ST   X,R30
                 	.ENDM
                 
                 	.MACRO __PUTW1PMNS
                 	LDS  R26,@0
                 	LDS  R27,@0+1
                 	ADIW R26,@1
                 	ST   X+,R30
                 	ST   X,R31
                 	.ENDM
                 
                 	.MACRO __PUTD1PMNS
                 	LDS  R26,@0
                 	LDS  R27,@0+1
                 	ADIW R26,@1
                 	CALL __PUTDP1
                 	.ENDM
                 
                 	.MACRO __PUTB1RN
                 	MOVW R26,R@0
                 	SUBI R26,LOW(-@1)
                 	SBCI R27,HIGH(-@1)
                 	ST   X,R30
                 	.ENDM
                 
                 	.MACRO __PUTW1RN
                 	MOVW R26,R@0
                 	SUBI R26,LOW(-@1)
                 	SBCI R27,HIGH(-@1)
                 	ST   X+,R30
                 	ST   X,R31
                 	.ENDM
                 
                 	.MACRO __PUTD1RN
                 	MOVW R26,R@0
                 	SUBI R26,LOW(-@1)
                 	SBCI R27,HIGH(-@1)
                 	CALL __PUTDP1
                 	.ENDM
                 
                 	.MACRO __PUTB1RNS
                 	MOVW R26,R@0
                 	ADIW R26,@1
                 	ST   X,R30
                 	.ENDM
                 
                 	.MACRO __PUTW1RNS
                 	MOVW R26,R@0
                 	ADIW R26,@1
                 	ST   X+,R30
                 	ST   X,R31
                 	.ENDM
                 
                 	.MACRO __PUTD1RNS
                 	MOVW R26,R@0
                 	ADIW R26,@1
                 	CALL __PUTDP1
                 	.ENDM
                 
                 	.MACRO __PUTB1RON
                 	MOV  R26,R@0
                 	MOV  R27,R@1
                 	SUBI R26,LOW(-@2)
                 	SBCI R27,HIGH(-@2)
                 	ST   X,R30
                 	.ENDM
                 
                 	.MACRO __PUTW1RON
                 	MOV  R26,R@0
                 	MOV  R27,R@1
                 	SUBI R26,LOW(-@2)
                 	SBCI R27,HIGH(-@2)
                 	ST   X+,R30
                 	ST   X,R31
                 	.ENDM
                 
                 	.MACRO __PUTD1RON
                 	MOV  R26,R@0
                 	MOV  R27,R@1
                 	SUBI R26,LOW(-@2)
                 	SBCI R27,HIGH(-@2)
                 	CALL __PUTDP1
                 	.ENDM
                 
                 	.MACRO __PUTB1RONS
                 	MOV  R26,R@0
                 	MOV  R27,R@1
                 	ADIW R26,@2
                 	ST   X,R30
                 	.ENDM
                 
                 	.MACRO __PUTW1RONS
                 	MOV  R26,R@0
                 	MOV  R27,R@1
                 	ADIW R26,@2
                 	ST   X+,R30
                 	ST   X,R31
                 	.ENDM
                 
                 	.MACRO __PUTD1RONS
                 	MOV  R26,R@0
                 	MOV  R27,R@1
                 	ADIW R26,@2
                 	CALL __PUTDP1
                 	.ENDM
                 
                 
                 	.MACRO __GETB1SX
                 	MOVW R30,R28
                 	SUBI R30,LOW(-@0)
                 	SBCI R31,HIGH(-@0)
                 	LD   R30,Z
                 	.ENDM
                 
                 	.MACRO __GETB1HSX
                 	MOVW R30,R28
                 	SUBI R30,LOW(-@0)
                 	SBCI R31,HIGH(-@0)
                 	LD   R31,Z
                 	.ENDM
                 
                 	.MACRO __GETW1SX
                 	MOVW R30,R28
                 	SUBI R30,LOW(-@0)
                 	SBCI R31,HIGH(-@0)
                 	LD   R0,Z+
                 	LD   R31,Z
                 	MOV  R30,R0
                 	.ENDM
                 
                 	.MACRO __GETD1SX
                 	MOVW R30,R28
                 	SUBI R30,LOW(-@0)
                 	SBCI R31,HIGH(-@0)
                 	LD   R0,Z+
                 	LD   R1,Z+
                 	LD   R22,Z+
                 	LD   R23,Z
                 	MOVW R30,R0
                 	.ENDM
                 
                 	.MACRO __GETB2SX
                 	MOVW R26,R28
                 	SUBI R26,LOW(-@0)
                 	SBCI R27,HIGH(-@0)
                 	LD   R26,X
                 	.ENDM
                 
                 	.MACRO __GETW2SX
                 	MOVW R26,R28
                 	SUBI R26,LOW(-@0)
                 	SBCI R27,HIGH(-@0)
                 	LD   R0,X+
                 	LD   R27,X
                 	MOV  R26,R0
                 	.ENDM
                 
                 	.MACRO __GETD2SX
                 	MOVW R26,R28
                 	SUBI R26,LOW(-@0)
                 	SBCI R27,HIGH(-@0)
                 	LD   R0,X+
                 	LD   R1,X+
                 	LD   R24,X+
                 	LD   R25,X
                 	MOVW R26,R0
                 	.ENDM
                 
                 	.MACRO __GETBRSX
                 	MOVW R30,R28
                 	SUBI R30,LOW(-@1)
                 	SBCI R31,HIGH(-@1)
                 	LD   R@0,Z
                 	.ENDM
                 
                 	.MACRO __GETWRSX
                 	MOVW R30,R28
                 	SUBI R30,LOW(-@2)
                 	SBCI R31,HIGH(-@2)
                 	LD   R@0,Z+
                 	LD   R@1,Z
                 	.ENDM
                 
                 	.MACRO __GETBRSX2
                 	MOVW R26,R28
                 	SUBI R26,LOW(-@1)
                 	SBCI R27,HIGH(-@1)
                 	LD   R@0,X
                 	.ENDM
                 
                 	.MACRO __GETWRSX2
                 	MOVW R26,R28
                 	SUBI R26,LOW(-@2)
                 	SBCI R27,HIGH(-@2)
                 	LD   R@0,X+
                 	LD   R@1,X
                 	.ENDM
                 
                 	.MACRO __LSLW8SX
                 	MOVW R30,R28
                 	SUBI R30,LOW(-@0)
                 	SBCI R31,HIGH(-@0)
                 	LD   R31,Z
                 	CLR  R30
                 	.ENDM
                 
                 	.MACRO __PUTB1SX
                 	MOVW R26,R28
                 	SUBI R26,LOW(-@0)
                 	SBCI R27,HIGH(-@0)
                 	ST   X,R30
                 	.ENDM
                 
                 	.MACRO __PUTW1SX
                 	MOVW R26,R28
                 	SUBI R26,LOW(-@0)
                 	SBCI R27,HIGH(-@0)
                 	ST   X+,R30
                 	ST   X,R31
                 	.ENDM
                 
                 	.MACRO __PUTD1SX
                 	MOVW R26,R28
                 	SUBI R26,LOW(-@0)
                 	SBCI R27,HIGH(-@0)
                 	ST   X+,R30
                 	ST   X+,R31
                 	ST   X+,R22
                 	ST   X,R23
                 	.ENDM
                 
                 	.MACRO __CLRW1SX
                 	MOVW R26,R28
                 	SUBI R26,LOW(-@0)
                 	SBCI R27,HIGH(-@0)
                 	ST   X+,R30
                 	ST   X,R30
                 	.ENDM
                 
                 	.MACRO __CLRD1SX
                 	MOVW R26,R28
                 	SUBI R26,LOW(-@0)
                 	SBCI R27,HIGH(-@0)
                 	ST   X+,R30
                 	ST   X+,R30
                 	ST   X+,R30
                 	ST   X,R30
                 	.ENDM
                 
                 	.MACRO __PUTB2SX
                 	MOVW R30,R28
                 	SUBI R30,LOW(-@0)
                 	SBCI R31,HIGH(-@0)
                 	ST   Z,R26
                 	.ENDM
                 
                 	.MACRO __PUTW2SX
                 	MOVW R30,R28
                 	SUBI R30,LOW(-@0)
                 	SBCI R31,HIGH(-@0)
                 	ST   Z+,R26
                 	ST   Z,R27
                 	.ENDM
                 
                 	.MACRO __PUTD2SX
                 	MOVW R30,R28
                 	SUBI R30,LOW(-@0)
                 	SBCI R31,HIGH(-@0)
                 	ST   Z+,R26
                 	ST   Z+,R27
                 	ST   Z+,R24
                 	ST   Z,R25
                 	.ENDM
                 
                 	.MACRO __PUTBSRX
                 	MOVW R30,R28
                 	SUBI R30,LOW(-@1)
                 	SBCI R31,HIGH(-@1)
                 	ST   Z,R@0
                 	.ENDM
                 
                 	.MACRO __PUTWSRX
                 	MOVW R30,R28
                 	SUBI R30,LOW(-@2)
                 	SBCI R31,HIGH(-@2)
                 	ST   Z+,R@0
                 	ST   Z,R@1
                 	.ENDM
                 
                 	.MACRO __PUTB1SNX
                 	MOVW R26,R28
                 	SUBI R26,LOW(-@0)
                 	SBCI R27,HIGH(-@0)
                 	LD   R0,X+
                 	LD   R27,X
                 	MOV  R26,R0
                 	SUBI R26,LOW(-@1)
                 	SBCI R27,HIGH(-@1)
                 	ST   X,R30
                 	.ENDM
                 
                 	.MACRO __PUTW1SNX
                 	MOVW R26,R28
                 	SUBI R26,LOW(-@0)
                 	SBCI R27,HIGH(-@0)
                 	LD   R0,X+
                 	LD   R27,X
                 	MOV  R26,R0
                 	SUBI R26,LOW(-@1)
                 	SBCI R27,HIGH(-@1)
                 	ST   X+,R30
                 	ST   X,R31
                 	.ENDM
                 
                 	.MACRO __PUTD1SNX
                 	MOVW R26,R28
                 	SUBI R26,LOW(-@0)
                 	SBCI R27,HIGH(-@0)
                 	LD   R0,X+
                 	LD   R27,X
                 	MOV  R26,R0
                 	SUBI R26,LOW(-@1)
                 	SBCI R27,HIGH(-@1)
                 	ST   X+,R30
                 	ST   X+,R31
                 	ST   X+,R22
                 	ST   X,R23
                 	.ENDM
                 
                 	.MACRO __MULBRR
                 	MULS R@0,R@1
                 	MOVW R30,R0
                 	.ENDM
                 
                 	.MACRO __MULBRRU
                 	MUL  R@0,R@1
                 	MOVW R30,R0
                 	.ENDM
                 
                 	.MACRO __MULBRR0
                 	MULS R@0,R@1
                 	.ENDM
                 
                 	.MACRO __MULBRRU0
                 	MUL  R@0,R@1
                 	.ENDM
                 
                 	.MACRO __MULBNWRU
                 	LDI  R26,@2
                 	MUL  R26,R@0
                 	MOVW R30,R0
                 	MUL  R26,R@1
                 	ADD  R31,R0
                 	.ENDM
                 
                 ;NAME DEFINITIONS FOR GLOBAL VARIABLES ALLOCATED TO REGISTERS
                 	.DEF _a=R5
                 	.DEF _rx_wr_index=R4
                 	.DEF _rx_rd_index=R7
                 	.DEF _rx_counter=R6
                 	.DEF _tx_wr_index=R9
                 	.DEF _tx_rd_index=R8
                 	.DEF _tx_counter=R11
                 	.DEF __lcd_x=R10
                 	.DEF __lcd_y=R13
                 	.DEF __lcd_maxx=R12
                 
                 	.CSEG
                 	.ORG 0x00
                 
                 ;START OF CODE MARKER
                 __START_OF_CODE:
                 
                 ;INTERRUPT VECTORS
000000 940c 0067 	JMP  __RESET
000002 940c 0000 	JMP  0x00
000004 940c 0000 	JMP  0x00
000006 940c 0000 	JMP  0x00
000008 940c 0000 	JMP  0x00
00000a 940c 0000 	JMP  0x00
00000c 940c 0000 	JMP  0x00
00000e 940c 0000 	JMP  0x00
000010 940c 0000 	JMP  0x00
000012 940c 0000 	JMP  0x00
000014 940c 0000 	JMP  0x00
000016 940c 0094 	JMP  _usart_rx_isr
000018 940c 0000 	JMP  0x00
00001a 940c 00c6 	JMP  _usart_tx_isr
00001c 940c 0000 	JMP  0x00
00001e 940c 0000 	JMP  0x00
000020 940c 0000 	JMP  0x00
000022 940c 0000 	JMP  0x00
000024 940c 0000 	JMP  0x00
000026 940c 0000 	JMP  0x00
000028 940c 0000 	JMP  0x00
                 
                 _tbl10_G101:
00002a 2710
00002b 03e8
00002c 0064
00002d 000a      	.DB  0x10,0x27,0xE8,0x3,0x64,0x0,0xA,0x0
00002e 0001      	.DB  0x1,0x0
                 _tbl16_G101:
00002f 1000
000030 0100
000031 0010
000032 0001      	.DB  0x0,0x10,0x0,0x1,0x10,0x0,0x1,0x0
                 
                 ;REGISTER BIT VARIABLES INITIALIZATION
                 __REG_BIT_VARS:
000033 0000      	.DW  0x0000
                 
                 ;GLOBAL REGISTER VARIABLES INITIALIZATION
                 __REG_VARS:
000034 0000
000035 0000      	.DB  0x0,0x0,0x0,0x0
000036 0000
000037 0000      	.DB  0x0,0x0,0x0,0x0
                 
                 _0x0:
000038 0031
000039 0032
00003a 0033
00003b 0034      	.DB  0x31,0x0,0x32,0x0,0x33,0x0,0x34,0x0
00003c 0035
00003d 0036
00003e 0037
00003f 0038      	.DB  0x35,0x0,0x36,0x0,0x37,0x0,0x38,0x0
000040 0039      	.DB  0x39,0x0
                 _0x2000003:
000041 c080      	.DB  0x80,0xC0
                 
                 __GLOBAL_INI_TBL:
000042 0001      	.DW  0x01
000043 0002      	.DW  0x02
000044 0066      	.DW  __REG_BIT_VARS*2
                 
000045 0008      	.DW  0x08
000046 0004      	.DW  0x04
000047 0068      	.DW  __REG_VARS*2
                 
000048 0002      	.DW  0x02
000049 0160      	.DW  _0x1B
00004a 0070      	.DW  _0x0*2
                 
00004b 0002      	.DW  0x02
00004c 0162      	.DW  _0x1B+2
00004d 0072      	.DW  _0x0*2+2
                 
00004e 0002      	.DW  0x02
00004f 0164      	.DW  _0x1B+4
000050 0074      	.DW  _0x0*2+4
                 
000051 0002      	.DW  0x02
000052 0166      	.DW  _0x1B+6
000053 0076      	.DW  _0x0*2+6
                 
000054 0002      	.DW  0x02
000055 0168      	.DW  _0x1B+8
000056 0078      	.DW  _0x0*2+8
                 
000057 0002      	.DW  0x02
000058 016a      	.DW  _0x1B+10
000059 007a      	.DW  _0x0*2+10
                 
00005a 0002      	.DW  0x02
00005b 016c      	.DW  _0x1B+12
00005c 007c      	.DW  _0x0*2+12
                 
00005d 0002      	.DW  0x02
00005e 016e      	.DW  _0x1B+14
00005f 007e      	.DW  _0x0*2+14
                 
000060 0002      	.DW  0x02
000061 0170      	.DW  _0x1B+16
000062 0080      	.DW  _0x0*2+16
                 
000063 0002      	.DW  0x02
000064 0182      	.DW  __base_y_G100
000065 0082      	.DW  _0x2000003*2
                 
                 _0xFFFFFFFF:
000066 0000      	.DW  0
                 
                 #define __GLOBAL_INI_TBL_PRESENT 1
                 
                 __RESET:
000067 94f8      	CLI
000068 27ee      	CLR  R30
000069 bbec      	OUT  EECR,R30
                 
                 ;INTERRUPT VECTORS ARE PLACED
                 ;AT THE START OF FLASH
00006a e0f1      	LDI  R31,1
00006b bffb      	OUT  GICR,R31
00006c bfeb      	OUT  GICR,R30
00006d bfe5      	OUT  MCUCR,R30
                 
                 ;CLEAR R2-R14
00006e e08d      	LDI  R24,(14-2)+1
00006f e0a2      	LDI  R26,2
000070 27bb      	CLR  R27
                 __CLEAR_REG:
000071 93ed      	ST   X+,R30
000072 958a      	DEC  R24
000073 f7e9      	BRNE __CLEAR_REG
                 
                 ;CLEAR SRAM
000074 e080      	LDI  R24,LOW(__CLEAR_SRAM_SIZE)
000075 e094      	LDI  R25,HIGH(__CLEAR_SRAM_SIZE)
000076 e6a0      	LDI  R26,__SRAM_START
                 __CLEAR_SRAM:
000077 93ed      	ST   X+,R30
000078 9701      	SBIW R24,1
000079 f7e9      	BRNE __CLEAR_SRAM
                 
                 ;GLOBAL VARIABLES INITIALIZATION
00007a e8e4      	LDI  R30,LOW(__GLOBAL_INI_TBL*2)
00007b e0f0      	LDI  R31,HIGH(__GLOBAL_INI_TBL*2)
                 __GLOBAL_INI_NEXT:
00007c 9185      	LPM  R24,Z+
00007d 9195      	LPM  R25,Z+
00007e 9700      	SBIW R24,0
00007f f061      	BREQ __GLOBAL_INI_END
000080 91a5      	LPM  R26,Z+
000081 91b5      	LPM  R27,Z+
000082 9005      	LPM  R0,Z+
000083 9015      	LPM  R1,Z+
000084 01bf      	MOVW R22,R30
000085 01f0      	MOVW R30,R0
                 __GLOBAL_INI_LOOP:
000086 9005      	LPM  R0,Z+
000087 920d      	ST   X+,R0
000088 9701      	SBIW R24,1
000089 f7e1      	BRNE __GLOBAL_INI_LOOP
00008a 01fb      	MOVW R30,R22
00008b cff0      	RJMP __GLOBAL_INI_NEXT
                 __GLOBAL_INI_END:
                 
                 ;HARDWARE STACK POINTER INITIALIZATION
00008c e5ef      	LDI  R30,LOW(__SRAM_END-__HEAP_SIZE)
00008d bfed      	OUT  SPL,R30
00008e e0e4      	LDI  R30,HIGH(__SRAM_END-__HEAP_SIZE)
00008f bfee      	OUT  SPH,R30
                 
                 ;DATA STACK POINTER INITIALIZATION
000090 e6c0      	LDI  R28,LOW(__SRAM_START+__DSTACK_SIZE)
000091 e0d1      	LDI  R29,HIGH(__SRAM_START+__DSTACK_SIZE)
                 
000092 940c 00f8 	JMP  _main
                 
                 	.ESEG
                 	.ORG 0
                 
                 	.DSEG
                 	.ORG 0x160
                 
                 	.CSEG
                 ;/*******************************************************
                 ;This program was created by the
                 ;CodeWizardAVR V3.12 Advanced
                 ;Automatic Program Generator
                 ;© Copyright 1998-2014 Pavel Haiduc, HP InfoTech s.r.l.
                 ;http://www.hpinfotech.com
                 ;
                 ;Project :
                 ;Version :
                 ;Date    : 5/11/2021
                 ;Author  :
                 ;Company :
                 ;Comments:
                 ;
                 ;
                 ;Chip type               : ATmega16
                 ;Program type            : Application
                 ;AVR Core Clock frequency: 8.000000 MHz
                 ;Memory model            : Small
                 ;External RAM size       : 0
                 ;Data Stack size         : 256
                 ;*******************************************************/
                 ;
                 ;#include <mega16.h>
                 	#ifndef __SLEEP_DEFINED__
                 	#define __SLEEP_DEFINED__
                 	.EQU __se_bit=0x40
                 	.EQU __sm_mask=0xB0
                 	.EQU __sm_powerdown=0x20
                 	.EQU __sm_powersave=0x30
                 	.EQU __sm_standby=0xA0
                 	.EQU __sm_ext_standby=0xB0
                 	.EQU __sm_adc_noise_red=0x10
                 	.SET power_ctrl_reg=mcucr
                 	#endif
                 ;
                 ;// Alphanumeric LCD functions
                 ;#include <alcd.h>
                 ;// Declare your global variables here
                 ;char a;
                 ;
                 ;#define DATA_REGISTER_EMPTY (1<<UDRE)
                 ;#define RX_COMPLETE (1<<RXC)
                 ;#define FRAMING_ERROR (1<<FE)
                 ;#define PARITY_ERROR (1<<UPE)
                 ;#define DATA_OVERRUN (1<<DOR)
                 ;
                 ;// USART Receiver buffer
                 ;#define RX_BUFFER_SIZE 8
                 ;char rx_buffer[RX_BUFFER_SIZE];
                 ;
                 ;#if RX_BUFFER_SIZE <= 256
                 ;unsigned char rx_wr_index=0,rx_rd_index=0;
                 ;#else
                 ;unsigned int rx_wr_index=0,rx_rd_index=0;
                 ;#endif
                 ;
                 ;#if RX_BUFFER_SIZE < 256
                 ;unsigned char rx_counter=0;
                 ;#else
                 ;unsigned int rx_counter=0;
                 ;#endif
                 ;
                 ;// This flag is set on USART Receiver buffer overflow
                 ;bit rx_buffer_overflow;
                 ;
                 ;// USART Receiver interrupt service routine
                 ;interrupt [USART_RXC] void usart_rx_isr(void)
                 ; 0000 003A {
                 
                 	.CSEG
                 _usart_rx_isr:
                 ; .FSTART _usart_rx_isr
000094 93ea      	ST   -Y,R30
000095 93fa      	ST   -Y,R31
000096 b7ef      	IN   R30,SREG
000097 93ea      	ST   -Y,R30
                 ; 0000 003B char status,data;
                 ; 0000 003C status=UCSRA;
000098 931a      	ST   -Y,R17
000099 930a      	ST   -Y,R16
                 ;	status -> R17
                 ;	data -> R16
00009a b11b      	IN   R17,11
                 ; 0000 003D data=UDR;
00009b b10c      	IN   R16,12
                 ; 0000 003E if ((status & (FRAMING_ERROR | PARITY_ERROR | DATA_OVERRUN))==0)
00009c 2fe1      	MOV  R30,R17
00009d 71ec      	ANDI R30,LOW(0x1C)
00009e f489      	BRNE _0x3
                 ; 0000 003F    {
                 ; 0000 0040    rx_buffer[rx_wr_index++]=data;
00009f 2de4      	MOV  R30,R4
0000a0 9443      	INC  R4
0000a1 e0f0      	LDI  R31,0
0000a2 58ee      	SUBI R30,LOW(-_rx_buffer)
0000a3 4ffe      	SBCI R31,HIGH(-_rx_buffer)
0000a4 8300      	ST   Z,R16
                 ; 0000 0041 #if RX_BUFFER_SIZE == 256
                 ; 0000 0042    // special case for receiver buffer size=256
                 ; 0000 0043    if (++rx_counter == 0) rx_buffer_overflow=1;
                 ; 0000 0044 #else
                 ; 0000 0045    if (rx_wr_index == RX_BUFFER_SIZE) rx_wr_index=0;
0000a5 e0e8      	LDI  R30,LOW(8)
0000a6 15e4      	CP   R30,R4
0000a7 f409      	BRNE _0x4
0000a8 2444      	CLR  R4
                 ; 0000 0046    if (++rx_counter == RX_BUFFER_SIZE)
                 _0x4:
0000a9 9463      	INC  R6
0000aa e0e8      	LDI  R30,LOW(8)
0000ab 15e6      	CP   R30,R6
0000ac f419      	BRNE _0x5
                 ; 0000 0047       {
                 ; 0000 0048       rx_counter=0;
0000ad 2466      	CLR  R6
                 ; 0000 0049       rx_buffer_overflow=1;
0000ae 9468      	SET
0000af f820      	BLD  R2,0
                 ; 0000 004A       }
                 ; 0000 004B #endif
                 ; 0000 004C    }
                 _0x5:
                 ; 0000 004D }
                 _0x3:
0000b0 9109      	LD   R16,Y+
0000b1 9119      	LD   R17,Y+
0000b2 c025      	RJMP _0x3D
                 ; .FEND
                 ;/*
                 ;#ifndef _DEBUG_TERMINAL_IO_
                 ;// Get a character from the USART Receiver buffer
                 ;#define _ALTERNATE_GETCHAR_
                 ;#pragma used+   */
                 ;char getchar_(void)
                 ; 0000 0054 {
                 _getchar_:
                 ; .FSTART _getchar_
                 ; 0000 0055 char data;
                 ; 0000 0056 while (rx_counter==0);
0000b3 931a      	ST   -Y,R17
                 ;	data -> R17
                 _0x6:
0000b4 2066      	TST  R6
0000b5 f3f1      	BREQ _0x6
                 ; 0000 0057 data=rx_buffer[rx_rd_index++];
0000b6 2de7      	MOV  R30,R7
0000b7 9473      	INC  R7
0000b8 e0f0      	LDI  R31,0
0000b9 58ee      	SUBI R30,LOW(-_rx_buffer)
0000ba 4ffe      	SBCI R31,HIGH(-_rx_buffer)
0000bb 8110      	LD   R17,Z
                 ; 0000 0058 #if RX_BUFFER_SIZE != 256
                 ; 0000 0059 if (rx_rd_index == RX_BUFFER_SIZE) rx_rd_index=0;
0000bc e0e8      	LDI  R30,LOW(8)
0000bd 15e7      	CP   R30,R7
0000be f409      	BRNE _0x9
0000bf 2477      	CLR  R7
                 ; 0000 005A #endif
                 ; 0000 005B #asm("cli")
                 _0x9:
0000c0 94f8      	cli
                 ; 0000 005C --rx_counter;
0000c1 946a      	DEC  R6
                 ; 0000 005D #asm("sei")
0000c2 9478      	sei
                 ; 0000 005E return data;
0000c3 2fe1      	MOV  R30,R17
0000c4 9119      	LD   R17,Y+
0000c5 9508      	RET
                 ; 0000 005F }
                 ; .FEND
                 ;/*
                 ;#pragma used-
                 ;#endif */
                 ;
                 ;// USART Transmitter buffer
                 ;#define TX_BUFFER_SIZE 8
                 ;char tx_buffer[TX_BUFFER_SIZE];
                 ;
                 ;#if TX_BUFFER_SIZE <= 256
                 ;unsigned char tx_wr_index=0,tx_rd_index=0;
                 ;#else
                 ;unsigned int tx_wr_index=0,tx_rd_index=0;
                 ;#endif
                 ;
                 ;#if TX_BUFFER_SIZE < 256
                 ;unsigned char tx_counter=0;
                 ;#else
                 ;unsigned int tx_counter=0;
                 ;#endif
                 ;
                 ;// USART Transmitter interrupt service routine
                 ;interrupt [USART_TXC] void usart_tx_isr(void)
                 ; 0000 0076 {
                 _usart_tx_isr:
                 ; .FSTART _usart_tx_isr
0000c6 93ea      	ST   -Y,R30
0000c7 93fa      	ST   -Y,R31
0000c8 b7ef      	IN   R30,SREG
0000c9 93ea      	ST   -Y,R30
                 ; 0000 0077 if (tx_counter)
0000ca 20bb      	TST  R11
0000cb f061      	BREQ _0xA
                 ; 0000 0078    {
                 ; 0000 0079    --tx_counter;
0000cc 94ba      	DEC  R11
                 ; 0000 007A    UDR=tx_buffer[tx_rd_index++];
0000cd 2de8      	MOV  R30,R8
0000ce 9483      	INC  R8
0000cf e0f0      	LDI  R31,0
0000d0 58e6      	SUBI R30,LOW(-_tx_buffer)
0000d1 4ffe      	SBCI R31,HIGH(-_tx_buffer)
0000d2 81e0      	LD   R30,Z
0000d3 b9ec      	OUT  0xC,R30
                 ; 0000 007B #if TX_BUFFER_SIZE != 256
                 ; 0000 007C    if (tx_rd_index == TX_BUFFER_SIZE) tx_rd_index=0;
0000d4 e0e8      	LDI  R30,LOW(8)
0000d5 15e8      	CP   R30,R8
0000d6 f409      	BRNE _0xB
0000d7 2488      	CLR  R8
                 ; 0000 007D #endif
                 ; 0000 007E    }
                 _0xB:
                 ; 0000 007F }
                 _0xA:
                 _0x3D:
0000d8 91e9      	LD   R30,Y+
0000d9 bfef      	OUT  SREG,R30
0000da 91f9      	LD   R31,Y+
0000db 91e9      	LD   R30,Y+
0000dc 9518      	RETI
                 ; .FEND
                 ;/*
                 ;#ifndef _DEBUG_TERMINAL_IO_
                 ;// Write a character to the USART Transmitter buffer
                 ;#define _ALTERNATE_PUTCHAR_
                 ;#pragma used+    */
                 ;void putchar_(char c)
                 ; 0000 0086 {
                 _putchar_:
                 ; .FSTART _putchar_
                 ; 0000 0087 while (tx_counter == TX_BUFFER_SIZE);
0000dd 93aa      	ST   -Y,R26
                 ;	c -> Y+0
                 _0xC:
0000de e0e8      	LDI  R30,LOW(8)
0000df 15eb      	CP   R30,R11
0000e0 f3e9      	BREQ _0xC
                 ; 0000 0088 #asm("cli")
0000e1 94f8      	cli
                 ; 0000 0089 if (tx_counter || ((UCSRA & DATA_REGISTER_EMPTY)==0))
0000e2 20bb      	TST  R11
0000e3 f411      	BRNE _0x10
0000e4 995d      	SBIC 0xB,5
0000e5 c00d      	RJMP _0xF
                 _0x10:
                 ; 0000 008A    {
                 ; 0000 008B    tx_buffer[tx_wr_index++]=c;
0000e6 2de9      	MOV  R30,R9
0000e7 9493      	INC  R9
0000e8 e0f0      	LDI  R31,0
0000e9 58e6      	SUBI R30,LOW(-_tx_buffer)
0000ea 4ffe      	SBCI R31,HIGH(-_tx_buffer)
0000eb 81a8      	LD   R26,Y
0000ec 83a0      	STD  Z+0,R26
                 ; 0000 008C #if TX_BUFFER_SIZE != 256
                 ; 0000 008D    if (tx_wr_index == TX_BUFFER_SIZE) tx_wr_index=0;
0000ed e0e8      	LDI  R30,LOW(8)
0000ee 15e9      	CP   R30,R9
0000ef f409      	BRNE _0x12
0000f0 2499      	CLR  R9
                 ; 0000 008E #endif
                 ; 0000 008F    ++tx_counter;
                 _0x12:
0000f1 94b3      	INC  R11
                 ; 0000 0090    }
                 ; 0000 0091 else
0000f2 c002      	RJMP _0x13
                 _0xF:
                 ; 0000 0092    UDR=c;
0000f3 81e8      	LD   R30,Y
0000f4 b9ec      	OUT  0xC,R30
                 ; 0000 0093 #asm("sei")
                 _0x13:
0000f5 9478      	sei
                 ; 0000 0094 }
0000f6 940c 028e 	JMP  _0x2080001
                 ; .FEND
                 ;/*
                 ;#pragma used-
                 ;#endif       */
                 ;
                 ;// Question1
                 ;void routin1(int BAUD, int transmitter_status, int reciever_status);
                 ;
                 ;// Standard Input/Output functions
                 ;#include <stdio.h>
                 ;
                 ;void main(void)
                 ; 0000 00A0 {
                 _main:
                 ; .FSTART _main
                 ; 0000 00A1 // Declare your local variables here
                 ; 0000 00A2 
                 ; 0000 00A3 // Input/Output Ports initialization
                 ; 0000 00A4 // Port A initialization
                 ; 0000 00A5 // Function: Bit7=In Bit6=In Bit5=In Bit4=In Bit3=In Bit2=In Bit1=In Bit0=In
                 ; 0000 00A6 DDRA=(0<<DDA7) | (0<<DDA6) | (0<<DDA5) | (0<<DDA4) | (0<<DDA3) | (0<<DDA2) | (0<<DDA1) | (0<<DDA0);
0000f8 e0e0      	LDI  R30,LOW(0)
0000f9 bbea      	OUT  0x1A,R30
                 ; 0000 00A7 // State: Bit7=T Bit6=T Bit5=T Bit4=T Bit3=T Bit2=T Bit1=T Bit0=T
                 ; 0000 00A8 PORTA=(0<<PORTA7) | (0<<PORTA6) | (0<<PORTA5) | (0<<PORTA4) | (0<<PORTA3) | (0<<PORTA2) | (0<<PORTA1) | (0<<PORTA0);
0000fa bbeb      	OUT  0x1B,R30
                 ; 0000 00A9 
                 ; 0000 00AA // Port B initialization
                 ; 0000 00AB // Function: Bit7=In Bit6=In Bit5=In Bit4=In Bit3=In Bit2=In Bit1=In Bit0=In
                 ; 0000 00AC DDRB=(0<<DDB7) | (0<<DDB6) | (0<<DDB5) | (0<<DDB4) | (0<<DDB3) | (0<<DDB2) | (0<<DDB1) | (0<<DDB0);
0000fb bbe7      	OUT  0x17,R30
                 ; 0000 00AD // State: Bit7=T Bit6=T Bit5=T Bit4=T Bit3=T Bit2=T Bit1=T Bit0=T
                 ; 0000 00AE PORTB=(0<<PORTB7) | (0<<PORTB6) | (0<<PORTB5) | (0<<PORTB4) | (0<<PORTB3) | (0<<PORTB2) | (0<<PORTB1) | (0<<PORTB0);
0000fc bbe8      	OUT  0x18,R30
                 ; 0000 00AF 
                 ; 0000 00B0 // Port C initialization
                 ; 0000 00B1 // Function: Bit7=Out Bit6=Out Bit5=Out Bit4=Out Bit3=Out Bit2=Out Bit1=Out Bit0=Out
                 ; 0000 00B2 DDRC=(1<<DDC7) | (1<<DDC6) | (1<<DDC5) | (1<<DDC4) | (1<<DDC3) | (1<<DDC2) | (1<<DDC1) | (1<<DDC0);
0000fd efef      	LDI  R30,LOW(255)
0000fe bbe4      	OUT  0x14,R30
                 ; 0000 00B3 // State: Bit7=0 Bit6=0 Bit5=0 Bit4=0 Bit3=0 Bit2=0 Bit1=0 Bit0=0
                 ; 0000 00B4 PORTC=(0<<PORTC7) | (0<<PORTC6) | (0<<PORTC5) | (0<<PORTC4) | (0<<PORTC3) | (0<<PORTC2) | (0<<PORTC1) | (0<<PORTC0);
0000ff e0e0      	LDI  R30,LOW(0)
000100 bbe5      	OUT  0x15,R30
                 ; 0000 00B5 
                 ; 0000 00B6 // Port D initialization
                 ; 0000 00B7 // Function: Bit7=In Bit6=In Bit5=In Bit4=In Bit3=In Bit2=In Bit1=In Bit0=In
                 ; 0000 00B8 DDRD=(0<<DDD7) | (0<<DDD6) | (0<<DDD5) | (0<<DDD4) | (0<<DDD3) | (0<<DDD2) | (0<<DDD1) | (0<<DDD0);
000101 bbe1      	OUT  0x11,R30
                 ; 0000 00B9 // State: Bit7=T Bit6=T Bit5=T Bit4=T Bit3=T Bit2=T Bit1=T Bit0=T
                 ; 0000 00BA PORTD=(0<<PORTD7) | (0<<PORTD6) | (0<<PORTD5) | (0<<PORTD4) | (0<<PORTD3) | (0<<PORTD2) | (0<<PORTD1) | (0<<PORTD0);
000102 bbe2      	OUT  0x12,R30
                 ; 0000 00BB 
                 ; 0000 00BC // Timer/Counter 0 initialization
                 ; 0000 00BD // Clock source: System Clock
                 ; 0000 00BE // Clock value: Timer 0 Stopped
                 ; 0000 00BF // Mode: Normal top=0xFF
                 ; 0000 00C0 // OC0 output: Disconnected
                 ; 0000 00C1 TCCR0=(0<<WGM00) | (0<<COM01) | (0<<COM00) | (0<<WGM01) | (0<<CS02) | (0<<CS01) | (0<<CS00);
000103 bfe3      	OUT  0x33,R30
                 ; 0000 00C2 TCNT0=0x00;
000104 bfe2      	OUT  0x32,R30
                 ; 0000 00C3 OCR0=0x00;
000105 bfec      	OUT  0x3C,R30
                 ; 0000 00C4 
                 ; 0000 00C5 // Timer/Counter 1 initialization
                 ; 0000 00C6 // Clock source: System Clock
                 ; 0000 00C7 // Clock value: Timer1 Stopped
                 ; 0000 00C8 // Mode: Normal top=0xFFFF
                 ; 0000 00C9 // OC1A output: Disconnected
                 ; 0000 00CA // OC1B output: Disconnected
                 ; 0000 00CB // Noise Canceler: Off
                 ; 0000 00CC // Input Capture on Falling Edge
                 ; 0000 00CD // Timer1 Overflow Interrupt: Off
                 ; 0000 00CE // Input Capture Interrupt: Off
                 ; 0000 00CF // Compare A Match Interrupt: Off
                 ; 0000 00D0 // Compare B Match Interrupt: Off
                 ; 0000 00D1 TCCR1A=(0<<COM1A1) | (0<<COM1A0) | (0<<COM1B1) | (0<<COM1B0) | (0<<WGM11) | (0<<WGM10);
000106 bdef      	OUT  0x2F,R30
                 ; 0000 00D2 TCCR1B=(0<<ICNC1) | (0<<ICES1) | (0<<WGM13) | (0<<WGM12) | (0<<CS12) | (0<<CS11) | (0<<CS10);
000107 bdee      	OUT  0x2E,R30
                 ; 0000 00D3 TCNT1H=0x00;
000108 bded      	OUT  0x2D,R30
                 ; 0000 00D4 TCNT1L=0x00;
000109 bdec      	OUT  0x2C,R30
                 ; 0000 00D5 ICR1H=0x00;
00010a bde7      	OUT  0x27,R30
                 ; 0000 00D6 ICR1L=0x00;
00010b bde6      	OUT  0x26,R30
                 ; 0000 00D7 OCR1AH=0x00;
00010c bdeb      	OUT  0x2B,R30
                 ; 0000 00D8 OCR1AL=0x00;
00010d bdea      	OUT  0x2A,R30
                 ; 0000 00D9 OCR1BH=0x00;
00010e bde9      	OUT  0x29,R30
                 ; 0000 00DA OCR1BL=0x00;
00010f bde8      	OUT  0x28,R30
                 ; 0000 00DB 
                 ; 0000 00DC // Timer/Counter 2 initialization
                 ; 0000 00DD // Clock source: System Clock
                 ; 0000 00DE // Clock value: Timer2 Stopped
                 ; 0000 00DF // Mode: Normal top=0xFF
                 ; 0000 00E0 // OC2 output: Disconnected
                 ; 0000 00E1 ASSR=0<<AS2;
000110 bde2      	OUT  0x22,R30
                 ; 0000 00E2 TCCR2=(0<<PWM2) | (0<<COM21) | (0<<COM20) | (0<<CTC2) | (0<<CS22) | (0<<CS21) | (0<<CS20);
000111 bde5      	OUT  0x25,R30
                 ; 0000 00E3 TCNT2=0x00;
000112 bde4      	OUT  0x24,R30
                 ; 0000 00E4 OCR2=0x00;
000113 bde3      	OUT  0x23,R30
                 ; 0000 00E5 
                 ; 0000 00E6 // Timer(s)/Counter(s) Interrupt(s) initialization
                 ; 0000 00E7 TIMSK=(0<<OCIE2) | (0<<TOIE2) | (0<<TICIE1) | (0<<OCIE1A) | (0<<OCIE1B) | (0<<TOIE1) | (0<<OCIE0) | (0<<TOIE0);
000114 bfe9      	OUT  0x39,R30
                 ; 0000 00E8 
                 ; 0000 00E9 // External Interrupt(s) initialization
                 ; 0000 00EA // INT0: Off
                 ; 0000 00EB // INT1: Off
                 ; 0000 00EC // INT2: Off
                 ; 0000 00ED MCUCR=(0<<ISC11) | (0<<ISC10) | (0<<ISC01) | (0<<ISC00);
000115 bfe5      	OUT  0x35,R30
                 ; 0000 00EE MCUCSR=(0<<ISC2);
000116 bfe4      	OUT  0x34,R30
                 ; 0000 00EF 
                 ; 0000 00F0 // USART initialization
                 ; 0000 00F1 // Communication Parameters: 8 Data, 1 Stop, No Parity
                 ; 0000 00F2 // USART Receiver: On
                 ; 0000 00F3 // USART Transmitter: On
                 ; 0000 00F4 // USART Mode: Asynchronous
                 ; 0000 00F5 // USART Baud Rate: 9600
                 ; 0000 00F6 UCSRA=(0<<RXC) | (0<<TXC) | (0<<UDRE) | (0<<FE) | (0<<DOR) | (0<<UPE) | (0<<U2X) | (0<<MPCM);
000117 b9eb      	OUT  0xB,R30
                 ; 0000 00F7 //UCSRB=(1<<RXCIE) | (1<<TXCIE) | (0<<UDRIE) | (1<<RXEN) | (1<<TXEN) | (0<<UCSZ2) | (0<<RXB8) | (0<<TXB8);
                 ; 0000 00F8 UCSRC=(1<<URSEL) | (0<<UMSEL) | (0<<UPM1) | (0<<UPM0) | (0<<USBS) | (1<<UCSZ1) | (1<<UCSZ0) | (0<<UCPOL);
000118 e8e6      	LDI  R30,LOW(134)
000119 bde0      	OUT  0x20,R30
                 ; 0000 00F9 UBRRH=0x00;
00011a e0e0      	LDI  R30,LOW(0)
00011b bde0      	OUT  0x20,R30
                 ; 0000 00FA UBRRL=0x33;
00011c e3e3      	LDI  R30,LOW(51)
00011d b9e9      	OUT  0x9,R30
                 ; 0000 00FB 
                 ; 0000 00FC // Analog Comparator initialization
                 ; 0000 00FD // Analog Comparator: Off
                 ; 0000 00FE // The Analog Comparator's positive input is
                 ; 0000 00FF // connected to the AIN0 pin
                 ; 0000 0100 // The Analog Comparator's negative input is
                 ; 0000 0101 // connected to the AIN1 pin
                 ; 0000 0102 ACSR=(1<<ACD) | (0<<ACBG) | (0<<ACO) | (0<<ACI) | (0<<ACIE) | (0<<ACIC) | (0<<ACIS1) | (0<<ACIS0);
00011e e8e0      	LDI  R30,LOW(128)
00011f b9e8      	OUT  0x8,R30
                 ; 0000 0103 SFIOR=(0<<ACME);
000120 e0e0      	LDI  R30,LOW(0)
000121 bfe0      	OUT  0x30,R30
                 ; 0000 0104 
                 ; 0000 0105 // ADC initialization
                 ; 0000 0106 // ADC disabled
                 ; 0000 0107 ADCSRA=(0<<ADEN) | (0<<ADSC) | (0<<ADATE) | (0<<ADIF) | (0<<ADIE) | (0<<ADPS2) | (0<<ADPS1) | (0<<ADPS0);
000122 b9e6      	OUT  0x6,R30
                 ; 0000 0108 
                 ; 0000 0109 // SPI initialization
                 ; 0000 010A // SPI disabled
                 ; 0000 010B SPCR=(0<<SPIE) | (0<<SPE) | (0<<DORD) | (0<<MSTR) | (0<<CPOL) | (0<<CPHA) | (0<<SPR1) | (0<<SPR0);
000123 b9ed      	OUT  0xD,R30
                 ; 0000 010C 
                 ; 0000 010D // TWI initialization
                 ; 0000 010E // TWI disabled
                 ; 0000 010F TWCR=(0<<TWEA) | (0<<TWSTA) | (0<<TWSTO) | (0<<TWEN) | (0<<TWIE);
000124 bfe6      	OUT  0x36,R30
                 ; 0000 0110 
                 ; 0000 0111 // Alphanumeric LCD initialization
                 ; 0000 0112 // Connections are specified in the
                 ; 0000 0113 // Project|Configure|C Compiler|Libraries|Alphanumeric LCD menu:
                 ; 0000 0114 // RS - PORTC Bit 0
                 ; 0000 0115 // RD - PORTC Bit 1
                 ; 0000 0116 // EN - PORTC Bit 2
                 ; 0000 0117 // D4 - PORTC Bit 4
                 ; 0000 0118 // D5 - PORTC Bit 5
                 ; 0000 0119 // D6 - PORTC Bit 6
                 ; 0000 011A // D7 - PORTC Bit 7
                 ; 0000 011B // Characters/line: 16
                 ; 0000 011C lcd_init(16);
000125 e1a0      	LDI  R26,LOW(16)
000126 940e 0262 	CALL _lcd_init
                 ; 0000 011D 
                 ; 0000 011E // Global enable interrupts
                 ; 0000 011F #asm("sei")
000128 9478      	sei
                 ; 0000 0120     routin1(9600,2,2);
000129 e8e0      	LDI  R30,LOW(9600)
00012a e2f5      	LDI  R31,HIGH(9600)
00012b 93fa      	ST   -Y,R31
00012c 93ea      	ST   -Y,R30
00012d e0e2      	LDI  R30,LOW(2)
00012e e0f0      	LDI  R31,HIGH(2)
00012f 93fa      	ST   -Y,R31
000130 93ea      	ST   -Y,R30
000131 e0a2      	LDI  R26,LOW(2)
000132 e0b0      	LDI  R27,0
000133 d006      	RCALL _routin1
                 ; 0000 0121     a = getchar_();
000134 df7e      	RCALL _getchar_
000135 2e5e      	MOV  R5,R30
                 ; 0000 0122     putchar_(a);
000136 2da5      	MOV  R26,R5
000137 dfa5      	RCALL _putchar_
                 ; 0000 0123     while(1)
                 _0x14:
                 ; 0000 0124     {
                 ; 0000 0125         //a = getchar();
                 ; 0000 0126         //putchar(a);
                 ; 0000 0127     }
000138 cfff      	RJMP _0x14
                 ; 0000 0128 }
                 _0x17:
000139 cfff      	RJMP _0x17
                 ; .FEND
                 ;
                 ;void routin1(int BAUD, int transmitter_status, int reciever_status){
                 ; 0000 012A void routin1(int BAUD, int transmitter_status, int reciever_status){
                 _routin1:
                 ; .FSTART _routin1
                 ; 0000 012B     int temp = (1000000/(2*BAUD))-1;
                 ; 0000 012C     int q,r;
                 ; 0000 012D     q = temp/256;
00013a 93ba      	ST   -Y,R27
00013b 93aa      	ST   -Y,R26
00013c 940e 0323 	CALL __SAVELOCR6
                 ;	BAUD -> Y+10
                 ;	transmitter_status -> Y+8
                 ;	reciever_status -> Y+6
                 ;	temp -> R16,R17
                 ;	q -> R18,R19
                 ;	r -> R20,R21
00013e 85ea      	LDD  R30,Y+10
00013f 85fb      	LDD  R31,Y+10+1
000140 0fee      	LSL  R30
000141 1fff      	ROL  R31
000142 940e 02bb 	CALL __CWD1
                +
000144 e4a0     +LDI R26 , LOW ( 0xF4240 )
000145 e4b2     +LDI R27 , HIGH ( 0xF4240 )
000146 e08f     +LDI R24 , BYTE3 ( 0xF4240 )
000147 e090     +LDI R25 , BYTE4 ( 0xF4240 )
                 	__GETD2N 0xF4240
000148 940e 02fd 	CALL __DIVD21
00014a 9731      	SBIW R30,1
00014b 018f      	MOVW R16,R30
00014c 01d8      	MOVW R26,R16
00014d e0e0      	LDI  R30,LOW(256)
00014e e0f1      	LDI  R31,HIGH(256)
00014f 940e 02d3 	CALL __DIVW21
000151 019f      	MOVW R18,R30
                 ; 0000 012E     r = temp - (q*256);
000152 2fb2      	MOV  R27,R18
000153 e0a0      	LDI  R26,LOW(0)
000154 01f8      	MOVW R30,R16
000155 1bea      	SUB  R30,R26
000156 0bfb      	SBC  R31,R27
000157 01af      	MOVW R20,R30
                 ; 0000 012F 
                 ; 0000 0130     if(transmitter_status == 0 && reciever_status == 0){
000158 85a8      	LDD  R26,Y+8
000159 85b9      	LDD  R27,Y+8+1
00015a 9710      	SBIW R26,0
00015b f421      	BRNE _0x19
00015c 81ae      	LDD  R26,Y+6
00015d 81bf      	LDD  R27,Y+6+1
00015e 9710      	SBIW R26,0
00015f f009      	BREQ _0x1A
                 _0x19:
000160 c00c      	RJMP _0x18
                 _0x1A:
                 ; 0000 0131         UCSRB=(0<<RXCIE) | (0<<TXCIE) | (0<<UDRIE) | (0<<RXEN) | (0<<TXEN) | (0<<UCSZ2) | (0<<RXB8) | (0<<TXB8);
000161 e0e0      	LDI  R30,LOW(0)
000162 940e 0290 	CALL SUBOPT_0x0
                 ; 0000 0132         lcd_init(16);
                 ; 0000 0133         lcd_gotoxy(0, 1);
000164 e0a1      	LDI  R26,LOW(1)
000165 940e 0223 	CALL _lcd_gotoxy
                 ; 0000 0134         lcd_puts("1");
                +
000167 e6a0     +LDI R26 , LOW ( _0x1B + ( 0 ) )
000168 e0b1     +LDI R27 , HIGH ( _0x1B + ( 0 ) )
                 	__POINTW2MN _0x1B,0
000169 940e 0251 	CALL _lcd_puts
                 ; 0000 0135         #asm("cli")
00016b 94f8      	cli
                 ; 0000 0136     } // tx: off     rx: off
                 ; 0000 0137     else if(transmitter_status == 1 && reciever_status == 0){
00016c c090      	RJMP _0x1C
                 _0x18:
00016d 85a8      	LDD  R26,Y+8
00016e 85b9      	LDD  R27,Y+8+1
00016f 9711      	SBIW R26,1
000170 f421      	BRNE _0x1E
000171 81ae      	LDD  R26,Y+6
000172 81bf      	LDD  R27,Y+6+1
000173 9710      	SBIW R26,0
000174 f009      	BREQ _0x1F
                 _0x1E:
000175 c00c      	RJMP _0x1D
                 _0x1F:
                 ; 0000 0138         UCSRB=(0<<RXCIE) | (0<<TXCIE) | (0<<UDRIE) | (0<<RXEN) | (1<<TXEN) | (0<<UCSZ2) | (0<<RXB8) | (0<<TXB8);
000176 e0e8      	LDI  R30,LOW(8)
000177 940e 0290 	CALL SUBOPT_0x0
                 ; 0000 0139         lcd_init(16);
                 ; 0000 013A         lcd_gotoxy(0, 0);
000179 e0a0      	LDI  R26,LOW(0)
00017a 940e 0223 	CALL _lcd_gotoxy
                 ; 0000 013B         lcd_puts("2");
                +
00017c e6a2     +LDI R26 , LOW ( _0x1B + ( 2 ) )
00017d e0b1     +LDI R27 , HIGH ( _0x1B + ( 2 ) )
                 	__POINTW2MN _0x1B,2
00017e 940e 0251 	CALL _lcd_puts
                 ; 0000 013C         #asm("cli")
000180 94f8      	cli
                 ; 0000 013D     } // tx: enable_noneinterrupt       rx: off
                 ; 0000 013E     else if(transmitter_status == 2 && reciever_status == 0){
000181 c07b      	RJMP _0x20
                 _0x1D:
000182 85a8      	LDD  R26,Y+8
000183 85b9      	LDD  R27,Y+8+1
000184 9712      	SBIW R26,2
000185 f421      	BRNE _0x22
000186 81ae      	LDD  R26,Y+6
000187 81bf      	LDD  R27,Y+6+1
000188 9710      	SBIW R26,0
000189 f009      	BREQ _0x23
                 _0x22:
00018a c008      	RJMP _0x21
                 _0x23:
                 ; 0000 013F         UCSRB=(0<<RXCIE) | (1<<TXCIE) | (0<<UDRIE) | (0<<RXEN) | (1<<TXEN) | (0<<UCSZ2) | (0<<RXB8) | (0<<TXB8);
00018b e4e8      	LDI  R30,LOW(72)
00018c 940e 0290 	CALL SUBOPT_0x0
                 ; 0000 0140         lcd_init(16);
                 ; 0000 0141         lcd_gotoxy(0, 0);
00018e e0a0      	LDI  R26,LOW(0)
00018f d093      	RCALL _lcd_gotoxy
                 ; 0000 0142         lcd_puts("3");
                +
000190 e6a4     +LDI R26 , LOW ( _0x1B + ( 4 ) )
000191 e0b1     +LDI R27 , HIGH ( _0x1B + ( 4 ) )
                 	__POINTW2MN _0x1B,4
000192 c069      	RJMP _0x3C
                 ; 0000 0143     } // tx: enable_interrupt       rx: off
                 ; 0000 0144     else if(transmitter_status == 0 && reciever_status == 1){
                 _0x21:
000193 85a8      	LDD  R26,Y+8
000194 85b9      	LDD  R27,Y+8+1
000195 9710      	SBIW R26,0
000196 f421      	BRNE _0x26
000197 81ae      	LDD  R26,Y+6
000198 81bf      	LDD  R27,Y+6+1
000199 9711      	SBIW R26,1
00019a f009      	BREQ _0x27
                 _0x26:
00019b c00a      	RJMP _0x25
                 _0x27:
                 ; 0000 0145         UCSRB=(0<<RXCIE) | (0<<TXCIE) | (0<<UDRIE) | (1<<RXEN) | (0<<TXEN) | (0<<UCSZ2) | (0<<RXB8) | (0<<TXB8);
00019c e1e0      	LDI  R30,LOW(16)
00019d 940e 0290 	CALL SUBOPT_0x0
                 ; 0000 0146         lcd_init(16);
                 ; 0000 0147         lcd_gotoxy(0, 0);
00019f e0a0      	LDI  R26,LOW(0)
0001a0 d082      	RCALL _lcd_gotoxy
                 ; 0000 0148         lcd_puts("4");
                +
0001a1 e6a6     +LDI R26 , LOW ( _0x1B + ( 6 ) )
0001a2 e0b1     +LDI R27 , HIGH ( _0x1B + ( 6 ) )
                 	__POINTW2MN _0x1B,6
0001a3 d0ad      	RCALL _lcd_puts
                 ; 0000 0149         #asm("cli")
0001a4 94f8      	cli
                 ; 0000 014A     } // tx: off     rx:  enable_noneinterrupt
                 ; 0000 014B     else if(transmitter_status == 1 && reciever_status == 1){
0001a5 c057      	RJMP _0x28
                 _0x25:
0001a6 85a8      	LDD  R26,Y+8
0001a7 85b9      	LDD  R27,Y+8+1
0001a8 9711      	SBIW R26,1
0001a9 f421      	BRNE _0x2A
0001aa 81ae      	LDD  R26,Y+6
0001ab 81bf      	LDD  R27,Y+6+1
0001ac 9711      	SBIW R26,1
0001ad f009      	BREQ _0x2B
                 _0x2A:
0001ae c00a      	RJMP _0x29
                 _0x2B:
                 ; 0000 014C         UCSRB=(0<<RXCIE) | (0<<TXCIE) | (0<<UDRIE) | (1<<RXEN) | (1<<TXEN) | (0<<UCSZ2) | (0<<RXB8) | (0<<TXB8);
0001af e1e8      	LDI  R30,LOW(24)
0001b0 940e 0290 	CALL SUBOPT_0x0
                 ; 0000 014D         lcd_init(16);
                 ; 0000 014E         lcd_gotoxy(0, 0);
0001b2 e0a0      	LDI  R26,LOW(0)
0001b3 d06f      	RCALL _lcd_gotoxy
                 ; 0000 014F         lcd_puts("5");
                +
0001b4 e6a8     +LDI R26 , LOW ( _0x1B + ( 8 ) )
0001b5 e0b1     +LDI R27 , HIGH ( _0x1B + ( 8 ) )
                 	__POINTW2MN _0x1B,8
0001b6 d09a      	RCALL _lcd_puts
                 ; 0000 0150         #asm("cli")
0001b7 94f8      	cli
                 ; 0000 0151     } // tx: enable_noneinterrupt       rx:  enable_noneinterrupt
                 ; 0000 0152     else if(transmitter_status == 2 && reciever_status == 1){
0001b8 c044      	RJMP _0x2C
                 _0x29:
0001b9 85a8      	LDD  R26,Y+8
0001ba 85b9      	LDD  R27,Y+8+1
0001bb 9712      	SBIW R26,2
0001bc f421      	BRNE _0x2E
0001bd 81ae      	LDD  R26,Y+6
0001be 81bf      	LDD  R27,Y+6+1
0001bf 9711      	SBIW R26,1
0001c0 f009      	BREQ _0x2F
                 _0x2E:
0001c1 c008      	RJMP _0x2D
                 _0x2F:
                 ; 0000 0153         UCSRB=(0<<RXCIE) | (1<<TXCIE) | (0<<UDRIE) | (1<<RXEN) | (1<<TXEN) | (0<<UCSZ2) | (0<<RXB8) | (0<<TXB8);
0001c2 e5e8      	LDI  R30,LOW(88)
0001c3 940e 0290 	CALL SUBOPT_0x0
                 ; 0000 0154         lcd_init(16);
                 ; 0000 0155         lcd_gotoxy(0, 0);
0001c5 e0a0      	LDI  R26,LOW(0)
0001c6 d05c      	RCALL _lcd_gotoxy
                 ; 0000 0156         lcd_puts("6");
                +
0001c7 e6aa     +LDI R26 , LOW ( _0x1B + ( 10 ) )
0001c8 e0b1     +LDI R27 , HIGH ( _0x1B + ( 10 ) )
                 	__POINTW2MN _0x1B,10
0001c9 c032      	RJMP _0x3C
                 ; 0000 0157     } // tx: enable_interrupt       rx:  enable_noneinterrupt
                 ; 0000 0158     else if(transmitter_status == 0 && reciever_status == 2){
                 _0x2D:
0001ca 85a8      	LDD  R26,Y+8
0001cb 85b9      	LDD  R27,Y+8+1
0001cc 9710      	SBIW R26,0
0001cd f421      	BRNE _0x32
0001ce 81ae      	LDD  R26,Y+6
0001cf 81bf      	LDD  R27,Y+6+1
0001d0 9712      	SBIW R26,2
0001d1 f009      	BREQ _0x33
                 _0x32:
0001d2 c008      	RJMP _0x31
                 _0x33:
                 ; 0000 0159         UCSRB=(1<<RXCIE) | (0<<TXCIE) | (0<<UDRIE) | (1<<RXEN) | (0<<TXEN) | (0<<UCSZ2) | (0<<RXB8) | (0<<TXB8);
0001d3 e9e0      	LDI  R30,LOW(144)
0001d4 940e 0290 	CALL SUBOPT_0x0
                 ; 0000 015A         lcd_init(16);
                 ; 0000 015B         lcd_gotoxy(0, 0);
0001d6 e0a0      	LDI  R26,LOW(0)
0001d7 d04b      	RCALL _lcd_gotoxy
                 ; 0000 015C         lcd_puts("7");
                +
0001d8 e6ac     +LDI R26 , LOW ( _0x1B + ( 12 ) )
0001d9 e0b1     +LDI R27 , HIGH ( _0x1B + ( 12 ) )
                 	__POINTW2MN _0x1B,12
0001da c021      	RJMP _0x3C
                 ; 0000 015D     } // tx: off     rx:  enable_interrupt
                 ; 0000 015E     else if(transmitter_status == 1 && reciever_status == 2){
                 _0x31:
0001db 85a8      	LDD  R26,Y+8
0001dc 85b9      	LDD  R27,Y+8+1
0001dd 9711      	SBIW R26,1
0001de f421      	BRNE _0x36
0001df 81ae      	LDD  R26,Y+6
0001e0 81bf      	LDD  R27,Y+6+1
0001e1 9712      	SBIW R26,2
0001e2 f009      	BREQ _0x37
                 _0x36:
0001e3 c008      	RJMP _0x35
                 _0x37:
                 ; 0000 015F         UCSRB=(1<<RXCIE) | (0<<TXCIE) | (0<<UDRIE) | (1<<RXEN) | (1<<TXEN) | (0<<UCSZ2) | (0<<RXB8) | (0<<TXB8);
0001e4 e9e8      	LDI  R30,LOW(152)
0001e5 940e 0290 	CALL SUBOPT_0x0
                 ; 0000 0160         lcd_init(16);
                 ; 0000 0161         lcd_gotoxy(0, 0);
0001e7 e0a0      	LDI  R26,LOW(0)
0001e8 d03a      	RCALL _lcd_gotoxy
                 ; 0000 0162         lcd_puts("8");
                +
0001e9 e6ae     +LDI R26 , LOW ( _0x1B + ( 14 ) )
0001ea e0b1     +LDI R27 , HIGH ( _0x1B + ( 14 ) )
                 	__POINTW2MN _0x1B,14
0001eb c010      	RJMP _0x3C
                 ; 0000 0163     } // tx: enable_noneinterrupt       rx:  enable_interrupt
                 ; 0000 0164     else if(transmitter_status == 2 && reciever_status == 2){
                 _0x35:
0001ec 85a8      	LDD  R26,Y+8
0001ed 85b9      	LDD  R27,Y+8+1
0001ee 9712      	SBIW R26,2
0001ef f421      	BRNE _0x3A
0001f0 81ae      	LDD  R26,Y+6
0001f1 81bf      	LDD  R27,Y+6+1
0001f2 9712      	SBIW R26,2
0001f3 f009      	BREQ _0x3B
                 _0x3A:
0001f4 c008      	RJMP _0x39
                 _0x3B:
                 ; 0000 0165         UCSRB=(1<<RXCIE) | (1<<TXCIE) | (0<<UDRIE) | (1<<RXEN) | (1<<TXEN) | (0<<UCSZ2) | (0<<RXB8) | (0<<TXB8);
0001f5 ede8      	LDI  R30,LOW(216)
0001f6 940e 0290 	CALL SUBOPT_0x0
                 ; 0000 0166         lcd_init(16);
                 ; 0000 0167         lcd_gotoxy(0, 0);
0001f8 e0a0      	LDI  R26,LOW(0)
0001f9 d029      	RCALL _lcd_gotoxy
                 ; 0000 0168         lcd_puts("9");
                +
0001fa e7a0     +LDI R26 , LOW ( _0x1B + ( 16 ) )
0001fb e0b1     +LDI R27 , HIGH ( _0x1B + ( 16 ) )
                 	__POINTW2MN _0x1B,16
                 _0x3C:
0001fc d054      	RCALL _lcd_puts
                 ; 0000 0169     } // tx: enable_interrupt       rx:  enable_interrupt
                 ; 0000 016A     UBRRH = q;
                 _0x39:
                 _0x2C:
                 _0x28:
                 _0x20:
                 _0x1C:
0001fd bd20      	OUT  0x20,R18
                 ; 0000 016B     UBRRL = r;
0001fe b949      	OUT  0x9,R20
                 ; 0000 016C }
0001ff 940e 032a 	CALL __LOADLOCR6
000201 962c      	ADIW R28,12
000202 9508      	RET
                 ; .FEND
                 
                 	.DSEG
                 _0x1B:
000160           	.BYTE 0x12
                 	#ifndef __SLEEP_DEFINED__
                 	#endif
                 
                 	.DSEG
                 
                 	.CSEG
                 __lcd_write_nibble_G100:
                 ; .FSTART __lcd_write_nibble_G100
000203 93aa      	ST   -Y,R26
000204 b3e5      	IN   R30,0x15
000205 70ef      	ANDI R30,LOW(0xF)
000206 2fae      	MOV  R26,R30
000207 81e8      	LD   R30,Y
000208 7fe0      	ANDI R30,LOW(0xF0)
000209 2bea      	OR   R30,R26
00020a bbe5      	OUT  0x15,R30
                +
00020b e08d     +LDI R24 , LOW ( 13 )
                +__DELAY_USB_LOOP :
00020c 958a     +DEC R24
00020d f7f1     +BRNE __DELAY_USB_LOOP
                 	__DELAY_USB 13
00020e 9aaa      	SBI  0x15,2
                +
00020f e08d     +LDI R24 , LOW ( 13 )
                +__DELAY_USB_LOOP :
000210 958a     +DEC R24
000211 f7f1     +BRNE __DELAY_USB_LOOP
                 	__DELAY_USB 13
000212 98aa      	CBI  0x15,2
                +
000213 e08d     +LDI R24 , LOW ( 13 )
                +__DELAY_USB_LOOP :
000214 958a     +DEC R24
000215 f7f1     +BRNE __DELAY_USB_LOOP
                 	__DELAY_USB 13
000216 c077      	RJMP _0x2080001
                 ; .FEND
                 __lcd_write_data:
                 ; .FSTART __lcd_write_data
000217 93aa      	ST   -Y,R26
000218 81a8      	LD   R26,Y
000219 dfe9      	RCALL __lcd_write_nibble_G100
00021a 81e8          ld    r30,y
00021b 95e2          swap  r30
00021c 83e8          st    y,r30
00021d 81a8      	LD   R26,Y
00021e dfe4      	RCALL __lcd_write_nibble_G100
                +
00021f e885     +LDI R24 , LOW ( 133 )
                +__DELAY_USB_LOOP :
000220 958a     +DEC R24
000221 f7f1     +BRNE __DELAY_USB_LOOP
                 	__DELAY_USB 133
000222 c06b      	RJMP _0x2080001
                 ; .FEND
                 _lcd_gotoxy:
                 ; .FSTART _lcd_gotoxy
000223 93aa      	ST   -Y,R26
000224 81e8      	LD   R30,Y
000225 e0f0      	LDI  R31,0
000226 57ee      	SUBI R30,LOW(-__base_y_G100)
000227 4ffe      	SBCI R31,HIGH(-__base_y_G100)
000228 81e0      	LD   R30,Z
000229 81a9      	LDD  R26,Y+1
00022a 0fae      	ADD  R26,R30
00022b dfeb      	RCALL __lcd_write_data
00022c 80a9      	LDD  R10,Y+1
00022d 80d8      	LDD  R13,Y+0
00022e 9622      	ADIW R28,2
00022f 9508      	RET
                 ; .FEND
                 _lcd_clear:
                 ; .FSTART _lcd_clear
000230 e0a2      	LDI  R26,LOW(2)
000231 940e 0297 	CALL SUBOPT_0x1
000233 e0ac      	LDI  R26,LOW(12)
000234 dfe2      	RCALL __lcd_write_data
000235 e0a1      	LDI  R26,LOW(1)
000236 940e 0297 	CALL SUBOPT_0x1
000238 e0e0      	LDI  R30,LOW(0)
000239 2ede      	MOV  R13,R30
00023a 2eae      	MOV  R10,R30
00023b 9508      	RET
                 ; .FEND
                 _lcd_putchar:
                 ; .FSTART _lcd_putchar
00023c 93aa      	ST   -Y,R26
00023d 81a8      	LD   R26,Y
00023e 30aa      	CPI  R26,LOW(0xA)
00023f f011      	BREQ _0x2000005
000240 14ac      	CP   R10,R12
000241 f048      	BRLO _0x2000004
                 _0x2000005:
000242 e0e0      	LDI  R30,LOW(0)
000243 93ea      	ST   -Y,R30
000244 94d3      	INC  R13
000245 2dad      	MOV  R26,R13
000246 dfdc      	RCALL _lcd_gotoxy
000247 81a8      	LD   R26,Y
000248 30aa      	CPI  R26,LOW(0xA)
000249 f409      	BRNE _0x2000007
00024a c043      	RJMP _0x2080001
                 _0x2000007:
                 _0x2000004:
00024b 94a3      	INC  R10
00024c 9aa8      	SBI  0x15,0
00024d 81a8      	LD   R26,Y
00024e dfc8      	RCALL __lcd_write_data
00024f 98a8      	CBI  0x15,0
000250 c03d      	RJMP _0x2080001
                 ; .FEND
                 _lcd_puts:
                 ; .FSTART _lcd_puts
000251 93ba      	ST   -Y,R27
000252 93aa      	ST   -Y,R26
000253 931a      	ST   -Y,R17
                 _0x2000008:
000254 81a9      	LDD  R26,Y+1
000255 81ba      	LDD  R27,Y+1+1
000256 91ed      	LD   R30,X+
000257 83a9      	STD  Y+1,R26
000258 83ba      	STD  Y+1+1,R27
000259 2f1e      	MOV  R17,R30
00025a 30e0      	CPI  R30,0
00025b f019      	BREQ _0x200000A
00025c 2fa1      	MOV  R26,R17
00025d dfde      	RCALL _lcd_putchar
00025e cff5      	RJMP _0x2000008
                 _0x200000A:
00025f 8118      	LDD  R17,Y+0
000260 9623      	ADIW R28,3
000261 9508      	RET
                 ; .FEND
                 _lcd_init:
                 ; .FSTART _lcd_init
000262 93aa      	ST   -Y,R26
000263 b3e4      	IN   R30,0x14
000264 6fe0      	ORI  R30,LOW(0xF0)
000265 bbe4      	OUT  0x14,R30
000266 9aa2      	SBI  0x14,2
000267 9aa0      	SBI  0x14,0
000268 9aa1      	SBI  0x14,1
000269 98aa      	CBI  0x15,2
00026a 98a8      	CBI  0x15,0
00026b 98a9      	CBI  0x15,1
00026c 80c8      	LDD  R12,Y+0
00026d 81e8      	LD   R30,Y
00026e 58e0      	SUBI R30,-LOW(128)
                +
00026f 93e0 0184+STS __base_y_G100 + ( 2 ) , R30
                 	__PUTB1MN __base_y_G100,2
000271 81e8      	LD   R30,Y
000272 54e0      	SUBI R30,-LOW(192)
                +
000273 93e0 0185+STS __base_y_G100 + ( 3 ) , R30
                 	__PUTB1MN __base_y_G100,3
000275 e1a4      	LDI  R26,LOW(20)
000276 e0b0      	LDI  R27,0
000277 940e 02a5 	CALL _delay_ms
000279 940e 029d 	CALL SUBOPT_0x2
00027b 940e 029d 	CALL SUBOPT_0x2
00027d 940e 029d 	CALL SUBOPT_0x2
00027f e2a0      	LDI  R26,LOW(32)
000280 df82      	RCALL __lcd_write_nibble_G100
                +
000281 ec88     +LDI R24 , LOW ( 200 )
000282 e090     +LDI R25 , HIGH ( 200 )
                +__DELAY_USW_LOOP :
000283 9701     +SBIW R24 , 1
000284 f7f1     +BRNE __DELAY_USW_LOOP
                 	__DELAY_USW 200
000285 e2a8      	LDI  R26,LOW(40)
000286 df90      	RCALL __lcd_write_data
000287 e0a4      	LDI  R26,LOW(4)
000288 df8e      	RCALL __lcd_write_data
000289 e8a5      	LDI  R26,LOW(133)
00028a df8c      	RCALL __lcd_write_data
00028b e0a6      	LDI  R26,LOW(6)
00028c df8a      	RCALL __lcd_write_data
00028d dfa2      	RCALL _lcd_clear
                 _0x2080001:
00028e 9621      	ADIW R28,1
00028f 9508      	RET
                 ; .FEND
                 	#ifndef __SLEEP_DEFINED__
                 	#endif
                 
                 	.CSEG
                 
                 	.CSEG
                 
                 	.CSEG
                 
                 	.DSEG
                 _rx_buffer:
000172           	.BYTE 0x8
                 _tx_buffer:
00017a           	.BYTE 0x8
                 __base_y_G100:
000182           	.BYTE 0x4
                 
                 	.CSEG
                 ;OPTIMIZER ADDED SUBROUTINE, CALLED 9 TIMES, CODE SIZE REDUCTION:29 WORDS
                 SUBOPT_0x0:
000290 b9ea      	OUT  0xA,R30
000291 e1a0      	LDI  R26,LOW(16)
000292 940e 0262 	CALL _lcd_init
000294 e0e0      	LDI  R30,LOW(0)
000295 93ea      	ST   -Y,R30
000296 9508      	RET
                 
                 ;OPTIMIZER ADDED SUBROUTINE, CALLED 2 TIMES, CODE SIZE REDUCTION:1 WORDS
                 SUBOPT_0x1:
000297 940e 0217 	CALL __lcd_write_data
000299 e0a3      	LDI  R26,LOW(3)
00029a e0b0      	LDI  R27,0
00029b 940c 02a5 	JMP  _delay_ms
                 
                 ;OPTIMIZER ADDED SUBROUTINE, CALLED 3 TIMES, CODE SIZE REDUCTION:7 WORDS
                 SUBOPT_0x2:
00029d e3a0      	LDI  R26,LOW(48)
00029e 940e 0203 	CALL __lcd_write_nibble_G100
                +
0002a0 ec88     +LDI R24 , LOW ( 200 )
0002a1 e090     +LDI R25 , HIGH ( 200 )
                +__DELAY_USW_LOOP :
0002a2 9701     +SBIW R24 , 1
0002a3 f7f1     +BRNE __DELAY_USW_LOOP
                 	__DELAY_USW 200
0002a4 9508      	RET
                 
                 
                 	.CSEG
                 _delay_ms:
0002a5 9610      	adiw r26,0
0002a6 f039      	breq __delay_ms1
                 __delay_ms0:
                +
0002a7 ed80     +LDI R24 , LOW ( 0x7D0 )
0002a8 e097     +LDI R25 , HIGH ( 0x7D0 )
                +__DELAY_USW_LOOP :
0002a9 9701     +SBIW R24 , 1
0002aa f7f1     +BRNE __DELAY_USW_LOOP
                 	__DELAY_USW 0x7D0
0002ab 95a8      	wdr
0002ac 9711      	sbiw r26,1
0002ad f7c9      	brne __delay_ms0
                 __delay_ms1:
0002ae 9508      	ret
                 
                 __ANEGW1:
0002af 95f1      	NEG  R31
0002b0 95e1      	NEG  R30
0002b1 40f0      	SBCI R31,0
0002b2 9508      	RET
                 
                 __ANEGD1:
0002b3 95f0      	COM  R31
0002b4 9560      	COM  R22
0002b5 9570      	COM  R23
0002b6 95e1      	NEG  R30
0002b7 4fff      	SBCI R31,-1
0002b8 4f6f      	SBCI R22,-1
0002b9 4f7f      	SBCI R23,-1
0002ba 9508      	RET
                 
                 __CWD1:
0002bb 2f6f      	MOV  R22,R31
0002bc 0f66      	ADD  R22,R22
0002bd 0b66      	SBC  R22,R22
0002be 2f76      	MOV  R23,R22
0002bf 9508      	RET
                 
                 __DIVW21U:
0002c0 2400      	CLR  R0
0002c1 2411      	CLR  R1
0002c2 e190      	LDI  R25,16
                 __DIVW21U1:
0002c3 0faa      	LSL  R26
0002c4 1fbb      	ROL  R27
0002c5 1c00      	ROL  R0
0002c6 1c11      	ROL  R1
0002c7 1a0e      	SUB  R0,R30
0002c8 0a1f      	SBC  R1,R31
0002c9 f418      	BRCC __DIVW21U2
0002ca 0e0e      	ADD  R0,R30
0002cb 1e1f      	ADC  R1,R31
0002cc c001      	RJMP __DIVW21U3
                 __DIVW21U2:
0002cd 60a1      	SBR  R26,1
                 __DIVW21U3:
0002ce 959a      	DEC  R25
0002cf f799      	BRNE __DIVW21U1
0002d0 01fd      	MOVW R30,R26
0002d1 01d0      	MOVW R26,R0
0002d2 9508      	RET
                 
                 __DIVW21:
0002d3 d02e      	RCALL __CHKSIGNW
0002d4 dfeb      	RCALL __DIVW21U
0002d5 f40e      	BRTC __DIVW211
0002d6 dfd8      	RCALL __ANEGW1
                 __DIVW211:
0002d7 9508      	RET
                 
                 __DIVD21U:
0002d8 933f      	PUSH R19
0002d9 934f      	PUSH R20
0002da 935f      	PUSH R21
0002db 2400      	CLR  R0
0002dc 2411      	CLR  R1
0002dd 2744      	CLR  R20
0002de 2755      	CLR  R21
0002df e230      	LDI  R19,32
                 __DIVD21U1:
0002e0 0faa      	LSL  R26
0002e1 1fbb      	ROL  R27
0002e2 1f88      	ROL  R24
0002e3 1f99      	ROL  R25
0002e4 1c00      	ROL  R0
0002e5 1c11      	ROL  R1
0002e6 1f44      	ROL  R20
0002e7 1f55      	ROL  R21
0002e8 1a0e      	SUB  R0,R30
0002e9 0a1f      	SBC  R1,R31
0002ea 0b46      	SBC  R20,R22
0002eb 0b57      	SBC  R21,R23
0002ec f428      	BRCC __DIVD21U2
0002ed 0e0e      	ADD  R0,R30
0002ee 1e1f      	ADC  R1,R31
0002ef 1f46      	ADC  R20,R22
0002f0 1f57      	ADC  R21,R23
0002f1 c001      	RJMP __DIVD21U3
                 __DIVD21U2:
0002f2 60a1      	SBR  R26,1
                 __DIVD21U3:
0002f3 953a      	DEC  R19
0002f4 f759      	BRNE __DIVD21U1
0002f5 01fd      	MOVW R30,R26
0002f6 01bc      	MOVW R22,R24
0002f7 01d0      	MOVW R26,R0
0002f8 01ca      	MOVW R24,R20
0002f9 915f      	POP  R21
0002fa 914f      	POP  R20
0002fb 913f      	POP  R19
0002fc 9508      	RET
                 
                 __DIVD21:
0002fd d012      	RCALL __CHKSIGND
0002fe dfd9      	RCALL __DIVD21U
0002ff f40e      	BRTC __DIVD211
000300 dfb2      	RCALL __ANEGD1
                 __DIVD211:
000301 9508      	RET
                 
                 __CHKSIGNW:
000302 94e8      	CLT
000303 fff7      	SBRS R31,7
000304 c002      	RJMP __CHKSW1
000305 dfa9      	RCALL __ANEGW1
000306 9468      	SET
                 __CHKSW1:
000307 ffb7      	SBRS R27,7
000308 c006      	RJMP __CHKSW2
000309 95a0      	COM  R26
00030a 95b0      	COM  R27
00030b 9611      	ADIW R26,1
00030c f800      	BLD  R0,0
00030d 9403      	INC  R0
00030e fa00      	BST  R0,0
                 __CHKSW2:
00030f 9508      	RET
                 
                 __CHKSIGND:
000310 94e8      	CLT
000311 ff77      	SBRS R23,7
000312 c002      	RJMP __CHKSD1
000313 df9f      	RCALL __ANEGD1
000314 9468      	SET
                 __CHKSD1:
000315 ff97      	SBRS R25,7
000316 c00b      	RJMP __CHKSD2
000317 2400      	CLR  R0
000318 95a0      	COM  R26
000319 95b0      	COM  R27
00031a 9580      	COM  R24
00031b 9590      	COM  R25
00031c 9611      	ADIW R26,1
00031d 1d80      	ADC  R24,R0
00031e 1d90      	ADC  R25,R0
00031f f800      	BLD  R0,0
000320 9403      	INC  R0
000321 fa00      	BST  R0,0
                 __CHKSD2:
000322 9508      	RET
                 
                 __SAVELOCR6:
000323 935a      	ST   -Y,R21
                 __SAVELOCR5:
000324 934a      	ST   -Y,R20
                 __SAVELOCR4:
000325 933a      	ST   -Y,R19
                 __SAVELOCR3:
000326 932a      	ST   -Y,R18
                 __SAVELOCR2:
000327 931a      	ST   -Y,R17
000328 930a      	ST   -Y,R16
000329 9508      	RET
                 
                 __LOADLOCR6:
00032a 815d      	LDD  R21,Y+5
                 __LOADLOCR5:
00032b 814c      	LDD  R20,Y+4
                 __LOADLOCR4:
00032c 813b      	LDD  R19,Y+3
                 __LOADLOCR3:
00032d 812a      	LDD  R18,Y+2
                 __LOADLOCR2:
00032e 8119      	LDD  R17,Y+1
00032f 8108      	LD   R16,Y
000330 9508      	RET
                 
                 ;END OF CODE MARKER
                 __END_OF_CODE:


RESOURCE USE INFORMATION
------------------------

Notice:
The register and instruction counts are symbol table hit counts,
and hence implicitly used resources are not counted, eg, the
'lpm' instruction without operands implicitly uses r0 and z,
none of which are counted.

x,y,z are separate entities in the symbol table and are
counted separately from r26..r31 here.

.dseg memory usage only counts static data declared with .byte

ATmega16 register use summary:
r0 :  23 r1 :   9 r2 :   1 r3 :   0 r4 :   4 r5 :   2 r6 :   5 r7 :   4 
r8 :   4 r9 :   4 r10:   4 r11:   5 r12:   2 r13:   4 r14:   0 r15:   0 
r16:   9 r17:  14 r18:   5 r19:   6 r20:  11 r21:   8 r22:  13 r23:   6 
r24:  27 r25:  12 r26: 115 r27:  44 r28:   5 r29:   1 r30: 160 r31:  34 
x  :   4 y  : 104 z  :  12 
Registers used: 32 out of 35 (91.4%)

ATmega16 instruction use summary:
.lds  :   0 .lds.l:   0 .sts  :   0 .sts.l:   0 adc   :   6 add   :   4 
adiw  :   7 and   :   0 andi  :   3 asr   :   0 bclr  :   0 bld   :   3 
brbc  :   0 brbs  :   0 brcc  :   2 brcs  :   0 break :   0 breq  :  16 
brge  :   0 brhc  :   0 brhs  :   0 brid  :   0 brie  :   0 brlo  :   1 
brlt  :   0 brmi  :   0 brne  :  30 brpl  :   0 brsh  :   0 brtc  :   2 
brts  :   0 brvc  :   0 brvs  :   0 bset  :   0 bst   :   2 call  :  28 
cbi   :   5 cbr   :   0 clc   :   0 clh   :   0 cli   :   7 cln   :   0 
clr   :  14 cls   :   0 clt   :   2 clv   :   0 clz   :   0 com   :   9 
cp    :   7 cpc   :   0 cpi   :   3 cpse  :   0 dec   :   9 des   :   0 
eor   :   0 fmul  :   0 fmuls :   0 fmulsu:   0 icall :   0 ijmp  :   0 
in    :   6 inc   :  10 jmp   :  24 ld    :  23 ldd   :  50 ldi   : 110 
lds   :   0 lpm   :   7 lsl   :   3 lsr   :   0 mov   :  17 movw  :  14 
mul   :   0 muls  :   0 mulsu :   0 neg   :   3 nop   :   0 or    :   1 
ori   :   1 out   :  51 pop   :   3 push  :   3 rcall :  34 ret   :  20 
reti  :   1 rjmp  :  34 rol   :  11 ror   :   0 sbc   :   6 sbci  :   9 
sbi   :   5 sbic  :   1 sbis  :   0 sbiw  :  26 sbr   :   2 sbrc  :   0 
sbrs  :   4 sec   :   0 seh   :   0 sei   :   3 sen   :   0 ser   :   0 
ses   :   0 set   :   3 sev   :   0 sez   :   0 sleep :   0 spm   :   0 
st    :  37 std   :   3 sts   :   2 sub   :   3 subi  :   7 swap  :   1 
tst   :   3 wdr   :   1 
Instructions used: 58 out of 116 (50.0%)

ATmega16 memory use summary [bytes]:
Segment   Begin    End      Code   Data   Used    Size   Use%
---------------------------------------------------------------
[.cseg] 0x000000 0x000662   1512    122   1634   16384  10.0%
[.dseg] 0x000060 0x000186      0     38     38    1024   3.7%
[.eseg] 0x000000 0x000000      0      0      0     512   0.0%

Assembly complete, 0 errors, 10 warnings
