
AVRASM ver. 2.1.30  C:\Users\farkoo\Documents\codevision\2\Debug\List\3.asm Mon Apr 05 10:51:28 2021

C:\Users\farkoo\Documents\codevision\2\Debug\List\3.asm(1088): warning: Register r5 already defined by the .DEF directive
C:\Users\farkoo\Documents\codevision\2\Debug\List\3.asm(1089): warning: Register r4 already defined by the .DEF directive
C:\Users\farkoo\Documents\codevision\2\Debug\List\3.asm(1090): warning: Register r7 already defined by the .DEF directive
                 
                 
                 ;CodeVisionAVR C Compiler V3.12 Advanced
                 ;(C) Copyright 1998-2014 Pavel Haiduc, HP InfoTech s.r.l.
                 ;http://www.hpinfotech.com
                 
                 ;Build configuration    : Debug
                 ;Chip type              : ATmega16
                 ;Program type           : Application
                 ;Clock frequency        : 8.000000 MHz
                 ;Memory model           : Small
                 ;Optimize for           : Size
                 ;(s)printf features     : int, width
                 ;(s)scanf features      : int, width
                 ;External RAM size      : 0
                 ;Data Stack size        : 256 byte(s)
                 ;Heap size              : 0 byte(s)
                 ;Promote 'char' to 'int': Yes
                 ;'char' is unsigned     : Yes
                 ;8 bit enums            : Yes
                 ;Global 'const' stored in FLASH: Yes
                 ;Enhanced function parameter passing: Yes
                 ;Enhanced core instructions: On
                 ;Automatic register allocation for global variables: On
                 ;Smart register allocation: On
                 
                 	#define _MODEL_SMALL_
                 
                 	#pragma AVRPART ADMIN PART_NAME ATmega16
                 	#pragma AVRPART MEMORY PROG_FLASH 16384
                 	#pragma AVRPART MEMORY EEPROM 512
                 	#pragma AVRPART MEMORY INT_SRAM SIZE 1024
                 	#pragma AVRPART MEMORY INT_SRAM START_ADDR 0x60
                 
                 	#define CALL_SUPPORTED 1
                 
                 	.LISTMAC
                 	.EQU UDRE=0x5
                 	.EQU RXC=0x7
                 	.EQU USR=0xB
                 	.EQU UDR=0xC
                 	.EQU SPSR=0xE
                 	.EQU SPDR=0xF
                 	.EQU EERE=0x0
                 	.EQU EEWE=0x1
                 	.EQU EEMWE=0x2
                 	.EQU EECR=0x1C
                 	.EQU EEDR=0x1D
                 	.EQU EEARL=0x1E
                 	.EQU EEARH=0x1F
                 	.EQU WDTCR=0x21
                 	.EQU MCUCR=0x35
                 	.EQU GICR=0x3B
                 	.EQU SPL=0x3D
                 	.EQU SPH=0x3E
                 	.EQU SREG=0x3F
                 
                 	.DEF R0X0=R0
                 	.DEF R0X1=R1
                 	.DEF R0X2=R2
                 	.DEF R0X3=R3
                 	.DEF R0X4=R4
                 	.DEF R0X5=R5
                 	.DEF R0X6=R6
                 	.DEF R0X7=R7
                 	.DEF R0X8=R8
                 	.DEF R0X9=R9
                 	.DEF R0XA=R10
                 	.DEF R0XB=R11
                 	.DEF R0XC=R12
                 	.DEF R0XD=R13
                 	.DEF R0XE=R14
                 	.DEF R0XF=R15
                 	.DEF R0X10=R16
                 	.DEF R0X11=R17
                 	.DEF R0X12=R18
                 	.DEF R0X13=R19
                 	.DEF R0X14=R20
                 	.DEF R0X15=R21
                 	.DEF R0X16=R22
                 	.DEF R0X17=R23
                 	.DEF R0X18=R24
                 	.DEF R0X19=R25
                 	.DEF R0X1A=R26
                 	.DEF R0X1B=R27
                 	.DEF R0X1C=R28
                 	.DEF R0X1D=R29
                 	.DEF R0X1E=R30
                 	.DEF R0X1F=R31
                 
                 	.EQU __SRAM_START=0x0060
                 	.EQU __SRAM_END=0x045F
                 	.EQU __DSTACK_SIZE=0x0100
                 	.EQU __HEAP_SIZE=0x0000
                 	.EQU __CLEAR_SRAM_SIZE=__SRAM_END-__SRAM_START+1
                 
                 	.MACRO __CPD1N
                 	CPI  R30,LOW(@0)
                 	LDI  R26,HIGH(@0)
                 	CPC  R31,R26
                 	LDI  R26,BYTE3(@0)
                 	CPC  R22,R26
                 	LDI  R26,BYTE4(@0)
                 	CPC  R23,R26
                 	.ENDM
                 
                 	.MACRO __CPD2N
                 	CPI  R26,LOW(@0)
                 	LDI  R30,HIGH(@0)
                 	CPC  R27,R30
                 	LDI  R30,BYTE3(@0)
                 	CPC  R24,R30
                 	LDI  R30,BYTE4(@0)
                 	CPC  R25,R30
                 	.ENDM
                 
                 	.MACRO __CPWRR
                 	CP   R@0,R@2
                 	CPC  R@1,R@3
                 	.ENDM
                 
                 	.MACRO __CPWRN
                 	CPI  R@0,LOW(@2)
                 	LDI  R30,HIGH(@2)
                 	CPC  R@1,R30
                 	.ENDM
                 
                 	.MACRO __ADDB1MN
                 	SUBI R30,LOW(-@0-(@1))
                 	.ENDM
                 
                 	.MACRO __ADDB2MN
                 	SUBI R26,LOW(-@0-(@1))
                 	.ENDM
                 
                 	.MACRO __ADDW1MN
                 	SUBI R30,LOW(-@0-(@1))
                 	SBCI R31,HIGH(-@0-(@1))
                 	.ENDM
                 
                 	.MACRO __ADDW2MN
                 	SUBI R26,LOW(-@0-(@1))
                 	SBCI R27,HIGH(-@0-(@1))
                 	.ENDM
                 
                 	.MACRO __ADDW1FN
                 	SUBI R30,LOW(-2*@0-(@1))
                 	SBCI R31,HIGH(-2*@0-(@1))
                 	.ENDM
                 
                 	.MACRO __ADDD1FN
                 	SUBI R30,LOW(-2*@0-(@1))
                 	SBCI R31,HIGH(-2*@0-(@1))
                 	SBCI R22,BYTE3(-2*@0-(@1))
                 	.ENDM
                 
                 	.MACRO __ADDD1N
                 	SUBI R30,LOW(-@0)
                 	SBCI R31,HIGH(-@0)
                 	SBCI R22,BYTE3(-@0)
                 	SBCI R23,BYTE4(-@0)
                 	.ENDM
                 
                 	.MACRO __ADDD2N
                 	SUBI R26,LOW(-@0)
                 	SBCI R27,HIGH(-@0)
                 	SBCI R24,BYTE3(-@0)
                 	SBCI R25,BYTE4(-@0)
                 	.ENDM
                 
                 	.MACRO __SUBD1N
                 	SUBI R30,LOW(@0)
                 	SBCI R31,HIGH(@0)
                 	SBCI R22,BYTE3(@0)
                 	SBCI R23,BYTE4(@0)
                 	.ENDM
                 
                 	.MACRO __SUBD2N
                 	SUBI R26,LOW(@0)
                 	SBCI R27,HIGH(@0)
                 	SBCI R24,BYTE3(@0)
                 	SBCI R25,BYTE4(@0)
                 	.ENDM
                 
                 	.MACRO __ANDBMNN
                 	LDS  R30,@0+(@1)
                 	ANDI R30,LOW(@2)
                 	STS  @0+(@1),R30
                 	.ENDM
                 
                 	.MACRO __ANDWMNN
                 	LDS  R30,@0+(@1)
                 	ANDI R30,LOW(@2)
                 	STS  @0+(@1),R30
                 	LDS  R30,@0+(@1)+1
                 	ANDI R30,HIGH(@2)
                 	STS  @0+(@1)+1,R30
                 	.ENDM
                 
                 	.MACRO __ANDD1N
                 	ANDI R30,LOW(@0)
                 	ANDI R31,HIGH(@0)
                 	ANDI R22,BYTE3(@0)
                 	ANDI R23,BYTE4(@0)
                 	.ENDM
                 
                 	.MACRO __ANDD2N
                 	ANDI R26,LOW(@0)
                 	ANDI R27,HIGH(@0)
                 	ANDI R24,BYTE3(@0)
                 	ANDI R25,BYTE4(@0)
                 	.ENDM
                 
                 	.MACRO __ORBMNN
                 	LDS  R30,@0+(@1)
                 	ORI  R30,LOW(@2)
                 	STS  @0+(@1),R30
                 	.ENDM
                 
                 	.MACRO __ORWMNN
                 	LDS  R30,@0+(@1)
                 	ORI  R30,LOW(@2)
                 	STS  @0+(@1),R30
                 	LDS  R30,@0+(@1)+1
                 	ORI  R30,HIGH(@2)
                 	STS  @0+(@1)+1,R30
                 	.ENDM
                 
                 	.MACRO __ORD1N
                 	ORI  R30,LOW(@0)
                 	ORI  R31,HIGH(@0)
                 	ORI  R22,BYTE3(@0)
                 	ORI  R23,BYTE4(@0)
                 	.ENDM
                 
                 	.MACRO __ORD2N
                 	ORI  R26,LOW(@0)
                 	ORI  R27,HIGH(@0)
                 	ORI  R24,BYTE3(@0)
                 	ORI  R25,BYTE4(@0)
                 	.ENDM
                 
                 	.MACRO __DELAY_USB
                 	LDI  R24,LOW(@0)
                 __DELAY_USB_LOOP:
                 	DEC  R24
                 	BRNE __DELAY_USB_LOOP
                 	.ENDM
                 
                 	.MACRO __DELAY_USW
                 	LDI  R24,LOW(@0)
                 	LDI  R25,HIGH(@0)
                 __DELAY_USW_LOOP:
                 	SBIW R24,1
                 	BRNE __DELAY_USW_LOOP
                 	.ENDM
                 
                 	.MACRO __GETD1S
                 	LDD  R30,Y+@0
                 	LDD  R31,Y+@0+1
                 	LDD  R22,Y+@0+2
                 	LDD  R23,Y+@0+3
                 	.ENDM
                 
                 	.MACRO __GETD2S
                 	LDD  R26,Y+@0
                 	LDD  R27,Y+@0+1
                 	LDD  R24,Y+@0+2
                 	LDD  R25,Y+@0+3
                 	.ENDM
                 
                 	.MACRO __PUTD1S
                 	STD  Y+@0,R30
                 	STD  Y+@0+1,R31
                 	STD  Y+@0+2,R22
                 	STD  Y+@0+3,R23
                 	.ENDM
                 
                 	.MACRO __PUTD2S
                 	STD  Y+@0,R26
                 	STD  Y+@0+1,R27
                 	STD  Y+@0+2,R24
                 	STD  Y+@0+3,R25
                 	.ENDM
                 
                 	.MACRO __PUTDZ2
                 	STD  Z+@0,R26
                 	STD  Z+@0+1,R27
                 	STD  Z+@0+2,R24
                 	STD  Z+@0+3,R25
                 	.ENDM
                 
                 	.MACRO __CLRD1S
                 	STD  Y+@0,R30
                 	STD  Y+@0+1,R30
                 	STD  Y+@0+2,R30
                 	STD  Y+@0+3,R30
                 	.ENDM
                 
                 	.MACRO __POINTB1MN
                 	LDI  R30,LOW(@0+(@1))
                 	.ENDM
                 
                 	.MACRO __POINTW1MN
                 	LDI  R30,LOW(@0+(@1))
                 	LDI  R31,HIGH(@0+(@1))
                 	.ENDM
                 
                 	.MACRO __POINTD1M
                 	LDI  R30,LOW(@0)
                 	LDI  R31,HIGH(@0)
                 	LDI  R22,BYTE3(@0)
                 	LDI  R23,BYTE4(@0)
                 	.ENDM
                 
                 	.MACRO __POINTW1FN
                 	LDI  R30,LOW(2*@0+(@1))
                 	LDI  R31,HIGH(2*@0+(@1))
                 	.ENDM
                 
                 	.MACRO __POINTD1FN
                 	LDI  R30,LOW(2*@0+(@1))
                 	LDI  R31,HIGH(2*@0+(@1))
                 	LDI  R22,BYTE3(2*@0+(@1))
                 	LDI  R23,BYTE4(2*@0+(@1))
                 	.ENDM
                 
                 	.MACRO __POINTB2MN
                 	LDI  R26,LOW(@0+(@1))
                 	.ENDM
                 
                 	.MACRO __POINTW2MN
                 	LDI  R26,LOW(@0+(@1))
                 	LDI  R27,HIGH(@0+(@1))
                 	.ENDM
                 
                 	.MACRO __POINTW2FN
                 	LDI  R26,LOW(2*@0+(@1))
                 	LDI  R27,HIGH(2*@0+(@1))
                 	.ENDM
                 
                 	.MACRO __POINTD2FN
                 	LDI  R26,LOW(2*@0+(@1))
                 	LDI  R27,HIGH(2*@0+(@1))
                 	LDI  R24,BYTE3(2*@0+(@1))
                 	LDI  R25,BYTE4(2*@0+(@1))
                 	.ENDM
                 
                 	.MACRO __POINTBRM
                 	LDI  R@0,LOW(@1)
                 	.ENDM
                 
                 	.MACRO __POINTWRM
                 	LDI  R@0,LOW(@2)
                 	LDI  R@1,HIGH(@2)
                 	.ENDM
                 
                 	.MACRO __POINTBRMN
                 	LDI  R@0,LOW(@1+(@2))
                 	.ENDM
                 
                 	.MACRO __POINTWRMN
                 	LDI  R@0,LOW(@2+(@3))
                 	LDI  R@1,HIGH(@2+(@3))
                 	.ENDM
                 
                 	.MACRO __POINTWRFN
                 	LDI  R@0,LOW(@2*2+(@3))
                 	LDI  R@1,HIGH(@2*2+(@3))
                 	.ENDM
                 
                 	.MACRO __GETD1N
                 	LDI  R30,LOW(@0)
                 	LDI  R31,HIGH(@0)
                 	LDI  R22,BYTE3(@0)
                 	LDI  R23,BYTE4(@0)
                 	.ENDM
                 
                 	.MACRO __GETD2N
                 	LDI  R26,LOW(@0)
                 	LDI  R27,HIGH(@0)
                 	LDI  R24,BYTE3(@0)
                 	LDI  R25,BYTE4(@0)
                 	.ENDM
                 
                 	.MACRO __GETB1MN
                 	LDS  R30,@0+(@1)
                 	.ENDM
                 
                 	.MACRO __GETB1HMN
                 	LDS  R31,@0+(@1)
                 	.ENDM
                 
                 	.MACRO __GETW1MN
                 	LDS  R30,@0+(@1)
                 	LDS  R31,@0+(@1)+1
                 	.ENDM
                 
                 	.MACRO __GETD1MN
                 	LDS  R30,@0+(@1)
                 	LDS  R31,@0+(@1)+1
                 	LDS  R22,@0+(@1)+2
                 	LDS  R23,@0+(@1)+3
                 	.ENDM
                 
                 	.MACRO __GETBRMN
                 	LDS  R@0,@1+(@2)
                 	.ENDM
                 
                 	.MACRO __GETWRMN
                 	LDS  R@0,@2+(@3)
                 	LDS  R@1,@2+(@3)+1
                 	.ENDM
                 
                 	.MACRO __GETWRZ
                 	LDD  R@0,Z+@2
                 	LDD  R@1,Z+@2+1
                 	.ENDM
                 
                 	.MACRO __GETD2Z
                 	LDD  R26,Z+@0
                 	LDD  R27,Z+@0+1
                 	LDD  R24,Z+@0+2
                 	LDD  R25,Z+@0+3
                 	.ENDM
                 
                 	.MACRO __GETB2MN
                 	LDS  R26,@0+(@1)
                 	.ENDM
                 
                 	.MACRO __GETW2MN
                 	LDS  R26,@0+(@1)
                 	LDS  R27,@0+(@1)+1
                 	.ENDM
                 
                 	.MACRO __GETD2MN
                 	LDS  R26,@0+(@1)
                 	LDS  R27,@0+(@1)+1
                 	LDS  R24,@0+(@1)+2
                 	LDS  R25,@0+(@1)+3
                 	.ENDM
                 
                 	.MACRO __PUTB1MN
                 	STS  @0+(@1),R30
                 	.ENDM
                 
                 	.MACRO __PUTW1MN
                 	STS  @0+(@1),R30
                 	STS  @0+(@1)+1,R31
                 	.ENDM
                 
                 	.MACRO __PUTD1MN
                 	STS  @0+(@1),R30
                 	STS  @0+(@1)+1,R31
                 	STS  @0+(@1)+2,R22
                 	STS  @0+(@1)+3,R23
                 	.ENDM
                 
                 	.MACRO __PUTB1EN
                 	LDI  R26,LOW(@0+(@1))
                 	LDI  R27,HIGH(@0+(@1))
                 	CALL __EEPROMWRB
                 	.ENDM
                 
                 	.MACRO __PUTW1EN
                 	LDI  R26,LOW(@0+(@1))
                 	LDI  R27,HIGH(@0+(@1))
                 	CALL __EEPROMWRW
                 	.ENDM
                 
                 	.MACRO __PUTD1EN
                 	LDI  R26,LOW(@0+(@1))
                 	LDI  R27,HIGH(@0+(@1))
                 	CALL __EEPROMWRD
                 	.ENDM
                 
                 	.MACRO __PUTBR0MN
                 	STS  @0+(@1),R0
                 	.ENDM
                 
                 	.MACRO __PUTBMRN
                 	STS  @0+(@1),R@2
                 	.ENDM
                 
                 	.MACRO __PUTWMRN
                 	STS  @0+(@1),R@2
                 	STS  @0+(@1)+1,R@3
                 	.ENDM
                 
                 	.MACRO __PUTBZR
                 	STD  Z+@1,R@0
                 	.ENDM
                 
                 	.MACRO __PUTWZR
                 	STD  Z+@2,R@0
                 	STD  Z+@2+1,R@1
                 	.ENDM
                 
                 	.MACRO __GETW1R
                 	MOV  R30,R@0
                 	MOV  R31,R@1
                 	.ENDM
                 
                 	.MACRO __GETW2R
                 	MOV  R26,R@0
                 	MOV  R27,R@1
                 	.ENDM
                 
                 	.MACRO __GETWRN
                 	LDI  R@0,LOW(@2)
                 	LDI  R@1,HIGH(@2)
                 	.ENDM
                 
                 	.MACRO __PUTW1R
                 	MOV  R@0,R30
                 	MOV  R@1,R31
                 	.ENDM
                 
                 	.MACRO __PUTW2R
                 	MOV  R@0,R26
                 	MOV  R@1,R27
                 	.ENDM
                 
                 	.MACRO __ADDWRN
                 	SUBI R@0,LOW(-@2)
                 	SBCI R@1,HIGH(-@2)
                 	.ENDM
                 
                 	.MACRO __ADDWRR
                 	ADD  R@0,R@2
                 	ADC  R@1,R@3
                 	.ENDM
                 
                 	.MACRO __SUBWRN
                 	SUBI R@0,LOW(@2)
                 	SBCI R@1,HIGH(@2)
                 	.ENDM
                 
                 	.MACRO __SUBWRR
                 	SUB  R@0,R@2
                 	SBC  R@1,R@3
                 	.ENDM
                 
                 	.MACRO __ANDWRN
                 	ANDI R@0,LOW(@2)
                 	ANDI R@1,HIGH(@2)
                 	.ENDM
                 
                 	.MACRO __ANDWRR
                 	AND  R@0,R@2
                 	AND  R@1,R@3
                 	.ENDM
                 
                 	.MACRO __ORWRN
                 	ORI  R@0,LOW(@2)
                 	ORI  R@1,HIGH(@2)
                 	.ENDM
                 
                 	.MACRO __ORWRR
                 	OR   R@0,R@2
                 	OR   R@1,R@3
                 	.ENDM
                 
                 	.MACRO __EORWRR
                 	EOR  R@0,R@2
                 	EOR  R@1,R@3
                 	.ENDM
                 
                 	.MACRO __GETWRS
                 	LDD  R@0,Y+@2
                 	LDD  R@1,Y+@2+1
                 	.ENDM
                 
                 	.MACRO __PUTBSR
                 	STD  Y+@1,R@0
                 	.ENDM
                 
                 	.MACRO __PUTWSR
                 	STD  Y+@2,R@0
                 	STD  Y+@2+1,R@1
                 	.ENDM
                 
                 	.MACRO __MOVEWRR
                 	MOV  R@0,R@2
                 	MOV  R@1,R@3
                 	.ENDM
                 
                 	.MACRO __INWR
                 	IN   R@0,@2
                 	IN   R@1,@2+1
                 	.ENDM
                 
                 	.MACRO __OUTWR
                 	OUT  @2+1,R@1
                 	OUT  @2,R@0
                 	.ENDM
                 
                 	.MACRO __CALL1MN
                 	LDS  R30,@0+(@1)
                 	LDS  R31,@0+(@1)+1
                 	ICALL
                 	.ENDM
                 
                 	.MACRO __CALL1FN
                 	LDI  R30,LOW(2*@0+(@1))
                 	LDI  R31,HIGH(2*@0+(@1))
                 	CALL __GETW1PF
                 	ICALL
                 	.ENDM
                 
                 	.MACRO __CALL2EN
                 	PUSH R26
                 	PUSH R27
                 	LDI  R26,LOW(@0+(@1))
                 	LDI  R27,HIGH(@0+(@1))
                 	CALL __EEPROMRDW
                 	POP  R27
                 	POP  R26
                 	ICALL
                 	.ENDM
                 
                 	.MACRO __CALL2EX
                 	SUBI R26,LOW(-@0)
                 	SBCI R27,HIGH(-@0)
                 	CALL __EEPROMRDD
                 	ICALL
                 	.ENDM
                 
                 	.MACRO __GETW1STACK
                 	IN   R30,SPL
                 	IN   R31,SPH
                 	ADIW R30,@0+1
                 	LD   R0,Z+
                 	LD   R31,Z
                 	MOV  R30,R0
                 	.ENDM
                 
                 	.MACRO __GETD1STACK
                 	IN   R30,SPL
                 	IN   R31,SPH
                 	ADIW R30,@0+1
                 	LD   R0,Z+
                 	LD   R1,Z+
                 	LD   R22,Z
                 	MOVW R30,R0
                 	.ENDM
                 
                 	.MACRO __NBST
                 	BST  R@0,@1
                 	IN   R30,SREG
                 	LDI  R31,0x40
                 	EOR  R30,R31
                 	OUT  SREG,R30
                 	.ENDM
                 
                 
                 	.MACRO __PUTB1SN
                 	LDD  R26,Y+@0
                 	LDD  R27,Y+@0+1
                 	SUBI R26,LOW(-@1)
                 	SBCI R27,HIGH(-@1)
                 	ST   X,R30
                 	.ENDM
                 
                 	.MACRO __PUTW1SN
                 	LDD  R26,Y+@0
                 	LDD  R27,Y+@0+1
                 	SUBI R26,LOW(-@1)
                 	SBCI R27,HIGH(-@1)
                 	ST   X+,R30
                 	ST   X,R31
                 	.ENDM
                 
                 	.MACRO __PUTD1SN
                 	LDD  R26,Y+@0
                 	LDD  R27,Y+@0+1
                 	SUBI R26,LOW(-@1)
                 	SBCI R27,HIGH(-@1)
                 	CALL __PUTDP1
                 	.ENDM
                 
                 	.MACRO __PUTB1SNS
                 	LDD  R26,Y+@0
                 	LDD  R27,Y+@0+1
                 	ADIW R26,@1
                 	ST   X,R30
                 	.ENDM
                 
                 	.MACRO __PUTW1SNS
                 	LDD  R26,Y+@0
                 	LDD  R27,Y+@0+1
                 	ADIW R26,@1
                 	ST   X+,R30
                 	ST   X,R31
                 	.ENDM
                 
                 	.MACRO __PUTD1SNS
                 	LDD  R26,Y+@0
                 	LDD  R27,Y+@0+1
                 	ADIW R26,@1
                 	CALL __PUTDP1
                 	.ENDM
                 
                 	.MACRO __PUTB1PMN
                 	LDS  R26,@0
                 	LDS  R27,@0+1
                 	SUBI R26,LOW(-@1)
                 	SBCI R27,HIGH(-@1)
                 	ST   X,R30
                 	.ENDM
                 
                 	.MACRO __PUTW1PMN
                 	LDS  R26,@0
                 	LDS  R27,@0+1
                 	SUBI R26,LOW(-@1)
                 	SBCI R27,HIGH(-@1)
                 	ST   X+,R30
                 	ST   X,R31
                 	.ENDM
                 
                 	.MACRO __PUTD1PMN
                 	LDS  R26,@0
                 	LDS  R27,@0+1
                 	SUBI R26,LOW(-@1)
                 	SBCI R27,HIGH(-@1)
                 	CALL __PUTDP1
                 	.ENDM
                 
                 	.MACRO __PUTB1PMNS
                 	LDS  R26,@0
                 	LDS  R27,@0+1
                 	ADIW R26,@1
                 	ST   X,R30
                 	.ENDM
                 
                 	.MACRO __PUTW1PMNS
                 	LDS  R26,@0
                 	LDS  R27,@0+1
                 	ADIW R26,@1
                 	ST   X+,R30
                 	ST   X,R31
                 	.ENDM
                 
                 	.MACRO __PUTD1PMNS
                 	LDS  R26,@0
                 	LDS  R27,@0+1
                 	ADIW R26,@1
                 	CALL __PUTDP1
                 	.ENDM
                 
                 	.MACRO __PUTB1RN
                 	MOVW R26,R@0
                 	SUBI R26,LOW(-@1)
                 	SBCI R27,HIGH(-@1)
                 	ST   X,R30
                 	.ENDM
                 
                 	.MACRO __PUTW1RN
                 	MOVW R26,R@0
                 	SUBI R26,LOW(-@1)
                 	SBCI R27,HIGH(-@1)
                 	ST   X+,R30
                 	ST   X,R31
                 	.ENDM
                 
                 	.MACRO __PUTD1RN
                 	MOVW R26,R@0
                 	SUBI R26,LOW(-@1)
                 	SBCI R27,HIGH(-@1)
                 	CALL __PUTDP1
                 	.ENDM
                 
                 	.MACRO __PUTB1RNS
                 	MOVW R26,R@0
                 	ADIW R26,@1
                 	ST   X,R30
                 	.ENDM
                 
                 	.MACRO __PUTW1RNS
                 	MOVW R26,R@0
                 	ADIW R26,@1
                 	ST   X+,R30
                 	ST   X,R31
                 	.ENDM
                 
                 	.MACRO __PUTD1RNS
                 	MOVW R26,R@0
                 	ADIW R26,@1
                 	CALL __PUTDP1
                 	.ENDM
                 
                 	.MACRO __PUTB1RON
                 	MOV  R26,R@0
                 	MOV  R27,R@1
                 	SUBI R26,LOW(-@2)
                 	SBCI R27,HIGH(-@2)
                 	ST   X,R30
                 	.ENDM
                 
                 	.MACRO __PUTW1RON
                 	MOV  R26,R@0
                 	MOV  R27,R@1
                 	SUBI R26,LOW(-@2)
                 	SBCI R27,HIGH(-@2)
                 	ST   X+,R30
                 	ST   X,R31
                 	.ENDM
                 
                 	.MACRO __PUTD1RON
                 	MOV  R26,R@0
                 	MOV  R27,R@1
                 	SUBI R26,LOW(-@2)
                 	SBCI R27,HIGH(-@2)
                 	CALL __PUTDP1
                 	.ENDM
                 
                 	.MACRO __PUTB1RONS
                 	MOV  R26,R@0
                 	MOV  R27,R@1
                 	ADIW R26,@2
                 	ST   X,R30
                 	.ENDM
                 
                 	.MACRO __PUTW1RONS
                 	MOV  R26,R@0
                 	MOV  R27,R@1
                 	ADIW R26,@2
                 	ST   X+,R30
                 	ST   X,R31
                 	.ENDM
                 
                 	.MACRO __PUTD1RONS
                 	MOV  R26,R@0
                 	MOV  R27,R@1
                 	ADIW R26,@2
                 	CALL __PUTDP1
                 	.ENDM
                 
                 
                 	.MACRO __GETB1SX
                 	MOVW R30,R28
                 	SUBI R30,LOW(-@0)
                 	SBCI R31,HIGH(-@0)
                 	LD   R30,Z
                 	.ENDM
                 
                 	.MACRO __GETB1HSX
                 	MOVW R30,R28
                 	SUBI R30,LOW(-@0)
                 	SBCI R31,HIGH(-@0)
                 	LD   R31,Z
                 	.ENDM
                 
                 	.MACRO __GETW1SX
                 	MOVW R30,R28
                 	SUBI R30,LOW(-@0)
                 	SBCI R31,HIGH(-@0)
                 	LD   R0,Z+
                 	LD   R31,Z
                 	MOV  R30,R0
                 	.ENDM
                 
                 	.MACRO __GETD1SX
                 	MOVW R30,R28
                 	SUBI R30,LOW(-@0)
                 	SBCI R31,HIGH(-@0)
                 	LD   R0,Z+
                 	LD   R1,Z+
                 	LD   R22,Z+
                 	LD   R23,Z
                 	MOVW R30,R0
                 	.ENDM
                 
                 	.MACRO __GETB2SX
                 	MOVW R26,R28
                 	SUBI R26,LOW(-@0)
                 	SBCI R27,HIGH(-@0)
                 	LD   R26,X
                 	.ENDM
                 
                 	.MACRO __GETW2SX
                 	MOVW R26,R28
                 	SUBI R26,LOW(-@0)
                 	SBCI R27,HIGH(-@0)
                 	LD   R0,X+
                 	LD   R27,X
                 	MOV  R26,R0
                 	.ENDM
                 
                 	.MACRO __GETD2SX
                 	MOVW R26,R28
                 	SUBI R26,LOW(-@0)
                 	SBCI R27,HIGH(-@0)
                 	LD   R0,X+
                 	LD   R1,X+
                 	LD   R24,X+
                 	LD   R25,X
                 	MOVW R26,R0
                 	.ENDM
                 
                 	.MACRO __GETBRSX
                 	MOVW R30,R28
                 	SUBI R30,LOW(-@1)
                 	SBCI R31,HIGH(-@1)
                 	LD   R@0,Z
                 	.ENDM
                 
                 	.MACRO __GETWRSX
                 	MOVW R30,R28
                 	SUBI R30,LOW(-@2)
                 	SBCI R31,HIGH(-@2)
                 	LD   R@0,Z+
                 	LD   R@1,Z
                 	.ENDM
                 
                 	.MACRO __GETBRSX2
                 	MOVW R26,R28
                 	SUBI R26,LOW(-@1)
                 	SBCI R27,HIGH(-@1)
                 	LD   R@0,X
                 	.ENDM
                 
                 	.MACRO __GETWRSX2
                 	MOVW R26,R28
                 	SUBI R26,LOW(-@2)
                 	SBCI R27,HIGH(-@2)
                 	LD   R@0,X+
                 	LD   R@1,X
                 	.ENDM
                 
                 	.MACRO __LSLW8SX
                 	MOVW R30,R28
                 	SUBI R30,LOW(-@0)
                 	SBCI R31,HIGH(-@0)
                 	LD   R31,Z
                 	CLR  R30
                 	.ENDM
                 
                 	.MACRO __PUTB1SX
                 	MOVW R26,R28
                 	SUBI R26,LOW(-@0)
                 	SBCI R27,HIGH(-@0)
                 	ST   X,R30
                 	.ENDM
                 
                 	.MACRO __PUTW1SX
                 	MOVW R26,R28
                 	SUBI R26,LOW(-@0)
                 	SBCI R27,HIGH(-@0)
                 	ST   X+,R30
                 	ST   X,R31
                 	.ENDM
                 
                 	.MACRO __PUTD1SX
                 	MOVW R26,R28
                 	SUBI R26,LOW(-@0)
                 	SBCI R27,HIGH(-@0)
                 	ST   X+,R30
                 	ST   X+,R31
                 	ST   X+,R22
                 	ST   X,R23
                 	.ENDM
                 
                 	.MACRO __CLRW1SX
                 	MOVW R26,R28
                 	SUBI R26,LOW(-@0)
                 	SBCI R27,HIGH(-@0)
                 	ST   X+,R30
                 	ST   X,R30
                 	.ENDM
                 
                 	.MACRO __CLRD1SX
                 	MOVW R26,R28
                 	SUBI R26,LOW(-@0)
                 	SBCI R27,HIGH(-@0)
                 	ST   X+,R30
                 	ST   X+,R30
                 	ST   X+,R30
                 	ST   X,R30
                 	.ENDM
                 
                 	.MACRO __PUTB2SX
                 	MOVW R30,R28
                 	SUBI R30,LOW(-@0)
                 	SBCI R31,HIGH(-@0)
                 	ST   Z,R26
                 	.ENDM
                 
                 	.MACRO __PUTW2SX
                 	MOVW R30,R28
                 	SUBI R30,LOW(-@0)
                 	SBCI R31,HIGH(-@0)
                 	ST   Z+,R26
                 	ST   Z,R27
                 	.ENDM
                 
                 	.MACRO __PUTD2SX
                 	MOVW R30,R28
                 	SUBI R30,LOW(-@0)
                 	SBCI R31,HIGH(-@0)
                 	ST   Z+,R26
                 	ST   Z+,R27
                 	ST   Z+,R24
                 	ST   Z,R25
                 	.ENDM
                 
                 	.MACRO __PUTBSRX
                 	MOVW R30,R28
                 	SUBI R30,LOW(-@1)
                 	SBCI R31,HIGH(-@1)
                 	ST   Z,R@0
                 	.ENDM
                 
                 	.MACRO __PUTWSRX
                 	MOVW R30,R28
                 	SUBI R30,LOW(-@2)
                 	SBCI R31,HIGH(-@2)
                 	ST   Z+,R@0
                 	ST   Z,R@1
                 	.ENDM
                 
                 	.MACRO __PUTB1SNX
                 	MOVW R26,R28
                 	SUBI R26,LOW(-@0)
                 	SBCI R27,HIGH(-@0)
                 	LD   R0,X+
                 	LD   R27,X
                 	MOV  R26,R0
                 	SUBI R26,LOW(-@1)
                 	SBCI R27,HIGH(-@1)
                 	ST   X,R30
                 	.ENDM
                 
                 	.MACRO __PUTW1SNX
                 	MOVW R26,R28
                 	SUBI R26,LOW(-@0)
                 	SBCI R27,HIGH(-@0)
                 	LD   R0,X+
                 	LD   R27,X
                 	MOV  R26,R0
                 	SUBI R26,LOW(-@1)
                 	SBCI R27,HIGH(-@1)
                 	ST   X+,R30
                 	ST   X,R31
                 	.ENDM
                 
                 	.MACRO __PUTD1SNX
                 	MOVW R26,R28
                 	SUBI R26,LOW(-@0)
                 	SBCI R27,HIGH(-@0)
                 	LD   R0,X+
                 	LD   R27,X
                 	MOV  R26,R0
                 	SUBI R26,LOW(-@1)
                 	SBCI R27,HIGH(-@1)
                 	ST   X+,R30
                 	ST   X+,R31
                 	ST   X+,R22
                 	ST   X,R23
                 	.ENDM
                 
                 	.MACRO __MULBRR
                 	MULS R@0,R@1
                 	MOVW R30,R0
                 	.ENDM
                 
                 	.MACRO __MULBRRU
                 	MUL  R@0,R@1
                 	MOVW R30,R0
                 	.ENDM
                 
                 	.MACRO __MULBRR0
                 	MULS R@0,R@1
                 	.ENDM
                 
                 	.MACRO __MULBRRU0
                 	MUL  R@0,R@1
                 	.ENDM
                 
                 	.MACRO __MULBNWRU
                 	LDI  R26,@2
                 	MUL  R26,R@0
                 	MOVW R30,R0
                 	MUL  R26,R@1
                 	ADD  R31,R0
                 	.ENDM
                 
                 ;NAME DEFINITIONS FOR GLOBAL VARIABLES ALLOCATED TO REGISTERS
                 	.DEF __lcd_x=R5
                 	.DEF __lcd_y=R4
                 	.DEF __lcd_maxx=R7
                 
                 	.CSEG
                 	.ORG 0x00
                 
                 ;START OF CODE MARKER
                 __START_OF_CODE:
                 
                 ;INTERRUPT VECTORS
000000 940c 0068 	JMP  __RESET
000002 940c 009c 	JMP  _ext_int0_isr
000004 940c 0000 	JMP  0x00
000006 940c 0000 	JMP  0x00
000008 940c 0000 	JMP  0x00
00000a 940c 0000 	JMP  0x00
00000c 940c 0000 	JMP  0x00
00000e 940c 0000 	JMP  0x00
000010 940c 0000 	JMP  0x00
000012 940c 0000 	JMP  0x00
000014 940c 0000 	JMP  0x00
000016 940c 0000 	JMP  0x00
000018 940c 0000 	JMP  0x00
00001a 940c 0000 	JMP  0x00
00001c 940c 0000 	JMP  0x00
00001e 940c 0000 	JMP  0x00
000020 940c 0000 	JMP  0x00
000022 940c 0000 	JMP  0x00
000024 940c 0000 	JMP  0x00
000026 940c 0000 	JMP  0x00
000028 940c 0000 	JMP  0x00
                 
                 _tbl10_G101:
00002a 2710
00002b 03e8
00002c 0064
00002d 000a      	.DB  0x10,0x27,0xE8,0x3,0x64,0x0,0xA,0x0
00002e 0001      	.DB  0x1,0x0
                 _tbl16_G101:
00002f 1000
000030 0100
000031 0010
000032 0001      	.DB  0x0,0x10,0x0,0x1,0x10,0x0,0x1,0x0
                 
                 _0x3:
000033 03e8      	.DB  0xE8,0x3
                 _0x20000:
000034 2020
000035 2020
000036 2020
000037 2020      	.DB  0x20,0x20,0x20,0x20,0x20,0x20,0x20,0x20
000038 2020
000039 2020
00003a 2020
00003b 2020      	.DB  0x20,0x20,0x20,0x20,0x20,0x20,0x20,0x20
00003c 4300
00003d 3a45
00003e 3031
00003f 3030      	.DB  0x0,0x43,0x45,0x3A,0x31,0x30,0x30,0x30
000040 2500
000041 0064
000042 4543
000043 003a      	.DB  0x0,0x25,0x64,0x0,0x43,0x45,0x3A,0x0
000044 4543
000045 463a
000046 4c55
000047 004c      	.DB  0x43,0x45,0x3A,0x46,0x55,0x4C,0x4C,0x0
                 _0x2000003:
000048 c080      	.DB  0x80,0xC0
                 
                 __GLOBAL_INI_TBL:
000049 0002      	.DW  0x02
00004a 01bc      	.DW  _capacity
00004b 0066      	.DW  _0x3*2
                 
00004c 0011      	.DW  0x11
00004d 0160      	.DW  _0x20005
00004e 0068      	.DW  _0x20000*2
                 
00004f 0008      	.DW  0x08
000050 0171      	.DW  _0x20005+17
000051 0079      	.DW  _0x20000*2+17
                 
000052 0004      	.DW  0x04
000053 0179      	.DW  _0x20005+25
000054 0084      	.DW  _0x20000*2+28
                 
000055 0011      	.DW  0x11
000056 017d      	.DW  _0x20005+29
000057 0068      	.DW  _0x20000*2
                 
000058 0011      	.DW  0x11
000059 018e      	.DW  _0x20005+46
00005a 0068      	.DW  _0x20000*2
                 
00005b 0008      	.DW  0x08
00005c 019f      	.DW  _0x20005+63
00005d 0088      	.DW  _0x20000*2+32
                 
00005e 0004      	.DW  0x04
00005f 01a7      	.DW  _0x20005+71
000060 0084      	.DW  _0x20000*2+28
                 
000061 0011      	.DW  0x11
000062 01ab      	.DW  _0x20005+75
000063 0068      	.DW  _0x20000*2
                 
000064 0002      	.DW  0x02
000065 01be      	.DW  __base_y_G100
000066 0090      	.DW  _0x2000003*2
                 
                 _0xFFFFFFFF:
000067 0000      	.DW  0
                 
                 #define __GLOBAL_INI_TBL_PRESENT 1
                 
                 __RESET:
000068 94f8      	CLI
000069 27ee      	CLR  R30
00006a bbec      	OUT  EECR,R30
                 
                 ;INTERRUPT VECTORS ARE PLACED
                 ;AT THE START OF FLASH
00006b e0f1      	LDI  R31,1
00006c bffb      	OUT  GICR,R31
00006d bfeb      	OUT  GICR,R30
00006e bfe5      	OUT  MCUCR,R30
                 
                 ;CLEAR R2-R14
00006f e08d      	LDI  R24,(14-2)+1
000070 e0a2      	LDI  R26,2
000071 27bb      	CLR  R27
                 __CLEAR_REG:
000072 93ed      	ST   X+,R30
000073 958a      	DEC  R24
000074 f7e9      	BRNE __CLEAR_REG
                 
                 ;CLEAR SRAM
000075 e080      	LDI  R24,LOW(__CLEAR_SRAM_SIZE)
000076 e094      	LDI  R25,HIGH(__CLEAR_SRAM_SIZE)
000077 e6a0      	LDI  R26,__SRAM_START
                 __CLEAR_SRAM:
000078 93ed      	ST   X+,R30
000079 9701      	SBIW R24,1
00007a f7e9      	BRNE __CLEAR_SRAM
                 
                 ;GLOBAL VARIABLES INITIALIZATION
00007b e9e2      	LDI  R30,LOW(__GLOBAL_INI_TBL*2)
00007c e0f0      	LDI  R31,HIGH(__GLOBAL_INI_TBL*2)
                 __GLOBAL_INI_NEXT:
00007d 9185      	LPM  R24,Z+
00007e 9195      	LPM  R25,Z+
00007f 9700      	SBIW R24,0
000080 f061      	BREQ __GLOBAL_INI_END
000081 91a5      	LPM  R26,Z+
000082 91b5      	LPM  R27,Z+
000083 9005      	LPM  R0,Z+
000084 9015      	LPM  R1,Z+
000085 01bf      	MOVW R22,R30
000086 01f0      	MOVW R30,R0
                 __GLOBAL_INI_LOOP:
000087 9005      	LPM  R0,Z+
000088 920d      	ST   X+,R0
000089 9701      	SBIW R24,1
00008a f7e1      	BRNE __GLOBAL_INI_LOOP
00008b 01fb      	MOVW R30,R22
00008c cff0      	RJMP __GLOBAL_INI_NEXT
                 __GLOBAL_INI_END:
                 
                 ;HARDWARE STACK POINTER INITIALIZATION
00008d e5ef      	LDI  R30,LOW(__SRAM_END-__HEAP_SIZE)
00008e bfed      	OUT  SPL,R30
00008f e0e4      	LDI  R30,HIGH(__SRAM_END-__HEAP_SIZE)
000090 bfee      	OUT  SPH,R30
                 
                 ;DATA STACK POINTER INITIALIZATION
000091 e6c0      	LDI  R28,LOW(__SRAM_START+__DSTACK_SIZE)
000092 e0d1      	LDI  R29,HIGH(__SRAM_START+__DSTACK_SIZE)
                 
000093 940c 0095 	JMP  _main
                 
                 	.ESEG
                 	.ORG 0
                 
                 	.DSEG
                 	.ORG 0x160
                 
                 	.CSEG
                 ;/*******************************************************
                 ;This program was created by the
                 ;CodeWizardAVR V3.12 Advanced
                 ;Automatic Program Generator
                 ;© Copyright 1998-2014 Pavel Haiduc, HP InfoTech s.r.l.
                 ;http://www.hpinfotech.com
                 ;
                 ;Project :
                 ;Version :
                 ;Date    : 4/4/2021
                 ;Author  :
                 ;Company :
                 ;Comments:
                 ;
                 ;
                 ;Chip type               : ATmega16
                 ;Program type            : Application
                 ;AVR Core Clock frequency: 8.000000 MHz
                 ;Memory model            : Small
                 ;External RAM size       : 0
                 ;Data Stack size         : 256
                 ;*******************************************************/
                 ;
                 ;#include <header.h>
                 	#ifndef __SLEEP_DEFINED__
                 	#define __SLEEP_DEFINED__
                 	.EQU __se_bit=0x40
                 	.EQU __sm_mask=0xB0
                 	.EQU __sm_powerdown=0x20
                 	.EQU __sm_powersave=0x30
                 	.EQU __sm_standby=0xA0
                 	.EQU __sm_ext_standby=0xB0
                 	.EQU __sm_adc_noise_red=0x10
                 	.SET power_ctrl_reg=mcucr
                 	#endif
                 ;
                 ;// Declare your global variables here
                 ;
                 ;int capacity = 1000;
                 
                 	.DSEG
                 ;// External Interrupt 0 service routine
                 ;
                 ;void main(void)
                 ; 0000 0020 {
                 
                 	.CSEG
                 _main:
                 ; .FSTART _main
                 ; 0000 0021 // Declare your local variables here
                 ; 0000 0022 
                 ; 0000 0023 
                 ; 0000 0024 
                 ; 0000 0025 // Global enable interrupts
                 ; 0000 0026     init();
000095 940e 0103 	CALL _init
                 ; 0000 0027     DDRB = 0x00;
000097 e0e0      	LDI  R30,LOW(0)
000098 bbe7      	OUT  0x17,R30
                 ; 0000 0028     #asm("sei")
000099 9478      	sei
                 ; 0000 0029 
                 ; 0000 002A while (1)
                 _0x4:
                 ; 0000 002B       {
                 ; 0000 002C       // Place your code here
                 ; 0000 002D 
                 ; 0000 002E       }
00009a cfff      	RJMP _0x4
                 ; 0000 002F }
                 _0x7:
00009b cfff      	RJMP _0x7
                 ; .FEND
                 ;#include <header.h>
                 	#ifndef __SLEEP_DEFINED__
                 	#endif
                 ;
                 ;// External Interrupt 0 service routine
                 ;interrupt [EXT_INT0] void ext_int0_isr(void)
                 ; 0001 0005 {
                 
                 	.CSEG
                 _ext_int0_isr:
                 ; .FSTART _ext_int0_isr
00009c 920a      	ST   -Y,R0
00009d 921a      	ST   -Y,R1
00009e 92fa      	ST   -Y,R15
00009f 936a      	ST   -Y,R22
0000a0 937a      	ST   -Y,R23
0000a1 938a      	ST   -Y,R24
0000a2 939a      	ST   -Y,R25
0000a3 93aa      	ST   -Y,R26
0000a4 93ba      	ST   -Y,R27
0000a5 93ea      	ST   -Y,R30
0000a6 93fa      	ST   -Y,R31
0000a7 b7ef      	IN   R30,SREG
0000a8 93ea      	ST   -Y,R30
                 ; 0001 0006 // Place your code here
                 ; 0001 0007     char num[20];
                 ; 0001 0008     char temp[20];
                 ; 0001 0009     if(PINB.3 == 0){
0000a9 97a8      	SBIW R28,40
                 ;	num -> Y+20
                 ;	temp -> Y+0
0000aa 99b3      	SBIC 0x16,3
0000ab c023      	RJMP _0x20003
                 ; 0001 000A         if(capacity == 1000){      //out
0000ac 91a0 01bc 	LDS  R26,_capacity
0000ae 91b0 01bd 	LDS  R27,_capacity+1
0000b0 3ea8      	CPI  R26,LOW(0x3E8)
0000b1 e0e3      	LDI  R30,HIGH(0x3E8)
0000b2 07be      	CPC  R27,R30
0000b3 f449      	BRNE _0x20004
                 ; 0001 000B             //capacity is empty
                 ; 0001 000C             lcd_gotoxy(0, 1);
0000b4 940e 0399 	CALL SUBOPT_0x0
                 ; 0001 000D             lcd_puts("                ");
                +
0000b6 e6a0     +LDI R26 , LOW ( _0x20005 + ( 0 ) )
0000b7 e0b1     +LDI R27 , HIGH ( _0x20005 + ( 0 ) )
                 	__POINTW2MN _0x20005,0
0000b8 940e 039e 	CALL SUBOPT_0x1
                 ; 0001 000E             lcd_gotoxy(0, 1);
                 ; 0001 000F             lcd_puts("CE:1000");
                +
0000ba e7a1     +LDI R26 , LOW ( _0x20005 + ( 17 ) )
0000bb e0b1     +LDI R27 , HIGH ( _0x20005 + ( 17 ) )
                 	__POINTW2MN _0x20005,17
0000bc c00f      	RJMP _0x2000B
                 ; 0001 0010         }
                 ; 0001 0011         else{
                 _0x20004:
                 ; 0001 0012             capacity++;
0000bd ebac      	LDI  R26,LOW(_capacity)
0000be e0b1      	LDI  R27,HIGH(_capacity)
0000bf 940e 03a1 	CALL SUBOPT_0x2
                 ; 0001 0013             sprintf(num,"%d", capacity);
0000c1 940e 03a7 	CALL SUBOPT_0x3
                 ; 0001 0014             strcpy(temp, "CE:");
                +
0000c3 e7a9     +LDI R26 , LOW ( _0x20005 + ( 25 ) )
0000c4 e0b1     +LDI R27 , HIGH ( _0x20005 + ( 25 ) )
                 	__POINTW2MN _0x20005,25
0000c5 940e 03bf 	CALL SUBOPT_0x4
                 ; 0001 0015             strcat(temp, num);
                 ; 0001 0016             lcd_gotoxy(0, 1);
                 ; 0001 0017             lcd_puts("                ");
                +
0000c7 e7ad     +LDI R26 , LOW ( _0x20005 + ( 29 ) )
0000c8 e0b1     +LDI R27 , HIGH ( _0x20005 + ( 29 ) )
                 	__POINTW2MN _0x20005,29
0000c9 940e 039e 	CALL SUBOPT_0x1
                 ; 0001 0018             lcd_gotoxy(0, 1);
                 ; 0001 0019             lcd_puts(temp);
0000cb 01de      	MOVW R26,R28
                 _0x2000B:
0000cc 940e 0181 	CALL _lcd_puts
                 ; 0001 001A         }
                 ; 0001 001B     }
                 ; 0001 001C     else if(PINB.7 == 0){             //in
0000ce c025      	RJMP _0x20007
                 _0x20003:
0000cf 99b7      	SBIC 0x16,7
0000d0 c023      	RJMP _0x20008
                 ; 0001 001D         if(capacity == 0){
0000d1 91e0 01bc 	LDS  R30,_capacity
0000d3 91f0 01bd 	LDS  R31,_capacity+1
0000d5 9730      	SBIW R30,0
0000d6 f449      	BRNE _0x20009
                 ; 0001 001E             lcd_gotoxy(0, 1);
0000d7 940e 0399 	CALL SUBOPT_0x0
                 ; 0001 001F             lcd_puts("                ");
                +
0000d9 e8ae     +LDI R26 , LOW ( _0x20005 + ( 46 ) )
0000da e0b1     +LDI R27 , HIGH ( _0x20005 + ( 46 ) )
                 	__POINTW2MN _0x20005,46
0000db 940e 039e 	CALL SUBOPT_0x1
                 ; 0001 0020             lcd_gotoxy(0, 1);
                 ; 0001 0021             lcd_puts("CE:FULL");
                +
0000dd e9af     +LDI R26 , LOW ( _0x20005 + ( 63 ) )
0000de e0b1     +LDI R27 , HIGH ( _0x20005 + ( 63 ) )
                 	__POINTW2MN _0x20005,63
0000df c012      	RJMP _0x2000C
                 ; 0001 0022         }
                 ; 0001 0023         else{
                 _0x20009:
                 ; 0001 0024             capacity--;
0000e0 ebac      	LDI  R26,LOW(_capacity)
0000e1 e0b1      	LDI  R27,HIGH(_capacity)
0000e2 91ed      	LD   R30,X+
0000e3 91fd      	LD   R31,X+
0000e4 9731      	SBIW R30,1
0000e5 93fe      	ST   -X,R31
0000e6 93ee      	ST   -X,R30
                 ; 0001 0025             sprintf(num,"%d", capacity);
0000e7 940e 03a7 	CALL SUBOPT_0x3
                 ; 0001 0026             strcpy(temp, "CE:");
                +
0000e9 eaa7     +LDI R26 , LOW ( _0x20005 + ( 71 ) )
0000ea e0b1     +LDI R27 , HIGH ( _0x20005 + ( 71 ) )
                 	__POINTW2MN _0x20005,71
0000eb 940e 03bf 	CALL SUBOPT_0x4
                 ; 0001 0027             strcat(temp, num);
                 ; 0001 0028             lcd_gotoxy(0, 1);
                 ; 0001 0029             lcd_puts("                ");
                +
0000ed eaab     +LDI R26 , LOW ( _0x20005 + ( 75 ) )
0000ee e0b1     +LDI R27 , HIGH ( _0x20005 + ( 75 ) )
                 	__POINTW2MN _0x20005,75
0000ef 940e 039e 	CALL SUBOPT_0x1
                 ; 0001 002A             lcd_gotoxy(0, 1);
                 ; 0001 002B             lcd_puts(temp);
0000f1 01de      	MOVW R26,R28
                 _0x2000C:
0000f2 940e 0181 	CALL _lcd_puts
                 ; 0001 002C         }
                 ; 0001 002D 
                 ; 0001 002E     }
                 ; 0001 002F 
                 ; 0001 0030 
                 ; 0001 0031 }
                 _0x20008:
                 _0x20007:
0000f4 96a8      	ADIW R28,40
0000f5 91e9      	LD   R30,Y+
0000f6 bfef      	OUT  SREG,R30
0000f7 91f9      	LD   R31,Y+
0000f8 91e9      	LD   R30,Y+
0000f9 91b9      	LD   R27,Y+
0000fa 91a9      	LD   R26,Y+
0000fb 9199      	LD   R25,Y+
0000fc 9189      	LD   R24,Y+
0000fd 9179      	LD   R23,Y+
0000fe 9169      	LD   R22,Y+
0000ff 90f9      	LD   R15,Y+
000100 9019      	LD   R1,Y+
000101 9009      	LD   R0,Y+
000102 9518      	RETI
                 ; .FEND
                 
                 	.DSEG
                 _0x20005:
000160           	.BYTE 0x5C
                 ;#include <header.h>
                 	#ifndef __SLEEP_DEFINED__
                 	#endif
                 ;
                 ;void init(void){
                 ; 0002 0003 void init(void){
                 
                 	.CSEG
                 _init:
                 ; .FSTART _init
                 ; 0002 0004    // Input/Output Ports initialization
                 ; 0002 0005     // Port A initialization
                 ; 0002 0006     // Function: Bit7=In Bit6=In Bit5=In Bit4=In Bit3=In Bit2=In Bit1=In Bit0=In
                 ; 0002 0007     DDRA=(0<<DDA7) | (0<<DDA6) | (0<<DDA5) | (0<<DDA4) | (0<<DDA3) | (0<<DDA2) | (0<<DDA1) | (0<<DDA0);
000103 e0e0      	LDI  R30,LOW(0)
000104 bbea      	OUT  0x1A,R30
                 ; 0002 0008     // State: Bit7=T Bit6=T Bit5=T Bit4=T Bit3=T Bit2=T Bit1=T Bit0=T
                 ; 0002 0009     PORTA=(0<<PORTA7) | (0<<PORTA6) | (0<<PORTA5) | (0<<PORTA4) | (0<<PORTA3) | (0<<PORTA2) | (0<<PORTA1) | (0<<PORTA0);
000105 bbeb      	OUT  0x1B,R30
                 ; 0002 000A 
                 ; 0002 000B     // Port B initialization
                 ; 0002 000C     // Function: Bit7=In Bit6=In Bit5=In Bit4=In Bit3=In Bit2=In Bit1=In Bit0=In
                 ; 0002 000D     DDRB=(0<<DDB7) | (0<<DDB6) | (0<<DDB5) | (0<<DDB4) | (0<<DDB3) | (0<<DDB2) | (0<<DDB1) | (0<<DDB0);
000106 bbe7      	OUT  0x17,R30
                 ; 0002 000E     // State: Bit7=T Bit6=T Bit5=T Bit4=T Bit3=T Bit2=T Bit1=T Bit0=T
                 ; 0002 000F     PORTB=(0<<PORTB7) | (0<<PORTB6) | (0<<PORTB5) | (0<<PORTB4) | (0<<PORTB3) | (0<<PORTB2) | (0<<PORTB1) | (0<<PORTB0);
000107 bbe8      	OUT  0x18,R30
                 ; 0002 0010 
                 ; 0002 0011     // Port C initialization
                 ; 0002 0012     // Function: Bit7=In Bit6=In Bit5=In Bit4=In Bit3=In Bit2=In Bit1=In Bit0=In
                 ; 0002 0013     DDRC=(0<<DDC7) | (0<<DDC6) | (0<<DDC5) | (0<<DDC4) | (0<<DDC3) | (0<<DDC2) | (0<<DDC1) | (0<<DDC0);
000108 bbe4      	OUT  0x14,R30
                 ; 0002 0014     // State: Bit7=T Bit6=T Bit5=T Bit4=T Bit3=T Bit2=T Bit1=T Bit0=T
                 ; 0002 0015     PORTC=(0<<PORTC7) | (0<<PORTC6) | (0<<PORTC5) | (0<<PORTC4) | (0<<PORTC3) | (0<<PORTC2) | (0<<PORTC1) | (0<<PORTC0);
000109 bbe5      	OUT  0x15,R30
                 ; 0002 0016 
                 ; 0002 0017     // Port D initialization
                 ; 0002 0018     // Function: Bit7=In Bit6=In Bit5=In Bit4=In Bit3=In Bit2=In Bit1=In Bit0=In
                 ; 0002 0019     DDRD=(0<<DDD7) | (0<<DDD6) | (0<<DDD5) | (0<<DDD4) | (0<<DDD3) | (0<<DDD2) | (0<<DDD1) | (0<<DDD0);
00010a bbe1      	OUT  0x11,R30
                 ; 0002 001A     // State: Bit7=T Bit6=T Bit5=T Bit4=T Bit3=T Bit2=T Bit1=T Bit0=T
                 ; 0002 001B     PORTD=(0<<PORTD7) | (0<<PORTD6) | (0<<PORTD5) | (0<<PORTD4) | (0<<PORTD3) | (0<<PORTD2) | (0<<PORTD1) | (0<<PORTD0);
00010b bbe2      	OUT  0x12,R30
                 ; 0002 001C 
                 ; 0002 001D     // Timer/Counter 0 initialization
                 ; 0002 001E     // Clock source: System Clock
                 ; 0002 001F     // Clock value: Timer 0 Stopped
                 ; 0002 0020     // Mode: Normal top=0xFF
                 ; 0002 0021     // OC0 output: Disconnected
                 ; 0002 0022     TCCR0=(0<<WGM00) | (0<<COM01) | (0<<COM00) | (0<<WGM01) | (0<<CS02) | (0<<CS01) | (0<<CS00);
00010c bfe3      	OUT  0x33,R30
                 ; 0002 0023     TCNT0=0x00;
00010d bfe2      	OUT  0x32,R30
                 ; 0002 0024     OCR0=0x00;
00010e bfec      	OUT  0x3C,R30
                 ; 0002 0025 
                 ; 0002 0026     // Timer/Counter 1 initialization
                 ; 0002 0027     // Clock source: System Clock
                 ; 0002 0028     // Clock value: Timer1 Stopped
                 ; 0002 0029     // Mode: Normal top=0xFFFF
                 ; 0002 002A     // OC1A output: Disconnected
                 ; 0002 002B     // OC1B output: Disconnected
                 ; 0002 002C     // Noise Canceler: Off
                 ; 0002 002D     // Input Capture on Falling Edge
                 ; 0002 002E     // Timer1 Overflow Interrupt: Off
                 ; 0002 002F     // Input Capture Interrupt: Off
                 ; 0002 0030     // Compare A Match Interrupt: Off
                 ; 0002 0031     // Compare B Match Interrupt: Off
                 ; 0002 0032     TCCR1A=(0<<COM1A1) | (0<<COM1A0) | (0<<COM1B1) | (0<<COM1B0) | (0<<WGM11) | (0<<WGM10);
00010f bdef      	OUT  0x2F,R30
                 ; 0002 0033     TCCR1B=(0<<ICNC1) | (0<<ICES1) | (0<<WGM13) | (0<<WGM12) | (0<<CS12) | (0<<CS11) | (0<<CS10);
000110 bdee      	OUT  0x2E,R30
                 ; 0002 0034     TCNT1H=0x00;
000111 bded      	OUT  0x2D,R30
                 ; 0002 0035     TCNT1L=0x00;
000112 bdec      	OUT  0x2C,R30
                 ; 0002 0036     ICR1H=0x00;
000113 bde7      	OUT  0x27,R30
                 ; 0002 0037     ICR1L=0x00;
000114 bde6      	OUT  0x26,R30
                 ; 0002 0038     OCR1AH=0x00;
000115 bdeb      	OUT  0x2B,R30
                 ; 0002 0039     OCR1AL=0x00;
000116 bdea      	OUT  0x2A,R30
                 ; 0002 003A     OCR1BH=0x00;
000117 bde9      	OUT  0x29,R30
                 ; 0002 003B     OCR1BL=0x00;
000118 bde8      	OUT  0x28,R30
                 ; 0002 003C 
                 ; 0002 003D     // Timer/Counter 2 initialization
                 ; 0002 003E     // Clock source: System Clock
                 ; 0002 003F     // Clock value: Timer2 Stopped
                 ; 0002 0040     // Mode: Normal top=0xFF
                 ; 0002 0041     // OC2 output: Disconnected
                 ; 0002 0042     ASSR=0<<AS2;
000119 bde2      	OUT  0x22,R30
                 ; 0002 0043     TCCR2=(0<<PWM2) | (0<<COM21) | (0<<COM20) | (0<<CTC2) | (0<<CS22) | (0<<CS21) | (0<<CS20);
00011a bde5      	OUT  0x25,R30
                 ; 0002 0044     TCNT2=0x00;
00011b bde4      	OUT  0x24,R30
                 ; 0002 0045     OCR2=0x00;
00011c bde3      	OUT  0x23,R30
                 ; 0002 0046 
                 ; 0002 0047     // Timer(s)/Counter(s) Interrupt(s) initialization
                 ; 0002 0048     TIMSK=(0<<OCIE2) | (0<<TOIE2) | (0<<TICIE1) | (0<<OCIE1A) | (0<<OCIE1B) | (0<<TOIE1) | (0<<OCIE0) | (0<<TOIE0);
00011d bfe9      	OUT  0x39,R30
                 ; 0002 0049 
                 ; 0002 004A     // External Interrupt(s) initialization
                 ; 0002 004B     // INT0: On
                 ; 0002 004C     // INT0 Mode: Falling Edge
                 ; 0002 004D     // INT1: Off
                 ; 0002 004E     // INT2: Off
                 ; 0002 004F     GICR|=(0<<INT1) | (1<<INT0) | (0<<INT2);
00011e b7eb      	IN   R30,0x3B
00011f 64e0      	ORI  R30,0x40
000120 bfeb      	OUT  0x3B,R30
                 ; 0002 0050     MCUCR=(0<<ISC11) | (0<<ISC10) | (1<<ISC01) | (0<<ISC00);
000121 e0e2      	LDI  R30,LOW(2)
000122 bfe5      	OUT  0x35,R30
                 ; 0002 0051     MCUCSR=(0<<ISC2);
000123 e0e0      	LDI  R30,LOW(0)
000124 bfe4      	OUT  0x34,R30
                 ; 0002 0052     GIFR=(0<<INTF1) | (1<<INTF0) | (0<<INTF2);
000125 e4e0      	LDI  R30,LOW(64)
000126 bfea      	OUT  0x3A,R30
                 ; 0002 0053 
                 ; 0002 0054     // USART initialization
                 ; 0002 0055     // USART disabled
                 ; 0002 0056     UCSRB=(0<<RXCIE) | (0<<TXCIE) | (0<<UDRIE) | (0<<RXEN) | (0<<TXEN) | (0<<UCSZ2) | (0<<RXB8) | (0<<TXB8);
000127 e0e0      	LDI  R30,LOW(0)
000128 b9ea      	OUT  0xA,R30
                 ; 0002 0057 
                 ; 0002 0058     // Analog Comparator initialization
                 ; 0002 0059     // Analog Comparator: Off
                 ; 0002 005A     // The Analog Comparator's positive input is
                 ; 0002 005B     // connected to the AIN0 pin
                 ; 0002 005C     // The Analog Comparator's negative input is
                 ; 0002 005D     // connected to the AIN1 pin
                 ; 0002 005E     ACSR=(1<<ACD) | (0<<ACBG) | (0<<ACO) | (0<<ACI) | (0<<ACIE) | (0<<ACIC) | (0<<ACIS1) | (0<<ACIS0);
000129 e8e0      	LDI  R30,LOW(128)
00012a b9e8      	OUT  0x8,R30
                 ; 0002 005F     SFIOR=(0<<ACME);
00012b e0e0      	LDI  R30,LOW(0)
00012c bfe0      	OUT  0x30,R30
                 ; 0002 0060 
                 ; 0002 0061     // ADC initialization
                 ; 0002 0062     // ADC disabled
                 ; 0002 0063     ADCSRA=(0<<ADEN) | (0<<ADSC) | (0<<ADATE) | (0<<ADIF) | (0<<ADIE) | (0<<ADPS2) | (0<<ADPS1) | (0<<ADPS0);
00012d b9e6      	OUT  0x6,R30
                 ; 0002 0064 
                 ; 0002 0065     // SPI initialization
                 ; 0002 0066     // SPI disabled
                 ; 0002 0067     SPCR=(0<<SPIE) | (0<<SPE) | (0<<DORD) | (0<<MSTR) | (0<<CPOL) | (0<<CPHA) | (0<<SPR1) | (0<<SPR0);
00012e b9ed      	OUT  0xD,R30
                 ; 0002 0068 
                 ; 0002 0069     // TWI initialization
                 ; 0002 006A     // TWI disabled
                 ; 0002 006B     TWCR=(0<<TWEA) | (0<<TWSTA) | (0<<TWSTO) | (0<<TWEN) | (0<<TWIE);
00012f bfe6      	OUT  0x36,R30
                 ; 0002 006C 
                 ; 0002 006D     // Alphanumeric LCD initialization
                 ; 0002 006E     // Connections are specified in the
                 ; 0002 006F     // Project|Configure|C Compiler|Libraries|Alphanumeric LCD menu:
                 ; 0002 0070     // RS - PORTC Bit 0
                 ; 0002 0071     // RD - PORTC Bit 1
                 ; 0002 0072     // EN - PORTC Bit 2
                 ; 0002 0073     // D4 - PORTC Bit 4
                 ; 0002 0074     // D5 - PORTC Bit 5
                 ; 0002 0075     // D6 - PORTC Bit 6
                 ; 0002 0076     // D7 - PORTC Bit 7
                 ; 0002 0077     // Characters/line: 16
                 ; 0002 0078     lcd_init(16);
000130 e1a0      	LDI  R26,LOW(16)
000131 d060      	RCALL _lcd_init
                 ; 0002 0079 }
000132 9508      	RET
                 ; .FEND
                 	#ifndef __SLEEP_DEFINED__
                 	#endif
                 
                 	.DSEG
                 
                 	.CSEG
                 __lcd_write_nibble_G100:
                 ; .FSTART __lcd_write_nibble_G100
000133 93aa      	ST   -Y,R26
000134 b3e5      	IN   R30,0x15
000135 70ef      	ANDI R30,LOW(0xF)
000136 2fae      	MOV  R26,R30
000137 81e8      	LD   R30,Y
000138 7fe0      	ANDI R30,LOW(0xF0)
000139 2bea      	OR   R30,R26
00013a bbe5      	OUT  0x15,R30
                +
00013b e08d     +LDI R24 , LOW ( 13 )
                +__DELAY_USB_LOOP :
00013c 958a     +DEC R24
00013d f7f1     +BRNE __DELAY_USB_LOOP
                 	__DELAY_USB 13
00013e 9aaa      	SBI  0x15,2
                +
00013f e08d     +LDI R24 , LOW ( 13 )
                +__DELAY_USB_LOOP :
000140 958a     +DEC R24
000141 f7f1     +BRNE __DELAY_USB_LOOP
                 	__DELAY_USB 13
000142 98aa      	CBI  0x15,2
                +
000143 e08d     +LDI R24 , LOW ( 13 )
                +__DELAY_USB_LOOP :
000144 958a     +DEC R24
000145 f7f1     +BRNE __DELAY_USB_LOOP
                 	__DELAY_USB 13
000146 c077      	RJMP _0x2080002
                 ; .FEND
                 __lcd_write_data:
                 ; .FSTART __lcd_write_data
000147 93aa      	ST   -Y,R26
000148 81a8      	LD   R26,Y
000149 dfe9      	RCALL __lcd_write_nibble_G100
00014a 81e8          ld    r30,y
00014b 95e2          swap  r30
00014c 83e8          st    y,r30
00014d 81a8      	LD   R26,Y
00014e dfe4      	RCALL __lcd_write_nibble_G100
                +
00014f e885     +LDI R24 , LOW ( 133 )
                +__DELAY_USB_LOOP :
000150 958a     +DEC R24
000151 f7f1     +BRNE __DELAY_USB_LOOP
                 	__DELAY_USB 133
000152 c06b      	RJMP _0x2080002
                 ; .FEND
                 _lcd_gotoxy:
                 ; .FSTART _lcd_gotoxy
000153 93aa      	ST   -Y,R26
000154 81e8      	LD   R30,Y
000155 e0f0      	LDI  R31,0
000156 54e2      	SUBI R30,LOW(-__base_y_G100)
000157 4ffe      	SBCI R31,HIGH(-__base_y_G100)
000158 81e0      	LD   R30,Z
000159 81a9      	LDD  R26,Y+1
00015a 0fae      	ADD  R26,R30
00015b dfeb      	RCALL __lcd_write_data
00015c 8059      	LDD  R5,Y+1
00015d 8048      	LDD  R4,Y+0
00015e 9622      	ADIW R28,2
00015f 9508      	RET
                 ; .FEND
                 _lcd_clear:
                 ; .FSTART _lcd_clear
000160 e0a2      	LDI  R26,LOW(2)
000161 940e 03c9 	CALL SUBOPT_0x5
000163 e0ac      	LDI  R26,LOW(12)
000164 dfe2      	RCALL __lcd_write_data
000165 e0a1      	LDI  R26,LOW(1)
000166 940e 03c9 	CALL SUBOPT_0x5
000168 e0e0      	LDI  R30,LOW(0)
000169 2e4e      	MOV  R4,R30
00016a 2e5e      	MOV  R5,R30
00016b 9508      	RET
                 ; .FEND
                 _lcd_putchar:
                 ; .FSTART _lcd_putchar
00016c 93aa      	ST   -Y,R26
00016d 81a8      	LD   R26,Y
00016e 30aa      	CPI  R26,LOW(0xA)
00016f f011      	BREQ _0x2000005
000170 1457      	CP   R5,R7
000171 f048      	BRLO _0x2000004
                 _0x2000005:
000172 e0e0      	LDI  R30,LOW(0)
000173 93ea      	ST   -Y,R30
000174 9443      	INC  R4
000175 2da4      	MOV  R26,R4
000176 dfdc      	RCALL _lcd_gotoxy
000177 81a8      	LD   R26,Y
000178 30aa      	CPI  R26,LOW(0xA)
000179 f409      	BRNE _0x2000007
00017a c043      	RJMP _0x2080002
                 _0x2000007:
                 _0x2000004:
00017b 9453      	INC  R5
00017c 9aa8      	SBI  0x15,0
00017d 81a8      	LD   R26,Y
00017e dfc8      	RCALL __lcd_write_data
00017f 98a8      	CBI  0x15,0
000180 c03d      	RJMP _0x2080002
                 ; .FEND
                 _lcd_puts:
                 ; .FSTART _lcd_puts
000181 93ba      	ST   -Y,R27
000182 93aa      	ST   -Y,R26
000183 931a      	ST   -Y,R17
                 _0x2000008:
000184 81a9      	LDD  R26,Y+1
000185 81ba      	LDD  R27,Y+1+1
000186 91ed      	LD   R30,X+
000187 83a9      	STD  Y+1,R26
000188 83ba      	STD  Y+1+1,R27
000189 2f1e      	MOV  R17,R30
00018a 30e0      	CPI  R30,0
00018b f019      	BREQ _0x200000A
00018c 2fa1      	MOV  R26,R17
00018d dfde      	RCALL _lcd_putchar
00018e cff5      	RJMP _0x2000008
                 _0x200000A:
00018f 8118      	LDD  R17,Y+0
000190 9623      	ADIW R28,3
000191 9508      	RET
                 ; .FEND
                 _lcd_init:
                 ; .FSTART _lcd_init
000192 93aa      	ST   -Y,R26
000193 b3e4      	IN   R30,0x14
000194 6fe0      	ORI  R30,LOW(0xF0)
000195 bbe4      	OUT  0x14,R30
000196 9aa2      	SBI  0x14,2
000197 9aa0      	SBI  0x14,0
000198 9aa1      	SBI  0x14,1
000199 98aa      	CBI  0x15,2
00019a 98a8      	CBI  0x15,0
00019b 98a9      	CBI  0x15,1
00019c 8078      	LDD  R7,Y+0
00019d 81e8      	LD   R30,Y
00019e 58e0      	SUBI R30,-LOW(128)
                +
00019f 93e0 01c0+STS __base_y_G100 + ( 2 ) , R30
                 	__PUTB1MN __base_y_G100,2
0001a1 81e8      	LD   R30,Y
0001a2 54e0      	SUBI R30,-LOW(192)
                +
0001a3 93e0 01c1+STS __base_y_G100 + ( 3 ) , R30
                 	__PUTB1MN __base_y_G100,3
0001a5 e1a4      	LDI  R26,LOW(20)
0001a6 e0b0      	LDI  R27,0
0001a7 940e 0403 	CALL _delay_ms
0001a9 940e 03cf 	CALL SUBOPT_0x6
0001ab 940e 03cf 	CALL SUBOPT_0x6
0001ad 940e 03cf 	CALL SUBOPT_0x6
0001af e2a0      	LDI  R26,LOW(32)
0001b0 df82      	RCALL __lcd_write_nibble_G100
                +
0001b1 ec88     +LDI R24 , LOW ( 200 )
0001b2 e090     +LDI R25 , HIGH ( 200 )
                +__DELAY_USW_LOOP :
0001b3 9701     +SBIW R24 , 1
0001b4 f7f1     +BRNE __DELAY_USW_LOOP
                 	__DELAY_USW 200
0001b5 e2a8      	LDI  R26,LOW(40)
0001b6 df90      	RCALL __lcd_write_data
0001b7 e0a4      	LDI  R26,LOW(4)
0001b8 df8e      	RCALL __lcd_write_data
0001b9 e8a5      	LDI  R26,LOW(133)
0001ba df8c      	RCALL __lcd_write_data
0001bb e0a6      	LDI  R26,LOW(6)
0001bc df8a      	RCALL __lcd_write_data
0001bd dfa2      	RCALL _lcd_clear
                 _0x2080002:
0001be 9621      	ADIW R28,1
0001bf 9508      	RET
                 ; .FEND
                 	#ifndef __SLEEP_DEFINED__
                 	#endif
                 
                 	.CSEG
                 _put_buff_G101:
                 ; .FSTART _put_buff_G101
0001c0 93ba      	ST   -Y,R27
0001c1 93aa      	ST   -Y,R26
0001c2 931a      	ST   -Y,R17
0001c3 930a      	ST   -Y,R16
0001c4 81aa      	LDD  R26,Y+2
0001c5 81bb      	LDD  R27,Y+2+1
0001c6 9612      	ADIW R26,2
0001c7 940e 041a 	CALL __GETW1P
0001c9 9730      	SBIW R30,0
0001ca f129      	BREQ _0x2020010
0001cb 81aa      	LDD  R26,Y+2
0001cc 81bb      	LDD  R27,Y+2+1
0001cd 9614      	ADIW R26,4
0001ce 940e 041a 	CALL __GETW1P
0001d0 018f      	MOVW R16,R30
0001d1 9730      	SBIW R30,0
0001d2 f061      	BREQ _0x2020012
                +
0001d3 3002     +CPI R16 , LOW ( 2 )
0001d4 e0e0     +LDI R30 , HIGH ( 2 )
0001d5 071e     +CPC R17 , R30
                 	__CPWRN 16,17,2
0001d6 f080      	BRLO _0x2020013
0001d7 01f8      	MOVW R30,R16
0001d8 9731      	SBIW R30,1
0001d9 018f      	MOVW R16,R30
                +
0001da 81aa     +LDD R26 , Y + 2
0001db 81bb     +LDD R27 , Y + 2 + 1
0001dc 9614     +ADIW R26 , 4
0001dd 93ed     +ST X + , R30
0001de 93fc     +ST X , R31
                 	__PUTW1SNS 2,4
                 _0x2020012:
0001df 81aa      	LDD  R26,Y+2
0001e0 81bb      	LDD  R27,Y+2+1
0001e1 9612      	ADIW R26,2
0001e2 940e 03a1 	CALL SUBOPT_0x2
0001e4 9731      	SBIW R30,1
0001e5 81ac      	LDD  R26,Y+4
0001e6 83a0      	STD  Z+0,R26
                 _0x2020013:
0001e7 81aa      	LDD  R26,Y+2
0001e8 81bb      	LDD  R27,Y+2+1
0001e9 940e 041a 	CALL __GETW1P
0001eb 23ff      	TST  R31
0001ec f012      	BRMI _0x2020014
0001ed 940e 03a1 	CALL SUBOPT_0x2
                 _0x2020014:
0001ef c006      	RJMP _0x2020015
                 _0x2020010:
0001f0 81aa      	LDD  R26,Y+2
0001f1 81bb      	LDD  R27,Y+2+1
0001f2 efef      	LDI  R30,LOW(65535)
0001f3 efff      	LDI  R31,HIGH(65535)
0001f4 93ed      	ST   X+,R30
0001f5 93fc      	ST   X,R31
                 _0x2020015:
0001f6 8119      	LDD  R17,Y+1
0001f7 8108      	LDD  R16,Y+0
0001f8 9625      	ADIW R28,5
0001f9 9508      	RET
                 ; .FEND
                 __print_G101:
                 ; .FSTART __print_G101
0001fa 93ba      	ST   -Y,R27
0001fb 93aa      	ST   -Y,R26
0001fc 9726      	SBIW R28,6
0001fd 940e 0427 	CALL __SAVELOCR6
0001ff e010      	LDI  R17,0
000200 85ac      	LDD  R26,Y+12
000201 85bd      	LDD  R27,Y+12+1
000202 e0e0      	LDI  R30,LOW(0)
000203 e0f0      	LDI  R31,HIGH(0)
000204 93ed      	ST   X+,R30
000205 93fc      	ST   X,R31
                 _0x2020016:
000206 89ea      	LDD  R30,Y+18
000207 89fb      	LDD  R31,Y+18+1
000208 9631      	ADIW R30,1
000209 8bea      	STD  Y+18,R30
00020a 8bfb      	STD  Y+18+1,R31
00020b 9731      	SBIW R30,1
00020c 91e4      	LPM  R30,Z
00020d 2f2e      	MOV  R18,R30
00020e 30e0      	CPI  R30,0
00020f f409      	BRNE PC+2
000210 c115      	RJMP _0x2020018
000211 2fe1      	MOV  R30,R17
000212 30e0      	CPI  R30,0
000213 f439      	BRNE _0x202001C
000214 3225      	CPI  R18,37
000215 f411      	BRNE _0x202001D
000216 e011      	LDI  R17,LOW(1)
000217 c002      	RJMP _0x202001E
                 _0x202001D:
000218 940e 03d7 	CALL SUBOPT_0x7
                 _0x202001E:
00021a c10a      	RJMP _0x202001B
                 _0x202001C:
00021b 30e1      	CPI  R30,LOW(0x1)
00021c f4a9      	BRNE _0x202001F
00021d 3225      	CPI  R18,37
00021e f419      	BRNE _0x2020020
00021f 940e 03d7 	CALL SUBOPT_0x7
000221 c102      	RJMP _0x20200CC
                 _0x2020020:
000222 e012      	LDI  R17,LOW(2)
000223 e040      	LDI  R20,LOW(0)
000224 e000      	LDI  R16,LOW(0)
000225 322d      	CPI  R18,45
000226 f411      	BRNE _0x2020021
000227 e001      	LDI  R16,LOW(1)
000228 c0fc      	RJMP _0x202001B
                 _0x2020021:
000229 322b      	CPI  R18,43
00022a f411      	BRNE _0x2020022
00022b e24b      	LDI  R20,LOW(43)
00022c c0f8      	RJMP _0x202001B
                 _0x2020022:
00022d 3220      	CPI  R18,32
00022e f411      	BRNE _0x2020023
00022f e240      	LDI  R20,LOW(32)
000230 c0f4      	RJMP _0x202001B
                 _0x2020023:
000231 c002      	RJMP _0x2020024
                 _0x202001F:
000232 30e2      	CPI  R30,LOW(0x2)
000233 f439      	BRNE _0x2020025
                 _0x2020024:
000234 e050      	LDI  R21,LOW(0)
000235 e013      	LDI  R17,LOW(3)
000236 3320      	CPI  R18,48
000237 f411      	BRNE _0x2020026
000238 6800      	ORI  R16,LOW(128)
000239 c0eb      	RJMP _0x202001B
                 _0x2020026:
00023a c003      	RJMP _0x2020027
                 _0x2020025:
00023b 30e3      	CPI  R30,LOW(0x3)
00023c f009      	BREQ PC+2
00023d c0e7      	RJMP _0x202001B
                 _0x2020027:
00023e 3320      	CPI  R18,48
00023f f010      	BRLO _0x202002A
000240 332a      	CPI  R18,58
000241 f008      	BRLO _0x202002B
                 _0x202002A:
000242 c007      	RJMP _0x2020029
                 _0x202002B:
000243 e0aa      	LDI  R26,LOW(10)
000244 9f5a      	MUL  R21,R26
000245 2d50      	MOV  R21,R0
000246 2fe2      	MOV  R30,R18
000247 53e0      	SUBI R30,LOW(48)
000248 0f5e      	ADD  R21,R30
000249 c0db      	RJMP _0x202001B
                 _0x2020029:
00024a 2fe2      	MOV  R30,R18
00024b 36e3      	CPI  R30,LOW(0x63)
00024c f449      	BRNE _0x202002F
00024d 940e 03de 	CALL SUBOPT_0x8
00024f 89e8      	LDD  R30,Y+16
000250 89f9      	LDD  R31,Y+16+1
000251 81a4      	LDD  R26,Z+4
000252 93aa      	ST   -Y,R26
000253 940e 03e4 	CALL SUBOPT_0x9
000255 c0ce      	RJMP _0x2020030
                 _0x202002F:
000256 37e3      	CPI  R30,LOW(0x73)
000257 f441      	BRNE _0x2020032
000258 940e 03de 	CALL SUBOPT_0x8
00025a 940e 03ea 	CALL SUBOPT_0xA
00025c 940e 0380 	CALL _strlen
00025e 2f1e      	MOV  R17,R30
00025f c00a      	RJMP _0x2020033
                 _0x2020032:
000260 37e0      	CPI  R30,LOW(0x70)
000261 f461      	BRNE _0x2020035
000262 940e 03de 	CALL SUBOPT_0x8
000264 940e 03ea 	CALL SUBOPT_0xA
000266 940e 038c 	CALL _strlenf
000268 2f1e      	MOV  R17,R30
000269 6008      	ORI  R16,LOW(8)
                 _0x2020033:
00026a 6002      	ORI  R16,LOW(2)
00026b 770f      	ANDI R16,LOW(127)
00026c e030      	LDI  R19,LOW(0)
00026d c034      	RJMP _0x2020036
                 _0x2020035:
00026e 36e4      	CPI  R30,LOW(0x64)
00026f f011      	BREQ _0x2020039
000270 36e9      	CPI  R30,LOW(0x69)
000271 f411      	BRNE _0x202003A
                 _0x2020039:
000272 6004      	ORI  R16,LOW(4)
000273 c002      	RJMP _0x202003B
                 _0x202003A:
000274 37e5      	CPI  R30,LOW(0x75)
000275 f431      	BRNE _0x202003C
                 _0x202003B:
000276 e5e4      	LDI  R30,LOW(_tbl10_G101*2)
000277 e0f0      	LDI  R31,HIGH(_tbl10_G101*2)
000278 83ee      	STD  Y+6,R30
000279 83ff      	STD  Y+6+1,R31
00027a e015      	LDI  R17,LOW(5)
00027b c00c      	RJMP _0x202003D
                 _0x202003C:
00027c 35e8      	CPI  R30,LOW(0x58)
00027d f411      	BRNE _0x202003F
00027e 6008      	ORI  R16,LOW(8)
00027f c003      	RJMP _0x2020040
                 _0x202003F:
000280 37e8      	CPI  R30,LOW(0x78)
000281 f009      	BREQ PC+2
000282 c0a1      	RJMP _0x2020071
                 _0x2020040:
000283 e5ee      	LDI  R30,LOW(_tbl16_G101*2)
000284 e0f0      	LDI  R31,HIGH(_tbl16_G101*2)
000285 83ee      	STD  Y+6,R30
000286 83ff      	STD  Y+6+1,R31
000287 e014      	LDI  R17,LOW(4)
                 _0x202003D:
000288 ff02      	SBRS R16,2
000289 c014      	RJMP _0x2020042
00028a 940e 03de 	CALL SUBOPT_0x8
00028c 940e 03f4 	CALL SUBOPT_0xB
00028e 85ab      	LDD  R26,Y+11
00028f 23aa      	TST  R26
000290 f43a      	BRPL _0x2020043
000291 85ea      	LDD  R30,Y+10
000292 85fb      	LDD  R31,Y+10+1
000293 940e 0411 	CALL __ANEGW1
000295 87ea      	STD  Y+10,R30
000296 87fb      	STD  Y+10+1,R31
000297 e24d      	LDI  R20,LOW(45)
                 _0x2020043:
000298 3040      	CPI  R20,0
000299 f011      	BREQ _0x2020044
00029a 5f1f      	SUBI R17,-LOW(1)
00029b c001      	RJMP _0x2020045
                 _0x2020044:
00029c 7f0b      	ANDI R16,LOW(251)
                 _0x2020045:
00029d c004      	RJMP _0x2020046
                 _0x2020042:
00029e 940e 03de 	CALL SUBOPT_0x8
0002a0 940e 03f4 	CALL SUBOPT_0xB
                 _0x2020046:
                 _0x2020036:
0002a2 fd00      	SBRC R16,0
0002a3 c011      	RJMP _0x2020047
                 _0x2020048:
0002a4 1715      	CP   R17,R21
0002a5 f478      	BRSH _0x202004A
0002a6 ff07      	SBRS R16,7
0002a7 c008      	RJMP _0x202004B
0002a8 ff02      	SBRS R16,2
0002a9 c004      	RJMP _0x202004C
0002aa 7f0b      	ANDI R16,LOW(251)
0002ab 2f24      	MOV  R18,R20
0002ac 5011      	SUBI R17,LOW(1)
0002ad c001      	RJMP _0x202004D
                 _0x202004C:
0002ae e320      	LDI  R18,LOW(48)
                 _0x202004D:
0002af c001      	RJMP _0x202004E
                 _0x202004B:
0002b0 e220      	LDI  R18,LOW(32)
                 _0x202004E:
0002b1 940e 03d7 	CALL SUBOPT_0x7
0002b3 5051      	SUBI R21,LOW(1)
0002b4 cfef      	RJMP _0x2020048
                 _0x202004A:
                 _0x2020047:
0002b5 2f31      	MOV  R19,R17
0002b6 ff01      	SBRS R16,1
0002b7 c017      	RJMP _0x202004F
                 _0x2020050:
0002b8 3030      	CPI  R19,0
0002b9 f0a1      	BREQ _0x2020052
0002ba ff03      	SBRS R16,3
0002bb c006      	RJMP _0x2020053
0002bc 81ee      	LDD  R30,Y+6
0002bd 81ff      	LDD  R31,Y+6+1
0002be 9125      	LPM  R18,Z+
0002bf 83ee      	STD  Y+6,R30
0002c0 83ff      	STD  Y+6+1,R31
0002c1 c005      	RJMP _0x2020054
                 _0x2020053:
0002c2 81ae      	LDD  R26,Y+6
0002c3 81bf      	LDD  R27,Y+6+1
0002c4 912d      	LD   R18,X+
0002c5 83ae      	STD  Y+6,R26
0002c6 83bf      	STD  Y+6+1,R27
                 _0x2020054:
0002c7 940e 03d7 	CALL SUBOPT_0x7
0002c9 3050      	CPI  R21,0
0002ca f009      	BREQ _0x2020055
0002cb 5051      	SUBI R21,LOW(1)
                 _0x2020055:
0002cc 5031      	SUBI R19,LOW(1)
0002cd cfea      	RJMP _0x2020050
                 _0x2020052:
0002ce c04b      	RJMP _0x2020056
                 _0x202004F:
                 _0x2020058:
0002cf e320      	LDI  R18,LOW(48)
0002d0 81ee      	LDD  R30,Y+6
0002d1 81ff      	LDD  R31,Y+6+1
0002d2 940e 041e 	CALL __GETW1PF
0002d4 87e8      	STD  Y+8,R30
0002d5 87f9      	STD  Y+8+1,R31
0002d6 81ee      	LDD  R30,Y+6
0002d7 81ff      	LDD  R31,Y+6+1
0002d8 9632      	ADIW R30,2
0002d9 83ee      	STD  Y+6,R30
0002da 83ff      	STD  Y+6+1,R31
                 _0x202005A:
0002db 85e8      	LDD  R30,Y+8
0002dc 85f9      	LDD  R31,Y+8+1
0002dd 85aa      	LDD  R26,Y+10
0002de 85bb      	LDD  R27,Y+10+1
0002df 17ae      	CP   R26,R30
0002e0 07bf      	CPC  R27,R31
0002e1 f050      	BRLO _0x202005C
0002e2 5f2f      	SUBI R18,-LOW(1)
0002e3 85a8      	LDD  R26,Y+8
0002e4 85b9      	LDD  R27,Y+8+1
0002e5 85ea      	LDD  R30,Y+10
0002e6 85fb      	LDD  R31,Y+10+1
0002e7 1bea      	SUB  R30,R26
0002e8 0bfb      	SBC  R31,R27
0002e9 87ea      	STD  Y+10,R30
0002ea 87fb      	STD  Y+10+1,R31
0002eb cfef      	RJMP _0x202005A
                 _0x202005C:
0002ec 332a      	CPI  R18,58
0002ed f028      	BRLO _0x202005D
0002ee ff03      	SBRS R16,3
0002ef c002      	RJMP _0x202005E
0002f0 5f29      	SUBI R18,-LOW(7)
0002f1 c001      	RJMP _0x202005F
                 _0x202005E:
0002f2 5d29      	SUBI R18,-LOW(39)
                 _0x202005F:
                 _0x202005D:
0002f3 fd04      	SBRC R16,4
0002f4 c01a      	RJMP _0x2020061
0002f5 3321      	CPI  R18,49
0002f6 f420      	BRSH _0x2020063
0002f7 85a8      	LDD  R26,Y+8
0002f8 85b9      	LDD  R27,Y+8+1
0002f9 9711      	SBIW R26,1
0002fa f409      	BRNE _0x2020062
                 _0x2020063:
0002fb c009      	RJMP _0x20200CD
                 _0x2020062:
0002fc 1753      	CP   R21,R19
0002fd f010      	BRLO _0x2020067
0002fe ff00      	SBRS R16,0
0002ff c001      	RJMP _0x2020068
                 _0x2020067:
000300 c013      	RJMP _0x2020066
                 _0x2020068:
000301 e220      	LDI  R18,LOW(32)
000302 ff07      	SBRS R16,7
000303 c00b      	RJMP _0x2020069
000304 e320      	LDI  R18,LOW(48)
                 _0x20200CD:
000305 6100      	ORI  R16,LOW(16)
000306 ff02      	SBRS R16,2
000307 c007      	RJMP _0x202006A
000308 7f0b      	ANDI R16,LOW(251)
000309 934a      	ST   -Y,R20
00030a 940e 03e4 	CALL SUBOPT_0x9
00030c 3050      	CPI  R21,0
00030d f009      	BREQ _0x202006B
00030e 5051      	SUBI R21,LOW(1)
                 _0x202006B:
                 _0x202006A:
                 _0x2020069:
                 _0x2020061:
00030f 940e 03d7 	CALL SUBOPT_0x7
000311 3050      	CPI  R21,0
000312 f009      	BREQ _0x202006C
000313 5051      	SUBI R21,LOW(1)
                 _0x202006C:
                 _0x2020066:
000314 5031      	SUBI R19,LOW(1)
000315 85a8      	LDD  R26,Y+8
000316 85b9      	LDD  R27,Y+8+1
000317 9712      	SBIW R26,2
000318 f008      	BRLO _0x2020059
000319 cfb5      	RJMP _0x2020058
                 _0x2020059:
                 _0x2020056:
00031a ff00      	SBRS R16,0
00031b c008      	RJMP _0x202006D
                 _0x202006E:
00031c 3050      	CPI  R21,0
00031d f031      	BREQ _0x2020070
00031e 5051      	SUBI R21,LOW(1)
00031f e2e0      	LDI  R30,LOW(32)
000320 93ea      	ST   -Y,R30
000321 940e 03e4 	CALL SUBOPT_0x9
000323 cff8      	RJMP _0x202006E
                 _0x2020070:
                 _0x202006D:
                 _0x2020071:
                 _0x2020030:
                 _0x20200CC:
000324 e010      	LDI  R17,LOW(0)
                 _0x202001B:
000325 cee0      	RJMP _0x2020016
                 _0x2020018:
000326 85ac      	LDD  R26,Y+12
000327 85bd      	LDD  R27,Y+12+1
000328 940e 041a 	CALL __GETW1P
00032a 940e 042e 	CALL __LOADLOCR6
00032c 9664      	ADIW R28,20
00032d 9508      	RET
                 ; .FEND
                 _sprintf:
                 ; .FSTART _sprintf
00032e 92ff      	PUSH R15
00032f 2ef8      	MOV  R15,R24
000330 9726      	SBIW R28,6
000331 940e 0429 	CALL __SAVELOCR4
000333 940e 03fc 	CALL SUBOPT_0xC
000335 9730      	SBIW R30,0
000336 f419      	BRNE _0x2020072
000337 efef      	LDI  R30,LOW(65535)
000338 efff      	LDI  R31,HIGH(65535)
000339 c023      	RJMP _0x2080001
                 _0x2020072:
00033a 01de      	MOVW R26,R28
00033b 9616      	ADIW R26,6
00033c 940e 040d 	CALL __ADDW2R15
00033e 018d      	MOVW R16,R26
00033f 940e 03fc 	CALL SUBOPT_0xC
000341 83ee      	STD  Y+6,R30
000342 83ff      	STD  Y+6+1,R31
000343 e0e0      	LDI  R30,LOW(0)
000344 87e8      	STD  Y+8,R30
000345 87e9      	STD  Y+8+1,R30
000346 01de      	MOVW R26,R28
000347 961a      	ADIW R26,10
000348 940e 040d 	CALL __ADDW2R15
00034a 940e 041a 	CALL __GETW1P
00034c 93fa      	ST   -Y,R31
00034d 93ea      	ST   -Y,R30
00034e 931a      	ST   -Y,R17
00034f 930a      	ST   -Y,R16
000350 ece0      	LDI  R30,LOW(_put_buff_G101)
000351 e0f1      	LDI  R31,HIGH(_put_buff_G101)
000352 93fa      	ST   -Y,R31
000353 93ea      	ST   -Y,R30
000354 01de      	MOVW R26,R28
000355 961a      	ADIW R26,10
000356 dea3      	RCALL __print_G101
000357 019f      	MOVW R18,R30
000358 81ae      	LDD  R26,Y+6
000359 81bf      	LDD  R27,Y+6+1
00035a e0e0      	LDI  R30,LOW(0)
00035b 93ec      	ST   X,R30
00035c 01f9      	MOVW R30,R18
                 _0x2080001:
00035d 940e 0430 	CALL __LOADLOCR4
00035f 962a      	ADIW R28,10
000360 90ff      	POP  R15
000361 9508      	RET
                 ; .FEND
                 
                 	.CSEG
                 _strcat:
                 ; .FSTART _strcat
000362 93ba      	ST   -Y,R27
000363 93aa      	ST   -Y,R26
000364 91e9          ld   r30,y+
000365 91f9          ld   r31,y+
000366 91a9          ld   r26,y+
000367 91b9          ld   r27,y+
000368 01cd          movw r24,r26
                 strcat0:
000369 916d          ld   r22,x+
00036a 2366          tst  r22
00036b f7e9          brne strcat0
00036c 9711          sbiw r26,1
                 strcat1:
00036d 9161          ld   r22,z+
00036e 936d          st   x+,r22
00036f 2366          tst  r22
000370 f7e1          brne strcat1
000371 01fc          movw r30,r24
000372 9508          ret
                 ; .FEND
                 _strcpy:
                 ; .FSTART _strcpy
000373 93ba      	ST   -Y,R27
000374 93aa      	ST   -Y,R26
000375 91e9          ld   r30,y+
000376 91f9          ld   r31,y+
000377 91a9          ld   r26,y+
000378 91b9          ld   r27,y+
000379 01cd          movw r24,r26
                 strcpy0:
00037a 9161          ld   r22,z+
00037b 936d          st   x+,r22
00037c 2366          tst  r22
00037d f7e1          brne strcpy0
00037e 01fc          movw r30,r24
00037f 9508          ret
                 ; .FEND
                 _strlen:
                 ; .FSTART _strlen
000380 93ba      	ST   -Y,R27
000381 93aa      	ST   -Y,R26
000382 91a9          ld   r26,y+
000383 91b9          ld   r27,y+
000384 27ee          clr  r30
000385 27ff          clr  r31
                 strlen0:
000386 916d          ld   r22,x+
000387 2366          tst  r22
000388 f011          breq strlen1
000389 9631          adiw r30,1
00038a cffb          rjmp strlen0
                 strlen1:
00038b 9508          ret
                 ; .FEND
                 _strlenf:
                 ; .FSTART _strlenf
00038c 93ba      	ST   -Y,R27
00038d 93aa      	ST   -Y,R26
00038e 27aa          clr  r26
00038f 27bb          clr  r27
000390 91e9          ld   r30,y+
000391 91f9          ld   r31,y+
                 strlenf0:
000392 9005      	lpm  r0,z+
000393 2000          tst  r0
000394 f011          breq strlenf1
000395 9611          adiw r26,1
000396 cffb          rjmp strlenf0
                 strlenf1:
000397 01fd          movw r30,r26
000398 9508          ret
                 ; .FEND
                 
                 	.CSEG
                 
                 	.DSEG
                 _capacity:
0001bc           	.BYTE 0x2
                 __base_y_G100:
0001be           	.BYTE 0x4
                 
                 	.CSEG
                 ;OPTIMIZER ADDED SUBROUTINE, CALLED 8 TIMES, CODE SIZE REDUCTION:18 WORDS
                 SUBOPT_0x0:
000399 e0e0      	LDI  R30,LOW(0)
00039a 93ea      	ST   -Y,R30
00039b e0a1      	LDI  R26,LOW(1)
00039c 940c 0153 	JMP  _lcd_gotoxy
                 
                 ;OPTIMIZER ADDED SUBROUTINE, CALLED 4 TIMES, CODE SIZE REDUCTION:3 WORDS
                 SUBOPT_0x1:
00039e 940e 0181 	CALL _lcd_puts
0003a0 cff8      	RJMP SUBOPT_0x0
                 
                 ;OPTIMIZER ADDED SUBROUTINE, CALLED 3 TIMES, CODE SIZE REDUCTION:3 WORDS
                 SUBOPT_0x2:
0003a1 91ed      	LD   R30,X+
0003a2 91fd      	LD   R31,X+
0003a3 9631      	ADIW R30,1
0003a4 93fe      	ST   -X,R31
0003a5 93ee      	ST   -X,R30
0003a6 9508      	RET
                 
                 ;OPTIMIZER ADDED SUBROUTINE, CALLED 2 TIMES, CODE SIZE REDUCTION:19 WORDS
                 SUBOPT_0x3:
0003a7 01fe      	MOVW R30,R28
0003a8 9674      	ADIW R30,20
0003a9 93fa      	ST   -Y,R31
0003aa 93ea      	ST   -Y,R30
                +
0003ab e8e1     +LDI R30 , LOW ( 2 * _0x20000 + ( 25 ) )
0003ac e0f0     +LDI R31 , HIGH ( 2 * _0x20000 + ( 25 ) )
                 	__POINTW1FN _0x20000,25
0003ad 93fa      	ST   -Y,R31
0003ae 93ea      	ST   -Y,R30
0003af 91e0 01bc 	LDS  R30,_capacity
0003b1 91f0 01bd 	LDS  R31,_capacity+1
0003b3 940e 0415 	CALL __CWD1
0003b5 940e 0422 	CALL __PUTPARD1
0003b7 e084      	LDI  R24,4
0003b8 940e 032e 	CALL _sprintf
0003ba 9628      	ADIW R28,8
0003bb 01fe      	MOVW R30,R28
0003bc 93fa      	ST   -Y,R31
0003bd 93ea      	ST   -Y,R30
0003be 9508      	RET
                 
                 ;OPTIMIZER ADDED SUBROUTINE, CALLED 2 TIMES, CODE SIZE REDUCTION:7 WORDS
                 SUBOPT_0x4:
0003bf 940e 0373 	CALL _strcpy
0003c1 01fe      	MOVW R30,R28
0003c2 93fa      	ST   -Y,R31
0003c3 93ea      	ST   -Y,R30
0003c4 01de      	MOVW R26,R28
0003c5 9656      	ADIW R26,22
0003c6 940e 0362 	CALL _strcat
0003c8 cfd0      	RJMP SUBOPT_0x0
                 
                 ;OPTIMIZER ADDED SUBROUTINE, CALLED 2 TIMES, CODE SIZE REDUCTION:1 WORDS
                 SUBOPT_0x5:
0003c9 940e 0147 	CALL __lcd_write_data
0003cb e0a3      	LDI  R26,LOW(3)
0003cc e0b0      	LDI  R27,0
0003cd 940c 0403 	JMP  _delay_ms
                 
                 ;OPTIMIZER ADDED SUBROUTINE, CALLED 3 TIMES, CODE SIZE REDUCTION:7 WORDS
                 SUBOPT_0x6:
0003cf e3a0      	LDI  R26,LOW(48)
0003d0 940e 0133 	CALL __lcd_write_nibble_G100
                +
0003d2 ec88     +LDI R24 , LOW ( 200 )
0003d3 e090     +LDI R25 , HIGH ( 200 )
                +__DELAY_USW_LOOP :
0003d4 9701     +SBIW R24 , 1
0003d5 f7f1     +BRNE __DELAY_USW_LOOP
                 	__DELAY_USW 200
0003d6 9508      	RET
                 
                 ;OPTIMIZER ADDED SUBROUTINE, CALLED 5 TIMES, CODE SIZE REDUCTION:13 WORDS
                 SUBOPT_0x7:
0003d7 932a      	ST   -Y,R18
0003d8 85ad      	LDD  R26,Y+13
0003d9 85be      	LDD  R27,Y+13+1
0003da 85ef      	LDD  R30,Y+15
0003db 89f8      	LDD  R31,Y+15+1
0003dc 9509      	ICALL
0003dd 9508      	RET
                 
                 ;OPTIMIZER ADDED SUBROUTINE, CALLED 5 TIMES, CODE SIZE REDUCTION:9 WORDS
                 SUBOPT_0x8:
0003de 89e8      	LDD  R30,Y+16
0003df 89f9      	LDD  R31,Y+16+1
0003e0 9734      	SBIW R30,4
0003e1 8be8      	STD  Y+16,R30
0003e2 8bf9      	STD  Y+16+1,R31
0003e3 9508      	RET
                 
                 ;OPTIMIZER ADDED SUBROUTINE, CALLED 3 TIMES, CODE SIZE REDUCTION:3 WORDS
                 SUBOPT_0x9:
0003e4 85ad      	LDD  R26,Y+13
0003e5 85be      	LDD  R27,Y+13+1
0003e6 85ef      	LDD  R30,Y+15
0003e7 89f8      	LDD  R31,Y+15+1
0003e8 9509      	ICALL
0003e9 9508      	RET
                 
                 ;OPTIMIZER ADDED SUBROUTINE, CALLED 2 TIMES, CODE SIZE REDUCTION:4 WORDS
                 SUBOPT_0xA:
0003ea 89a8      	LDD  R26,Y+16
0003eb 89b9      	LDD  R27,Y+16+1
0003ec 9614      	ADIW R26,4
0003ed 940e 041a 	CALL __GETW1P
0003ef 83ee      	STD  Y+6,R30
0003f0 83ff      	STD  Y+6+1,R31
0003f1 81ae      	LDD  R26,Y+6
0003f2 81bf      	LDD  R27,Y+6+1
0003f3 9508      	RET
                 
                 ;OPTIMIZER ADDED SUBROUTINE, CALLED 2 TIMES, CODE SIZE REDUCTION:2 WORDS
                 SUBOPT_0xB:
0003f4 89a8      	LDD  R26,Y+16
0003f5 89b9      	LDD  R27,Y+16+1
0003f6 9614      	ADIW R26,4
0003f7 940e 041a 	CALL __GETW1P
0003f9 87ea      	STD  Y+10,R30
0003fa 87fb      	STD  Y+10+1,R31
0003fb 9508      	RET
                 
                 ;OPTIMIZER ADDED SUBROUTINE, CALLED 2 TIMES, CODE SIZE REDUCTION:1 WORDS
                 SUBOPT_0xC:
0003fc 01de      	MOVW R26,R28
0003fd 961c      	ADIW R26,12
0003fe 940e 040d 	CALL __ADDW2R15
000400 940e 041a 	CALL __GETW1P
000402 9508      	RET
                 
                 
                 	.CSEG
                 _delay_ms:
000403 9610      	adiw r26,0
000404 f039      	breq __delay_ms1
                 __delay_ms0:
                +
000405 ed80     +LDI R24 , LOW ( 0x7D0 )
000406 e097     +LDI R25 , HIGH ( 0x7D0 )
                +__DELAY_USW_LOOP :
000407 9701     +SBIW R24 , 1
000408 f7f1     +BRNE __DELAY_USW_LOOP
                 	__DELAY_USW 0x7D0
000409 95a8      	wdr
00040a 9711      	sbiw r26,1
00040b f7c9      	brne __delay_ms0
                 __delay_ms1:
00040c 9508      	ret
                 
                 __ADDW2R15:
00040d 2400      	CLR  R0
00040e 0daf      	ADD  R26,R15
00040f 1db0      	ADC  R27,R0
000410 9508      	RET
                 
                 __ANEGW1:
000411 95f1      	NEG  R31
000412 95e1      	NEG  R30
000413 40f0      	SBCI R31,0
000414 9508      	RET
                 
                 __CWD1:
000415 2f6f      	MOV  R22,R31
000416 0f66      	ADD  R22,R22
000417 0b66      	SBC  R22,R22
000418 2f76      	MOV  R23,R22
000419 9508      	RET
                 
                 __GETW1P:
00041a 91ed      	LD   R30,X+
00041b 91fc      	LD   R31,X
00041c 9711      	SBIW R26,1
00041d 9508      	RET
                 
                 __GETW1PF:
00041e 9005      	LPM  R0,Z+
00041f 91f4      	LPM  R31,Z
000420 2de0      	MOV  R30,R0
000421 9508      	RET
                 
                 __PUTPARD1:
000422 937a      	ST   -Y,R23
000423 936a      	ST   -Y,R22
000424 93fa      	ST   -Y,R31
000425 93ea      	ST   -Y,R30
000426 9508      	RET
                 
                 __SAVELOCR6:
000427 935a      	ST   -Y,R21
                 __SAVELOCR5:
000428 934a      	ST   -Y,R20
                 __SAVELOCR4:
000429 933a      	ST   -Y,R19
                 __SAVELOCR3:
00042a 932a      	ST   -Y,R18
                 __SAVELOCR2:
00042b 931a      	ST   -Y,R17
00042c 930a      	ST   -Y,R16
00042d 9508      	RET
                 
                 __LOADLOCR6:
00042e 815d      	LDD  R21,Y+5
                 __LOADLOCR5:
00042f 814c      	LDD  R20,Y+4
                 __LOADLOCR4:
000430 813b      	LDD  R19,Y+3
                 __LOADLOCR3:
000431 812a      	LDD  R18,Y+2
                 __LOADLOCR2:
000432 8119      	LDD  R17,Y+1
000433 8108      	LD   R16,Y
000434 9508      	RET
                 
                 ;END OF CODE MARKER
                 __END_OF_CODE:


RESOURCE USE INFORMATION
------------------------

Notice:
The register and instruction counts are symbol table hit counts,
and hence implicitly used resources are not counted, eg, the
'lpm' instruction without operands implicitly uses r0 and z,
none of which are counted.

x,y,z are separate entities in the symbol table and are
counted separately from r26..r31 here.

.dseg memory usage only counts static data declared with .byte

ATmega16 register use summary:
r0 :  13 r1 :   3 r2 :   0 r3 :   0 r4 :   4 r5 :   4 r6 :   0 r7 :   2 
r8 :   0 r9 :   0 r10:   0 r11:   0 r12:   0 r13:   0 r14:   0 r15:   6 
r16:  34 r17:  24 r18:  29 r19:   8 r20:   9 r21:  17 r22:  21 r23:   4 
r24:  29 r25:   7 r26: 121 r27:  54 r28:  22 r29:   1 r30: 213 r31:  65 
x  :  26 y  : 206 z  :  17 
Registers used: 25 out of 35 (71.4%)

ATmega16 instruction use summary:
.lds  :   0 .lds.l:   0 .sts  :   0 .sts.l:   0 adc   :   1 add   :   4 
adiw  :  26 and   :   0 andi  :   6 asr   :   0 bclr  :   0 bld   :   0 
brbc  :   0 brbs  :   0 brcc  :   0 brcs  :   0 break :   0 breq  :  17 
brge  :   0 brhc  :   0 brhs  :   0 brid  :   0 brie  :   0 brlo  :   8 
brlt  :   0 brmi  :   1 brne  :  35 brpl  :   1 brsh  :   2 brtc  :   0 
brts  :   0 brvc  :   0 brvs  :   0 bset  :   0 bst   :   0 call  :  68 
cbi   :   5 cbr   :   0 clc   :   0 clh   :   0 cli   :   1 cln   :   0 
clr   :   7 cls   :   0 clt   :   0 clv   :   0 clz   :   0 com   :   0 
cp    :   4 cpc   :   3 cpi   :  34 cpse  :   0 dec   :   5 des   :   0 
eor   :   0 fmul  :   0 fmuls :   0 fmulsu:   0 icall :   2 ijmp  :   0 
in    :   4 inc   :   2 jmp   :  24 ld    :  48 ldd   :  77 ldi   : 110 
lds   :   6 lpm   :  14 lsl   :   0 lsr   :   0 mov   :  19 movw  :  24 
mul   :   1 muls  :   0 mulsu :   0 neg   :   2 nop   :   0 or    :   1 
ori   :   8 out   :  46 pop   :   1 push  :   1 rcall :  15 ret   :  30 
reti  :   1 rjmp  :  66 rol   :   0 ror   :   0 sbc   :   2 sbci  :   2 
sbi   :   5 sbic  :   2 sbis  :   0 sbiw  :  23 sbr   :   0 sbrc  :   2 
sbrs  :  10 sec   :   0 seh   :   0 sei   :   1 sen   :   0 ser   :   0 
ses   :   0 set   :   0 sev   :   0 sez   :   0 sleep :   0 spm   :   0 
st    :  81 std   :  31 sts   :   2 sub   :   1 subi  :  16 swap  :   1 
tst   :   7 wdr   :   1 
Instructions used: 56 out of 116 (48.3%)

ATmega16 memory use summary [bytes]:
Segment   Begin    End      Code   Data   Used    Size   Use%
---------------------------------------------------------------
[.cseg] 0x000000 0x00086a   2030    124   2154   16384  13.1%
[.dseg] 0x000060 0x0001c2      0     98     98    1024   9.6%
[.eseg] 0x000000 0x000000      0      0      0     512   0.0%

Assembly complete, 0 errors, 3 warnings
