
AVRASM ver. 2.1.30  C:\Users\farkoo\Documents\codevision\az7\4\Debug\List\4.asm Tue May 11 12:00:08 2021

C:\Users\farkoo\Documents\codevision\az7\4\Debug\List\4.asm(1088): warning: Register r5 already defined by the .DEF directive
C:\Users\farkoo\Documents\codevision\az7\4\Debug\List\4.asm(1089): warning: Register r4 already defined by the .DEF directive
C:\Users\farkoo\Documents\codevision\az7\4\Debug\List\4.asm(1090): warning: Register r7 already defined by the .DEF directive
C:\Users\farkoo\Documents\codevision\az7\4\Debug\List\4.asm(1091): warning: Register r6 already defined by the .DEF directive
C:\Users\farkoo\Documents\codevision\az7\4\Debug\List\4.asm(1092): warning: Register r9 already defined by the .DEF directive
C:\Users\farkoo\Documents\codevision\az7\4\Debug\List\4.asm(1093): warning: Register r8 already defined by the .DEF directive
C:\Users\farkoo\Documents\codevision\az7\4\Debug\List\4.asm(1094): warning: Register r11 already defined by the .DEF directive
C:\Users\farkoo\Documents\codevision\az7\4\Debug\List\4.asm(1095): warning: Register r10 already defined by the .DEF directive
C:\Users\farkoo\Documents\codevision\az7\4\Debug\List\4.asm(1096): warning: Register r13 already defined by the .DEF directive
C:\Users\farkoo\Documents\codevision\az7\4\Debug\List\4.asm(1097): warning: Register r12 already defined by the .DEF directive
                 
                 
                 ;CodeVisionAVR C Compiler V3.12 Advanced
                 ;(C) Copyright 1998-2014 Pavel Haiduc, HP InfoTech s.r.l.
                 ;http://www.hpinfotech.com
                 
                 ;Build configuration    : Debug
                 ;Chip type              : ATmega16
                 ;Program type           : Application
                 ;Clock frequency        : 8.000000 MHz
                 ;Memory model           : Small
                 ;Optimize for           : Size
                 ;(s)printf features     : int, width
                 ;(s)scanf features      : int, width
                 ;External RAM size      : 0
                 ;Data Stack size        : 256 byte(s)
                 ;Heap size              : 0 byte(s)
                 ;Promote 'char' to 'int': Yes
                 ;'char' is unsigned     : Yes
                 ;8 bit enums            : Yes
                 ;Global 'const' stored in FLASH: Yes
                 ;Enhanced function parameter passing: Yes
                 ;Enhanced core instructions: On
                 ;Automatic register allocation for global variables: On
                 ;Smart register allocation: On
                 
                 	#define _MODEL_SMALL_
                 
                 	#pragma AVRPART ADMIN PART_NAME ATmega16
                 	#pragma AVRPART MEMORY PROG_FLASH 16384
                 	#pragma AVRPART MEMORY EEPROM 512
                 	#pragma AVRPART MEMORY INT_SRAM SIZE 1024
                 	#pragma AVRPART MEMORY INT_SRAM START_ADDR 0x60
                 
                 	#define CALL_SUPPORTED 1
                 
                 	.LISTMAC
                 	.EQU UDRE=0x5
                 	.EQU RXC=0x7
                 	.EQU USR=0xB
                 	.EQU UDR=0xC
                 	.EQU SPSR=0xE
                 	.EQU SPDR=0xF
                 	.EQU EERE=0x0
                 	.EQU EEWE=0x1
                 	.EQU EEMWE=0x2
                 	.EQU EECR=0x1C
                 	.EQU EEDR=0x1D
                 	.EQU EEARL=0x1E
                 	.EQU EEARH=0x1F
                 	.EQU WDTCR=0x21
                 	.EQU MCUCR=0x35
                 	.EQU GICR=0x3B
                 	.EQU SPL=0x3D
                 	.EQU SPH=0x3E
                 	.EQU SREG=0x3F
                 
                 	.DEF R0X0=R0
                 	.DEF R0X1=R1
                 	.DEF R0X2=R2
                 	.DEF R0X3=R3
                 	.DEF R0X4=R4
                 	.DEF R0X5=R5
                 	.DEF R0X6=R6
                 	.DEF R0X7=R7
                 	.DEF R0X8=R8
                 	.DEF R0X9=R9
                 	.DEF R0XA=R10
                 	.DEF R0XB=R11
                 	.DEF R0XC=R12
                 	.DEF R0XD=R13
                 	.DEF R0XE=R14
                 	.DEF R0XF=R15
                 	.DEF R0X10=R16
                 	.DEF R0X11=R17
                 	.DEF R0X12=R18
                 	.DEF R0X13=R19
                 	.DEF R0X14=R20
                 	.DEF R0X15=R21
                 	.DEF R0X16=R22
                 	.DEF R0X17=R23
                 	.DEF R0X18=R24
                 	.DEF R0X19=R25
                 	.DEF R0X1A=R26
                 	.DEF R0X1B=R27
                 	.DEF R0X1C=R28
                 	.DEF R0X1D=R29
                 	.DEF R0X1E=R30
                 	.DEF R0X1F=R31
                 
                 	.EQU __SRAM_START=0x0060
                 	.EQU __SRAM_END=0x045F
                 	.EQU __DSTACK_SIZE=0x0100
                 	.EQU __HEAP_SIZE=0x0000
                 	.EQU __CLEAR_SRAM_SIZE=__SRAM_END-__SRAM_START+1
                 
                 	.MACRO __CPD1N
                 	CPI  R30,LOW(@0)
                 	LDI  R26,HIGH(@0)
                 	CPC  R31,R26
                 	LDI  R26,BYTE3(@0)
                 	CPC  R22,R26
                 	LDI  R26,BYTE4(@0)
                 	CPC  R23,R26
                 	.ENDM
                 
                 	.MACRO __CPD2N
                 	CPI  R26,LOW(@0)
                 	LDI  R30,HIGH(@0)
                 	CPC  R27,R30
                 	LDI  R30,BYTE3(@0)
                 	CPC  R24,R30
                 	LDI  R30,BYTE4(@0)
                 	CPC  R25,R30
                 	.ENDM
                 
                 	.MACRO __CPWRR
                 	CP   R@0,R@2
                 	CPC  R@1,R@3
                 	.ENDM
                 
                 	.MACRO __CPWRN
                 	CPI  R@0,LOW(@2)
                 	LDI  R30,HIGH(@2)
                 	CPC  R@1,R30
                 	.ENDM
                 
                 	.MACRO __ADDB1MN
                 	SUBI R30,LOW(-@0-(@1))
                 	.ENDM
                 
                 	.MACRO __ADDB2MN
                 	SUBI R26,LOW(-@0-(@1))
                 	.ENDM
                 
                 	.MACRO __ADDW1MN
                 	SUBI R30,LOW(-@0-(@1))
                 	SBCI R31,HIGH(-@0-(@1))
                 	.ENDM
                 
                 	.MACRO __ADDW2MN
                 	SUBI R26,LOW(-@0-(@1))
                 	SBCI R27,HIGH(-@0-(@1))
                 	.ENDM
                 
                 	.MACRO __ADDW1FN
                 	SUBI R30,LOW(-2*@0-(@1))
                 	SBCI R31,HIGH(-2*@0-(@1))
                 	.ENDM
                 
                 	.MACRO __ADDD1FN
                 	SUBI R30,LOW(-2*@0-(@1))
                 	SBCI R31,HIGH(-2*@0-(@1))
                 	SBCI R22,BYTE3(-2*@0-(@1))
                 	.ENDM
                 
                 	.MACRO __ADDD1N
                 	SUBI R30,LOW(-@0)
                 	SBCI R31,HIGH(-@0)
                 	SBCI R22,BYTE3(-@0)
                 	SBCI R23,BYTE4(-@0)
                 	.ENDM
                 
                 	.MACRO __ADDD2N
                 	SUBI R26,LOW(-@0)
                 	SBCI R27,HIGH(-@0)
                 	SBCI R24,BYTE3(-@0)
                 	SBCI R25,BYTE4(-@0)
                 	.ENDM
                 
                 	.MACRO __SUBD1N
                 	SUBI R30,LOW(@0)
                 	SBCI R31,HIGH(@0)
                 	SBCI R22,BYTE3(@0)
                 	SBCI R23,BYTE4(@0)
                 	.ENDM
                 
                 	.MACRO __SUBD2N
                 	SUBI R26,LOW(@0)
                 	SBCI R27,HIGH(@0)
                 	SBCI R24,BYTE3(@0)
                 	SBCI R25,BYTE4(@0)
                 	.ENDM
                 
                 	.MACRO __ANDBMNN
                 	LDS  R30,@0+(@1)
                 	ANDI R30,LOW(@2)
                 	STS  @0+(@1),R30
                 	.ENDM
                 
                 	.MACRO __ANDWMNN
                 	LDS  R30,@0+(@1)
                 	ANDI R30,LOW(@2)
                 	STS  @0+(@1),R30
                 	LDS  R30,@0+(@1)+1
                 	ANDI R30,HIGH(@2)
                 	STS  @0+(@1)+1,R30
                 	.ENDM
                 
                 	.MACRO __ANDD1N
                 	ANDI R30,LOW(@0)
                 	ANDI R31,HIGH(@0)
                 	ANDI R22,BYTE3(@0)
                 	ANDI R23,BYTE4(@0)
                 	.ENDM
                 
                 	.MACRO __ANDD2N
                 	ANDI R26,LOW(@0)
                 	ANDI R27,HIGH(@0)
                 	ANDI R24,BYTE3(@0)
                 	ANDI R25,BYTE4(@0)
                 	.ENDM
                 
                 	.MACRO __ORBMNN
                 	LDS  R30,@0+(@1)
                 	ORI  R30,LOW(@2)
                 	STS  @0+(@1),R30
                 	.ENDM
                 
                 	.MACRO __ORWMNN
                 	LDS  R30,@0+(@1)
                 	ORI  R30,LOW(@2)
                 	STS  @0+(@1),R30
                 	LDS  R30,@0+(@1)+1
                 	ORI  R30,HIGH(@2)
                 	STS  @0+(@1)+1,R30
                 	.ENDM
                 
                 	.MACRO __ORD1N
                 	ORI  R30,LOW(@0)
                 	ORI  R31,HIGH(@0)
                 	ORI  R22,BYTE3(@0)
                 	ORI  R23,BYTE4(@0)
                 	.ENDM
                 
                 	.MACRO __ORD2N
                 	ORI  R26,LOW(@0)
                 	ORI  R27,HIGH(@0)
                 	ORI  R24,BYTE3(@0)
                 	ORI  R25,BYTE4(@0)
                 	.ENDM
                 
                 	.MACRO __DELAY_USB
                 	LDI  R24,LOW(@0)
                 __DELAY_USB_LOOP:
                 	DEC  R24
                 	BRNE __DELAY_USB_LOOP
                 	.ENDM
                 
                 	.MACRO __DELAY_USW
                 	LDI  R24,LOW(@0)
                 	LDI  R25,HIGH(@0)
                 __DELAY_USW_LOOP:
                 	SBIW R24,1
                 	BRNE __DELAY_USW_LOOP
                 	.ENDM
                 
                 	.MACRO __GETD1S
                 	LDD  R30,Y+@0
                 	LDD  R31,Y+@0+1
                 	LDD  R22,Y+@0+2
                 	LDD  R23,Y+@0+3
                 	.ENDM
                 
                 	.MACRO __GETD2S
                 	LDD  R26,Y+@0
                 	LDD  R27,Y+@0+1
                 	LDD  R24,Y+@0+2
                 	LDD  R25,Y+@0+3
                 	.ENDM
                 
                 	.MACRO __PUTD1S
                 	STD  Y+@0,R30
                 	STD  Y+@0+1,R31
                 	STD  Y+@0+2,R22
                 	STD  Y+@0+3,R23
                 	.ENDM
                 
                 	.MACRO __PUTD2S
                 	STD  Y+@0,R26
                 	STD  Y+@0+1,R27
                 	STD  Y+@0+2,R24
                 	STD  Y+@0+3,R25
                 	.ENDM
                 
                 	.MACRO __PUTDZ2
                 	STD  Z+@0,R26
                 	STD  Z+@0+1,R27
                 	STD  Z+@0+2,R24
                 	STD  Z+@0+3,R25
                 	.ENDM
                 
                 	.MACRO __CLRD1S
                 	STD  Y+@0,R30
                 	STD  Y+@0+1,R30
                 	STD  Y+@0+2,R30
                 	STD  Y+@0+3,R30
                 	.ENDM
                 
                 	.MACRO __POINTB1MN
                 	LDI  R30,LOW(@0+(@1))
                 	.ENDM
                 
                 	.MACRO __POINTW1MN
                 	LDI  R30,LOW(@0+(@1))
                 	LDI  R31,HIGH(@0+(@1))
                 	.ENDM
                 
                 	.MACRO __POINTD1M
                 	LDI  R30,LOW(@0)
                 	LDI  R31,HIGH(@0)
                 	LDI  R22,BYTE3(@0)
                 	LDI  R23,BYTE4(@0)
                 	.ENDM
                 
                 	.MACRO __POINTW1FN
                 	LDI  R30,LOW(2*@0+(@1))
                 	LDI  R31,HIGH(2*@0+(@1))
                 	.ENDM
                 
                 	.MACRO __POINTD1FN
                 	LDI  R30,LOW(2*@0+(@1))
                 	LDI  R31,HIGH(2*@0+(@1))
                 	LDI  R22,BYTE3(2*@0+(@1))
                 	LDI  R23,BYTE4(2*@0+(@1))
                 	.ENDM
                 
                 	.MACRO __POINTB2MN
                 	LDI  R26,LOW(@0+(@1))
                 	.ENDM
                 
                 	.MACRO __POINTW2MN
                 	LDI  R26,LOW(@0+(@1))
                 	LDI  R27,HIGH(@0+(@1))
                 	.ENDM
                 
                 	.MACRO __POINTW2FN
                 	LDI  R26,LOW(2*@0+(@1))
                 	LDI  R27,HIGH(2*@0+(@1))
                 	.ENDM
                 
                 	.MACRO __POINTD2FN
                 	LDI  R26,LOW(2*@0+(@1))
                 	LDI  R27,HIGH(2*@0+(@1))
                 	LDI  R24,BYTE3(2*@0+(@1))
                 	LDI  R25,BYTE4(2*@0+(@1))
                 	.ENDM
                 
                 	.MACRO __POINTBRM
                 	LDI  R@0,LOW(@1)
                 	.ENDM
                 
                 	.MACRO __POINTWRM
                 	LDI  R@0,LOW(@2)
                 	LDI  R@1,HIGH(@2)
                 	.ENDM
                 
                 	.MACRO __POINTBRMN
                 	LDI  R@0,LOW(@1+(@2))
                 	.ENDM
                 
                 	.MACRO __POINTWRMN
                 	LDI  R@0,LOW(@2+(@3))
                 	LDI  R@1,HIGH(@2+(@3))
                 	.ENDM
                 
                 	.MACRO __POINTWRFN
                 	LDI  R@0,LOW(@2*2+(@3))
                 	LDI  R@1,HIGH(@2*2+(@3))
                 	.ENDM
                 
                 	.MACRO __GETD1N
                 	LDI  R30,LOW(@0)
                 	LDI  R31,HIGH(@0)
                 	LDI  R22,BYTE3(@0)
                 	LDI  R23,BYTE4(@0)
                 	.ENDM
                 
                 	.MACRO __GETD2N
                 	LDI  R26,LOW(@0)
                 	LDI  R27,HIGH(@0)
                 	LDI  R24,BYTE3(@0)
                 	LDI  R25,BYTE4(@0)
                 	.ENDM
                 
                 	.MACRO __GETB1MN
                 	LDS  R30,@0+(@1)
                 	.ENDM
                 
                 	.MACRO __GETB1HMN
                 	LDS  R31,@0+(@1)
                 	.ENDM
                 
                 	.MACRO __GETW1MN
                 	LDS  R30,@0+(@1)
                 	LDS  R31,@0+(@1)+1
                 	.ENDM
                 
                 	.MACRO __GETD1MN
                 	LDS  R30,@0+(@1)
                 	LDS  R31,@0+(@1)+1
                 	LDS  R22,@0+(@1)+2
                 	LDS  R23,@0+(@1)+3
                 	.ENDM
                 
                 	.MACRO __GETBRMN
                 	LDS  R@0,@1+(@2)
                 	.ENDM
                 
                 	.MACRO __GETWRMN
                 	LDS  R@0,@2+(@3)
                 	LDS  R@1,@2+(@3)+1
                 	.ENDM
                 
                 	.MACRO __GETWRZ
                 	LDD  R@0,Z+@2
                 	LDD  R@1,Z+@2+1
                 	.ENDM
                 
                 	.MACRO __GETD2Z
                 	LDD  R26,Z+@0
                 	LDD  R27,Z+@0+1
                 	LDD  R24,Z+@0+2
                 	LDD  R25,Z+@0+3
                 	.ENDM
                 
                 	.MACRO __GETB2MN
                 	LDS  R26,@0+(@1)
                 	.ENDM
                 
                 	.MACRO __GETW2MN
                 	LDS  R26,@0+(@1)
                 	LDS  R27,@0+(@1)+1
                 	.ENDM
                 
                 	.MACRO __GETD2MN
                 	LDS  R26,@0+(@1)
                 	LDS  R27,@0+(@1)+1
                 	LDS  R24,@0+(@1)+2
                 	LDS  R25,@0+(@1)+3
                 	.ENDM
                 
                 	.MACRO __PUTB1MN
                 	STS  @0+(@1),R30
                 	.ENDM
                 
                 	.MACRO __PUTW1MN
                 	STS  @0+(@1),R30
                 	STS  @0+(@1)+1,R31
                 	.ENDM
                 
                 	.MACRO __PUTD1MN
                 	STS  @0+(@1),R30
                 	STS  @0+(@1)+1,R31
                 	STS  @0+(@1)+2,R22
                 	STS  @0+(@1)+3,R23
                 	.ENDM
                 
                 	.MACRO __PUTB1EN
                 	LDI  R26,LOW(@0+(@1))
                 	LDI  R27,HIGH(@0+(@1))
                 	CALL __EEPROMWRB
                 	.ENDM
                 
                 	.MACRO __PUTW1EN
                 	LDI  R26,LOW(@0+(@1))
                 	LDI  R27,HIGH(@0+(@1))
                 	CALL __EEPROMWRW
                 	.ENDM
                 
                 	.MACRO __PUTD1EN
                 	LDI  R26,LOW(@0+(@1))
                 	LDI  R27,HIGH(@0+(@1))
                 	CALL __EEPROMWRD
                 	.ENDM
                 
                 	.MACRO __PUTBR0MN
                 	STS  @0+(@1),R0
                 	.ENDM
                 
                 	.MACRO __PUTBMRN
                 	STS  @0+(@1),R@2
                 	.ENDM
                 
                 	.MACRO __PUTWMRN
                 	STS  @0+(@1),R@2
                 	STS  @0+(@1)+1,R@3
                 	.ENDM
                 
                 	.MACRO __PUTBZR
                 	STD  Z+@1,R@0
                 	.ENDM
                 
                 	.MACRO __PUTWZR
                 	STD  Z+@2,R@0
                 	STD  Z+@2+1,R@1
                 	.ENDM
                 
                 	.MACRO __GETW1R
                 	MOV  R30,R@0
                 	MOV  R31,R@1
                 	.ENDM
                 
                 	.MACRO __GETW2R
                 	MOV  R26,R@0
                 	MOV  R27,R@1
                 	.ENDM
                 
                 	.MACRO __GETWRN
                 	LDI  R@0,LOW(@2)
                 	LDI  R@1,HIGH(@2)
                 	.ENDM
                 
                 	.MACRO __PUTW1R
                 	MOV  R@0,R30
                 	MOV  R@1,R31
                 	.ENDM
                 
                 	.MACRO __PUTW2R
                 	MOV  R@0,R26
                 	MOV  R@1,R27
                 	.ENDM
                 
                 	.MACRO __ADDWRN
                 	SUBI R@0,LOW(-@2)
                 	SBCI R@1,HIGH(-@2)
                 	.ENDM
                 
                 	.MACRO __ADDWRR
                 	ADD  R@0,R@2
                 	ADC  R@1,R@3
                 	.ENDM
                 
                 	.MACRO __SUBWRN
                 	SUBI R@0,LOW(@2)
                 	SBCI R@1,HIGH(@2)
                 	.ENDM
                 
                 	.MACRO __SUBWRR
                 	SUB  R@0,R@2
                 	SBC  R@1,R@3
                 	.ENDM
                 
                 	.MACRO __ANDWRN
                 	ANDI R@0,LOW(@2)
                 	ANDI R@1,HIGH(@2)
                 	.ENDM
                 
                 	.MACRO __ANDWRR
                 	AND  R@0,R@2
                 	AND  R@1,R@3
                 	.ENDM
                 
                 	.MACRO __ORWRN
                 	ORI  R@0,LOW(@2)
                 	ORI  R@1,HIGH(@2)
                 	.ENDM
                 
                 	.MACRO __ORWRR
                 	OR   R@0,R@2
                 	OR   R@1,R@3
                 	.ENDM
                 
                 	.MACRO __EORWRR
                 	EOR  R@0,R@2
                 	EOR  R@1,R@3
                 	.ENDM
                 
                 	.MACRO __GETWRS
                 	LDD  R@0,Y+@2
                 	LDD  R@1,Y+@2+1
                 	.ENDM
                 
                 	.MACRO __PUTBSR
                 	STD  Y+@1,R@0
                 	.ENDM
                 
                 	.MACRO __PUTWSR
                 	STD  Y+@2,R@0
                 	STD  Y+@2+1,R@1
                 	.ENDM
                 
                 	.MACRO __MOVEWRR
                 	MOV  R@0,R@2
                 	MOV  R@1,R@3
                 	.ENDM
                 
                 	.MACRO __INWR
                 	IN   R@0,@2
                 	IN   R@1,@2+1
                 	.ENDM
                 
                 	.MACRO __OUTWR
                 	OUT  @2+1,R@1
                 	OUT  @2,R@0
                 	.ENDM
                 
                 	.MACRO __CALL1MN
                 	LDS  R30,@0+(@1)
                 	LDS  R31,@0+(@1)+1
                 	ICALL
                 	.ENDM
                 
                 	.MACRO __CALL1FN
                 	LDI  R30,LOW(2*@0+(@1))
                 	LDI  R31,HIGH(2*@0+(@1))
                 	CALL __GETW1PF
                 	ICALL
                 	.ENDM
                 
                 	.MACRO __CALL2EN
                 	PUSH R26
                 	PUSH R27
                 	LDI  R26,LOW(@0+(@1))
                 	LDI  R27,HIGH(@0+(@1))
                 	CALL __EEPROMRDW
                 	POP  R27
                 	POP  R26
                 	ICALL
                 	.ENDM
                 
                 	.MACRO __CALL2EX
                 	SUBI R26,LOW(-@0)
                 	SBCI R27,HIGH(-@0)
                 	CALL __EEPROMRDD
                 	ICALL
                 	.ENDM
                 
                 	.MACRO __GETW1STACK
                 	IN   R30,SPL
                 	IN   R31,SPH
                 	ADIW R30,@0+1
                 	LD   R0,Z+
                 	LD   R31,Z
                 	MOV  R30,R0
                 	.ENDM
                 
                 	.MACRO __GETD1STACK
                 	IN   R30,SPL
                 	IN   R31,SPH
                 	ADIW R30,@0+1
                 	LD   R0,Z+
                 	LD   R1,Z+
                 	LD   R22,Z
                 	MOVW R30,R0
                 	.ENDM
                 
                 	.MACRO __NBST
                 	BST  R@0,@1
                 	IN   R30,SREG
                 	LDI  R31,0x40
                 	EOR  R30,R31
                 	OUT  SREG,R30
                 	.ENDM
                 
                 
                 	.MACRO __PUTB1SN
                 	LDD  R26,Y+@0
                 	LDD  R27,Y+@0+1
                 	SUBI R26,LOW(-@1)
                 	SBCI R27,HIGH(-@1)
                 	ST   X,R30
                 	.ENDM
                 
                 	.MACRO __PUTW1SN
                 	LDD  R26,Y+@0
                 	LDD  R27,Y+@0+1
                 	SUBI R26,LOW(-@1)
                 	SBCI R27,HIGH(-@1)
                 	ST   X+,R30
                 	ST   X,R31
                 	.ENDM
                 
                 	.MACRO __PUTD1SN
                 	LDD  R26,Y+@0
                 	LDD  R27,Y+@0+1
                 	SUBI R26,LOW(-@1)
                 	SBCI R27,HIGH(-@1)
                 	CALL __PUTDP1
                 	.ENDM
                 
                 	.MACRO __PUTB1SNS
                 	LDD  R26,Y+@0
                 	LDD  R27,Y+@0+1
                 	ADIW R26,@1
                 	ST   X,R30
                 	.ENDM
                 
                 	.MACRO __PUTW1SNS
                 	LDD  R26,Y+@0
                 	LDD  R27,Y+@0+1
                 	ADIW R26,@1
                 	ST   X+,R30
                 	ST   X,R31
                 	.ENDM
                 
                 	.MACRO __PUTD1SNS
                 	LDD  R26,Y+@0
                 	LDD  R27,Y+@0+1
                 	ADIW R26,@1
                 	CALL __PUTDP1
                 	.ENDM
                 
                 	.MACRO __PUTB1PMN
                 	LDS  R26,@0
                 	LDS  R27,@0+1
                 	SUBI R26,LOW(-@1)
                 	SBCI R27,HIGH(-@1)
                 	ST   X,R30
                 	.ENDM
                 
                 	.MACRO __PUTW1PMN
                 	LDS  R26,@0
                 	LDS  R27,@0+1
                 	SUBI R26,LOW(-@1)
                 	SBCI R27,HIGH(-@1)
                 	ST   X+,R30
                 	ST   X,R31
                 	.ENDM
                 
                 	.MACRO __PUTD1PMN
                 	LDS  R26,@0
                 	LDS  R27,@0+1
                 	SUBI R26,LOW(-@1)
                 	SBCI R27,HIGH(-@1)
                 	CALL __PUTDP1
                 	.ENDM
                 
                 	.MACRO __PUTB1PMNS
                 	LDS  R26,@0
                 	LDS  R27,@0+1
                 	ADIW R26,@1
                 	ST   X,R30
                 	.ENDM
                 
                 	.MACRO __PUTW1PMNS
                 	LDS  R26,@0
                 	LDS  R27,@0+1
                 	ADIW R26,@1
                 	ST   X+,R30
                 	ST   X,R31
                 	.ENDM
                 
                 	.MACRO __PUTD1PMNS
                 	LDS  R26,@0
                 	LDS  R27,@0+1
                 	ADIW R26,@1
                 	CALL __PUTDP1
                 	.ENDM
                 
                 	.MACRO __PUTB1RN
                 	MOVW R26,R@0
                 	SUBI R26,LOW(-@1)
                 	SBCI R27,HIGH(-@1)
                 	ST   X,R30
                 	.ENDM
                 
                 	.MACRO __PUTW1RN
                 	MOVW R26,R@0
                 	SUBI R26,LOW(-@1)
                 	SBCI R27,HIGH(-@1)
                 	ST   X+,R30
                 	ST   X,R31
                 	.ENDM
                 
                 	.MACRO __PUTD1RN
                 	MOVW R26,R@0
                 	SUBI R26,LOW(-@1)
                 	SBCI R27,HIGH(-@1)
                 	CALL __PUTDP1
                 	.ENDM
                 
                 	.MACRO __PUTB1RNS
                 	MOVW R26,R@0
                 	ADIW R26,@1
                 	ST   X,R30
                 	.ENDM
                 
                 	.MACRO __PUTW1RNS
                 	MOVW R26,R@0
                 	ADIW R26,@1
                 	ST   X+,R30
                 	ST   X,R31
                 	.ENDM
                 
                 	.MACRO __PUTD1RNS
                 	MOVW R26,R@0
                 	ADIW R26,@1
                 	CALL __PUTDP1
                 	.ENDM
                 
                 	.MACRO __PUTB1RON
                 	MOV  R26,R@0
                 	MOV  R27,R@1
                 	SUBI R26,LOW(-@2)
                 	SBCI R27,HIGH(-@2)
                 	ST   X,R30
                 	.ENDM
                 
                 	.MACRO __PUTW1RON
                 	MOV  R26,R@0
                 	MOV  R27,R@1
                 	SUBI R26,LOW(-@2)
                 	SBCI R27,HIGH(-@2)
                 	ST   X+,R30
                 	ST   X,R31
                 	.ENDM
                 
                 	.MACRO __PUTD1RON
                 	MOV  R26,R@0
                 	MOV  R27,R@1
                 	SUBI R26,LOW(-@2)
                 	SBCI R27,HIGH(-@2)
                 	CALL __PUTDP1
                 	.ENDM
                 
                 	.MACRO __PUTB1RONS
                 	MOV  R26,R@0
                 	MOV  R27,R@1
                 	ADIW R26,@2
                 	ST   X,R30
                 	.ENDM
                 
                 	.MACRO __PUTW1RONS
                 	MOV  R26,R@0
                 	MOV  R27,R@1
                 	ADIW R26,@2
                 	ST   X+,R30
                 	ST   X,R31
                 	.ENDM
                 
                 	.MACRO __PUTD1RONS
                 	MOV  R26,R@0
                 	MOV  R27,R@1
                 	ADIW R26,@2
                 	CALL __PUTDP1
                 	.ENDM
                 
                 
                 	.MACRO __GETB1SX
                 	MOVW R30,R28
                 	SUBI R30,LOW(-@0)
                 	SBCI R31,HIGH(-@0)
                 	LD   R30,Z
                 	.ENDM
                 
                 	.MACRO __GETB1HSX
                 	MOVW R30,R28
                 	SUBI R30,LOW(-@0)
                 	SBCI R31,HIGH(-@0)
                 	LD   R31,Z
                 	.ENDM
                 
                 	.MACRO __GETW1SX
                 	MOVW R30,R28
                 	SUBI R30,LOW(-@0)
                 	SBCI R31,HIGH(-@0)
                 	LD   R0,Z+
                 	LD   R31,Z
                 	MOV  R30,R0
                 	.ENDM
                 
                 	.MACRO __GETD1SX
                 	MOVW R30,R28
                 	SUBI R30,LOW(-@0)
                 	SBCI R31,HIGH(-@0)
                 	LD   R0,Z+
                 	LD   R1,Z+
                 	LD   R22,Z+
                 	LD   R23,Z
                 	MOVW R30,R0
                 	.ENDM
                 
                 	.MACRO __GETB2SX
                 	MOVW R26,R28
                 	SUBI R26,LOW(-@0)
                 	SBCI R27,HIGH(-@0)
                 	LD   R26,X
                 	.ENDM
                 
                 	.MACRO __GETW2SX
                 	MOVW R26,R28
                 	SUBI R26,LOW(-@0)
                 	SBCI R27,HIGH(-@0)
                 	LD   R0,X+
                 	LD   R27,X
                 	MOV  R26,R0
                 	.ENDM
                 
                 	.MACRO __GETD2SX
                 	MOVW R26,R28
                 	SUBI R26,LOW(-@0)
                 	SBCI R27,HIGH(-@0)
                 	LD   R0,X+
                 	LD   R1,X+
                 	LD   R24,X+
                 	LD   R25,X
                 	MOVW R26,R0
                 	.ENDM
                 
                 	.MACRO __GETBRSX
                 	MOVW R30,R28
                 	SUBI R30,LOW(-@1)
                 	SBCI R31,HIGH(-@1)
                 	LD   R@0,Z
                 	.ENDM
                 
                 	.MACRO __GETWRSX
                 	MOVW R30,R28
                 	SUBI R30,LOW(-@2)
                 	SBCI R31,HIGH(-@2)
                 	LD   R@0,Z+
                 	LD   R@1,Z
                 	.ENDM
                 
                 	.MACRO __GETBRSX2
                 	MOVW R26,R28
                 	SUBI R26,LOW(-@1)
                 	SBCI R27,HIGH(-@1)
                 	LD   R@0,X
                 	.ENDM
                 
                 	.MACRO __GETWRSX2
                 	MOVW R26,R28
                 	SUBI R26,LOW(-@2)
                 	SBCI R27,HIGH(-@2)
                 	LD   R@0,X+
                 	LD   R@1,X
                 	.ENDM
                 
                 	.MACRO __LSLW8SX
                 	MOVW R30,R28
                 	SUBI R30,LOW(-@0)
                 	SBCI R31,HIGH(-@0)
                 	LD   R31,Z
                 	CLR  R30
                 	.ENDM
                 
                 	.MACRO __PUTB1SX
                 	MOVW R26,R28
                 	SUBI R26,LOW(-@0)
                 	SBCI R27,HIGH(-@0)
                 	ST   X,R30
                 	.ENDM
                 
                 	.MACRO __PUTW1SX
                 	MOVW R26,R28
                 	SUBI R26,LOW(-@0)
                 	SBCI R27,HIGH(-@0)
                 	ST   X+,R30
                 	ST   X,R31
                 	.ENDM
                 
                 	.MACRO __PUTD1SX
                 	MOVW R26,R28
                 	SUBI R26,LOW(-@0)
                 	SBCI R27,HIGH(-@0)
                 	ST   X+,R30
                 	ST   X+,R31
                 	ST   X+,R22
                 	ST   X,R23
                 	.ENDM
                 
                 	.MACRO __CLRW1SX
                 	MOVW R26,R28
                 	SUBI R26,LOW(-@0)
                 	SBCI R27,HIGH(-@0)
                 	ST   X+,R30
                 	ST   X,R30
                 	.ENDM
                 
                 	.MACRO __CLRD1SX
                 	MOVW R26,R28
                 	SUBI R26,LOW(-@0)
                 	SBCI R27,HIGH(-@0)
                 	ST   X+,R30
                 	ST   X+,R30
                 	ST   X+,R30
                 	ST   X,R30
                 	.ENDM
                 
                 	.MACRO __PUTB2SX
                 	MOVW R30,R28
                 	SUBI R30,LOW(-@0)
                 	SBCI R31,HIGH(-@0)
                 	ST   Z,R26
                 	.ENDM
                 
                 	.MACRO __PUTW2SX
                 	MOVW R30,R28
                 	SUBI R30,LOW(-@0)
                 	SBCI R31,HIGH(-@0)
                 	ST   Z+,R26
                 	ST   Z,R27
                 	.ENDM
                 
                 	.MACRO __PUTD2SX
                 	MOVW R30,R28
                 	SUBI R30,LOW(-@0)
                 	SBCI R31,HIGH(-@0)
                 	ST   Z+,R26
                 	ST   Z+,R27
                 	ST   Z+,R24
                 	ST   Z,R25
                 	.ENDM
                 
                 	.MACRO __PUTBSRX
                 	MOVW R30,R28
                 	SUBI R30,LOW(-@1)
                 	SBCI R31,HIGH(-@1)
                 	ST   Z,R@0
                 	.ENDM
                 
                 	.MACRO __PUTWSRX
                 	MOVW R30,R28
                 	SUBI R30,LOW(-@2)
                 	SBCI R31,HIGH(-@2)
                 	ST   Z+,R@0
                 	ST   Z,R@1
                 	.ENDM
                 
                 	.MACRO __PUTB1SNX
                 	MOVW R26,R28
                 	SUBI R26,LOW(-@0)
                 	SBCI R27,HIGH(-@0)
                 	LD   R0,X+
                 	LD   R27,X
                 	MOV  R26,R0
                 	SUBI R26,LOW(-@1)
                 	SBCI R27,HIGH(-@1)
                 	ST   X,R30
                 	.ENDM
                 
                 	.MACRO __PUTW1SNX
                 	MOVW R26,R28
                 	SUBI R26,LOW(-@0)
                 	SBCI R27,HIGH(-@0)
                 	LD   R0,X+
                 	LD   R27,X
                 	MOV  R26,R0
                 	SUBI R26,LOW(-@1)
                 	SBCI R27,HIGH(-@1)
                 	ST   X+,R30
                 	ST   X,R31
                 	.ENDM
                 
                 	.MACRO __PUTD1SNX
                 	MOVW R26,R28
                 	SUBI R26,LOW(-@0)
                 	SBCI R27,HIGH(-@0)
                 	LD   R0,X+
                 	LD   R27,X
                 	MOV  R26,R0
                 	SUBI R26,LOW(-@1)
                 	SBCI R27,HIGH(-@1)
                 	ST   X+,R30
                 	ST   X+,R31
                 	ST   X+,R22
                 	ST   X,R23
                 	.ENDM
                 
                 	.MACRO __MULBRR
                 	MULS R@0,R@1
                 	MOVW R30,R0
                 	.ENDM
                 
                 	.MACRO __MULBRRU
                 	MUL  R@0,R@1
                 	MOVW R30,R0
                 	.ENDM
                 
                 	.MACRO __MULBRR0
                 	MULS R@0,R@1
                 	.ENDM
                 
                 	.MACRO __MULBRRU0
                 	MUL  R@0,R@1
                 	.ENDM
                 
                 	.MACRO __MULBNWRU
                 	LDI  R26,@2
                 	MUL  R26,R@0
                 	MOVW R30,R0
                 	MUL  R26,R@1
                 	ADD  R31,R0
                 	.ENDM
                 
                 ;NAME DEFINITIONS FOR GLOBAL VARIABLES ALLOCATED TO REGISTERS
                 	.DEF _a=R5
                 	.DEF _rx_wr_index=R4
                 	.DEF _rx_rd_index=R7
                 	.DEF _rx_counter=R6
                 	.DEF _tx_wr_index=R9
                 	.DEF _tx_rd_index=R8
                 	.DEF _tx_counter=R11
                 	.DEF __lcd_x=R10
                 	.DEF __lcd_y=R13
                 	.DEF __lcd_maxx=R12
                 
                 	.CSEG
                 	.ORG 0x00
                 
                 ;START OF CODE MARKER
                 __START_OF_CODE:
                 
                 ;INTERRUPT VECTORS
000000 940c 008f 	JMP  __RESET
000002 940c 0000 	JMP  0x00
000004 940c 0000 	JMP  0x00
000006 940c 0000 	JMP  0x00
000008 940c 0000 	JMP  0x00
00000a 940c 0000 	JMP  0x00
00000c 940c 0000 	JMP  0x00
00000e 940c 0000 	JMP  0x00
000010 940c 0000 	JMP  0x00
000012 940c 0000 	JMP  0x00
000014 940c 0000 	JMP  0x00
000016 940c 00bc 	JMP  _usart_rx_isr
000018 940c 0000 	JMP  0x00
00001a 940c 00ee 	JMP  _usart_tx_isr
00001c 940c 0000 	JMP  0x00
00001e 940c 0000 	JMP  0x00
000020 940c 0000 	JMP  0x00
000022 940c 0000 	JMP  0x00
000024 940c 0000 	JMP  0x00
000026 940c 0000 	JMP  0x00
000028 940c 0000 	JMP  0x00
                 
                 _tbl10_G101:
00002a 2710
00002b 03e8
00002c 0064
00002d 000a      	.DB  0x10,0x27,0xE8,0x3,0x64,0x0,0xA,0x0
00002e 0001      	.DB  0x1,0x0
                 _tbl16_G101:
00002f 1000
000030 0100
000031 0010
000032 0001      	.DB  0x0,0x10,0x0,0x1,0x10,0x0,0x1,0x0
                 
                 ;REGISTER BIT VARIABLES INITIALIZATION
                 __REG_BIT_VARS:
000033 0000      	.DW  0x0000
                 
                 ;GLOBAL REGISTER VARIABLES INITIALIZATION
                 __REG_VARS:
000034 0000
000035 0000      	.DB  0x0,0x0,0x0,0x0
000036 0000
000037 0000      	.DB  0x0,0x0,0x0,0x0
                 
                 _0x3B:
000038 0000
000039 0000
00003a 0000
00003b 0000      	.DB  0x0,0x0,0x0,0x0,0x0,0x0,0x0,0x0
00003c 0000
00003d 0000
00003e 0000
00003f 0000      	.DB  0x0,0x0,0x0,0x0,0x0,0x0,0x0,0x0
000040 0000
000041 0000
000042 0000
000043 0000      	.DB  0x0,0x0,0x0,0x0,0x0,0x0,0x0,0x0
000044 0000
000045 0000
000046 0000
000047 0000      	.DB  0x0,0x0,0x0,0x0,0x0,0x0,0x0,0x0
000048 0000
000049 0000
00004a 0000
00004b 0000      	.DB  0x0,0x0,0x0,0x0,0x0,0x0,0x0,0x0
00004c 0000
00004d 0000
00004e 0000
00004f 0000      	.DB  0x0,0x0,0x0,0x0,0x0,0x0,0x0,0x0
000050 0000
000051 0000
000052 0000
000053 0000      	.DB  0x0,0x0,0x0,0x0,0x0,0x0,0x0,0x0
C:\Users\farkoo\Documents\codevision\az7\4\Debug\List\4.asm(1151): warning: .cseg .db misalignment - padding zero byte
000054 0000      	.DB  0x0
                 _0x0:
000055 4c09
000056 6e65
000057 7467
000058 2068      	.DB  0x9,0x4C,0x65,0x6E,0x67,0x74,0x68,0x20
000059 666f
00005a 6620
00005b 6172
00005c 656d      	.DB  0x6F,0x66,0x20,0x66,0x72,0x61,0x6D,0x65
00005d 6e20
00005e 746f
00005f 6320
000060 726f      	.DB  0x20,0x6E,0x6F,0x74,0x20,0x63,0x6F,0x72
000061 6572
000062 7463
000063 000d
000064 4609      	.DB  0x72,0x65,0x63,0x74,0xD,0x0,0x9,0x46
000065 6172
000066 656d
000067 6d20
000068 7375      	.DB  0x72,0x61,0x6D,0x65,0x20,0x6D,0x75,0x73
000069 2074
00006a 6562
00006b 3520
00006c 6920      	.DB  0x74,0x20,0x62,0x65,0x20,0x35,0x20,0x69
00006d 746e
00006e 6765
00006f 7265
000070 000d      	.DB  0x6E,0x74,0x65,0x67,0x65,0x72,0xD,0x0
000071 4609
000072 6172
000073 656d
000074 6920      	.DB  0x9,0x46,0x72,0x61,0x6D,0x65,0x20,0x69
000075 2073
000076 6f63
000077 7272
000078 6365      	.DB  0x73,0x20,0x63,0x6F,0x72,0x72,0x65,0x63
000079 0d74
C:\Users\farkoo\Documents\codevision\az7\4\Debug\List\4.asm(1162): warning: .cseg .db misalignment - padding zero byte
00007a 0000      	.DB  0x74,0xD,0x0
                 _0x2000003:
00007b c080      	.DB  0x80,0xC0
                 
                 __GLOBAL_INI_TBL:
00007c 0001      	.DW  0x01
00007d 0002      	.DW  0x02
00007e 0066      	.DW  __REG_BIT_VARS*2
                 
00007f 0008      	.DW  0x08
000080 0004      	.DW  0x04
000081 0068      	.DW  __REG_VARS*2
                 
000082 001e      	.DW  0x1E
000083 0160      	.DW  _0x48
000084 00aa      	.DW  _0x0*2
                 
000085 001a      	.DW  0x1A
000086 017e      	.DW  _0x48+30
000087 00c8      	.DW  _0x0*2+30
                 
000088 0013      	.DW  0x13
000089 0198      	.DW  _0x48+56
00008a 00e2      	.DW  _0x0*2+56
                 
00008b 0002      	.DW  0x02
00008c 01bb      	.DW  __base_y_G100
00008d 00f6      	.DW  _0x2000003*2
                 
                 _0xFFFFFFFF:
00008e 0000      	.DW  0
                 
                 #define __GLOBAL_INI_TBL_PRESENT 1
                 
                 __RESET:
00008f 94f8      	CLI
000090 27ee      	CLR  R30
000091 bbec      	OUT  EECR,R30
                 
                 ;INTERRUPT VECTORS ARE PLACED
                 ;AT THE START OF FLASH
000092 e0f1      	LDI  R31,1
000093 bffb      	OUT  GICR,R31
000094 bfeb      	OUT  GICR,R30
000095 bfe5      	OUT  MCUCR,R30
                 
                 ;CLEAR R2-R14
000096 e08d      	LDI  R24,(14-2)+1
000097 e0a2      	LDI  R26,2
000098 27bb      	CLR  R27
                 __CLEAR_REG:
000099 93ed      	ST   X+,R30
00009a 958a      	DEC  R24
00009b f7e9      	BRNE __CLEAR_REG
                 
                 ;CLEAR SRAM
00009c e080      	LDI  R24,LOW(__CLEAR_SRAM_SIZE)
00009d e094      	LDI  R25,HIGH(__CLEAR_SRAM_SIZE)
00009e e6a0      	LDI  R26,__SRAM_START
                 __CLEAR_SRAM:
00009f 93ed      	ST   X+,R30
0000a0 9701      	SBIW R24,1
0000a1 f7e9      	BRNE __CLEAR_SRAM
                 
                 ;GLOBAL VARIABLES INITIALIZATION
0000a2 efe8      	LDI  R30,LOW(__GLOBAL_INI_TBL*2)
0000a3 e0f0      	LDI  R31,HIGH(__GLOBAL_INI_TBL*2)
                 __GLOBAL_INI_NEXT:
0000a4 9185      	LPM  R24,Z+
0000a5 9195      	LPM  R25,Z+
0000a6 9700      	SBIW R24,0
0000a7 f061      	BREQ __GLOBAL_INI_END
0000a8 91a5      	LPM  R26,Z+
0000a9 91b5      	LPM  R27,Z+
0000aa 9005      	LPM  R0,Z+
0000ab 9015      	LPM  R1,Z+
0000ac 01bf      	MOVW R22,R30
0000ad 01f0      	MOVW R30,R0
                 __GLOBAL_INI_LOOP:
0000ae 9005      	LPM  R0,Z+
0000af 920d      	ST   X+,R0
0000b0 9701      	SBIW R24,1
0000b1 f7e1      	BRNE __GLOBAL_INI_LOOP
0000b2 01fb      	MOVW R30,R22
0000b3 cff0      	RJMP __GLOBAL_INI_NEXT
                 __GLOBAL_INI_END:
                 
                 ;HARDWARE STACK POINTER INITIALIZATION
0000b4 e5ef      	LDI  R30,LOW(__SRAM_END-__HEAP_SIZE)
0000b5 bfed      	OUT  SPL,R30
0000b6 e0e4      	LDI  R30,HIGH(__SRAM_END-__HEAP_SIZE)
0000b7 bfee      	OUT  SPH,R30
                 
                 ;DATA STACK POINTER INITIALIZATION
0000b8 e6c0      	LDI  R28,LOW(__SRAM_START+__DSTACK_SIZE)
0000b9 e0d1      	LDI  R29,HIGH(__SRAM_START+__DSTACK_SIZE)
                 
0000ba 940c 0120 	JMP  _main
                 
                 	.ESEG
                 	.ORG 0
                 
                 	.DSEG
                 	.ORG 0x160
                 
                 	.CSEG
                 ;/*******************************************************
                 ;This program was created by the
                 ;CodeWizardAVR V3.12 Advanced
                 ;Automatic Program Generator
                 ;© Copyright 1998-2014 Pavel Haiduc, HP InfoTech s.r.l.
                 ;http://www.hpinfotech.com
                 ;
                 ;Project :
                 ;Version :
                 ;Date    : 5/11/2021
                 ;Author  :
                 ;Company :
                 ;Comments:
                 ;
                 ;
                 ;Chip type               : ATmega16
                 ;Program type            : Application
                 ;AVR Core Clock frequency: 8.000000 MHz
                 ;Memory model            : Small
                 ;External RAM size       : 0
                 ;Data Stack size         : 256
                 ;*******************************************************/
                 ;
                 ;#include <mega16.h>
                 	#ifndef __SLEEP_DEFINED__
                 	#define __SLEEP_DEFINED__
                 	.EQU __se_bit=0x40
                 	.EQU __sm_mask=0xB0
                 	.EQU __sm_powerdown=0x20
                 	.EQU __sm_powersave=0x30
                 	.EQU __sm_standby=0xA0
                 	.EQU __sm_ext_standby=0xB0
                 	.EQU __sm_adc_noise_red=0x10
                 	.SET power_ctrl_reg=mcucr
                 	#endif
                 ;
                 ;// Alphanumeric LCD functions
                 ;#include <alcd.h>
                 ;// Declare your global variables here
                 ;char a;
                 ;
                 ;#define DATA_REGISTER_EMPTY (1<<UDRE)
                 ;#define RX_COMPLETE (1<<RXC)
                 ;#define FRAMING_ERROR (1<<FE)
                 ;#define PARITY_ERROR (1<<UPE)
                 ;#define DATA_OVERRUN (1<<DOR)
                 ;
                 ;// USART Receiver buffer
                 ;#define RX_BUFFER_SIZE 8
                 ;char rx_buffer[RX_BUFFER_SIZE];
                 ;
                 ;#if RX_BUFFER_SIZE <= 256
                 ;unsigned char rx_wr_index=0,rx_rd_index=0;
                 ;#else
                 ;unsigned int rx_wr_index=0,rx_rd_index=0;
                 ;#endif
                 ;
                 ;#if RX_BUFFER_SIZE < 256
                 ;unsigned char rx_counter=0;
                 ;#else
                 ;unsigned int rx_counter=0;
                 ;#endif
                 ;
                 ;// This flag is set on USART Receiver buffer overflow
                 ;bit rx_buffer_overflow;
                 ;
                 ;// USART Receiver interrupt service routine
                 ;interrupt [USART_RXC] void usart_rx_isr(void)
                 ; 0000 003A {
                 
                 	.CSEG
                 _usart_rx_isr:
                 ; .FSTART _usart_rx_isr
0000bc 93ea      	ST   -Y,R30
0000bd 93fa      	ST   -Y,R31
0000be b7ef      	IN   R30,SREG
0000bf 93ea      	ST   -Y,R30
                 ; 0000 003B char status,data;
                 ; 0000 003C status=UCSRA;
0000c0 931a      	ST   -Y,R17
0000c1 930a      	ST   -Y,R16
                 ;	status -> R17
                 ;	data -> R16
0000c2 b11b      	IN   R17,11
                 ; 0000 003D data=UDR;
0000c3 b10c      	IN   R16,12
                 ; 0000 003E if ((status & (FRAMING_ERROR | PARITY_ERROR | DATA_OVERRUN))==0)
0000c4 2fe1      	MOV  R30,R17
0000c5 71ec      	ANDI R30,LOW(0x1C)
0000c6 f489      	BRNE _0x3
                 ; 0000 003F    {
                 ; 0000 0040    rx_buffer[rx_wr_index++]=data;
0000c7 2de4      	MOV  R30,R4
0000c8 9443      	INC  R4
0000c9 e0f0      	LDI  R31,0
0000ca 55e5      	SUBI R30,LOW(-_rx_buffer)
0000cb 4ffe      	SBCI R31,HIGH(-_rx_buffer)
0000cc 8300      	ST   Z,R16
                 ; 0000 0041 #if RX_BUFFER_SIZE == 256
                 ; 0000 0042    // special case for receiver buffer size=256
                 ; 0000 0043    if (++rx_counter == 0) rx_buffer_overflow=1;
                 ; 0000 0044 #else
                 ; 0000 0045    if (rx_wr_index == RX_BUFFER_SIZE) rx_wr_index=0;
0000cd e0e8      	LDI  R30,LOW(8)
0000ce 15e4      	CP   R30,R4
0000cf f409      	BRNE _0x4
0000d0 2444      	CLR  R4
                 ; 0000 0046    if (++rx_counter == RX_BUFFER_SIZE)
                 _0x4:
0000d1 9463      	INC  R6
0000d2 e0e8      	LDI  R30,LOW(8)
0000d3 15e6      	CP   R30,R6
0000d4 f419      	BRNE _0x5
                 ; 0000 0047       {
                 ; 0000 0048       rx_counter=0;
0000d5 2466      	CLR  R6
                 ; 0000 0049       rx_buffer_overflow=1;
0000d6 9468      	SET
0000d7 f820      	BLD  R2,0
                 ; 0000 004A       }
                 ; 0000 004B #endif
                 ; 0000 004C    }
                 _0x5:
                 ; 0000 004D }
                 _0x3:
0000d8 9109      	LD   R16,Y+
0000d9 9119      	LD   R17,Y+
0000da c025      	RJMP _0x4F
                 ; .FEND
                 ;/*
                 ;#ifndef _DEBUG_TERMINAL_IO_
                 ;// Get a character from the USART Receiver buffer
                 ;#define _ALTERNATE_GETCHAR_
                 ;#pragma used+   */
                 ;char getchar_(void)
                 ; 0000 0054 {
                 _getchar_:
                 ; .FSTART _getchar_
                 ; 0000 0055 char data;
                 ; 0000 0056 while (rx_counter==0);
0000db 931a      	ST   -Y,R17
                 ;	data -> R17
                 _0x6:
0000dc 2066      	TST  R6
0000dd f3f1      	BREQ _0x6
                 ; 0000 0057 data=rx_buffer[rx_rd_index++];
0000de 2de7      	MOV  R30,R7
0000df 9473      	INC  R7
0000e0 e0f0      	LDI  R31,0
0000e1 55e5      	SUBI R30,LOW(-_rx_buffer)
0000e2 4ffe      	SBCI R31,HIGH(-_rx_buffer)
0000e3 8110      	LD   R17,Z
                 ; 0000 0058 #if RX_BUFFER_SIZE != 256
                 ; 0000 0059 if (rx_rd_index == RX_BUFFER_SIZE) rx_rd_index=0;
0000e4 e0e8      	LDI  R30,LOW(8)
0000e5 15e7      	CP   R30,R7
0000e6 f409      	BRNE _0x9
0000e7 2477      	CLR  R7
                 ; 0000 005A #endif
                 ; 0000 005B #asm("cli")
                 _0x9:
0000e8 94f8      	cli
                 ; 0000 005C --rx_counter;
0000e9 946a      	DEC  R6
                 ; 0000 005D #asm("sei")
0000ea 9478      	sei
                 ; 0000 005E return data;
0000eb 2fe1      	MOV  R30,R17
0000ec 9119      	LD   R17,Y+
0000ed 9508      	RET
                 ; 0000 005F }
                 ; .FEND
                 ;/*
                 ;#pragma used-
                 ;#endif */
                 ;
                 ;// USART Transmitter buffer
                 ;#define TX_BUFFER_SIZE 8
                 ;char tx_buffer[TX_BUFFER_SIZE];
                 ;
                 ;#if TX_BUFFER_SIZE <= 256
                 ;unsigned char tx_wr_index=0,tx_rd_index=0;
                 ;#else
                 ;unsigned int tx_wr_index=0,tx_rd_index=0;
                 ;#endif
                 ;
                 ;#if TX_BUFFER_SIZE < 256
                 ;unsigned char tx_counter=0;
                 ;#else
                 ;unsigned int tx_counter=0;
                 ;#endif
                 ;
                 ;// USART Transmitter interrupt service routine
                 ;interrupt [USART_TXC] void usart_tx_isr(void)
                 ; 0000 0076 {
                 _usart_tx_isr:
                 ; .FSTART _usart_tx_isr
0000ee 93ea      	ST   -Y,R30
0000ef 93fa      	ST   -Y,R31
0000f0 b7ef      	IN   R30,SREG
0000f1 93ea      	ST   -Y,R30
                 ; 0000 0077 if (tx_counter)
0000f2 20bb      	TST  R11
0000f3 f061      	BREQ _0xA
                 ; 0000 0078    {
                 ; 0000 0079    --tx_counter;
0000f4 94ba      	DEC  R11
                 ; 0000 007A    UDR=tx_buffer[tx_rd_index++];
0000f5 2de8      	MOV  R30,R8
0000f6 9483      	INC  R8
0000f7 e0f0      	LDI  R31,0
0000f8 54ed      	SUBI R30,LOW(-_tx_buffer)
0000f9 4ffe      	SBCI R31,HIGH(-_tx_buffer)
0000fa 81e0      	LD   R30,Z
0000fb b9ec      	OUT  0xC,R30
                 ; 0000 007B #if TX_BUFFER_SIZE != 256
                 ; 0000 007C    if (tx_rd_index == TX_BUFFER_SIZE) tx_rd_index=0;
0000fc e0e8      	LDI  R30,LOW(8)
0000fd 15e8      	CP   R30,R8
0000fe f409      	BRNE _0xB
0000ff 2488      	CLR  R8
                 ; 0000 007D #endif
                 ; 0000 007E    }
                 _0xB:
                 ; 0000 007F }
                 _0xA:
                 _0x4F:
000100 91e9      	LD   R30,Y+
000101 bfef      	OUT  SREG,R30
000102 91f9      	LD   R31,Y+
000103 91e9      	LD   R30,Y+
000104 9518      	RETI
                 ; .FEND
                 ;/*
                 ;#ifndef _DEBUG_TERMINAL_IO_
                 ;// Write a character to the USART Transmitter buffer
                 ;#define _ALTERNATE_PUTCHAR_
                 ;#pragma used+    */
                 ;void putchar_(char c)
                 ; 0000 0086 {
                 _putchar_:
                 ; .FSTART _putchar_
                 ; 0000 0087 while (tx_counter == TX_BUFFER_SIZE);
000105 93aa      	ST   -Y,R26
                 ;	c -> Y+0
                 _0xC:
000106 e0e8      	LDI  R30,LOW(8)
000107 15eb      	CP   R30,R11
000108 f3e9      	BREQ _0xC
                 ; 0000 0088 #asm("cli")
000109 94f8      	cli
                 ; 0000 0089 if (tx_counter || ((UCSRA & DATA_REGISTER_EMPTY)==0))
00010a 20bb      	TST  R11
00010b f411      	BRNE _0x10
00010c 995d      	SBIC 0xB,5
00010d c00d      	RJMP _0xF
                 _0x10:
                 ; 0000 008A    {
                 ; 0000 008B    tx_buffer[tx_wr_index++]=c;
00010e 2de9      	MOV  R30,R9
00010f 9493      	INC  R9
000110 e0f0      	LDI  R31,0
000111 54ed      	SUBI R30,LOW(-_tx_buffer)
000112 4ffe      	SBCI R31,HIGH(-_tx_buffer)
000113 81a8      	LD   R26,Y
000114 83a0      	STD  Z+0,R26
                 ; 0000 008C #if TX_BUFFER_SIZE != 256
                 ; 0000 008D    if (tx_wr_index == TX_BUFFER_SIZE) tx_wr_index=0;
000115 e0e8      	LDI  R30,LOW(8)
000116 15e9      	CP   R30,R9
000117 f409      	BRNE _0x12
000118 2499      	CLR  R9
                 ; 0000 008E #endif
                 ; 0000 008F    ++tx_counter;
                 _0x12:
000119 94b3      	INC  R11
                 ; 0000 0090    }
                 ; 0000 0091 else
00011a c002      	RJMP _0x13
                 _0xF:
                 ; 0000 0092    UDR=c;
00011b 81e8      	LD   R30,Y
00011c b9ec      	OUT  0xC,R30
                 ; 0000 0093 #asm("sei")
                 _0x13:
00011d 9478      	sei
00011e 940c 02d8 	JMP  _0x2080003
                 ; 0000 0094 }
                 ; .FEND
                 ;/*
                 ;#pragma used-
                 ;#endif       */
                 ;
                 ;// Question1
                 ;void routin1(int BAUD, int transmitter_status, int reciever_status);
                 ;
                 ;// Question4
                 ;void routin4(void);
                 ;
                 ;// Standard Input/Output functions
                 ;#include <stdio.h>
                 ;
                 ;void main(void)
                 ; 0000 00A3 {
                 _main:
                 ; .FSTART _main
                 ; 0000 00A4 // Declare your local variables here
                 ; 0000 00A5 
                 ; 0000 00A6 // Input/Output Ports initialization
                 ; 0000 00A7 // Port A initialization
                 ; 0000 00A8 // Function: Bit7=In Bit6=In Bit5=In Bit4=In Bit3=In Bit2=In Bit1=In Bit0=In
                 ; 0000 00A9 DDRA=(0<<DDA7) | (0<<DDA6) | (0<<DDA5) | (0<<DDA4) | (0<<DDA3) | (0<<DDA2) | (0<<DDA1) | (0<<DDA0);
000120 e0e0      	LDI  R30,LOW(0)
000121 bbea      	OUT  0x1A,R30
                 ; 0000 00AA // State: Bit7=T Bit6=T Bit5=T Bit4=T Bit3=T Bit2=T Bit1=T Bit0=T
                 ; 0000 00AB PORTA=(0<<PORTA7) | (0<<PORTA6) | (0<<PORTA5) | (0<<PORTA4) | (0<<PORTA3) | (0<<PORTA2) | (0<<PORTA1) | (0<<PORTA0);
000122 bbeb      	OUT  0x1B,R30
                 ; 0000 00AC 
                 ; 0000 00AD // Port B initialization
                 ; 0000 00AE // Function: Bit7=In Bit6=In Bit5=In Bit4=In Bit3=In Bit2=In Bit1=In Bit0=In
                 ; 0000 00AF DDRB=(0<<DDB7) | (0<<DDB6) | (0<<DDB5) | (0<<DDB4) | (0<<DDB3) | (0<<DDB2) | (0<<DDB1) | (0<<DDB0);
000123 bbe7      	OUT  0x17,R30
                 ; 0000 00B0 // State: Bit7=T Bit6=T Bit5=T Bit4=T Bit3=T Bit2=T Bit1=T Bit0=T
                 ; 0000 00B1 PORTB=(0<<PORTB7) | (0<<PORTB6) | (0<<PORTB5) | (0<<PORTB4) | (0<<PORTB3) | (0<<PORTB2) | (0<<PORTB1) | (0<<PORTB0);
000124 bbe8      	OUT  0x18,R30
                 ; 0000 00B2 
                 ; 0000 00B3 // Port C initialization
                 ; 0000 00B4 // Function: Bit7=Out Bit6=Out Bit5=Out Bit4=Out Bit3=Out Bit2=Out Bit1=Out Bit0=Out
                 ; 0000 00B5 DDRC=(1<<DDC7) | (1<<DDC6) | (1<<DDC5) | (1<<DDC4) | (1<<DDC3) | (1<<DDC2) | (1<<DDC1) | (1<<DDC0);
000125 efef      	LDI  R30,LOW(255)
000126 bbe4      	OUT  0x14,R30
                 ; 0000 00B6 // State: Bit7=0 Bit6=0 Bit5=0 Bit4=0 Bit3=0 Bit2=0 Bit1=0 Bit0=0
                 ; 0000 00B7 PORTC=(0<<PORTC7) | (0<<PORTC6) | (0<<PORTC5) | (0<<PORTC4) | (0<<PORTC3) | (0<<PORTC2) | (0<<PORTC1) | (0<<PORTC0);
000127 e0e0      	LDI  R30,LOW(0)
000128 bbe5      	OUT  0x15,R30
                 ; 0000 00B8 
                 ; 0000 00B9 // Port D initialization
                 ; 0000 00BA // Function: Bit7=In Bit6=In Bit5=In Bit4=In Bit3=In Bit2=In Bit1=In Bit0=In
                 ; 0000 00BB DDRD=(0<<DDD7) | (0<<DDD6) | (0<<DDD5) | (0<<DDD4) | (0<<DDD3) | (0<<DDD2) | (0<<DDD1) | (0<<DDD0);
000129 bbe1      	OUT  0x11,R30
                 ; 0000 00BC // State: Bit7=T Bit6=T Bit5=T Bit4=T Bit3=T Bit2=T Bit1=T Bit0=T
                 ; 0000 00BD PORTD=(0<<PORTD7) | (0<<PORTD6) | (0<<PORTD5) | (0<<PORTD4) | (0<<PORTD3) | (0<<PORTD2) | (0<<PORTD1) | (0<<PORTD0);
00012a bbe2      	OUT  0x12,R30
                 ; 0000 00BE 
                 ; 0000 00BF // Timer/Counter 0 initialization
                 ; 0000 00C0 // Clock source: System Clock
                 ; 0000 00C1 // Clock value: Timer 0 Stopped
                 ; 0000 00C2 // Mode: Normal top=0xFF
                 ; 0000 00C3 // OC0 output: Disconnected
                 ; 0000 00C4 TCCR0=(0<<WGM00) | (0<<COM01) | (0<<COM00) | (0<<WGM01) | (0<<CS02) | (0<<CS01) | (0<<CS00);
00012b bfe3      	OUT  0x33,R30
                 ; 0000 00C5 TCNT0=0x00;
00012c bfe2      	OUT  0x32,R30
                 ; 0000 00C6 OCR0=0x00;
00012d bfec      	OUT  0x3C,R30
                 ; 0000 00C7 
                 ; 0000 00C8 // Timer/Counter 1 initialization
                 ; 0000 00C9 // Clock source: System Clock
                 ; 0000 00CA // Clock value: Timer1 Stopped
                 ; 0000 00CB // Mode: Normal top=0xFFFF
                 ; 0000 00CC // OC1A output: Disconnected
                 ; 0000 00CD // OC1B output: Disconnected
                 ; 0000 00CE // Noise Canceler: Off
                 ; 0000 00CF // Input Capture on Falling Edge
                 ; 0000 00D0 // Timer1 Overflow Interrupt: Off
                 ; 0000 00D1 // Input Capture Interrupt: Off
                 ; 0000 00D2 // Compare A Match Interrupt: Off
                 ; 0000 00D3 // Compare B Match Interrupt: Off
                 ; 0000 00D4 TCCR1A=(0<<COM1A1) | (0<<COM1A0) | (0<<COM1B1) | (0<<COM1B0) | (0<<WGM11) | (0<<WGM10);
00012e bdef      	OUT  0x2F,R30
                 ; 0000 00D5 TCCR1B=(0<<ICNC1) | (0<<ICES1) | (0<<WGM13) | (0<<WGM12) | (0<<CS12) | (0<<CS11) | (0<<CS10);
00012f bdee      	OUT  0x2E,R30
                 ; 0000 00D6 TCNT1H=0x00;
000130 bded      	OUT  0x2D,R30
                 ; 0000 00D7 TCNT1L=0x00;
000131 bdec      	OUT  0x2C,R30
                 ; 0000 00D8 ICR1H=0x00;
000132 bde7      	OUT  0x27,R30
                 ; 0000 00D9 ICR1L=0x00;
000133 bde6      	OUT  0x26,R30
                 ; 0000 00DA OCR1AH=0x00;
000134 bdeb      	OUT  0x2B,R30
                 ; 0000 00DB OCR1AL=0x00;
000135 bdea      	OUT  0x2A,R30
                 ; 0000 00DC OCR1BH=0x00;
000136 bde9      	OUT  0x29,R30
                 ; 0000 00DD OCR1BL=0x00;
000137 bde8      	OUT  0x28,R30
                 ; 0000 00DE 
                 ; 0000 00DF // Timer/Counter 2 initialization
                 ; 0000 00E0 // Clock source: System Clock
                 ; 0000 00E1 // Clock value: Timer2 Stopped
                 ; 0000 00E2 // Mode: Normal top=0xFF
                 ; 0000 00E3 // OC2 output: Disconnected
                 ; 0000 00E4 ASSR=0<<AS2;
000138 bde2      	OUT  0x22,R30
                 ; 0000 00E5 TCCR2=(0<<PWM2) | (0<<COM21) | (0<<COM20) | (0<<CTC2) | (0<<CS22) | (0<<CS21) | (0<<CS20);
000139 bde5      	OUT  0x25,R30
                 ; 0000 00E6 TCNT2=0x00;
00013a bde4      	OUT  0x24,R30
                 ; 0000 00E7 OCR2=0x00;
00013b bde3      	OUT  0x23,R30
                 ; 0000 00E8 
                 ; 0000 00E9 // Timer(s)/Counter(s) Interrupt(s) initialization
                 ; 0000 00EA TIMSK=(0<<OCIE2) | (0<<TOIE2) | (0<<TICIE1) | (0<<OCIE1A) | (0<<OCIE1B) | (0<<TOIE1) | (0<<OCIE0) | (0<<TOIE0);
00013c bfe9      	OUT  0x39,R30
                 ; 0000 00EB 
                 ; 0000 00EC // External Interrupt(s) initialization
                 ; 0000 00ED // INT0: Off
                 ; 0000 00EE // INT1: Off
                 ; 0000 00EF // INT2: Off
                 ; 0000 00F0 MCUCR=(0<<ISC11) | (0<<ISC10) | (0<<ISC01) | (0<<ISC00);
00013d bfe5      	OUT  0x35,R30
                 ; 0000 00F1 MCUCSR=(0<<ISC2);
00013e bfe4      	OUT  0x34,R30
                 ; 0000 00F2 
                 ; 0000 00F3 // USART initialization
                 ; 0000 00F4 // Communication Parameters: 8 Data, 1 Stop, No Parity
                 ; 0000 00F5 // USART Receiver: On
                 ; 0000 00F6 // USART Transmitter: On
                 ; 0000 00F7 // USART Mode: Asynchronous
                 ; 0000 00F8 // USART Baud Rate: 9600
                 ; 0000 00F9 UCSRA=(0<<RXC) | (0<<TXC) | (0<<UDRE) | (0<<FE) | (0<<DOR) | (0<<UPE) | (0<<U2X) | (0<<MPCM);
00013f b9eb      	OUT  0xB,R30
                 ; 0000 00FA //UCSRB=(1<<RXCIE) | (1<<TXCIE) | (0<<UDRIE) | (1<<RXEN) | (1<<TXEN) | (0<<UCSZ2) | (0<<RXB8) | (0<<TXB8);
                 ; 0000 00FB UCSRC=(1<<URSEL) | (0<<UMSEL) | (0<<UPM1) | (0<<UPM0) | (0<<USBS) | (1<<UCSZ1) | (1<<UCSZ0) | (0<<UCPOL);
000140 e8e6      	LDI  R30,LOW(134)
000141 bde0      	OUT  0x20,R30
                 ; 0000 00FC UBRRH=0x00;
000142 e0e0      	LDI  R30,LOW(0)
000143 bde0      	OUT  0x20,R30
                 ; 0000 00FD UBRRL=0x33;
000144 e3e3      	LDI  R30,LOW(51)
000145 b9e9      	OUT  0x9,R30
                 ; 0000 00FE 
                 ; 0000 00FF // Analog Comparator initialization
                 ; 0000 0100 // Analog Comparator: Off
                 ; 0000 0101 // The Analog Comparator's positive input is
                 ; 0000 0102 // connected to the AIN0 pin
                 ; 0000 0103 // The Analog Comparator's negative input is
                 ; 0000 0104 // connected to the AIN1 pin
                 ; 0000 0105 ACSR=(1<<ACD) | (0<<ACBG) | (0<<ACO) | (0<<ACI) | (0<<ACIE) | (0<<ACIC) | (0<<ACIS1) | (0<<ACIS0);
000146 e8e0      	LDI  R30,LOW(128)
000147 b9e8      	OUT  0x8,R30
                 ; 0000 0106 SFIOR=(0<<ACME);
000148 e0e0      	LDI  R30,LOW(0)
000149 bfe0      	OUT  0x30,R30
                 ; 0000 0107 
                 ; 0000 0108 // ADC initialization
                 ; 0000 0109 // ADC disabled
                 ; 0000 010A ADCSRA=(0<<ADEN) | (0<<ADSC) | (0<<ADATE) | (0<<ADIF) | (0<<ADIE) | (0<<ADPS2) | (0<<ADPS1) | (0<<ADPS0);
00014a b9e6      	OUT  0x6,R30
                 ; 0000 010B 
                 ; 0000 010C // SPI initialization
                 ; 0000 010D // SPI disabled
                 ; 0000 010E SPCR=(0<<SPIE) | (0<<SPE) | (0<<DORD) | (0<<MSTR) | (0<<CPOL) | (0<<CPHA) | (0<<SPR1) | (0<<SPR0);
00014b b9ed      	OUT  0xD,R30
                 ; 0000 010F 
                 ; 0000 0110 // TWI initialization
                 ; 0000 0111 // TWI disabled
                 ; 0000 0112 TWCR=(0<<TWEA) | (0<<TWSTA) | (0<<TWSTO) | (0<<TWEN) | (0<<TWIE);
00014c bfe6      	OUT  0x36,R30
                 ; 0000 0113 
                 ; 0000 0114 // Alphanumeric LCD initialization
                 ; 0000 0115 // Connections are specified in the
                 ; 0000 0116 // Project|Configure|C Compiler|Libraries|Alphanumeric LCD menu:
                 ; 0000 0117 // RS - PORTC Bit 0
                 ; 0000 0118 // RD - PORTC Bit 1
                 ; 0000 0119 // EN - PORTC Bit 2
                 ; 0000 011A // D4 - PORTC Bit 4
                 ; 0000 011B // D5 - PORTC Bit 5
                 ; 0000 011C // D6 - PORTC Bit 6
                 ; 0000 011D // D7 - PORTC Bit 7
                 ; 0000 011E // Characters/line: 16
                 ; 0000 011F lcd_init(16);
00014d e1a0      	LDI  R26,LOW(16)
00014e d157      	RCALL _lcd_init
                 ; 0000 0120 
                 ; 0000 0121 // Global enable interrupts
                 ; 0000 0122 #asm("sei")
00014f 9478      	sei
                 ; 0000 0123     routin1(9600,2,2);
000150 e8e0      	LDI  R30,LOW(9600)
000151 e2f5      	LDI  R31,HIGH(9600)
000152 93fa      	ST   -Y,R31
000153 93ea      	ST   -Y,R30
000154 e0e2      	LDI  R30,LOW(2)
000155 e0f0      	LDI  R31,HIGH(2)
000156 93fa      	ST   -Y,R31
000157 93ea      	ST   -Y,R30
000158 e0a2      	LDI  R26,LOW(2)
000159 e0b0      	LDI  R27,0
00015a d003      	RCALL _routin1
                 ; 0000 0124     //a = getchar_();
                 ; 0000 0125     //putchar(a);
                 ; 0000 0126     while(1)
                 _0x14:
                 ; 0000 0127     {
                 ; 0000 0128         routin4();
00015b d089      	RCALL _routin4
                 ; 0000 0129     }
00015c cffe      	RJMP _0x14
                 ; 0000 012A }
                 _0x17:
00015d cfff      	RJMP _0x17
                 ; .FEND
                 ;
                 ;void routin1(int BAUD, int transmitter_status, int reciever_status){
                 ; 0000 012C void routin1(int BAUD, int transmitter_status, int reciever_status){
                 _routin1:
                 ; .FSTART _routin1
                 ; 0000 012D     int temp = (1000000/(2*BAUD))-1;
                 ; 0000 012E     int q,r;
                 ; 0000 012F     q = temp/256;
00015e 93ba      	ST   -Y,R27
00015f 93aa      	ST   -Y,R26
000160 940e 038a 	CALL __SAVELOCR6
                 ;	BAUD -> Y+10
                 ;	transmitter_status -> Y+8
                 ;	reciever_status -> Y+6
                 ;	temp -> R16,R17
                 ;	q -> R18,R19
                 ;	r -> R20,R21
000162 85ea      	LDD  R30,Y+10
000163 85fb      	LDD  R31,Y+10+1
000164 0fee      	LSL  R30
000165 1fff      	ROL  R31
000166 940e 0322 	CALL __CWD1
                +
000168 e4a0     +LDI R26 , LOW ( 0xF4240 )
000169 e4b2     +LDI R27 , HIGH ( 0xF4240 )
00016a e08f     +LDI R24 , BYTE3 ( 0xF4240 )
00016b e090     +LDI R25 , BYTE4 ( 0xF4240 )
                 	__GETD2N 0xF4240
00016c 940e 0364 	CALL __DIVD21
00016e 9731      	SBIW R30,1
00016f 018f      	MOVW R16,R30
000170 01d8      	MOVW R26,R16
000171 e0e0      	LDI  R30,LOW(256)
000172 e0f1      	LDI  R31,HIGH(256)
000173 940e 033a 	CALL __DIVW21
000175 019f      	MOVW R18,R30
                 ; 0000 0130     r = temp - (q*256);
000176 2fb2      	MOV  R27,R18
000177 e0a0      	LDI  R26,LOW(0)
000178 01f8      	MOVW R30,R16
000179 1bea      	SUB  R30,R26
00017a 0bfb      	SBC  R31,R27
00017b 01af      	MOVW R20,R30
                 ; 0000 0131 
                 ; 0000 0132     if(transmitter_status == 0 && reciever_status == 0){
00017c 85a8      	LDD  R26,Y+8
00017d 85b9      	LDD  R27,Y+8+1
00017e 9710      	SBIW R26,0
00017f f421      	BRNE _0x19
000180 81ae      	LDD  R26,Y+6
000181 81bf      	LDD  R27,Y+6+1
000182 9710      	SBIW R26,0
000183 f009      	BREQ _0x1A
                 _0x19:
000184 c002      	RJMP _0x18
                 _0x1A:
                 ; 0000 0133         UCSRB=(0<<RXCIE) | (0<<TXCIE) | (0<<UDRIE) | (0<<RXEN) | (0<<TXEN) | (0<<UCSZ2) | (0<<RXB8) | (0<<TXB8);
000185 e0e0      	LDI  R30,LOW(0)
000186 c057      	RJMP _0x4E
                 ; 0000 0134     } // tx: off     rx: off
                 ; 0000 0135     else if(transmitter_status == 1 && reciever_status == 0){
                 _0x18:
000187 85a8      	LDD  R26,Y+8
000188 85b9      	LDD  R27,Y+8+1
000189 9711      	SBIW R26,1
00018a f421      	BRNE _0x1D
00018b 81ae      	LDD  R26,Y+6
00018c 81bf      	LDD  R27,Y+6+1
00018d 9710      	SBIW R26,0
00018e f009      	BREQ _0x1E
                 _0x1D:
00018f c002      	RJMP _0x1C
                 _0x1E:
                 ; 0000 0136         UCSRB=(0<<RXCIE) | (0<<TXCIE) | (0<<UDRIE) | (0<<RXEN) | (1<<TXEN) | (0<<UCSZ2) | (0<<RXB8) | (0<<TXB8);
000190 e0e8      	LDI  R30,LOW(8)
000191 c04c      	RJMP _0x4E
                 ; 0000 0137     } // tx: enable_noneinterrupt       rx: off
                 ; 0000 0138     else if(transmitter_status == 2 && reciever_status == 0){
                 _0x1C:
000192 85a8      	LDD  R26,Y+8
000193 85b9      	LDD  R27,Y+8+1
000194 9712      	SBIW R26,2
000195 f421      	BRNE _0x21
000196 81ae      	LDD  R26,Y+6
000197 81bf      	LDD  R27,Y+6+1
000198 9710      	SBIW R26,0
000199 f009      	BREQ _0x22
                 _0x21:
00019a c002      	RJMP _0x20
                 _0x22:
                 ; 0000 0139         UCSRB=(0<<RXCIE) | (1<<TXCIE) | (0<<UDRIE) | (0<<RXEN) | (1<<TXEN) | (0<<UCSZ2) | (0<<RXB8) | (0<<TXB8);
00019b e4e8      	LDI  R30,LOW(72)
00019c c041      	RJMP _0x4E
                 ; 0000 013A     } // tx: enable_interrupt       rx: off
                 ; 0000 013B     else if(transmitter_status == 0 && reciever_status == 1){
                 _0x20:
00019d 85a8      	LDD  R26,Y+8
00019e 85b9      	LDD  R27,Y+8+1
00019f 9710      	SBIW R26,0
0001a0 f421      	BRNE _0x25
0001a1 81ae      	LDD  R26,Y+6
0001a2 81bf      	LDD  R27,Y+6+1
0001a3 9711      	SBIW R26,1
0001a4 f009      	BREQ _0x26
                 _0x25:
0001a5 c002      	RJMP _0x24
                 _0x26:
                 ; 0000 013C         UCSRB=(0<<RXCIE) | (0<<TXCIE) | (0<<UDRIE) | (1<<RXEN) | (0<<TXEN) | (0<<UCSZ2) | (0<<RXB8) | (0<<TXB8);
0001a6 e1e0      	LDI  R30,LOW(16)
0001a7 c036      	RJMP _0x4E
                 ; 0000 013D     } // tx: off     rx:  enable_noneinterrupt
                 ; 0000 013E     else if(transmitter_status == 1 && reciever_status == 1){
                 _0x24:
0001a8 85a8      	LDD  R26,Y+8
0001a9 85b9      	LDD  R27,Y+8+1
0001aa 9711      	SBIW R26,1
0001ab f421      	BRNE _0x29
0001ac 81ae      	LDD  R26,Y+6
0001ad 81bf      	LDD  R27,Y+6+1
0001ae 9711      	SBIW R26,1
0001af f009      	BREQ _0x2A
                 _0x29:
0001b0 c002      	RJMP _0x28
                 _0x2A:
                 ; 0000 013F         UCSRB=(0<<RXCIE) | (0<<TXCIE) | (0<<UDRIE) | (1<<RXEN) | (1<<TXEN) | (0<<UCSZ2) | (0<<RXB8) | (0<<TXB8);
0001b1 e1e8      	LDI  R30,LOW(24)
0001b2 c02b      	RJMP _0x4E
                 ; 0000 0140     } // tx: enable_noneinterrupt       rx:  enable_noneinterrupt
                 ; 0000 0141     else if(transmitter_status == 2 && reciever_status == 1){
                 _0x28:
0001b3 85a8      	LDD  R26,Y+8
0001b4 85b9      	LDD  R27,Y+8+1
0001b5 9712      	SBIW R26,2
0001b6 f421      	BRNE _0x2D
0001b7 81ae      	LDD  R26,Y+6
0001b8 81bf      	LDD  R27,Y+6+1
0001b9 9711      	SBIW R26,1
0001ba f009      	BREQ _0x2E
                 _0x2D:
0001bb c002      	RJMP _0x2C
                 _0x2E:
                 ; 0000 0142         UCSRB=(0<<RXCIE) | (1<<TXCIE) | (0<<UDRIE) | (1<<RXEN) | (1<<TXEN) | (0<<UCSZ2) | (0<<RXB8) | (0<<TXB8);
0001bc e5e8      	LDI  R30,LOW(88)
0001bd c020      	RJMP _0x4E
                 ; 0000 0143     } // tx: enable_interrupt       rx:  enable_noneinterrupt
                 ; 0000 0144     else if(transmitter_status == 0 && reciever_status == 2){
                 _0x2C:
0001be 85a8      	LDD  R26,Y+8
0001bf 85b9      	LDD  R27,Y+8+1
0001c0 9710      	SBIW R26,0
0001c1 f421      	BRNE _0x31
0001c2 81ae      	LDD  R26,Y+6
0001c3 81bf      	LDD  R27,Y+6+1
0001c4 9712      	SBIW R26,2
0001c5 f009      	BREQ _0x32
                 _0x31:
0001c6 c002      	RJMP _0x30
                 _0x32:
                 ; 0000 0145         UCSRB=(1<<RXCIE) | (0<<TXCIE) | (0<<UDRIE) | (1<<RXEN) | (0<<TXEN) | (0<<UCSZ2) | (0<<RXB8) | (0<<TXB8);
0001c7 e9e0      	LDI  R30,LOW(144)
0001c8 c015      	RJMP _0x4E
                 ; 0000 0146     } // tx: off     rx:  enable_interrupt
                 ; 0000 0147     else if(transmitter_status == 1 && reciever_status == 2){
                 _0x30:
0001c9 85a8      	LDD  R26,Y+8
0001ca 85b9      	LDD  R27,Y+8+1
0001cb 9711      	SBIW R26,1
0001cc f421      	BRNE _0x35
0001cd 81ae      	LDD  R26,Y+6
0001ce 81bf      	LDD  R27,Y+6+1
0001cf 9712      	SBIW R26,2
0001d0 f009      	BREQ _0x36
                 _0x35:
0001d1 c002      	RJMP _0x34
                 _0x36:
                 ; 0000 0148         UCSRB=(1<<RXCIE) | (0<<TXCIE) | (0<<UDRIE) | (1<<RXEN) | (1<<TXEN) | (0<<UCSZ2) | (0<<RXB8) | (0<<TXB8);
0001d2 e9e8      	LDI  R30,LOW(152)
0001d3 c00a      	RJMP _0x4E
                 ; 0000 0149     } // tx: enable_noneinterrupt       rx:  enable_interrupt
                 ; 0000 014A     else if(transmitter_status == 2 && reciever_status == 2){
                 _0x34:
0001d4 85a8      	LDD  R26,Y+8
0001d5 85b9      	LDD  R27,Y+8+1
0001d6 9712      	SBIW R26,2
0001d7 f421      	BRNE _0x39
0001d8 81ae      	LDD  R26,Y+6
0001d9 81bf      	LDD  R27,Y+6+1
0001da 9712      	SBIW R26,2
0001db f009      	BREQ _0x3A
                 _0x39:
0001dc c002      	RJMP _0x38
                 _0x3A:
                 ; 0000 014B         UCSRB=(1<<RXCIE) | (1<<TXCIE) | (0<<UDRIE) | (1<<RXEN) | (1<<TXEN) | (0<<UCSZ2) | (0<<RXB8) | (0<<TXB8);
0001dd ede8      	LDI  R30,LOW(216)
                 _0x4E:
0001de b9ea      	OUT  0xA,R30
                 ; 0000 014C     } // tx: enable_interrupt       rx:  enable_interrupt
                 ; 0000 014D     UBRRH = q;
                 _0x38:
0001df bd20      	OUT  0x20,R18
                 ; 0000 014E     UBRRL = r;
0001e0 b949      	OUT  0x9,R20
                 ; 0000 014F }
0001e1 940e 0391 	CALL __LOADLOCR6
0001e3 962c      	ADIW R28,12
0001e4 9508      	RET
                 ; .FEND
                 ;
                 ;void routin4(void){
                 ; 0000 0151 void routin4(void){
                 _routin4:
                 ; .FSTART _routin4
                 ; 0000 0152     unsigned char my_data[55]="";
                 ; 0000 0153     unsigned char in4='';
                 ; 0000 0154     int i=0;
                 ; 0000 0155     int a=0;
                 ; 0000 0156     int j=0;
                 ; 0000 0157     in4 = getchar_();
0001e5 97e9      	SBIW R28,57
0001e6 e389      	LDI  R24,57
0001e7 e0a0      	LDI  R26,LOW(0)
0001e8 e0b0      	LDI  R27,HIGH(0)
0001e9 e7e0      	LDI  R30,LOW(_0x3B*2)
0001ea e0f0      	LDI  R31,HIGH(_0x3B*2)
0001eb 940e 0398 	CALL __INITLOCB
0001ed 940e 038a 	CALL __SAVELOCR6
                 ;	my_data -> Y+8
                 ;	in4 -> R17
                 ;	i -> R18,R19
                 ;	a -> R20,R21
                 ;	j -> Y+6
0001ef e010      	LDI  R17,0
                +
0001f0 e020     +LDI R18 , LOW ( 0 )
0001f1 e030     +LDI R19 , HIGH ( 0 )
                 	__GETWRN 18,19,0
                +
0001f2 e040     +LDI R20 , LOW ( 0 )
0001f3 e050     +LDI R21 , HIGH ( 0 )
                 	__GETWRN 20,21,0
0001f4 940e 02e8 	CALL SUBOPT_0x0
                 ; 0000 0158     putchar_(in4);
                 ; 0000 0159     my_data[0]='(';
0001f6 e2e8      	LDI  R30,LOW(40)
0001f7 87e8      	STD  Y+8,R30
                 ; 0000 015A     i++;
                +
0001f8 5f2f     +SUBI R18 , LOW ( - 1 )
0001f9 4f3f     +SBCI R19 , HIGH ( - 1 )
                 	__ADDWRN 18,19,1
                 ; 0000 015B     while (in4!='\r'){
                 _0x3C:
0001fa 301d      	CPI  R17,13
0001fb f059      	BREQ _0x3E
                 ; 0000 015C         my_data[i]=in4;
0001fc 01f9      	MOVW R30,R18
0001fd 01de      	MOVW R26,R28
0001fe 9618      	ADIW R26,8
0001ff 0fea      	ADD  R30,R26
000200 1ffb      	ADC  R31,R27
000201 8310      	ST   Z,R17
                 ; 0000 015D         in4 = getchar_();
000202 940e 02e8 	CALL SUBOPT_0x0
                 ; 0000 015E         putchar_(in4);
                 ; 0000 015F         i++;
                +
000204 5f2f     +SUBI R18 , LOW ( - 1 )
000205 4f3f     +SBCI R19 , HIGH ( - 1 )
                 	__ADDWRN 18,19,1
                 ; 0000 0160     }
000206 cff3      	RJMP _0x3C
                 _0x3E:
                 ; 0000 0161     my_data[i]=')';
000207 01de      	MOVW R26,R28
000208 9618      	ADIW R26,8
000209 0fa2      	ADD  R26,R18
00020a 1fb3      	ADC  R27,R19
00020b e2e9      	LDI  R30,LOW(41)
00020c 93ec      	ST   X,R30
                 ; 0000 0162     for (j=0;my_data[j]!=')';j++){
00020d e0e0      	LDI  R30,LOW(0)
00020e 83ee      	STD  Y+6,R30
00020f 83ef      	STD  Y+6+1,R30
                 _0x40:
000210 940e 02ee 	CALL SUBOPT_0x1
000212 32a9      	CPI  R26,LOW(0x29)
000213 f0b1      	BREQ _0x41
                 ; 0000 0163         if((my_data[j]<'0' || my_data[j]>'9')&&my_data[j]!='(')
000214 940e 02ee 	CALL SUBOPT_0x1
000216 33a0      	CPI  R26,LOW(0x30)
000217 f020      	BRLO _0x43
000218 940e 02ee 	CALL SUBOPT_0x1
00021a 33aa      	CPI  R26,LOW(0x3A)
00021b f020      	BRLO _0x45
                 _0x43:
00021c 940e 02ee 	CALL SUBOPT_0x1
00021e 32a8      	CPI  R26,LOW(0x28)
00021f f409      	BRNE _0x46
                 _0x45:
000220 c003      	RJMP _0x42
                 _0x46:
                 ; 0000 0164         {
                 ; 0000 0165             a = 100;
                +
000221 e644     +LDI R20 , LOW ( 100 )
000222 e050     +LDI R21 , HIGH ( 100 )
                 	__GETWRN 20,21,100
                 ; 0000 0166             break ;
000223 c006      	RJMP _0x41
                 ; 0000 0167         }
                 ; 0000 0168     }
                 _0x42:
000224 81ee      	LDD  R30,Y+6
000225 81ff      	LDD  R31,Y+6+1
000226 9631      	ADIW R30,1
000227 83ee      	STD  Y+6,R30
000228 83ff      	STD  Y+6+1,R31
000229 cfe6      	RJMP _0x40
                 _0x41:
                 ; 0000 0169     if(i<6){
                +
00022a 3026     +CPI R18 , LOW ( 6 )
00022b e0e0     +LDI R30 , HIGH ( 6 )
00022c 073e     +CPC R19 , R30
                 	__CPWRN 18,19,6
00022d f42c      	BRGE _0x47
                 ; 0000 016A         puts("\tLength of frame not correct\r");
                +
00022e e6a0     +LDI R26 , LOW ( _0x48 + ( 0 ) )
00022f e0b1     +LDI R27 , HIGH ( _0x48 + ( 0 ) )
                 	__POINTW2MN _0x48,0
000230 940e 02da 	CALL _puts
                 ; 0000 016B     }
                 ; 0000 016C     else if (a>9 || i > 6){
000232 c016      	RJMP _0x49
                 _0x47:
                +
000233 304a     +CPI R20 , LOW ( 10 )
000234 e0e0     +LDI R30 , HIGH ( 10 )
000235 075e     +CPC R21 , R30
                 	__CPWRN 20,21,10
000236 f424      	BRGE _0x4B
                +
000237 3027     +CPI R18 , LOW ( 7 )
000238 e0e0     +LDI R30 , HIGH ( 7 )
000239 073e     +CPC R19 , R30
                 	__CPWRN 18,19,7
00023a f02c      	BRLT _0x4A
                 _0x4B:
                 ; 0000 016D        puts("\tFrame must be 5 integer\r");
                +
00023b e7ae     +LDI R26 , LOW ( _0x48 + ( 30 ) )
00023c e0b1     +LDI R27 , HIGH ( _0x48 + ( 30 ) )
                 	__POINTW2MN _0x48,30
00023d 940e 02da 	CALL _puts
                 ; 0000 016E     }
                 ; 0000 016F     else {
00023f c009      	RJMP _0x4D
                 _0x4A:
                 ; 0000 0170         puts("\tFrame is correct\r");
                +
000240 e9a8     +LDI R26 , LOW ( _0x48 + ( 56 ) )
000241 e0b1     +LDI R27 , HIGH ( _0x48 + ( 56 ) )
                 	__POINTW2MN _0x48,56
000242 940e 02da 	CALL _puts
                 ; 0000 0171         lcd_init(16);
000244 e1a0      	LDI  R26,LOW(16)
000245 d060      	RCALL _lcd_init
                 ; 0000 0172         lcd_puts(my_data);
000246 01de      	MOVW R26,R28
000247 9618      	ADIW R26,8
000248 d053      	RCALL _lcd_puts
                 ; 0000 0173     }
                 _0x4D:
                 _0x49:
                 ; 0000 0174 }
000249 940e 0391 	CALL __LOADLOCR6
00024b 96ef      	ADIW R28,63
00024c 9508      	RET
                 ; .FEND
                 
                 	.DSEG
                 _0x48:
000160           	.BYTE 0x4B
                 	#ifndef __SLEEP_DEFINED__
                 	#endif
                 
                 	.DSEG
                 
                 	.CSEG
                 __lcd_write_nibble_G100:
                 ; .FSTART __lcd_write_nibble_G100
00024d 93aa      	ST   -Y,R26
00024e b3e5      	IN   R30,0x15
00024f 70ef      	ANDI R30,LOW(0xF)
000250 2fae      	MOV  R26,R30
000251 81e8      	LD   R30,Y
000252 7fe0      	ANDI R30,LOW(0xF0)
000253 2bea      	OR   R30,R26
000254 bbe5      	OUT  0x15,R30
                +
000255 e08d     +LDI R24 , LOW ( 13 )
                +__DELAY_USB_LOOP :
000256 958a     +DEC R24
000257 f7f1     +BRNE __DELAY_USB_LOOP
                 	__DELAY_USB 13
000258 9aaa      	SBI  0x15,2
                +
000259 e08d     +LDI R24 , LOW ( 13 )
                +__DELAY_USB_LOOP :
00025a 958a     +DEC R24
00025b f7f1     +BRNE __DELAY_USB_LOOP
                 	__DELAY_USB 13
00025c 98aa      	CBI  0x15,2
                +
00025d e08d     +LDI R24 , LOW ( 13 )
                +__DELAY_USB_LOOP :
00025e 958a     +DEC R24
00025f f7f1     +BRNE __DELAY_USB_LOOP
                 	__DELAY_USB 13
000260 940c 02d8 	JMP  _0x2080002
                 ; .FEND
                 __lcd_write_data:
                 ; .FSTART __lcd_write_data
000262 93aa      	ST   -Y,R26
000263 81a8      	LD   R26,Y
000264 dfe8      	RCALL __lcd_write_nibble_G100
000265 81e8          ld    r30,y
000266 95e2          swap  r30
000267 83e8          st    y,r30
000268 81a8      	LD   R26,Y
000269 dfe3      	RCALL __lcd_write_nibble_G100
                +
00026a e885     +LDI R24 , LOW ( 133 )
                +__DELAY_USB_LOOP :
00026b 958a     +DEC R24
00026c f7f1     +BRNE __DELAY_USB_LOOP
                 	__DELAY_USB 133
00026d c06a      	RJMP _0x2080002
                 ; .FEND
                 _lcd_gotoxy:
                 ; .FSTART _lcd_gotoxy
00026e 93aa      	ST   -Y,R26
00026f 81e8      	LD   R30,Y
000270 e0f0      	LDI  R31,0
000271 54e5      	SUBI R30,LOW(-__base_y_G100)
000272 4ffe      	SBCI R31,HIGH(-__base_y_G100)
000273 81e0      	LD   R30,Z
000274 81a9      	LDD  R26,Y+1
000275 0fae      	ADD  R26,R30
000276 dfeb      	RCALL __lcd_write_data
000277 80a9      	LDD  R10,Y+1
000278 80d8      	LDD  R13,Y+0
000279 9622      	ADIW R28,2
00027a 9508      	RET
                 ; .FEND
                 _lcd_clear:
                 ; .FSTART _lcd_clear
00027b e0a2      	LDI  R26,LOW(2)
00027c 940e 02f6 	CALL SUBOPT_0x2
00027e e0ac      	LDI  R26,LOW(12)
00027f dfe2      	RCALL __lcd_write_data
000280 e0a1      	LDI  R26,LOW(1)
000281 940e 02f6 	CALL SUBOPT_0x2
000283 e0e0      	LDI  R30,LOW(0)
000284 2ede      	MOV  R13,R30
000285 2eae      	MOV  R10,R30
000286 9508      	RET
                 ; .FEND
                 _lcd_putchar:
                 ; .FSTART _lcd_putchar
000287 93aa      	ST   -Y,R26
000288 81a8      	LD   R26,Y
000289 30aa      	CPI  R26,LOW(0xA)
00028a f011      	BREQ _0x2000005
00028b 14ac      	CP   R10,R12
00028c f048      	BRLO _0x2000004
                 _0x2000005:
00028d e0e0      	LDI  R30,LOW(0)
00028e 93ea      	ST   -Y,R30
00028f 94d3      	INC  R13
000290 2dad      	MOV  R26,R13
000291 dfdc      	RCALL _lcd_gotoxy
000292 81a8      	LD   R26,Y
000293 30aa      	CPI  R26,LOW(0xA)
000294 f409      	BRNE _0x2000007
000295 c042      	RJMP _0x2080002
                 _0x2000007:
                 _0x2000004:
000296 94a3      	INC  R10
000297 9aa8      	SBI  0x15,0
000298 81a8      	LD   R26,Y
000299 dfc8      	RCALL __lcd_write_data
00029a 98a8      	CBI  0x15,0
00029b c03c      	RJMP _0x2080002
                 ; .FEND
                 _lcd_puts:
                 ; .FSTART _lcd_puts
00029c 93ba      	ST   -Y,R27
00029d 93aa      	ST   -Y,R26
00029e 931a      	ST   -Y,R17
                 _0x2000008:
00029f 940e 02fc 	CALL SUBOPT_0x3
0002a1 f019      	BREQ _0x200000A
0002a2 2fa1      	MOV  R26,R17
0002a3 dfe3      	RCALL _lcd_putchar
0002a4 cffa      	RJMP _0x2000008
                 _0x200000A:
0002a5 c03f      	RJMP _0x2080001
                 ; .FEND
                 _lcd_init:
                 ; .FSTART _lcd_init
0002a6 93aa      	ST   -Y,R26
0002a7 b3e4      	IN   R30,0x14
0002a8 6fe0      	ORI  R30,LOW(0xF0)
0002a9 bbe4      	OUT  0x14,R30
0002aa 9aa2      	SBI  0x14,2
0002ab 9aa0      	SBI  0x14,0
0002ac 9aa1      	SBI  0x14,1
0002ad 98aa      	CBI  0x15,2
0002ae 98a8      	CBI  0x15,0
0002af 98a9      	CBI  0x15,1
0002b0 80c8      	LDD  R12,Y+0
0002b1 81e8      	LD   R30,Y
0002b2 58e0      	SUBI R30,-LOW(128)
                +
0002b3 93e0 01bd+STS __base_y_G100 + ( 2 ) , R30
                 	__PUTB1MN __base_y_G100,2
0002b5 81e8      	LD   R30,Y
0002b6 54e0      	SUBI R30,-LOW(192)
                +
0002b7 93e0 01be+STS __base_y_G100 + ( 3 ) , R30
                 	__PUTB1MN __base_y_G100,3
0002b9 e1a4      	LDI  R26,LOW(20)
0002ba e0b0      	LDI  R27,0
0002bb 940e 030c 	CALL _delay_ms
0002bd 940e 0304 	CALL SUBOPT_0x4
0002bf 940e 0304 	CALL SUBOPT_0x4
0002c1 940e 0304 	CALL SUBOPT_0x4
0002c3 e2a0      	LDI  R26,LOW(32)
0002c4 df88      	RCALL __lcd_write_nibble_G100
                +
0002c5 ec88     +LDI R24 , LOW ( 200 )
0002c6 e090     +LDI R25 , HIGH ( 200 )
                +__DELAY_USW_LOOP :
0002c7 9701     +SBIW R24 , 1
0002c8 f7f1     +BRNE __DELAY_USW_LOOP
                 	__DELAY_USW 200
0002c9 e2a8      	LDI  R26,LOW(40)
0002ca df97      	RCALL __lcd_write_data
0002cb e0a4      	LDI  R26,LOW(4)
0002cc df95      	RCALL __lcd_write_data
0002cd e8a5      	LDI  R26,LOW(133)
0002ce df93      	RCALL __lcd_write_data
0002cf e0a6      	LDI  R26,LOW(6)
0002d0 df91      	RCALL __lcd_write_data
0002d1 dfa9      	RCALL _lcd_clear
0002d2 c005      	RJMP _0x2080002
                 ; .FEND
                 	#ifndef __SLEEP_DEFINED__
                 	#endif
                 
                 	.CSEG
                 _putchar:
                 ; .FSTART _putchar
0002d3 93aa      	ST   -Y,R26
                 putchar0:
0002d4 9b5d           sbis usr,udre
0002d5 cffe           rjmp putchar0
0002d6 81e8           ld   r30,y
0002d7 b9ec           out  udr,r30
                 _0x2080003:
                 _0x2080002:
0002d8 9621      	ADIW R28,1
0002d9 9508      	RET
                 ; .FEND
                 _puts:
                 ; .FSTART _puts
0002da 93ba      	ST   -Y,R27
0002db 93aa      	ST   -Y,R26
0002dc 931a      	ST   -Y,R17
                 _0x2020003:
0002dd 940e 02fc 	CALL SUBOPT_0x3
0002df f019      	BREQ _0x2020005
0002e0 2fa1      	MOV  R26,R17
0002e1 dff1      	RCALL _putchar
0002e2 cffa      	RJMP _0x2020003
                 _0x2020005:
0002e3 e0aa      	LDI  R26,LOW(10)
0002e4 dfee      	RCALL _putchar
                 _0x2080001:
0002e5 8118      	LDD  R17,Y+0
0002e6 9623      	ADIW R28,3
0002e7 9508      	RET
                 ; .FEND
                 
                 	.CSEG
                 
                 	.CSEG
                 
                 	.DSEG
                 _rx_buffer:
0001ab           	.BYTE 0x8
                 _tx_buffer:
0001b3           	.BYTE 0x8
                 __base_y_G100:
0001bb           	.BYTE 0x4
                 
                 	.CSEG
                 ;OPTIMIZER ADDED SUBROUTINE, CALLED 2 TIMES, CODE SIZE REDUCTION:1 WORDS
                 SUBOPT_0x0:
0002e8 940e 00db 	CALL _getchar_
0002ea 2f1e      	MOV  R17,R30
0002eb 2fa1      	MOV  R26,R17
0002ec 940c 0105 	JMP  _putchar_
                 
                 ;OPTIMIZER ADDED SUBROUTINE, CALLED 4 TIMES, CODE SIZE REDUCTION:12 WORDS
                 SUBOPT_0x1:
0002ee 81ee      	LDD  R30,Y+6
0002ef 81ff      	LDD  R31,Y+6+1
0002f0 01de      	MOVW R26,R28
0002f1 9618      	ADIW R26,8
0002f2 0fae      	ADD  R26,R30
0002f3 1fbf      	ADC  R27,R31
0002f4 91ac      	LD   R26,X
0002f5 9508      	RET
                 
                 ;OPTIMIZER ADDED SUBROUTINE, CALLED 2 TIMES, CODE SIZE REDUCTION:1 WORDS
                 SUBOPT_0x2:
0002f6 940e 0262 	CALL __lcd_write_data
0002f8 e0a3      	LDI  R26,LOW(3)
0002f9 e0b0      	LDI  R27,0
0002fa 940c 030c 	JMP  _delay_ms
                 
                 ;OPTIMIZER ADDED SUBROUTINE, CALLED 2 TIMES, CODE SIZE REDUCTION:2 WORDS
                 SUBOPT_0x3:
0002fc 81a9      	LDD  R26,Y+1
0002fd 81ba      	LDD  R27,Y+1+1
0002fe 91ed      	LD   R30,X+
0002ff 83a9      	STD  Y+1,R26
000300 83ba      	STD  Y+1+1,R27
000301 2f1e      	MOV  R17,R30
000302 30e0      	CPI  R30,0
000303 9508      	RET
                 
                 ;OPTIMIZER ADDED SUBROUTINE, CALLED 3 TIMES, CODE SIZE REDUCTION:7 WORDS
                 SUBOPT_0x4:
000304 e3a0      	LDI  R26,LOW(48)
000305 940e 024d 	CALL __lcd_write_nibble_G100
                +
000307 ec88     +LDI R24 , LOW ( 200 )
000308 e090     +LDI R25 , HIGH ( 200 )
                +__DELAY_USW_LOOP :
000309 9701     +SBIW R24 , 1
00030a f7f1     +BRNE __DELAY_USW_LOOP
                 	__DELAY_USW 200
00030b 9508      	RET
                 
                 
                 	.CSEG
                 _delay_ms:
00030c 9610      	adiw r26,0
00030d f039      	breq __delay_ms1
                 __delay_ms0:
                +
00030e ed80     +LDI R24 , LOW ( 0x7D0 )
00030f e097     +LDI R25 , HIGH ( 0x7D0 )
                +__DELAY_USW_LOOP :
000310 9701     +SBIW R24 , 1
000311 f7f1     +BRNE __DELAY_USW_LOOP
                 	__DELAY_USW 0x7D0
000312 95a8      	wdr
000313 9711      	sbiw r26,1
000314 f7c9      	brne __delay_ms0
                 __delay_ms1:
000315 9508      	ret
                 
                 __ANEGW1:
000316 95f1      	NEG  R31
000317 95e1      	NEG  R30
000318 40f0      	SBCI R31,0
000319 9508      	RET
                 
                 __ANEGD1:
00031a 95f0      	COM  R31
00031b 9560      	COM  R22
00031c 9570      	COM  R23
00031d 95e1      	NEG  R30
00031e 4fff      	SBCI R31,-1
00031f 4f6f      	SBCI R22,-1
000320 4f7f      	SBCI R23,-1
000321 9508      	RET
                 
                 __CWD1:
000322 2f6f      	MOV  R22,R31
000323 0f66      	ADD  R22,R22
000324 0b66      	SBC  R22,R22
000325 2f76      	MOV  R23,R22
000326 9508      	RET
                 
                 __DIVW21U:
000327 2400      	CLR  R0
000328 2411      	CLR  R1
000329 e190      	LDI  R25,16
                 __DIVW21U1:
00032a 0faa      	LSL  R26
00032b 1fbb      	ROL  R27
00032c 1c00      	ROL  R0
00032d 1c11      	ROL  R1
00032e 1a0e      	SUB  R0,R30
00032f 0a1f      	SBC  R1,R31
000330 f418      	BRCC __DIVW21U2
000331 0e0e      	ADD  R0,R30
000332 1e1f      	ADC  R1,R31
000333 c001      	RJMP __DIVW21U3
                 __DIVW21U2:
000334 60a1      	SBR  R26,1
                 __DIVW21U3:
000335 959a      	DEC  R25
000336 f799      	BRNE __DIVW21U1
000337 01fd      	MOVW R30,R26
000338 01d0      	MOVW R26,R0
000339 9508      	RET
                 
                 __DIVW21:
00033a d02e      	RCALL __CHKSIGNW
00033b dfeb      	RCALL __DIVW21U
00033c f40e      	BRTC __DIVW211
00033d dfd8      	RCALL __ANEGW1
                 __DIVW211:
00033e 9508      	RET
                 
                 __DIVD21U:
00033f 933f      	PUSH R19
000340 934f      	PUSH R20
000341 935f      	PUSH R21
000342 2400      	CLR  R0
000343 2411      	CLR  R1
000344 2744      	CLR  R20
000345 2755      	CLR  R21
000346 e230      	LDI  R19,32
                 __DIVD21U1:
000347 0faa      	LSL  R26
000348 1fbb      	ROL  R27
000349 1f88      	ROL  R24
00034a 1f99      	ROL  R25
00034b 1c00      	ROL  R0
00034c 1c11      	ROL  R1
00034d 1f44      	ROL  R20
00034e 1f55      	ROL  R21
00034f 1a0e      	SUB  R0,R30
000350 0a1f      	SBC  R1,R31
000351 0b46      	SBC  R20,R22
000352 0b57      	SBC  R21,R23
000353 f428      	BRCC __DIVD21U2
000354 0e0e      	ADD  R0,R30
000355 1e1f      	ADC  R1,R31
000356 1f46      	ADC  R20,R22
000357 1f57      	ADC  R21,R23
000358 c001      	RJMP __DIVD21U3
                 __DIVD21U2:
000359 60a1      	SBR  R26,1
                 __DIVD21U3:
00035a 953a      	DEC  R19
00035b f759      	BRNE __DIVD21U1
00035c 01fd      	MOVW R30,R26
00035d 01bc      	MOVW R22,R24
00035e 01d0      	MOVW R26,R0
00035f 01ca      	MOVW R24,R20
000360 915f      	POP  R21
000361 914f      	POP  R20
000362 913f      	POP  R19
000363 9508      	RET
                 
                 __DIVD21:
000364 d012      	RCALL __CHKSIGND
000365 dfd9      	RCALL __DIVD21U
000366 f40e      	BRTC __DIVD211
000367 dfb2      	RCALL __ANEGD1
                 __DIVD211:
000368 9508      	RET
                 
                 __CHKSIGNW:
000369 94e8      	CLT
00036a fff7      	SBRS R31,7
00036b c002      	RJMP __CHKSW1
00036c dfa9      	RCALL __ANEGW1
00036d 9468      	SET
                 __CHKSW1:
00036e ffb7      	SBRS R27,7
00036f c006      	RJMP __CHKSW2
000370 95a0      	COM  R26
000371 95b0      	COM  R27
000372 9611      	ADIW R26,1
000373 f800      	BLD  R0,0
000374 9403      	INC  R0
000375 fa00      	BST  R0,0
                 __CHKSW2:
000376 9508      	RET
                 
                 __CHKSIGND:
000377 94e8      	CLT
000378 ff77      	SBRS R23,7
000379 c002      	RJMP __CHKSD1
00037a df9f      	RCALL __ANEGD1
00037b 9468      	SET
                 __CHKSD1:
00037c ff97      	SBRS R25,7
00037d c00b      	RJMP __CHKSD2
00037e 2400      	CLR  R0
00037f 95a0      	COM  R26
000380 95b0      	COM  R27
000381 9580      	COM  R24
000382 9590      	COM  R25
000383 9611      	ADIW R26,1
000384 1d80      	ADC  R24,R0
000385 1d90      	ADC  R25,R0
000386 f800      	BLD  R0,0
000387 9403      	INC  R0
000388 fa00      	BST  R0,0
                 __CHKSD2:
000389 9508      	RET
                 
                 __SAVELOCR6:
00038a 935a      	ST   -Y,R21
                 __SAVELOCR5:
00038b 934a      	ST   -Y,R20
                 __SAVELOCR4:
00038c 933a      	ST   -Y,R19
                 __SAVELOCR3:
00038d 932a      	ST   -Y,R18
                 __SAVELOCR2:
00038e 931a      	ST   -Y,R17
00038f 930a      	ST   -Y,R16
000390 9508      	RET
                 
                 __LOADLOCR6:
000391 815d      	LDD  R21,Y+5
                 __LOADLOCR5:
000392 814c      	LDD  R20,Y+4
                 __LOADLOCR4:
000393 813b      	LDD  R19,Y+3
                 __LOADLOCR3:
000394 812a      	LDD  R18,Y+2
                 __LOADLOCR2:
000395 8119      	LDD  R17,Y+1
000396 8108      	LD   R16,Y
000397 9508      	RET
                 
                 __INITLOCB:
                 __INITLOCW:
000398 0fac      	ADD  R26,R28
000399 1fbd      	ADC  R27,R29
                 __INITLOC0:
00039a 9005      	LPM  R0,Z+
00039b 920d      	ST   X+,R0
00039c 958a      	DEC  R24
00039d f7e1      	BRNE __INITLOC0
00039e 9508      	RET
                 
                 ;END OF CODE MARKER
                 __END_OF_CODE:


RESOURCE USE INFORMATION
------------------------

Notice:
The register and instruction counts are symbol table hit counts,
and hence implicitly used resources are not counted, eg, the
'lpm' instruction without operands implicitly uses r0 and z,
none of which are counted.

x,y,z are separate entities in the symbol table and are
counted separately from r26..r31 here.

.dseg memory usage only counts static data declared with .byte

ATmega16 register use summary:
r0 :  25 r1 :   9 r2 :   1 r3 :   0 r4 :   4 r5 :   0 r6 :   5 r7 :   4 
r8 :   4 r9 :   4 r10:   4 r11:   5 r12:   2 r13:   4 r14:   0 r15:   0 
r16:   9 r17:  21 r18:  12 r19:  12 r20:  14 r21:  11 r22:  13 r23:   6 
r24:  29 r25:  12 r26: 122 r27:  44 r28:  12 r29:   2 r30: 181 r31:  40 
x  :   7 y  : 117 z  :  14 
Registers used: 31 out of 35 (88.6%)

ATmega16 instruction use summary:
.lds  :   0 .lds.l:   0 .sts  :   0 .sts.l:   0 adc   :  10 add   :   8 
adiw  :  13 and   :   0 andi  :   3 asr   :   0 bclr  :   0 bld   :   3 
brbc  :   0 brbs  :   0 brcc  :   2 brcs  :   0 break :   0 breq  :  19 
brge  :   2 brhc  :   0 brhs  :   0 brid  :   0 brie  :   0 brlo  :   3 
brlt  :   1 brmi  :   0 brne  :  32 brpl  :   0 brsh  :   0 brtc  :   2 
brts  :   0 brvc  :   0 brvs  :   0 bset  :   0 bst   :   2 call  :  28 
cbi   :   5 cbr   :   0 clc   :   0 clh   :   0 cli   :   3 cln   :   0 
clr   :  14 cls   :   0 clt   :   2 clv   :   0 clz   :   0 com   :   9 
cp    :   7 cpc   :   3 cpi   :  11 cpse  :   0 dec   :  10 des   :   0 
eor   :   0 fmul  :   0 fmuls :   0 fmulsu:   0 icall :   0 ijmp  :   0 
in    :   6 inc   :  10 jmp   :  26 ld    :  25 ldd   :  54 ldi   : 107 
lds   :   0 lpm   :   8 lsl   :   3 lsr   :   0 mov   :  18 movw  :  19 
mul   :   0 muls  :   0 mulsu :   0 neg   :   3 nop   :   0 or    :   1 
ori   :   1 out   :  52 pop   :   3 push  :   3 rcall :  28 ret   :  23 
reti  :   1 rjmp  :  43 rol   :  11 ror   :   0 sbc   :   6 sbci  :  11 
sbi   :   5 sbic  :   1 sbis  :   1 sbiw  :  27 sbr   :   2 sbrc  :   0 
sbrs  :   4 sec   :   0 seh   :   0 sei   :   3 sen   :   0 ser   :   0 
ses   :   0 set   :   3 sev   :   0 sez   :   0 sleep :   0 spm   :   0 
st    :  43 std   :   8 sts   :   2 sub   :   3 subi  :   9 swap  :   1 
tst   :   3 wdr   :   1 
Instructions used: 62 out of 116 (53.4%)

ATmega16 memory use summary [bytes]:
Segment   Begin    End      Code   Data   Used    Size   Use%
---------------------------------------------------------------
[.cseg] 0x000000 0x00073e   1652    202   1854   16384  11.3%
[.dseg] 0x000060 0x0001bf      0     95     95    1024   9.3%
[.eseg] 0x000000 0x000000      0      0      0     512   0.0%

Assembly complete, 0 errors, 12 warnings
